DataHub CLI Installation Log
Date: 2026-04-19
Host: Windows 11 Home 10.0.26200

=== ENVIRONMENT ===
Python: 3.13.7 (C:\Users\DELL\AppData\Local\Programs\Python\Python313)
pip: 26.0.1
venv: C:\Development\aucdt-utilities\datahub-env
Activation: datahub-env\Scripts\activate

=== INSTALL COMMAND ===
pip install --upgrade acryl-datahub

=== RESULT ===
Successfully installed acryl-datahub-1.5.0.11 (+ 60 dependencies)

=== VERIFICATION ===
$ datahub version
Python versions above 3.11 are not actively tested with yet. Please use Python 3.11 for now.
DataHub CLI version: 1.5.0.11
Models: bundled
Python version: 3.13.7 [MSC v.1944 64 bit (AMD64)]

=== NOTES ===
- Python 3.13 is NOT officially supported (3.11 recommended) but CLI runs correctly.
- If issues arise during ingestion or quickstart, recreate venv with Python 3.11:
    py -3.11 -m venv datahub-env
    datahub-env\Scripts\activate
    pip install acryl-datahub
- venv must be activated before every datahub command:
    source datahub-env/Scripts/activate   (Git Bash)
    datahub-env\Scripts\activate.bat       (CMD)
    datahub-env\Scripts\Activate.ps1       (PowerShell)
