=== Deploying techbridge-ai-application-portal ===
=== TECHBRIDGE AI APPLICATION PORTAL DEPLOYMENT ===
Remote: root@66.226.72.199
Path: /var/www/vhosts/techbridge.edu.gh/ai-tools.techbridge.edu.gh/portal/

Creating directory...
Copying files...
Creating .htaccess...
Setting permissions...
ƒo. Deployment complete!
URL: https://ai-tools.techbridge.edu.gh/portal


=== Deploying techbridge-ai-blueprint ===
=== TECHBRIDGE AI BLUEPRINT DEPLOYMENT ===
Remote: root@66.226.72.199
Path: /var/www/vhosts/techbridge.edu.gh/ai-tools.techbridge.edu.gh/blueprint/

Creating directory...
Copying files...
Creating .htaccess...
Setting permissions...
ƒo. Deployment complete!
URL: https://ai-tools.techbridge.edu.gh/blueprint


=== Deploying techbridge-ai-workshop-flyer ===
=== TECHBRIDGE AI WORKSHOP FLYER DEPLOYMENT ===
Remote: root@66.226.72.199
Path: /var/www/vhosts/techbridge.edu.gh/ai-tools.techbridge.edu.gh/workshop/

Creating directory...
Copying files...
Creating .htaccess...
Setting permissions...
ƒo. Deployment complete!
URL: https://ai-tools.techbridge.edu.gh/workshop


=== Deploying rophe-specialist-care-rpms ===
=== ROPHE SPECIALIST CARE RPMS DEPLOYMENT ===
Remote: root@66.226.72.199
Path: /var/www/vhosts/techbridge.edu.gh/ai-tools.techbridge.edu.gh/care/

Creating directory...
Copying files...
Creating .htaccess...
Setting permissions...
ƒo. Deployment complete!
URL: https://ai-tools.techbridge.edu.gh/care


=== Deploying rophe-sugar-logger ===
=== ROPHE SUGAR LOGGER DEPLOYMENT ===
Remote: root@66.226.72.199
Path: /var/www/vhosts/techbridge.edu.gh/ai-tools.techbridge.edu.gh/glucose/

Creating directory...
Copying files...
Creating .htaccess...
Setting permissions...
ƒo. Deployment complete!
URL: https://ai-tools.techbridge.edu.gh/glucose


=== Deploying tuc-ai-lab-catalog ===
=== TUC AI LAB CATALOG DEPLOYMENT ===
Remote: root@66.226.72.199
Path: /var/www/vhosts/techbridge.edu.gh/ai-tools.techbridge.edu.gh/ai-lab/

Creating directory...
Copying files...
Creating .htaccess...
Setting permissions...
ƒo. Deployment complete!
URL: https://ai-tools.techbridge.edu.gh/ai-lab


