Dockerfile Generation Log - Tue, Mar 10, 2026  4:03:55 PM
========================================
[SKIP] Dockerfile exists: 6r-product-design-workshop-portal/
[SKIP] Dockerfile exists: academic-integrity-detector/
[SKIP] Dockerfile exists: academic-performance-app/
[SKIP] Dockerfile exists: accommodation-management/
[SKIP] Dockerfile exists: adaptive-curriculum-engine/
[SKIP] Dockerfile exists: agent-collaboration-framework/
[SKIP] Dockerfile exists: agenticai-masterclass/
[SKIP] Dockerfile exists: ai-@-techbridge/
[SKIP] No package.json: ai_facebook_bot/
[SKIP] Dockerfile exists: ai-code-reviewer/
[SKIP] No package.json: ai-doc-assistant/
[SKIP] Dockerfile exists: ai-exam-generator/
[SKIP] Dockerfile exists: ai-explainability-console/
[SKIP] Dockerfile exists: ai-governance-analytics-hub/
[SKIP] Dockerfile exists: ai-knowledge-compression-lab/
[SKIP] Dockerfile exists: ai-legal-clause-analyzer/
[SKIP] Dockerfile exists: ai-log-pattern-analyzer/
[SKIP] Dockerfile exists: ai-marketplace-engine/
[SKIP] Dockerfile exists: ai-music-arrangement-assistant/
[SKIP] Dockerfile exists: ai-portfolio-demonstrator/
[SKIP] Dockerfile exists: ai-resource-arbitrage-engine/
[SKIP] Dockerfile exists: ai-risk-rebalancing-engine/
[SKIP] Dockerfile exists: ai-skill-transfer-engine/
[SKIP] Dockerfile exists: ai-strategy-recommender/
[SKIP] Dockerfile exists: ai-studio-directives/
[SKIP] Dockerfile exists: ai-transformation-framework/
[SKIP] No package.json: ai-utilities/
[SKIP] Dockerfile exists: alumni-network/
[SKIP] Dockerfile exists: analytics-refactor/
[SKIP] Dockerfile exists: ananse-cartoon-generator/
[SKIP] Dockerfile exists: api-monetization-portal/
[SKIP] No package.json: applicant-dashboard/
[SKIP] Dockerfile exists: aurelia-v4---working-with-aurelia/
[SKIP] Dockerfile exists: automated-compliance-monitor/
[SKIP] Dockerfile exists: automated-rollback-ai/
[SKIP] Dockerfile exists: autonomous-audit-engine/
[SKIP] Dockerfile exists: autonomous-budget-allocator/
[SKIP] Dockerfile exists: autonomous-compliance-enforcer/
[SKIP] Dockerfile exists: autonomous-decision-optimizer/
[SKIP] Dockerfile exists: autonomous-incident-resolver/
[SKIP] Dockerfile exists: autonomous-refactoring-ai/
[SKIP] Dockerfile exists: autonomous-robotics-coordination-engine/
[SKIP] Dockerfile exists: autonomous-system-governance-core/
[SKIP] Dockerfile exists: auto-scaling-policy-engine/
[SKIP] Dockerfile exists: backend/
[SKIP] Dockerfile exists: bias-detection-engine/
[SKIP] Dockerfile exists: bp-bulletproof-directive-v22012026-1326/
[SKIP] Dockerfile exists: brainiac-challenge/
[SKIP] Dockerfile exists: brand-guideline-checker/
[SKIP] Dockerfile exists: brand-narrative-synthesizer/
[SKIP] No package.json: campus-disk-analyser/
[SKIP] Dockerfile exists: canary-release-manager/
[SKIP] Dockerfile exists: carbon-credit-tracker/
[SKIP] Dockerfile exists: career-services/
[SKIP] Dockerfile exists: cinematic-triptych-generator/
[SKIP] Dockerfile exists: city-digital-twin/
[SKIP] Dockerfile exists: ckt-utas-modern-website/
[SKIP] Dockerfile exists: class4-digital-learning/
[SKIP] Dockerfile exists: climate-impact-modeler/
[SKIP] Dockerfile exists: climate-impact-twin/
[SKIP] Dockerfile exists: cognitive-load-monitor/
[SKIP] Dockerfile exists: commodity-price-forecast-engine/
[SKIP] Dockerfile exists: community-plates.v1/
[SKIP] Dockerfile exists: complaint-resolution-system/
[SKIP] Dockerfile exists: container-health-auditor (2)/
[SKIP] No package.json: counselor-pro/
[SKIP] Dockerfile exists: countdown-timer/
[SKIP] Dockerfile exists: creativity-amplifier/
[SKIP] Dockerfile exists: crisis-simulation-ai/
[SKIP] Dockerfile exists: crop-yield-predictor/
[SKIP] Dockerfile exists: cross-app-api-gateway/
[SKIP] Dockerfile exists: cross-app-data-fabric/
[SKIP] Dockerfile exists: cross-app-performance-synthesizer/
[SKIP] Dockerfile exists: cross-app-search/
[SKIP] Dockerfile exists: cross-border-trade-optimizer/
[SKIP] Dockerfile exists: cross-industry-pattern-miner/
[SKIP] Dockerfile exists: cross-system-stability-controller/
[SKIP] No package.json: css-checker/
[SKIP] Dockerfile exists: cyber-threat-landscape-analyzer/
[SKIP] Dockerfile exists: dadaist-concert-visualizer/
[SKIP] No package.json: daddylumba/
[SKIP] Dockerfile exists: data-anonymization-engine/
[SKIP] Dockerfile exists: data-lineage-tracker/
[SKIP] Dockerfile exists: decision-confidence-estimator/
[SKIP] Dockerfile exists: dependency-graph-visualizer/
[SKIP] Dockerfile exists: deployment-drift-detector/
[SKIP] Dockerfile exists: dictation-app/
[SKIP] Dockerfile exists: digital-identity-verifier/
[SKIP] Dockerfile exists: digital-twin-builder/
[SKIP] Dockerfile exists: directive-workflow/
[SKIP] Dockerfile exists: disaster-preparedness-simulator/
[SKIP] Dockerfile exists: disaster-response-allocator/
[SKIP] Dockerfile exists: dns-copy-utility/
[SKIP] Dockerfile exists: docujudge_202624502_1111/
[SKIP] No package.json: doculatex/
[SKIP] Dockerfile exists: drone-fleet-intelligence-manager/
[SKIP] Dockerfile exists: drone-light-show-simulator/
[SKIP] Dockerfile exists: drone-showcase/
[SKIP] Dockerfile exists: dynamic-policy-adjustment-engine/
[SKIP] Dockerfile exists: edge-deployment-manager/
[SKIP] No package.json: educational-resources-library/
[SKIP] Dockerfile exists: election-sentiment-analyzer/
