[36m
================================================================================[0m
[1mBuild, Serve, and Capture - FIXED VERSION[0m
[36m================================================================================[0m
[33mFix: Different port per app + browser context clearing[0m
[2mStarted: 3/17/2026, 11:53:49 AM
[0m
[32mFound 240 projects to process
[0m
[36m
================================================================================[0m
[1m[1] 6r-product-design-workshop-portal[0m
[36m================================================================================[0m
[2m  ✓ Already built[0m
[36m  Serving on port 4000...[0m
(node:57564) [DEP0190] DeprecationWarning: Passing args to a child process with shell option true can lead to security vulnerabilities, as the arguments are not escaped, only concatenated.
(Use `node --trace-deprecation ...` to show where the warning was created)
[31m  ✗ Error: Server start timeout[0m
[36m
================================================================================[0m
[1m[2] academic-integrity-detector[0m
[36m================================================================================[0m
[2m  ✓ Already built[0m
[36m  Serving on port 4001...[0m
[2m  Loading http://localhost:4001...[0m
[2m  Waiting 12s for React...[0m
[2m  Page loaded: "Academic Integrity Detector"[0m
[31m  ✗ Screenshot too small (9KB)[0m
[36m
================================================================================[0m
[1m[3] academic-performance-app[0m
[36m================================================================================[0m
[2m  ✓ Already built[0m
[36m  Serving on port 4002...[0m
[2m  Loading http://localhost:4002...[0m
[2m  Waiting 12s for React...[0m
[2m  Page loaded: "Academic Performance App | Techbridge University College"[0m
[32m  ✓ Screenshot saved (110KB)[0m
[36m
================================================================================[0m
[1m[4] adaptive-curriculum-engine[0m
[36m================================================================================[0m
[2m  ✓ Already built[0m
[36m  Serving on port 4003...[0m
[2m  Loading http://localhost:4003...[0m
[2m  Waiting 12s for React...[0m
[2m  Page loaded: "Adaptive Curriculum Engine | Techbridge University College"[0m
[31m  ✗ Screenshot too small (8KB)[0m
[36m
================================================================================[0m
[1m[5] agent-collaboration-framework[0m
[36m================================================================================[0m
[2m  ✓ Already built[0m
[36m  Serving on port 4004...[0m
[2m  Loading http://localhost:4004...[0m
[2m  Waiting 12s for React...[0m
[2m  Page loaded: "Agent Collaboration Framework | Techbridge University College"[0m
[31m  ✗ Screenshot too small (8KB)[0m
[36m
================================================================================[0m
[1m[6] agenticai-masterclass[0m
[36m================================================================================[0m
[2m  ✓ Already built[0m
[36m  Serving on port 4005...[0m
[2m  Loading http://localhost:4005...[0m
[2m  Waiting 12s for React...[0m
[2m  Page loaded: "Agenticai Masterclass | Techbridge University College"[0m
[32m  ✓ Screenshot saved (272KB)[0m
[36m
================================================================================[0m
[1m[7] ai-code-reviewer[0m
[36m================================================================================[0m
[2m  ✓ Already built[0m
[36m  Serving on port 4006...[0m
[2m  Loading http://localhost:4006...[0m
[2m  Waiting 12s for React...[0m
[2m  Page loaded: "Techbridge University College | Pioneering Design & Technology"[0m
[31m  ✗ Screenshot too small (15KB)[0m
[36m
================================================================================[0m
[1m[8] ai-exam-generator[0m
[36m================================================================================[0m
[2m  ✓ Already built[0m
[36m  Serving on port 4007...[0m
[2m  Loading http://localhost:4007...[0m
[2m  Waiting 12s for React...[0m
[2m  Page loaded: "Ai Exam Generator | Techbridge University College"[0m
[31m  ✗ Screenshot too small (8KB)[0m
[36m
================================================================================[0m
[1m[9] ai-explainability-console[0m
[36m================================================================================[0m
[2m  ✓ Already built[0m
[36m  Serving on port 4008...[0m
[2m  Loading http://localhost:4008...[0m
[2m  Waiting 12s for React...[0m
[2m  Page loaded: "Ai Explainability Console | Techbridge University College"[0m
[31m  ✗ Screenshot too small (8KB)[0m
[36m
================================================================================[0m
[1m[10] ai-governance-analytics-hub[0m
[36m================================================================================[0m
[2m  ✓ Already built[0m
[36m  Serving on port 4009...[0m
[2m  Loading http://localhost:4009...[0m
[2m  Waiting 12s for React...[0m
[2m  Page loaded: "Ai Governance Analytics Hub | Techbridge University College"[0m
[31m  ✗ Screenshot too small (8KB)[0m
[36m
================================================================================[0m
[1m[11] ai-knowledge-compression-lab[0m
[36m================================================================================[0m
[2m  ✓ Already built[0m
[36m  Serving on port 4010...[0m
[2m  Loading http://localhost:4010...[0m
[2m  Waiting 12s for React...[0m
[2m  Page loaded: "Ai Knowledge Compression Lab | Techbridge University College"[0m
[31m  ✗ Screenshot too small (8KB)[0m
[36m
================================================================================[0m
[1m[12] ai-legal-clause-analyzer[0m
[36m================================================================================[0m
[2m  ✓ Already built[0m
[36m  Serving on port 4011...[0m
[2m  Loading http://localhost:4011...[0m
[2m  Waiting 12s for React...[0m
[2m  Page loaded: "Ai Legal Clause Analyzer | Techbridge University College"[0m
[31m  ✗ Screenshot too small (8KB)[0m
[36m
================================================================================[0m
[1m[13] ai-log-pattern-analyzer[0m
[36m================================================================================[0m
[2m  ✓ Already built[0m
[36m  Serving on port 4012...[0m
[2m  Loading http://localhost:4012...[0m
[2m  Waiting 12s for React...[0m
[2m  Page loaded: "Ai Log Pattern Analyzer | Techbridge University College"[0m
[31m  ✗ Screenshot too small (8KB)[0m
[36m
================================================================================[0m
[1m[14] ai-marketplace-engine[0m
[36m================================================================================[0m
[2m  ✓ Already built[0m
[36m  Serving on port 4013...[0m
[2m  Loading http://localhost:4013...[0m
[2m  Waiting 12s for React...[0m
[2m  Page loaded: "Ai Marketplace Engine | Techbridge University College"[0m
[31m  ✗ Screenshot too small (8KB)[0m
[36m
================================================================================[0m
[1m[15] ai-music-arrangement-assistant[0m
[36m================================================================================[0m
[2m  ✓ Already built[0m
[36m  Serving on port 4014...[0m
[2m  Loading http://localhost:4014...[0m
[2m  Waiting 12s for React...[0m
[2m  Page loaded: "Ai Music Arrangement Assistant | Techbridge University College"[0m
[31m  ✗ Screenshot too small (8KB)[0m
[36m
================================================================================[0m
[1m[16] ai-portfolio-demonstrator[0m
[36m================================================================================[0m
[2m  ✓ Already built[0m
[36m  Serving on port 4015...[0m
[2m  Loading http://localhost:4015...[0m
[2m  Waiting 12s for React...[0m
[2m  Page loaded: "Ai Portfolio Demonstrator | Techbridge University College"[0m
[31m  ✗ Screenshot too small (8KB)[0m
[36m
================================================================================[0m
[1m[17] ai-resource-arbitrage-engine[0m
[36m================================================================================[0m
[2m  ✓ Already built[0m
[36m  Serving on port 4016...[0m
[2m  Loading http://localhost:4016...[0m
[2m  Waiting 12s for React...[0m
[2m  Page loaded: "Ai Resource Arbitrage Engine | Techbridge University College"[0m
[31m  ✗ Screenshot too small (8KB)[0m
[36m
================================================================================[0m
[1m[18] ai-risk-rebalancing-engine[0m
[36m================================================================================[0m
[2m  ✓ Already built[0m
[36m  Serving on port 4017...[0m
[2m  Loading http://localhost:4017...[0m
[2m  Waiting 12s for React...[0m
[2m  Page loaded: "Ai Risk Rebalancing Engine | Techbridge University College"[0m
[31m  ✗ Screenshot too small (8KB)[0m
[36m
================================================================================[0m
[1m[19] ai-skill-transfer-engine[0m
[36m================================================================================[0m
[2m  ✓ Already built[0m
[36m  Serving on port 4018...[0m
[2m  Loading http://localhost:4018...[0m
[2m  Waiting 12s for React...[0m
[2m  Page loaded: "Ai Skill Transfer Engine | Techbridge University College"[0m
[31m  ✗ Screenshot too small (8KB)[0m
[36m
================================================================================[0m
[1m[20] ai-strategy-recommender[0m
[36m================================================================================[0m
[2m  ✓ Already built[0m
[36m  Serving on port 4019...[0m
[2m  Loading http://localhost:4019...[0m
[2m  Waiting 12s for React...[0m
[2m  Page loaded: "Ai Strategy Recommender | Techbridge University College"[0m
[31m  ✗ Screenshot too small (8KB)[0m
[36m
================================================================================[0m
[1m[21] ai-studio-directives[0m
[36m================================================================================[0m
[2m  ✓ Already built[0m
[36m  Serving on port 4020...[0m
[2m  Loading http://localhost:4020...[0m
[2m  Waiting 12s for React...[0m
[2m  Page loaded: "Ai Studio Directives | Techbridge University College"[0m
[32m  ✓ Screenshot saved (95KB)[0m
[36m
================================================================================[0m
[1m[22] ai-techbridge[0m
[36m================================================================================[0m
[2m  ✓ Already built[0m
[36m  Serving on port 4021...[0m
[2m  Loading http://localhost:4021...[0m
[31m  ✗ Error: page.goto: Timeout 30000ms exceeded.
Call log:
[2m  - navigating to "http://localhost:4021/", waiting until "networkidle"[22m
[0m
[36m
================================================================================[0m
[1m[23] ai-transformation-framework[0m
[36m================================================================================[0m
[2m  ✓ Already built[0m
[36m  Serving on port 4022...[0m
[2m  Loading http://localhost:4022...[0m
[2m  Waiting 12s for React...[0m
[2m  Page loaded: "Ai Transformation Framework | Techbridge University College"[0m
[31m  ✗ Screenshot too small (15KB)[0m
[36m
================================================================================[0m
[1m[24] analytics-refactor[0m
[36m================================================================================[0m
[2m  ✓ Already built[0m
[36m  Serving on port 4023...[0m
[2m  Loading http://localhost:4023...[0m
[2m  Waiting 12s for React...[0m
[2m  Page loaded: "Advanced Analytics Dashboard - TECHBRIDGE University College"[0m
[32m  ✓ Screenshot saved (292KB)[0m
[36m
================================================================================[0m
[1m[25] ananse-cartoon-generator[0m
[36m================================================================================[0m
[36m  Building...[0m
[31m  ✗ Build failed[0m
[36m
================================================================================[0m
[1m[26] api-monetization-portal[0m
[36m================================================================================[0m
[2m  ✓ Already built[0m
[36m  Serving on port 4025...[0m
[2m  Loading http://localhost:4025...[0m
[2m  Waiting 12s for React...[0m
[2m  Page loaded: "Api Monetization Portal | Techbridge University College"[0m
[31m  ✗ Screenshot too small (8KB)[0m
[36m
================================================================================[0m
[1m[27] aurelia-v4---working-with-aurelia[0m
[36m================================================================================[0m
[2m  ✓ Already built[0m
[36m  Serving on port 4026...[0m
[2m  Loading http://localhost:4026...[0m
[2m  Waiting 12s for React...[0m
[2m  Page loaded: "Aurelia V4 Working With Aurelia | Techbridge University College"[0m
[32m  ✓ Screenshot saved (42KB)[0m
[36m
================================================================================[0m
[1m[28] auto-scaling-policy-engine[0m
[36m================================================================================[0m
[2m  ✓ Already built[0m
[36m  Serving on port 4027...[0m
[2m  Loading http://localhost:4027...[0m
[2m  Waiting 12s for React...[0m
[2m  Page loaded: "Auto Scaling Policy Engine | Techbridge University College"[0m
[31m  ✗ Screenshot too small (8KB)[0m
[36m
================================================================================[0m
[1m[29] automated-compliance-monitor[0m
[36m================================================================================[0m
[2m  ✓ Already built[0m
[36m  Serving on port 4028...[0m
[2m  Loading http://localhost:4028...[0m
[2m  Waiting 12s for React...[0m
[2m  Page loaded: "Automated Compliance Monitor | Techbridge University College"[0m
[31m  ✗ Screenshot too small (8KB)[0m
[36m
================================================================================[0m
[1m[30] automated-rollback-ai[0m
[36m================================================================================[0m
[2m  ✓ Already built[0m
[36m  Serving on port 4029...[0m
[2m  Loading http://localhost:4029...[0m
[2m  Waiting 12s for React...[0m
[2m  Page loaded: "Automated Rollback Ai | Techbridge University College"[0m
[31m  ✗ Screenshot too small (8KB)[0m
[36m
================================================================================[0m
[1m[31] autonomous-audit-engine[0m
[36m================================================================================[0m
[2m  ✓ Already built[0m
[36m  Serving on port 4030...[0m
[2m  Loading http://localhost:4030...[0m
[2m  Waiting 12s for React...[0m
[2m  Page loaded: "Autonomous Audit Engine | Techbridge University College"[0m
[31m  ✗ Screenshot too small (8KB)[0m
[36m
================================================================================[0m
[1m[32] autonomous-budget-allocator[0m
[36m================================================================================[0m
[2m  ✓ Already built[0m
[36m  Serving on port 4031...[0m
[2m  Loading http://localhost:4031...[0m
[2m  Waiting 12s for React...[0m
[2m  Page loaded: "Autonomous Budget Allocator | Techbridge University College"[0m
[31m  ✗ Screenshot too small (8KB)[0m
[36m
================================================================================[0m
[1m[33] autonomous-compliance-enforcer[0m
[36m================================================================================[0m
[2m  ✓ Already built[0m
[36m  Serving on port 4032...[0m
[2m  Loading http://localhost:4032...[0m
[2m  Waiting 12s for React...[0m
[2m  Page loaded: "Autonomous Compliance Enforcer | Techbridge University College"[0m
[31m  ✗ Screenshot too small (8KB)[0m
[36m
================================================================================[0m
[1m[34] autonomous-decision-optimizer[0m
[36m================================================================================[0m
[2m  ✓ Already built[0m
[36m  Serving on port 4033...[0m
[2m  Loading http://localhost:4033...[0m
[2m  Waiting 12s for React...[0m
[2m  Page loaded: "Autonomous Decision Optimizer | Techbridge University College"[0m
[31m  ✗ Screenshot too small (8KB)[0m
[36m
================================================================================[0m
[1m[35] autonomous-incident-resolver[0m
[36m================================================================================[0m
[2m  ✓ Already built[0m
[36m  Serving on port 4034...[0m
[2m  Loading http://localhost:4034...[0m
[2m  Waiting 12s for React...[0m
[2m  Page loaded: "Autonomous Incident Resolver | Techbridge University College"[0m
[31m  ✗ Screenshot too small (8KB)[0m
[36m
================================================================================[0m
[1m[36] autonomous-refactoring-ai[0m
[36m================================================================================[0m
[2m  ✓ Already built[0m
[36m  Serving on port 4035...[0m
[2m  Loading http://localhost:4035...[0m
[2m  Waiting 12s for React...[0m
[2m  Page loaded: "Autonomous Refactoring Ai | Techbridge University College"[0m
[31m  ✗ Screenshot too small (8KB)[0m
[36m
================================================================================[0m
[1m[37] autonomous-robotics-coordination-engine[0m
[36m================================================================================[0m
[2m  ✓ Already built[0m
[36m  Serving on port 4036...[0m
[2m  Loading http://localhost:4036...[0m
[2m  Waiting 12s for React...[0m
[2m  Page loaded: "Autonomous Robotics Coordination Engine | Techbridge University College"[0m
[31m  ✗ Screenshot too small (8KB)[0m
[36m
================================================================================[0m
[1m[38] autonomous-system-governance-core[0m
[36m================================================================================[0m
[2m  ✓ Already built[0m
[36m  Serving on port 4037...[0m
[2m  Loading http://localhost:4037...[0m
[2m  Waiting 12s for React...[0m
[2m  Page loaded: "Autonomous System Governance Core | Techbridge University College"[0m
[31m  ✗ Screenshot too small (8KB)[0m
[36m
================================================================================[0m
[1m[39] bias-detection-engine[0m
[36m================================================================================[0m
[2m  ✓ Already built[0m
[36m  Serving on port 4038...[0m
[2m  Loading http://localhost:4038...[0m
[2m  Waiting 12s for React...[0m
[2m  Page loaded: "Bias Detection Engine | Techbridge University College"[0m
[31m  ✗ Screenshot too small (8KB)[0m
[36m
================================================================================[0m
[1m[40] bp-bulletproof-directive-v22012026-1326[0m
[36m================================================================================[0m
[2m  ✓ Already built[0m
[36m  Serving on port 4039...[0m
[2m  Loading http://localhost:4039...[0m
[2m  Waiting 12s for React...[0m
[2m  Page loaded: "Bp Bulletproof Directive V22012026 1326 | Techbridge University College"[0m
[32m  ✓ Screenshot saved (768KB)[0m
[36m
================================================================================[0m
[1m[41] brainiac-challenge[0m
[36m================================================================================[0m
[2m  ✓ Already built[0m
[36m  Serving on port 4040...[0m
[2m  Loading http://localhost:4040...[0m
[2m  Waiting 12s for React...[0m
[2m  Page loaded: "Brainiac Challenge | Techbridge University College"[0m
[31m  ✗ Screenshot too small (15KB)[0m
[36m
================================================================================[0m
[1m[42] brand-guideline-checker[0m
[36m================================================================================[0m
[36m  Building...[0m
[31m  ✗ Build failed[0m
[36m
================================================================================[0m
[1m[43] brand-narrative-synthesizer[0m
[36m================================================================================[0m
[2m  ✓ Already built[0m
[36m  Serving on port 4042...[0m
[2m  Loading http://localhost:4042...[0m
[31m  ✗ Error: page.goto: net::ERR_INSUFFICIENT_RESOURCES at http://localhost:4042/
Call log:
[2m  - navigating to "http://localhost:4042/", waiting until "networkidle"[22m
[0m
[36m
================================================================================[0m
[1m[44] canary-release-manager[0m
[36m================================================================================[0m
[2m  ✓ Already built[0m
[36m  Serving on port 4043...[0m
[2m  Loading http://localhost:4043...[0m
[2m  Waiting 12s for React...[0m
[2m  Page loaded: "Canary Release Manager | Techbridge University College"[0m
[31m  ✗ Screenshot too small (8KB)[0m
[36m
================================================================================[0m
[1m[45] carbon-credit-tracker[0m
[36m================================================================================[0m
[2m  ✓ Already built[0m
[36m  Serving on port 4044...[0m
[2m  Loading http://localhost:4044...[0m
[2m  Waiting 12s for React...[0m
[2m  Page loaded: "Carbon Credit Tracker | Techbridge University College"[0m
[31m  ✗ Screenshot too small (8KB)[0m
[36m
================================================================================[0m
[1m[46] cinematic-triptych-generator[0m
[36m================================================================================[0m
[2m  ✓ Already built[0m
[36m  Serving on port 4045...[0m
[2m  Loading http://localhost:4045...[0m
[31m  ✗ Error: page.goto: net::ERR_UNSAFE_PORT at http://localhost:4045/
Call log:
[2m  - navigating to "http://localhost:4045/", waiting until "networkidle"[22m
[0m
[36m
================================================================================[0m
[1m[47] city-digital-twin[0m
[36m================================================================================[0m
[2m  ✓ Already built[0m
[36m  Serving on port 4046...[0m
[31m  ✗ Error: Server start timeout[0m
[36m
================================================================================[0m
[1m[48] ckt-utas-modern-website[0m
[36m================================================================================[0m
[2m  ✓ Already built[0m
[36m  Serving on port 4047...[0m
[31m  ✗ Error: Server start timeout[0m
[36m
================================================================================[0m
[1m[49] class4-digital-learning[0m
[36m================================================================================[0m
[2m  ✓ Already built[0m
[36m  Serving on port 4048...[0m
[2m  Loading http://localhost:4048...[0m
[2m  Waiting 12s for React...[0m
[2m  Page loaded: "Class4_Digital_Learning_System | Techbridge University College"[0m
[32m  ✓ Screenshot saved (44KB)[0m
[36m
================================================================================[0m
[1m[50] climate-impact-modeler[0m
[36m================================================================================[0m
[2m  ✓ Already built[0m
[36m  Serving on port 4049...[0m
[31m  ✗ Error: Server start timeout[0m
[36m
================================================================================[0m
[1m[51] climate-impact-twin[0m
[36m================================================================================[0m
[2m  ✓ Already built[0m
[36m  Serving on port 4050...[0m
[31m  ✗ Error: spawn UNKNOWN[0m
[36m
================================================================================[0m
[1m[52] cognitive-load-monitor[0m
[36m================================================================================[0m
[2m  ✓ Already built[0m
[36m  Serving on port 4051...[0m
[2m  Loading http://localhost:4051...[0m
[2m  Waiting 12s for React...[0m
[2m  Page loaded: "Cognitive Load Monitor | Techbridge University College"[0m
[31m  ✗ Screenshot too small (8KB)[0m
[36m
================================================================================[0m
[1m[53] commodity-price-forecast-engine[0m
[36m================================================================================[0m
[2m  ✓ Already built[0m
[36m  Serving on port 4052...[0m
[2m  Loading http://localhost:4052...[0m
[2m  Waiting 12s for React...[0m
[2m  Page loaded: "Commodity Price Forecast Engine | Techbridge University College"[0m
[31m  ✗ Screenshot too small (8KB)[0m
[36m
================================================================================[0m
[1m[54] community-plates.v1[0m
[36m================================================================================[0m
[2m  ✓ Already built[0m
[36m  Serving on port 4053...[0m
[2m  Loading http://localhost:4053...[0m
[2m  Waiting 12s for React...[0m
[2m  Page loaded: "Community Plates.v1 | Techbridge University College"[0m
[31m  ✗ Screenshot too small (15KB)[0m
[36m
================================================================================[0m
[1m[55] container-health-auditor-2[0m
[36m================================================================================[0m
[2m  ✓ Already built[0m
[36m  Serving on port 4054...[0m
[2m  Loading http://localhost:4054...[0m
[2m  Waiting 12s for React...[0m
[2m  Page loaded: "Container Health Auditor (2) | Techbridge University College"[0m
[31m  ✗ Screenshot too small (8KB)[0m
[36m
================================================================================[0m
[1m[56] countdown-timer[0m
[36m================================================================================[0m
[2m  ✓ Already built[0m
[36m  Serving on port 4055...[0m
[2m  Loading http://localhost:4055...[0m
[2m  Waiting 12s for React...[0m
[2m  Page loaded: "Countdown Timer | Techbridge University College"[0m
[32m  ✓ Screenshot saved (1068KB)[0m
[36m
================================================================================[0m
[1m[57] creativity-amplifier[0m
[36m================================================================================[0m
[2m  ✓ Already built[0m
[36m  Serving on port 4056...[0m
[2m  Loading http://localhost:4056...[0m
[2m  Waiting 12s for React...[0m
[2m  Page loaded: "Creativity Amplifier | Techbridge University College"[0m
[31m  ✗ Screenshot too small (8KB)[0m
[36m
================================================================================[0m
[1m[58] crisis-simulation-ai[0m
[36m================================================================================[0m
[2m  ✓ Already built[0m
[36m  Serving on port 4057...[0m
[2m  Loading http://localhost:4057...[0m
[2m  Waiting 12s for React...[0m
[2m  Page loaded: "Crisis Simulation Ai | Techbridge University College"[0m
[31m  ✗ Screenshot too small (8KB)[0m
[36m
================================================================================[0m
[1m[59] crop-yield-predictor[0m
[36m================================================================================[0m
[2m  ✓ Already built[0m
[36m  Serving on port 4058...[0m
[2m  Loading http://localhost:4058...[0m
[2m  Waiting 12s for React...[0m
[2m  Page loaded: "Crop Yield Predictor | Techbridge University College"[0m
[31m  ✗ Screenshot too small (8KB)[0m
[36m
================================================================================[0m
[1m[60] cross-app-api-gateway[0m
[36m================================================================================[0m
[2m  ✓ Already built[0m
[36m  Serving on port 4059...[0m
[2m  Loading http://localhost:4059...[0m
[2m  Waiting 12s for React...[0m
[2m  Page loaded: "Cross App Api Gateway | Techbridge University College"[0m
[31m  ✗ Screenshot too small (8KB)[0m
[36m
================================================================================[0m
[1m[61] cross-app-data-fabric[0m
[36m================================================================================[0m
[2m  ✓ Already built[0m
[36m  Serving on port 4060...[0m
[2m  Loading http://localhost:4060...[0m
[2m  Waiting 12s for React...[0m
[2m  Page loaded: "Cross App Data Fabric | Techbridge University College"[0m
[31m  ✗ Screenshot too small (8KB)[0m
[36m
================================================================================[0m
[1m[62] cross-app-performance-synthesizer[0m
[36m================================================================================[0m
[2m  ✓ Already built[0m
[36m  Serving on port 4061...[0m
[2m  Loading http://localhost:4061...[0m
[2m  Waiting 12s for React...[0m
[2m  Page loaded: "Cross App Performance Synthesizer | Techbridge University College"[0m
[31m  ✗ Screenshot too small (8KB)[0m
[36m
================================================================================[0m
[1m[63] cross-app-search[0m
[36m================================================================================[0m
[2m  ✓ Already built[0m
[36m  Serving on port 4062...[0m
[2m  Loading http://localhost:4062...[0m
[2m  Waiting 12s for React...[0m
[2m  Page loaded: "Cross App Search | Techbridge University College"[0m
[31m  ✗ Screenshot too small (8KB)[0m
[36m
================================================================================[0m
[1m[64] cross-border-trade-optimizer[0m
[36m================================================================================[0m
[2m  ✓ Already built[0m
[36m  Serving on port 4063...[0m
[2m  Loading http://localhost:4063...[0m
[2m  Waiting 12s for React...[0m
[2m  Page loaded: "Cross Border Trade Optimizer | Techbridge University College"[0m
[31m  ✗ Screenshot too small (8KB)[0m
[36m
================================================================================[0m
[1m[65] cross-industry-pattern-miner[0m
[36m================================================================================[0m
[2m  ✓ Already built[0m
[36m  Serving on port 4064...[0m
[2m  Loading http://localhost:4064...[0m
[2m  Waiting 12s for React...[0m
[2m  Page loaded: "Cross Industry Pattern Miner | Techbridge University College"[0m
[31m  ✗ Screenshot too small (8KB)[0m
[36m
================================================================================[0m
[1m[66] cross-system-stability-controller[0m
[36m================================================================================[0m
[2m  ✓ Already built[0m
[36m  Serving on port 4065...[0m
[2m  Loading http://localhost:4065...[0m
[2m  Waiting 12s for React...[0m
[2m  Page loaded: "Cross System Stability Controller | Techbridge University College"[0m
[31m  ✗ Screenshot too small (8KB)[0m
[36m
================================================================================[0m
[1m[67] cyber-threat-landscape-analyzer[0m
[36m================================================================================[0m
[2m  ✓ Already built[0m
[36m  Serving on port 4066...[0m
[2m  Loading http://localhost:4066...[0m
[2m  Waiting 12s for React...[0m
[2m  Page loaded: "Cyber Threat Landscape Analyzer | Techbridge University College"[0m
[31m  ✗ Screenshot too small (8KB)[0m
[36m
================================================================================[0m
[1m[68] dadaist-concert-visualizer[0m
[36m================================================================================[0m
[2m  ✓ Already built[0m
[36m  Serving on port 4067...[0m
[2m  Loading http://localhost:4067...[0m
[2m  Waiting 12s for React...[0m
[2m  Page loaded: "Dadaist Concert Visualizer | Techbridge University College"[0m
[32m  ✓ Screenshot saved (360KB)[0m
[36m
================================================================================[0m
[1m[69] data-anonymization-engine[0m
[36m================================================================================[0m
[2m  ✓ Already built[0m
[36m  Serving on port 4068...[0m
[2m  Loading http://localhost:4068...[0m
[2m  Waiting 12s for React...[0m
[2m  Page loaded: "Data Anonymization Engine | Techbridge University College"[0m
[31m  ✗ Screenshot too small (8KB)[0m
[36m
================================================================================[0m
[1m[70] data-lineage-tracker[0m
[36m================================================================================[0m
[2m  ✓ Already built[0m
[36m  Serving on port 4069...[0m
[2m  Loading http://localhost:4069...[0m
[2m  Waiting 12s for React...[0m
[2m  Page loaded: "Data Lineage Tracker | Techbridge University College"[0m
[31m  ✗ Screenshot too small (8KB)[0m
[36m
================================================================================[0m
[1m[71] decision-confidence-estimator[0m
[36m================================================================================[0m
[2m  ✓ Already built[0m
[36m  Serving on port 4070...[0m
[2m  Loading http://localhost:4070...[0m
[2m  Waiting 12s for React...[0m
[2m  Page loaded: "Decision Confidence Estimator | Techbridge University College"[0m
[31m  ✗ Screenshot too small (8KB)[0m
[36m
================================================================================[0m
[1m[72] dependency-graph-visualizer[0m
[36m================================================================================[0m
[2m  ✓ Already built[0m
[36m  Serving on port 4071...[0m
[2m  Loading http://localhost:4071...[0m
[2m  Waiting 12s for React...[0m
[2m  Page loaded: "Dependency Graph Visualizer | Techbridge University College"[0m
[31m  ✗ Screenshot too small (8KB)[0m
[36m
================================================================================[0m
[1m[73] deployment-drift-detector[0m
[36m================================================================================[0m
[2m  ✓ Already built[0m
[36m  Serving on port 4072...[0m
[2m  Loading http://localhost:4072...[0m
[2m  Waiting 12s for React...[0m
[2m  Page loaded: "Deployment Drift Detector | Techbridge University College"[0m
[31m  ✗ Screenshot too small (8KB)[0m
[36m
================================================================================[0m
[1m[74] dictation-app[0m
[36m================================================================================[0m
[36m  Building...[0m
[31m  ✗ Build failed[0m
[36m
================================================================================[0m
[1m[75] digital-identity-verifier[0m
[36m================================================================================[0m
[2m  ✓ Already built[0m
[36m  Serving on port 4074...[0m
[2m  Loading http://localhost:4074...[0m
[2m  Waiting 12s for React...[0m
[2m  Page loaded: "Digital Identity Verifier | Techbridge University College"[0m
[31m  ✗ Screenshot too small (8KB)[0m
[36m
================================================================================[0m
[1m[76] digital-twin-builder[0m
[36m================================================================================[0m
[2m  ✓ Already built[0m
[36m  Serving on port 4075...[0m
[2m  Loading http://localhost:4075...[0m
[2m  Waiting 12s for React...[0m
[2m  Page loaded: "Digital Twin Builder | Techbridge University College"[0m
[31m  ✗ Screenshot too small (8KB)[0m
[36m
================================================================================[0m
[1m[77] directive-workflow[0m
[36m================================================================================[0m
[2m  ✓ Already built[0m
[36m  Serving on port 4076...[0m
[2m  Loading http://localhost:4076...[0m
[2m  Waiting 12s for React...[0m
[2m  Page loaded: "Directive Workflow | Techbridge University College"[0m
[32m  ✓ Screenshot saved (140KB)[0m
[36m
================================================================================[0m
[1m[78] disaster-preparedness-simulator[0m
[36m================================================================================[0m
[2m  ✓ Already built[0m
[36m  Serving on port 4077...[0m
[2m  Loading http://localhost:4077...[0m
[2m  Waiting 12s for React...[0m
[2m  Page loaded: "Disaster Preparedness Simulator | Techbridge University College"[0m
[31m  ✗ Screenshot too small (8KB)[0m
[36m
================================================================================[0m
[1m[79] disaster-response-allocator[0m
[36m================================================================================[0m
[2m  ✓ Already built[0m
[36m  Serving on port 4078...[0m
[2m  Loading http://localhost:4078...[0m
[2m  Waiting 12s for React...[0m
[2m  Page loaded: "Disaster Response Allocator | Techbridge University College"[0m
[31m  ✗ Screenshot too small (8KB)[0m
[36m
================================================================================[0m
[1m[80] dns-copy-utility[0m
[36m================================================================================[0m
[2m  ✓ Already built[0m
[36m  Serving on port 4079...[0m
[2m  Loading http://localhost:4079...[0m
[2m  Waiting 12s for React...[0m
[2m  Page loaded: "Dns Copy Utility | Techbridge University College"[0m
[32m  ✓ Screenshot saved (87KB)[0m
[36m
================================================================================[0m
[1m[81] docujudge_202624502_1111[0m
[36m================================================================================[0m
[2m  ✓ Already built[0m
[36m  Serving on port 4080...[0m
[2m  Loading http://localhost:4080...[0m
[2m  Waiting 12s for React...[0m
[2m  Page loaded: "Docujudge_202624502_1111 | Techbridge University College"[0m
[32m  ✓ Screenshot saved (61KB)[0m
[36m
================================================================================[0m
[1m[82] drone-fleet-intelligence-manager[0m
[36m================================================================================[0m
[2m  ✓ Already built[0m
[36m  Serving on port 4081...[0m
[2m  Loading http://localhost:4081...[0m
[2m  Waiting 12s for React...[0m
[2m  Page loaded: "Drone Fleet Intelligence Manager | Techbridge University College"[0m
[31m  ✗ Screenshot too small (8KB)[0m
[36m
================================================================================[0m
[1m[83] drone-light-show-simulator[0m
[36m================================================================================[0m
[2m  ✓ Already built[0m
[36m  Serving on port 4082...[0m
[2m  Loading http://localhost:4082...[0m
[2m  Waiting 12s for React...[0m
[2m  Page loaded: "Drone Light Show Simulator | Techbridge University College"[0m
[32m  ✓ Screenshot saved (74KB)[0m
[36m
================================================================================[0m
[1m[84] drone-showcase[0m
[36m================================================================================[0m
[2m  ✓ Already built[0m
[36m  Serving on port 4083...[0m
[2m  Loading http://localhost:4083...[0m
[2m  Waiting 12s for React...[0m
[2m  Page loaded: "Drone Showcase | Techbridge University College"[0m
[32m  ✓ Screenshot saved (73KB)[0m
[36m
================================================================================[0m
[1m[85] dynamic-policy-adjustment-engine[0m
[36m================================================================================[0m
[2m  ✓ Already built[0m
[36m  Serving on port 4084...[0m
[2m  Loading http://localhost:4084...[0m
[2m  Waiting 12s for React...[0m
[2m  Page loaded: "Dynamic Policy Adjustment Engine | Techbridge University College"[0m
[31m  ✗ Screenshot too small (8KB)[0m
[36m
================================================================================[0m
[1m[86] edge-deployment-manager[0m
[36m================================================================================[0m
[2m  ✓ Already built[0m
[36m  Serving on port 4085...[0m
[2m  Loading http://localhost:4085...[0m
[2m  Waiting 12s for React...[0m
[2m  Page loaded: "Edge Deployment Manager | Techbridge University College"[0m
[31m  ✗ Screenshot too small (8KB)[0m
[36m
================================================================================[0m
[1m[87] election-sentiment-analyzer[0m
[36m================================================================================[0m
[2m  ✓ Already built[0m
[36m  Serving on port 4086...[0m
[31m  ✗ Error: Server start timeout[0m
[36m
================================================================================[0m
[1m[88] emergent-behavior-monitor[0m
[36m================================================================================[0m
[2m  ✓ Already built[0m
[36m  Serving on port 4087...[0m
[2m  Loading http://localhost:4087...[0m
[2m  Waiting 12s for React...[0m
[2m  Page loaded: "Emergent Behavior Monitor | Techbridge University College"[0m
[31m  ✗ Error: page.screenshot: Protocol error (Page.captureScreenshot): Unable to capture screenshot
Call log:
[2m  - taking page screenshot[22m
[2m  - waiting for fonts to load...[22m
[2m  - fonts loaded[22m
[0m
[36m
================================================================================[0m
[1m[89] enactus-ckt-frontend-app-main[0m
[36m================================================================================[0m
[2m  ✓ Already built[0m
[36m  Serving on port 4088...[0m
[31m  ✗ Error: Server start timeout[0m
[36m
================================================================================[0m
[1m[90] energy-grid-digital-twin[0m
[36m================================================================================[0m
[2m  ✓ Already built[0m
[36m  Serving on port 4089...[0m
[31m  ✗ Error: Server start timeout[0m
[36m
================================================================================[0m
[1m[91] english-safari[0m
[36m================================================================================[0m
[2m  ✓ Already built[0m
[36m  Serving on port 4090...[0m
[31m  ✗ Error: Server start timeout[0m
[36m
================================================================================[0m
[1m[92] enhanced-youtube-genie[0m
[36m================================================================================[0m
[2m  ✓ Already built[0m
[36m  Serving on port 4091...[0m
[31m  ✗ Error: Server start timeout[0m
[36m
================================================================================[0m
[1m[93] ethical-governance-ai[0m
[36m================================================================================[0m
[2m  ✓ Already built[0m
[36m  Serving on port 4092...[0m
