[25] Building: ai-transformation-framework

> react-example@0.0.0 build C:\Development\aucdt-utilities\ai-transformation-framework
> vite build

▲ [WARNING] Duplicate key "base" in object literal [duplicate-object-key]

    vite.config.ts:19:4:
      19 │     base: '/transform/',
         ╵     ~~~~

  The original key "base" is here:

    vite.config.ts:9:4:
      9 │     base: './',
        ╵     ~~~~

[36mvite v7.3.1 [32mbuilding client environment for production...[36m[39m
transforming...
[32m✓[39m 713 modules transformed.
rendering chunks...
computing gzip size...
[2mdist/[22m[32mindex.html                          [39m[1m[2m  3.05 kB[22m[1m[22m[2m │ gzip:   1.25 kB[22m
[2mdist/[22m[35massets/index-BtPkB_nn.css           [39m[1m[2m 18.97 kB[22m[1m[22m[2m │ gzip:   4.59 kB[22m
[2mdist/[22m[36massets/purify.es-Bzr520pe.js        [39m[1m[2m 22.45 kB[22m[1m[22m[2m │ gzip:   8.63 kB[22m
[2mdist/[22m[36massets/index.es-BYswcI4x.js         [39m[1m[2m158.58 kB[22m[1m[22m[2m │ gzip:  52.93 kB[22m
[2mdist/[22m[36massets/html2canvas.esm-DXEQVQnt.js  [39m[1m[2m201.04 kB[22m[1m[22m[2m │ gzip:  47.43 kB[22m
[2mdist/[22m[36massets/index-CRAbys51.js            [39m[1m[33m809.54 kB[39m[22m[2m │ gzip: 261.30 kB[22m
[33m
(!) Some chunks are larger than 500 kB after minification. Consider:
- Using dynamic import() to code-split the application
- Use build.rollupOptions.output.manualChunks to improve chunking: https://rollupjs.org/configuration-options/#output-manualchunks
- Adjust chunk size limit for this warning via build.chunkSizeWarningLimit.[39m
[32m✓ built in 26.53s[39m
