[30] Building: analytics-refactor

> advanced-analytics-dashboard@3.0.0 build C:\Development\aucdt-utilities\analytics-refactor
> vite build

[36mvite v7.3.1 [32mbuilding client environment for production...[36m[39m
transforming...
[32m✓[39m 1591 modules transformed.
[33mGenerated an empty chunk: "icons".[39m
rendering chunks...
computing gzip size...
[2mbuild/[22m[32mindex.html                          [39m[1m[2m    2.97 kB[22m[1m[22m[2m │ gzip:   1.00 kB[22m
[2mbuild/[22m[35massets/index-C-ViOi-0.css           [39m[1m[2m   49.74 kB[22m[1m[22m[2m │ gzip:  10.24 kB[22m
[2mbuild/[22m[36massets/icons-l0sNRNKZ.js            [39m[1m[2m    0.04 kB[22m[1m[22m[2m │ gzip:   0.06 kB[22m[2m │ map:     0.10 kB[22m
[2mbuild/[22m[36massets/react-vendor-CFmqTQEH.js     [39m[1m[2m    0.08 kB[22m[1m[22m[2m │ gzip:   0.10 kB[22m[2m │ map:     0.11 kB[22m
[2mbuild/[22m[36massets/purify.es-Bzr520pe.js        [39m[1m[2m   22.50 kB[22m[1m[22m[2m │ gzip:   8.67 kB[22m[2m │ map:    92.93 kB[22m
[2mbuild/[22m[36massets/index.es-CTQBdhXr.js         [39m[1m[2m  158.66 kB[22m[1m[22m[2m │ gzip:  52.98 kB[22m[2m │ map:   647.89 kB[22m
[2mbuild/[22m[36massets/html2canvas.esm-DXEQVQnt.js  [39m[1m[2m  201.09 kB[22m[1m[22m[2m │ gzip:  47.47 kB[22m[2m │ map:   602.75 kB[22m
[2mbuild/[22m[36massets/xlsx-CNerDvZX.js             [39m[1m[2m  429.23 kB[22m[1m[22m[2m │ gzip: 142.98 kB[22m[2m │ map: 1,674.80 kB[22m
[2mbuild/[22m[36massets/charts-XmZ7mwi7.js           [39m[1m[2m  471.76 kB[22m[1m[22m[2m │ gzip: 136.90 kB[22m[2m │ map: 2,253.85 kB[22m
[2mbuild/[22m[36massets/index-C29b--TG.js            [39m[1m[33m1,320.66 kB[39m[22m[2m │ gzip: 346.52 kB[22m[2m │ map: 4,573.73 kB[22m
[33m
(!) Some chunks are larger than 500 kB after minification. Consider:
- Using dynamic import() to code-split the application
- Use build.rollupOptions.output.manualChunks to improve chunking: https://rollupjs.org/configuration-options/#output-manualchunks
- Adjust chunk size limit for this warning via build.chunkSizeWarningLimit.[39m
[32m✓ built in 1m 8s[39m
