[27] Building: ananse-cartoon-generator

> ananse-cartoon-generator@1.0.0 build C:\Development\aucdt-utilities\ananse-cartoon-generator
> tsc && vite build

error TS6305: Output file 'C:/Development/aucdt-utilities/ananse-cartoon-generator/e2e.test.d.ts' has not been built from source file 'C:/Development/aucdt-utilities/ananse-cartoon-generator/e2e.test.ts'.
  The file is in the program because:
    Matched by include pattern 'e2e.test.ts' in 'C:/Development/aucdt-utilities/ananse-cartoon-generator/tsconfig.json'
error TS6305: Output file 'C:/Development/aucdt-utilities/ananse-cartoon-generator/src/App.d.ts' has not been built from source file 'C:/Development/aucdt-utilities/ananse-cartoon-generator/src/App.tsx'.
  The file is in the program because:
    Matched by include pattern 'src' in 'C:/Development/aucdt-utilities/ananse-cartoon-generator/tsconfig.json'
error TS6305: Output file 'C:/Development/aucdt-utilities/ananse-cartoon-generator/src/__tests__/App.test.d.ts' has not been built from source file 'C:/Development/aucdt-utilities/ananse-cartoon-generator/src/__tests__/App.test.tsx'.
  The file is in the program because:
    Matched by include pattern 'src' in 'C:/Development/aucdt-utilities/ananse-cartoon-generator/tsconfig.json'
error TS6305: Output file 'C:/Development/aucdt-utilities/ananse-cartoon-generator/src/__tests__/setup.d.ts' has not been built from source file 'C:/Development/aucdt-utilities/ananse-cartoon-generator/src/__tests__/setup.ts'.
  The file is in the program because:
    Matched by include pattern 'src' in 'C:/Development/aucdt-utilities/ananse-cartoon-generator/tsconfig.json'
error TS6305: Output file 'C:/Development/aucdt-utilities/ananse-cartoon-generator/src/components/ProtectedRoute.d.ts' has not been built from source file 'C:/Development/aucdt-utilities/ananse-cartoon-generator/src/components/ProtectedRoute.tsx'.
  The file is in the program because:
    Matched by include pattern 'src' in 'C:/Development/aucdt-utilities/ananse-cartoon-generator/tsconfig.json'
error TS6305: Output file 'C:/Development/aucdt-utilities/ananse-cartoon-generator/src/components/admin/AdminPanel.d.ts' has not been built from source file 'C:/Development/aucdt-utilities/ananse-cartoon-generator/src/components/admin/AdminPanel.tsx'.
  The file is in the program because:
    Matched by include pattern 'src' in 'C:/Development/aucdt-utilities/ananse-cartoon-generator/tsconfig.json'
error TS6305: Output file 'C:/Development/aucdt-utilities/ananse-cartoon-generator/src/contexts/AuthContext.d.ts' has not been built from source file 'C:/Development/aucdt-utilities/ananse-cartoon-generator/src/contexts/AuthContext.tsx'.
  The file is in the program because:
    Matched by include pattern 'src' in 'C:/Development/aucdt-utilities/ananse-cartoon-generator/tsconfig.json'
error TS6305: Output file 'C:/Development/aucdt-utilities/ananse-cartoon-generator/src/pages/AdminPage.d.ts' has not been built from source file 'C:/Development/aucdt-utilities/ananse-cartoon-generator/src/pages/AdminPage.tsx'.
  The file is in the program because:
    Matched by include pattern 'src' in 'C:/Development/aucdt-utilities/ananse-cartoon-generator/tsconfig.json'
error TS6305: Output file 'C:/Development/aucdt-utilities/ananse-cartoon-generator/src/pages/LoginPage.d.ts' has not been built from source file 'C:/Development/aucdt-utilities/ananse-cartoon-generator/src/pages/LoginPage.tsx'.
  The file is in the program because:
    Matched by include pattern 'src' in 'C:/Development/aucdt-utilities/ananse-cartoon-generator/tsconfig.json'
error TS6305: Output file 'C:/Development/aucdt-utilities/ananse-cartoon-generator/src/services/AuthService.d.ts' has not been built from source file 'C:/Development/aucdt-utilities/ananse-cartoon-generator/src/services/AuthService.ts'.
  The file is in the program because:
    Matched by include pattern 'src' in 'C:/Development/aucdt-utilities/ananse-cartoon-generator/tsconfig.json'
error TS6305: Output file 'C:/Development/aucdt-utilities/ananse-cartoon-generator/vite.config.d.ts' has not been built from source file 'C:/Development/aucdt-utilities/ananse-cartoon-generator/vite.config.ts'.
  The file is in the program because:
    Matched by include pattern 'vite.config.ts' in 'C:/Development/aucdt-utilities/ananse-cartoon-generator/tsconfig.json'
 ELIFECYCLE  Command failed with exit code 2.
