[138] Building: mature-students-exam-app-waec-integrated

> mature-students-exam-app@0.0.0 build C:\Development\aucdt-utilities\mature-students-exam-app-waec-integrated
> vite build

[36mvite v7.3.1 [32mbuilding client environment for production...[36m[39m
transforming...
[32m✓[39m 3415 modules transformed.
rendering chunks...
computing gzip size...
[2mdist/[22m[32mindex.html                                       [39m[1m[2m    2.53 kB[22m[1m[22m[2m │ gzip:   1.12 kB[22m
[2mdist/[22m[36massets/clone-DQwsRZef.js                         [39m[1m[2m    0.10 kB[22m[1m[22m[2m │ gzip:   0.11 kB[22m
[2mdist/[22m[36massets/channel-DHsQU1jG.js                       [39m[1m[2m    0.11 kB[22m[1m[22m[2m │ gzip:   0.12 kB[22m
[2mdist/[22m[36massets/init-Gi6I4Gst.js                          [39m[1m[2m    0.15 kB[22m[1m[22m[2m │ gzip:   0.13 kB[22m
[2mdist/[22m[36massets/chunk-AACKK3MU-DoXhza0u.js                [39m[1m[2m    0.19 kB[22m[1m[22m[2m │ gzip:   0.16 kB[22m
[2mdist/[22m[36massets/chunk-353BL4L5-3G2QYzf-.js                [39m[1m[2m    0.22 kB[22m[1m[22m[2m │ gzip:   0.17 kB[22m
[2mdist/[22m[36massets/chunk-BFAMUDN2-Bp6EVjIN.js                [39m[1m[2m    0.23 kB[22m[1m[22m[2m │ gzip:   0.20 kB[22m
[2mdist/[22m[36massets/stateDiagram-v2-5AN5P6BG-CZ6FqIWN.js      [39m[1m[2m    0.36 kB[22m[1m[22m[2m │ gzip:   0.27 kB[22m
[2mdist/[22m[36massets/chunk-E2GYISFI-exMtDMN1.js                [39m[1m[2m    0.36 kB[22m[1m[22m[2m │ gzip:   0.27 kB[22m
[2mdist/[22m[36massets/classDiagram-M3E45YP4-ByhcO5Uo.js         [39m[1m[2m    0.40 kB[22m[1m[22m[2m │ gzip:   0.28 kB[22m
[2mdist/[22m[36massets/classDiagram-v2-YAWTLIQI-ByhcO5Uo.js      [39m[1m[2m    0.40 kB[22m[1m[22m[2m │ gzip:   0.28 kB[22m
[2mdist/[22m[36massets/chunk-SKB7J2MH-DNGxrr_t.js                [39m[1m[2m    0.50 kB[22m[1m[22m[2m │ gzip:   0.35 kB[22m
[2mdist/[22m[36massets/infoDiagram-LHK5PUON-D-LjUvDb.js          [39m[1m[2m    0.66 kB[22m[1m[22m[2m │ gzip:   0.44 kB[22m
[2mdist/[22m[36massets/ordinal-Cboi1Yqb.js                       [39m[1m[2m    1.19 kB[22m[1m[22m[2m │ gzip:   0.57 kB[22m
[2mdist/[22m[36massets/chunk-67H74DCK-C2C3kWIP.js                [39m[1m[2m    1.43 kB[22m[1m[22m[2m │ gzip:   0.63 kB[22m
[2mdist/[22m[36massets/_basePickBy-DjSSLtON.js                   [39m[1m[2m    2.58 kB[22m[1m[22m[2m │ gzip:   1.28 kB[22m
[2mdist/[22m[36massets/arc-B407u519.js                           [39m[1m[2m    3.43 kB[22m[1m[22m[2m │ gzip:   1.48 kB[22m
[2mdist/[22m[36massets/diagram-5UYTHUR4-D-18yfVF.js              [39m[1m[2m    4.05 kB[22m[1m[22m[2m │ gzip:   1.76 kB[22m
[2mdist/[22m[36massets/defaultLocale-C4B-KCzX.js                 [39m[1m[2m    4.55 kB[22m[1m[22m[2m │ gzip:   2.13 kB[22m
[2mdist/[22m[36massets/pieDiagram-NIOCPIFQ-DSq5vWEx.js           [39m[1m[2m    4.91 kB[22m[1m[22m[2m │ gzip:   2.19 kB[22m
[2mdist/[22m[36massets/linear--4XQNlBz.js                        [39m[1m[2m    5.65 kB[22m[1m[22m[2m │ gzip:   2.30 kB[22m
[2mdist/[22m[36massets/diagram-ZTM2IBQH-Cwp_UGYL.js              [39m[1m[2m    5.88 kB[22m[1m[22m[2m │ gzip:   2.48 kB[22m
[2mdist/[22m[36massets/graph-Bu2oCRqC.js                         [39m[1m[2m    5.91 kB[22m[1m[22m[2m │ gzip:   1.87 kB[22m
[2mdist/[22m[36massets/stateDiagram-MI5ZYTHO-Cp4SEkeC.js         [39m[1m[2m   10.35 kB[22m[1m[22m[2m │ gzip:   3.62 kB[22m
[2mdist/[22m[36massets/dagre-JOIXM2OF-C_U87T2T.js                [39m[1m[2m   10.97 kB[22m[1m[22m[2m │ gzip:   4.08 kB[22m
[2mdist/[22m[36massets/_baseUniq-Djg0l16A.js                     [39m[1m[2m   11.88 kB[22m[1m[22m[2m │ gzip:   4.64 kB[22m
[2mdist/[22m[36massets/diagram-VMROVX33-OTnMew0L.js              [39m[1m[2m   15.84 kB[22m[1m[22m[2m │ gzip:   5.65 kB[22m
[2mdist/[22m[36massets/kanban-definition-ZSS6B67P-DuxclVt7.js    [39m[1m[2m   20.16 kB[22m[1m[22m[2m │ gzip:   7.14 kB[22m
[2mdist/[22m[36massets/sankeyDiagram-4UZDY2LN-Dtpu6QpF.js        [39m[1m[2m   22.02 kB[22m[1m[22m[2m │ gzip:   8.11 kB[22m
[2mdist/[22m[36massets/journeyDiagram-EWQZEKCU-DDqwkelE.js       [39m[1m[2m   23.51 kB[22m[1m[22m[2m │ gzip:   8.30 kB[22m
[2mdist/[22m[36massets/timeline-definition-MYPXXCX6-T2nEzV5x.js  [39m[1m[2m   23.55 kB[22m[1m[22m[2m │ gzip:   8.20 kB[22m
[2mdist/[22m[36massets/gitGraphDiagram-GW3U2K7C-BSwuX42f.js      [39m[1m[2m   24.10 kB[22m[1m[22m[2m │ gzip:   7.42 kB[22m
[2mdist/[22m[36massets/erDiagram-3M52JZNH-D0uPABbr.js            [39m[1m[2m   25.21 kB[22m[1m[22m[2m │ gzip:   8.82 kB[22m
[2mdist/[22m[36massets/layout-B2oxVFaV.js                        [39m[1m[2m   27.20 kB[22m[1m[22m[2m │ gzip:   9.68 kB[22m
[2mdist/[22m[36massets/requirementDiagram-QOLK2EJ7-CRDAQ86u.js   [39m[1m[2m   30.05 kB[22m[1m[22m[2m │ gzip:   9.41 kB[22m
[2mdist/[22m[36massets/quadrantDiagram-2OG54O6I-_iWwq9c-.js      [39m[1m[2m   33.81 kB[22m[1m[22m[2m │ gzip:   9.93 kB[22m
[2mdist/[22m[36massets/chunk-OW32GOEJ-ChJQEun_.js                [39m[1m[2m   36.33 kB[22m[1m[22m[2m │ gzip:  11.84 kB[22m
[2mdist/[22m[36massets/xychartDiagram-H2YORKM3-mPFCW9KP.js       [39m[1m[2m   40.13 kB[22m[1m[22m[2m │ gzip:  11.42 kB[22m
[2mdist/[22m[36massets/chunk-SZ463SBG-Bgvn4oaE.js                [39m[1m[2m   45.14 kB[22m[1m[22m[2m │ gzip:  14.66 kB[22m
[2mdist/[22m[36massets/flowDiagram-KYDEHFYC-BoCcBpX3.js          [39m[1m[2m   60.37 kB[22m[1m[22m[2m │ gzip:  19.42 kB[22m
[2mdist/[22m[36massets/ganttDiagram-EK5VF46D-DqB-XI1e.js         [39m[1m[2m   62.62 kB[22m[1m[22m[2m │ gzip:  21.24 kB[22m
[2mdist/[22m[36massets/c4Diagram-6F6E4RAY-hXL-oSre.js            [39m[1m[2m   70.10 kB[22m[1m[22m[2m │ gzip:  19.66 kB[22m
[2mdist/[22m[36massets/blockDiagram-6J76NXCF-fEwFw_Mo.js         [39m[1m[2m   71.48 kB[22m[1m[22m[2m │ gzip:  20.39 kB[22m
[2mdist/[22m[36massets/sequenceDiagram-SKLFT4DO-CfIYCubg.js      [39m[1m[2m   88.32 kB[22m[1m[22m[2m │ gzip:  25.22 kB[22m
[2mdist/[22m[36massets/mindmap-definition-6CBA2TL7-DwBwKka-.js   [39m[1m[2m  101.58 kB[22m[1m[22m[2m │ gzip:  28.52 kB[22m
[2mdist/[22m[36massets/architectureDiagram-SUXI7LT5-D6lhkE3x.js  [39m[1m[2m  148.36 kB[22m[1m[22m[2m │ gzip:  41.96 kB[22m
[2mdist/[22m[36massets/katex-DsmCZfJr.js                         [39m[1m[2m  265.43 kB[22m[1m[22m[2m │ gzip:  77.50 kB[22m
[2mdist/[22m[36massets/treemap-75Q7IDZK-BAf70JMv.js              [39m[1m[2m  329.22 kB[22m[1m[22m[2m │ gzip:  80.30 kB[22m
[2mdist/[22m[36massets/cytoscape.esm-r3FyPC3t.js                 [39m[1m[2m  441.51 kB[22m[1m[22m[2m │ gzip: 141.43 kB[22m
[2mdist/[22m[36massets/index-KbcToh_a.js                         [39m[1m[33m1,262.80 kB[39m[22m[2m │ gzip: 372.69 kB[22m
[33m
(!) Some chunks are larger than 500 kB after minification. Consider:
- Using dynamic import() to code-split the application
- Use build.rollupOptions.output.manualChunks to improve chunking: https://rollupjs.org/configuration-options/#output-manualchunks
- Adjust chunk size limit for this warning via build.chunkSizeWarningLimit.[39m
[32m✓ built in 1m 22s[39m
