[2] Installing: academic-integrity-detector
Lockfile is up to date, resolution step is skipped
Progress: resolved 1, reused 0, downloaded 0, added 0
Packages: +454
++++++++++++++++++++++++++++++++++++++++++++++++++++++++++++++++++++++++++++++++
Progress: resolved 454, reused 78, downloaded 0, added 0
Progress: resolved 454, reused 167, downloaded 0, added 0
Progress: resolved 454, reused 301, downloaded 0, added 0
Progress: resolved 454, reused 345, downloaded 0, added 0
Progress: resolved 454, reused 453, downloaded 0, added 0
Progress: resolved 454, reused 453, downloaded 0, added 3
Progress: resolved 454, reused 453, downloaded 0, added 7
Progress: resolved 454, reused 453, downloaded 0, added 17
Progress: resolved 454, reused 453, downloaded 0, added 23
Progress: resolved 454, reused 453, downloaded 0, added 43
Progress: resolved 454, reused 453, downloaded 0, added 50
Progress: resolved 454, reused 453, downloaded 0, added 69
Progress: resolved 454, reused 453, downloaded 0, added 78
Progress: resolved 454, reused 453, downloaded 0, added 90
Progress: resolved 454, reused 453, downloaded 0, added 101
Progress: resolved 454, reused 453, downloaded 0, added 118
Progress: resolved 454, reused 453, downloaded 0, added 130
Progress: resolved 454, reused 453, downloaded 0, added 132
Progress: resolved 454, reused 453, downloaded 0, added 141
Progress: resolved 454, reused 453, downloaded 0, added 146
Progress: resolved 454, reused 453, downloaded 0, added 153
Progress: resolved 454, reused 453, downloaded 0, added 154
Progress: resolved 454, reused 453, downloaded 0, added 158
Progress: resolved 454, reused 453, downloaded 0, added 164
Progress: resolved 454, reused 453, downloaded 0, added 169
Progress: resolved 454, reused 454, downloaded 0, added 183
Progress: resolved 454, reused 454, downloaded 0, added 195
Progress: resolved 454, reused 454, downloaded 0, added 202
Progress: resolved 454, reused 454, downloaded 0, added 213
Progress: resolved 454, reused 454, downloaded 0, added 235
Progress: resolved 454, reused 454, downloaded 0, added 237
Progress: resolved 454, reused 454, downloaded 0, added 267
Progress: resolved 454, reused 454, downloaded 0, added 269
Progress: resolved 454, reused 454, downloaded 0, added 275
Progress: resolved 454, reused 454, downloaded 0, added 278
Progress: resolved 454, reused 454, downloaded 0, added 280
Progress: resolved 454, reused 454, downloaded 0, added 281
Progress: resolved 454, reused 454, downloaded 0, added 285
Progress: resolved 454, reused 454, downloaded 0, added 290
Progress: resolved 454, reused 454, downloaded 0, added 299
Progress: resolved 454, reused 454, downloaded 0, added 304
Progress: resolved 454, reused 454, downloaded 0, added 305
Progress: resolved 454, reused 454, downloaded 0, added 308
Progress: resolved 454, reused 454, downloaded 0, added 311
Progress: resolved 454, reused 454, downloaded 0, added 317
Progress: resolved 454, reused 454, downloaded 0, added 319
Progress: resolved 454, reused 454, downloaded 0, added 325
Progress: resolved 454, reused 454, downloaded 0, added 328
Progress: resolved 454, reused 454, downloaded 0, added 330
Progress: resolved 454, reused 454, downloaded 0, added 333
Progress: resolved 454, reused 454, downloaded 0, added 334
Progress: resolved 454, reused 454, downloaded 0, added 335
Progress: resolved 454, reused 454, downloaded 0, added 337
Progress: resolved 454, reused 454, downloaded 0, added 340
Progress: resolved 454, reused 454, downloaded 0, added 343
Progress: resolved 454, reused 454, downloaded 0, added 352
Progress: resolved 454, reused 454, downloaded 0, added 359
Progress: resolved 454, reused 454, downloaded 0, added 364
Progress: resolved 454, reused 454, downloaded 0, added 365
Progress: resolved 454, reused 454, downloaded 0, added 368
Progress: resolved 454, reused 454, downloaded 0, added 369
Progress: resolved 454, reused 454, downloaded 0, added 370
Progress: resolved 454, reused 454, downloaded 0, added 371
Progress: resolved 454, reused 454, downloaded 0, added 374
Progress: resolved 454, reused 454, downloaded 0, added 381
Progress: resolved 454, reused 454, downloaded 0, added 386
Progress: resolved 454, reused 454, downloaded 0, added 387
Progress: resolved 454, reused 454, downloaded 0, added 388
Progress: resolved 454, reused 454, downloaded 0, added 389
Progress: resolved 454, reused 454, downloaded 0, added 392
Progress: resolved 454, reused 454, downloaded 0, added 397
Progress: resolved 454, reused 454, downloaded 0, added 402
Progress: resolved 454, reused 454, downloaded 0, added 406
Progress: resolved 454, reused 454, downloaded 0, added 411
Progress: resolved 454, reused 454, downloaded 0, added 416
Progress: resolved 454, reused 454, downloaded 0, added 418
Progress: resolved 454, reused 454, downloaded 0, added 419
Progress: resolved 454, reused 454, downloaded 0, added 421
Progress: resolved 454, reused 454, downloaded 0, added 426
Progress: resolved 454, reused 454, downloaded 0, added 430
Progress: resolved 454, reused 454, downloaded 0, added 433
Progress: resolved 454, reused 454, downloaded 0, added 435
Progress: resolved 454, reused 454, downloaded 0, added 436
Progress: resolved 454, reused 454, downloaded 0, added 440
Progress: resolved 454, reused 454, downloaded 0, added 441
Progress: resolved 454, reused 454, downloaded 0, added 442
Progress: resolved 454, reused 454, downloaded 0, added 443
Progress: resolved 454, reused 454, downloaded 0, added 444
Progress: resolved 454, reused 454, downloaded 0, added 447
Progress: resolved 454, reused 454, downloaded 0, added 449
Progress: resolved 454, reused 454, downloaded 0, added 450
Progress: resolved 454, reused 454, downloaded 0, added 451
Progress: resolved 454, reused 454, downloaded 0, added 452
Progress: resolved 454, reused 454, downloaded 0, added 453
Progress: resolved 454, reused 454, downloaded 0, added 454
Progress: resolved 454, reused 454, downloaded 0, added 454, done

dependencies:
+ @google/genai 1.43.0
+ @tailwindcss/vite 4.2.1
+ @vitejs/plugin-react 5.1.4
+ axios 1.13.6
+ better-sqlite3 12.6.2
+ clsx 2.1.1
+ date-fns 4.1.0
+ dotenv 17.3.1
+ express 4.22.1
+ framer-motion 12.34.3
+ lucide-react 0.546.0
+ motion 12.34.3
+ react 19.2.4
+ react-dom 19.2.4
+ react-router-dom 7.13.1
+ recharts 3.7.0
+ tailwind-merge 3.5.0
+ vite 6.4.1
+ zustand 5.0.11

devDependencies:
+ @testing-library/jest-dom 6.9.1
+ @testing-library/react 16.3.2
+ @testing-library/user-event 14.6.1
+ @types/express 4.17.25
+ @types/node 22.19.13
+ @types/react-router-dom 5.3.3
+ @vitest/coverage-v8 3.2.4
+ @vitest/ui 3.2.4
+ autoprefixer 10.4.27
+ jsdom 26.1.0
+ tailwindcss 4.2.1
+ tsx 4.21.0
+ typescript 5.8.3
+ vitest 3.2.4

╭ Warning ─────────────────────────────────────────────────────────────────────╮
│                                                                              │
│   Ignored build scripts: better-sqlite3@12.6.2, esbuild@0.25.12,             │
│   esbuild@0.27.3, protobufjs@7.5.4.                                          │
│   Run "pnpm approve-builds" to pick which dependencies should be allowed     │
│   to run scripts.                                                            │
│                                                                              │
╰──────────────────────────────────────────────────────────────────────────────╯
Done in 2m 50.6s using pnpm v10.32.1
