[4] Installing: accommodation-management
Lockfile is up to date, resolution step is skipped
Progress: resolved 1, reused 0, downloaded 0, added 0
Packages: +155
++++++++++++++++++++++++++++++++++++++++++++++++++++++++++++++++++++++++++++++++
Progress: resolved 155, reused 17, downloaded 0, added 0
Progress: resolved 155, reused 44, downloaded 0, added 0
Progress: resolved 155, reused 75, downloaded 0, added 0
Progress: resolved 155, reused 108, downloaded 0, added 0
Progress: resolved 155, reused 126, downloaded 0, added 0
Progress: resolved 155, reused 149, downloaded 0, added 0
Progress: resolved 155, reused 154, downloaded 0, added 19
Progress: resolved 155, reused 155, downloaded 0, added 52
Progress: resolved 155, reused 155, downloaded 0, added 78
Progress: resolved 155, reused 155, downloaded 0, added 92
Progress: resolved 155, reused 155, downloaded 0, added 109
Progress: resolved 155, reused 155, downloaded 0, added 110
Progress: resolved 155, reused 155, downloaded 0, added 111
Progress: resolved 155, reused 155, downloaded 0, added 120
Progress: resolved 155, reused 155, downloaded 0, added 130
Progress: resolved 155, reused 155, downloaded 0, added 143
Progress: resolved 155, reused 155, downloaded 0, added 153
Progress: resolved 155, reused 155, downloaded 0, added 155, done

dependencies:
+ cors 2.8.6
+ dotenv 16.6.1
+ express 5.2.1
+ mysql2 3.19.1
+ uuid 11.1.0

devDependencies:
+ nodemon 3.1.14
+ vitest 3.2.4

╭ Warning ─────────────────────────────────────────────────────────────────────╮
│                                                                              │
│   Ignored build scripts: esbuild@0.27.3.                                     │
│   Run "pnpm approve-builds" to pick which dependencies should be allowed     │
│   to run scripts.                                                            │
│                                                                              │
╰──────────────────────────────────────────────────────────────────────────────╯
Done in 22.8s using pnpm v10.32.1
