[8] Installing: ai-@-techbridge
Lockfile is up to date, resolution step is skipped
Progress: resolved 1, reused 0, downloaded 0, added 0
Packages: +328
++++++++++++++++++++++++++++++++++++++++++++++++++++++++++++++++++++++++++++++++
Progress: resolved 328, reused 81, downloaded 0, added 0
Progress: resolved 328, reused 327, downloaded 0, added 0
Progress: resolved 328, reused 328, downloaded 0, added 16
Progress: resolved 328, reused 328, downloaded 0, added 45
Progress: resolved 328, reused 328, downloaded 0, added 75
Progress: resolved 328, reused 328, downloaded 0, added 97
Progress: resolved 328, reused 328, downloaded 0, added 120
Progress: resolved 328, reused 328, downloaded 0, added 134
Progress: resolved 328, reused 328, downloaded 0, added 143
Progress: resolved 328, reused 328, downloaded 0, added 161
Progress: resolved 328, reused 328, downloaded 0, added 181
Progress: resolved 328, reused 328, downloaded 0, added 188
Progress: resolved 328, reused 328, downloaded 0, added 208
Progress: resolved 328, reused 328, downloaded 0, added 248
Progress: resolved 328, reused 328, downloaded 0, added 275
Progress: resolved 328, reused 328, downloaded 0, added 310
Progress: resolved 328, reused 328, downloaded 0, added 325
Progress: resolved 328, reused 328, downloaded 0, added 326
Progress: resolved 328, reused 328, downloaded 0, added 327
Progress: resolved 328, reused 328, downloaded 0, added 328
Progress: resolved 328, reused 328, downloaded 0, added 328, done

dependencies:
+ @google/genai 1.40.0
+ lucide-react 0.563.0
+ react 19.2.4
+ react-dom 19.2.4

devDependencies:
+ @tailwindcss/vite 4.1.18
+ @testing-library/jest-dom 6.9.1
+ @testing-library/react 16.3.2
+ @testing-library/user-event 14.6.1
+ @types/node 25.2.2
+ @vitejs/plugin-react 5.1.3
+ @vitest/coverage-v8 3.2.4
+ @vitest/ui 3.2.4
+ jsdom 26.1.0
+ serve 14.2.5
+ tailwindcss 4.1.18
+ typescript 5.9.3
+ vite 7.3.1
+ vitest 3.2.4

Done in 35.9s using pnpm v10.30.1
