[8] Installing: ai-code-reviewer
Lockfile is up to date, resolution step is skipped
Progress: resolved 1, reused 0, downloaded 0, added 0
Packages: +282
++++++++++++++++++++++++++++++++++++++++++++++++++++++++++++++++++++++++++++++++
Progress: resolved 282, reused 205, downloaded 0, added 0
Progress: resolved 282, reused 281, downloaded 0, added 13
Progress: resolved 282, reused 281, downloaded 0, added 26
Progress: resolved 282, reused 282, downloaded 0, added 34
Progress: resolved 282, reused 282, downloaded 0, added 37
Progress: resolved 282, reused 282, downloaded 0, added 41
Progress: resolved 282, reused 282, downloaded 0, added 46
Progress: resolved 282, reused 282, downloaded 0, added 53
Progress: resolved 282, reused 282, downloaded 0, added 57
Progress: resolved 282, reused 282, downloaded 0, added 58
Progress: resolved 282, reused 282, downloaded 0, added 59
Progress: resolved 282, reused 282, downloaded 0, added 65
Progress: resolved 282, reused 282, downloaded 0, added 66
Progress: resolved 282, reused 282, downloaded 0, added 72
Progress: resolved 282, reused 282, downloaded 0, added 74
Progress: resolved 282, reused 282, downloaded 0, added 75
Progress: resolved 282, reused 282, downloaded 0, added 76
Progress: resolved 282, reused 282, downloaded 0, added 77
Progress: resolved 282, reused 282, downloaded 0, added 81
Progress: resolved 282, reused 282, downloaded 0, added 82
Progress: resolved 282, reused 282, downloaded 0, added 83
Progress: resolved 282, reused 282, downloaded 0, added 85
Progress: resolved 282, reused 282, downloaded 0, added 87
Progress: resolved 282, reused 282, downloaded 0, added 89
Progress: resolved 282, reused 282, downloaded 0, added 91
Progress: resolved 282, reused 282, downloaded 0, added 92
Progress: resolved 282, reused 282, downloaded 0, added 93
Progress: resolved 282, reused 282, downloaded 0, added 96
Progress: resolved 282, reused 282, downloaded 0, added 98
Progress: resolved 282, reused 282, downloaded 0, added 99
Progress: resolved 282, reused 282, downloaded 0, added 100
Progress: resolved 282, reused 282, downloaded 0, added 105
Progress: resolved 282, reused 282, downloaded 0, added 108
Progress: resolved 282, reused 282, downloaded 0, added 115
Progress: resolved 282, reused 282, downloaded 0, added 121
Progress: resolved 282, reused 282, downloaded 0, added 134
Progress: resolved 282, reused 282, downloaded 0, added 136
Progress: resolved 282, reused 282, downloaded 0, added 141
Progress: resolved 282, reused 282, downloaded 0, added 143
Progress: resolved 282, reused 282, downloaded 0, added 148
Progress: resolved 282, reused 282, downloaded 0, added 153
Progress: resolved 282, reused 282, downloaded 0, added 158
Progress: resolved 282, reused 282, downloaded 0, added 160
Progress: resolved 282, reused 282, downloaded 0, added 163
Progress: resolved 282, reused 282, downloaded 0, added 170
Progress: resolved 282, reused 282, downloaded 0, added 173
Progress: resolved 282, reused 282, downloaded 0, added 176
Progress: resolved 282, reused 282, downloaded 0, added 184
Progress: resolved 282, reused 282, downloaded 0, added 191
Progress: resolved 282, reused 282, downloaded 0, added 192
Progress: resolved 282, reused 282, downloaded 0, added 194
Progress: resolved 282, reused 282, downloaded 0, added 196
Progress: resolved 282, reused 282, downloaded 0, added 204
Progress: resolved 282, reused 282, downloaded 0, added 211
Progress: resolved 282, reused 282, downloaded 0, added 212
Progress: resolved 282, reused 282, downloaded 0, added 216
Progress: resolved 282, reused 282, downloaded 0, added 217
Progress: resolved 282, reused 282, downloaded 0, added 220
Progress: resolved 282, reused 282, downloaded 0, added 223
Progress: resolved 282, reused 282, downloaded 0, added 227
Progress: resolved 282, reused 282, downloaded 0, added 236
Progress: resolved 282, reused 282, downloaded 0, added 248
Progress: resolved 282, reused 282, downloaded 0, added 266
Progress: resolved 282, reused 282, downloaded 0, added 278
Progress: resolved 282, reused 282, downloaded 0, added 279
Progress: resolved 282, reused 282, downloaded 0, added 280
Progress: resolved 282, reused 282, downloaded 0, added 281
Progress: resolved 282, reused 282, downloaded 0, added 282, done

dependencies:
+ @google/genai 1.12.0
+ lucide-react 0.400.0
+ react 19.2.4
+ react-dom 19.2.4
+ react-router-dom 7.13.1

devDependencies:
+ @tailwindcss/vite 4.2.1
+ @testing-library/jest-dom 6.9.1
+ @testing-library/react 16.3.2
+ @testing-library/user-event 14.6.1
+ @types/node 22.17.0
+ @vitest/coverage-v8 3.2.4
+ @vitest/ui 3.2.4
+ jsdom 26.1.0
+ serve 14.2.5
+ tailwindcss 4.2.1
+ typescript 5.8.3
+ vite 7.3.1
+ vitest 3.2.4

Done in 1m 22.6s using pnpm v10.30.1
