[9] Installing: ai-email-drafter
Lockfile is up to date, resolution step is skipped
Progress: resolved 1, reused 0, downloaded 0, added 0
Packages: +243
++++++++++++++++++++++++++++++++++++++++++++++++++++++++++++++++++++++++++++++++
Progress: resolved 243, reused 47, downloaded 0, added 0
Progress: resolved 243, reused 86, downloaded 0, added 0
Progress: resolved 243, reused 88, downloaded 0, added 0
Progress: resolved 243, reused 103, downloaded 0, added 0
Progress: resolved 243, reused 112, downloaded 0, added 0
Progress: resolved 243, reused 160, downloaded 0, added 0
Progress: resolved 243, reused 214, downloaded 0, added 0
Progress: resolved 243, reused 229, downloaded 0, added 0
Progress: resolved 243, reused 238, downloaded 0, added 0
Progress: resolved 243, reused 242, downloaded 0, added 5
Progress: resolved 243, reused 243, downloaded 0, added 12
Progress: resolved 243, reused 243, downloaded 0, added 19
Progress: resolved 243, reused 243, downloaded 0, added 20
Progress: resolved 243, reused 243, downloaded 0, added 22
Progress: resolved 243, reused 243, downloaded 0, added 23
Progress: resolved 243, reused 243, downloaded 0, added 42
Progress: resolved 243, reused 243, downloaded 0, added 55
Progress: resolved 243, reused 243, downloaded 0, added 56
Progress: resolved 243, reused 243, downloaded 0, added 70
Progress: resolved 243, reused 243, downloaded 0, added 77
Progress: resolved 243, reused 243, downloaded 0, added 83
Progress: resolved 243, reused 243, downloaded 0, added 85
Progress: resolved 243, reused 243, downloaded 0, added 86
Progress: resolved 243, reused 243, downloaded 0, added 90
Progress: resolved 243, reused 243, downloaded 0, added 92
Progress: resolved 243, reused 243, downloaded 0, added 93
Progress: resolved 243, reused 243, downloaded 0, added 96
Progress: resolved 243, reused 243, downloaded 0, added 99
Progress: resolved 243, reused 243, downloaded 0, added 103
Progress: resolved 243, reused 243, downloaded 0, added 110
Progress: resolved 243, reused 243, downloaded 0, added 114
Progress: resolved 243, reused 243, downloaded 0, added 117
Progress: resolved 243, reused 243, downloaded 0, added 128
Progress: resolved 243, reused 243, downloaded 0, added 135
Progress: resolved 243, reused 243, downloaded 0, added 143
Progress: resolved 243, reused 243, downloaded 0, added 154
Progress: resolved 243, reused 243, downloaded 0, added 163
Progress: resolved 243, reused 243, downloaded 0, added 179
Progress: resolved 243, reused 243, downloaded 0, added 193
Progress: resolved 243, reused 243, downloaded 0, added 207
Progress: resolved 243, reused 243, downloaded 0, added 223
Progress: resolved 243, reused 243, downloaded 0, added 227
Progress: resolved 243, reused 243, downloaded 0, added 230
Progress: resolved 243, reused 243, downloaded 0, added 234
Progress: resolved 243, reused 243, downloaded 0, added 235
Progress: resolved 243, reused 243, downloaded 0, added 236
Progress: resolved 243, reused 243, downloaded 0, added 237
Progress: resolved 243, reused 243, downloaded 0, added 238
Progress: resolved 243, reused 243, downloaded 0, added 240
Progress: resolved 243, reused 243, downloaded 0, added 241
Progress: resolved 243, reused 243, downloaded 0, added 242
Progress: resolved 243, reused 243, downloaded 0, added 243
Progress: resolved 243, reused 243, downloaded 0, added 243, done
.../esbuild@0.25.11/node_modules/esbuild postinstall$ node install.js
.../esbuild@0.25.11/node_modules/esbuild postinstall: Done

dependencies:
+ @google/genai 1.28.0
+ react 19.2.4
+ react-dom 19.2.4

devDependencies:
+ @testing-library/jest-dom 6.9.1
+ @testing-library/react 16.3.2
+ @testing-library/user-event 14.6.1
+ @types/node 24.9.2
+ @vitejs/plugin-react 5.1.0
+ @vitest/coverage-v8 3.2.4
+ @vitest/ui 3.2.4
+ jsdom 26.1.0
+ typescript 5.9.3
+ vite 7.1.12
+ vitest 3.2.4

Done in 1m 7.4s using pnpm v10.32.1
