[12] Installing: ai-flyer-generator
Lockfile is up to date, resolution step is skipped
Progress: resolved 1, reused 0, downloaded 0, added 0
Packages: +263
++++++++++++++++++++++++++++++++++++++++++++++++++++++++++++++++++++++++++++++++
Progress: resolved 263, reused 41, downloaded 0, added 0
Progress: resolved 263, reused 159, downloaded 0, added 0
Progress: resolved 263, reused 260, downloaded 0, added 3
Progress: resolved 263, reused 261, downloaded 0, added 18
Progress: resolved 263, reused 262, downloaded 0, added 40
Progress: resolved 263, reused 262, downloaded 0, added 49
Progress: resolved 263, reused 262, downloaded 0, added 61
Progress: resolved 263, reused 263, downloaded 0, added 64
Progress: resolved 263, reused 263, downloaded 0, added 69
Progress: resolved 263, reused 263, downloaded 0, added 71
Progress: resolved 263, reused 263, downloaded 0, added 77
Progress: resolved 263, reused 263, downloaded 0, added 85
Progress: resolved 263, reused 263, downloaded 0, added 97
Progress: resolved 263, reused 263, downloaded 0, added 102
Progress: resolved 263, reused 263, downloaded 0, added 105
Progress: resolved 263, reused 263, downloaded 0, added 107
Progress: resolved 263, reused 263, downloaded 0, added 114
Progress: resolved 263, reused 263, downloaded 0, added 118
Progress: resolved 263, reused 263, downloaded 0, added 127
Progress: resolved 263, reused 263, downloaded 0, added 130
Progress: resolved 263, reused 263, downloaded 0, added 134
Progress: resolved 263, reused 263, downloaded 0, added 138
Progress: resolved 263, reused 263, downloaded 0, added 140
Progress: resolved 263, reused 263, downloaded 0, added 142
Progress: resolved 263, reused 263, downloaded 0, added 146
Progress: resolved 263, reused 263, downloaded 0, added 148
Progress: resolved 263, reused 263, downloaded 0, added 154
Progress: resolved 263, reused 263, downloaded 0, added 155
Progress: resolved 263, reused 263, downloaded 0, added 160
Progress: resolved 263, reused 263, downloaded 0, added 171
Progress: resolved 263, reused 263, downloaded 0, added 178
Progress: resolved 263, reused 263, downloaded 0, added 179
Progress: resolved 263, reused 263, downloaded 0, added 182
Progress: resolved 263, reused 263, downloaded 0, added 184
Progress: resolved 263, reused 263, downloaded 0, added 187
Progress: resolved 263, reused 263, downloaded 0, added 189
Progress: resolved 263, reused 263, downloaded 0, added 193
Progress: resolved 263, reused 263, downloaded 0, added 194
Progress: resolved 263, reused 263, downloaded 0, added 195
Progress: resolved 263, reused 263, downloaded 0, added 196
Progress: resolved 263, reused 263, downloaded 0, added 201
Progress: resolved 263, reused 263, downloaded 0, added 202
Progress: resolved 263, reused 263, downloaded 0, added 204
Progress: resolved 263, reused 263, downloaded 0, added 205
Progress: resolved 263, reused 263, downloaded 0, added 209
Progress: resolved 263, reused 263, downloaded 0, added 210
Progress: resolved 263, reused 263, downloaded 0, added 212
Progress: resolved 263, reused 263, downloaded 0, added 218
Progress: resolved 263, reused 263, downloaded 0, added 223
Progress: resolved 263, reused 263, downloaded 0, added 226
Progress: resolved 263, reused 263, downloaded 0, added 228
Progress: resolved 263, reused 263, downloaded 0, added 230
Progress: resolved 263, reused 263, downloaded 0, added 234
Progress: resolved 263, reused 263, downloaded 0, added 239
Progress: resolved 263, reused 263, downloaded 0, added 245
Progress: resolved 263, reused 263, downloaded 0, added 248
Progress: resolved 263, reused 263, downloaded 0, added 249
Progress: resolved 263, reused 263, downloaded 0, added 250
Progress: resolved 263, reused 263, downloaded 0, added 251
Progress: resolved 263, reused 263, downloaded 0, added 252
Progress: resolved 263, reused 263, downloaded 0, added 253
Progress: resolved 263, reused 263, downloaded 0, added 256
Progress: resolved 263, reused 263, downloaded 0, added 257
Progress: resolved 263, reused 263, downloaded 0, added 258
Progress: resolved 263, reused 263, downloaded 0, added 259
Progress: resolved 263, reused 263, downloaded 0, added 260
Progress: resolved 263, reused 263, downloaded 0, added 261
Progress: resolved 263, reused 263, downloaded 0, added 262
Progress: resolved 263, reused 263, downloaded 0, added 263
Progress: resolved 263, reused 263, downloaded 0, added 263, done

dependencies:
+ @google/genai 1.46.0
+ html2canvas 1.4.1
+ lucide-react 0.344.0
+ react 19.2.4
+ react-dom 19.2.4
+ react-image-crop 11.0.5

devDependencies:
+ @testing-library/jest-dom 6.9.1
+ @testing-library/react 16.3.2
+ @testing-library/user-event 14.6.1
+ @types/node 22.19.15
+ @vitejs/plugin-react 5.2.0
+ @vitest/coverage-v8 3.2.4
+ @vitest/ui 3.2.4
+ jsdom 26.1.0
+ typescript 5.8.3
+ vite 6.4.1
+ vitest 3.2.4

╭ Warning ─────────────────────────────────────────────────────────────────────╮
│                                                                              │
│   Ignored build scripts: esbuild@0.25.12, protobufjs@7.5.4.                  │
│   Run "pnpm approve-builds" to pick which dependencies should be allowed     │
│   to run scripts.                                                            │
│                                                                              │
╰──────────────────────────────────────────────────────────────────────────────╯
Done in 2m 29s using pnpm v10.32.1
