[13] Installing: ai-governance-analytics-hub
Lockfile is up to date, resolution step is skipped
Progress: resolved 1, reused 0, downloaded 0, added 0
Packages: +454
++++++++++++++++++++++++++++++++++++++++++++++++++++++++++++++++++++++++++++++++
Progress: resolved 454, reused 0, downloaded 0, added 0
Progress: resolved 454, reused 137, downloaded 0, added 0
Progress: resolved 454, reused 203, downloaded 0, added 0
Progress: resolved 454, reused 230, downloaded 0, added 0
Progress: resolved 454, reused 248, downloaded 0, added 0
Progress: resolved 454, reused 270, downloaded 0, added 0
Progress: resolved 454, reused 275, downloaded 0, added 0
Progress: resolved 454, reused 276, downloaded 0, added 0
Progress: resolved 454, reused 277, downloaded 0, added 0
Progress: resolved 454, reused 282, downloaded 0, added 0
Progress: resolved 454, reused 292, downloaded 0, added 0
Progress: resolved 454, reused 306, downloaded 0, added 0
Progress: resolved 454, reused 310, downloaded 0, added 0
Progress: resolved 454, reused 313, downloaded 0, added 0
Progress: resolved 454, reused 359, downloaded 0, added 0
Progress: resolved 454, reused 450, downloaded 0, added 1
Progress: resolved 454, reused 451, downloaded 0, added 8
Progress: resolved 454, reused 451, downloaded 0, added 13
Progress: resolved 454, reused 451, downloaded 0, added 17
Progress: resolved 454, reused 451, downloaded 0, added 18
Progress: resolved 454, reused 451, downloaded 0, added 22
Progress: resolved 454, reused 451, downloaded 0, added 27
Progress: resolved 454, reused 451, downloaded 0, added 42
Progress: resolved 454, reused 451, downloaded 0, added 47
Progress: resolved 454, reused 451, downloaded 0, added 52
Progress: resolved 454, reused 451, downloaded 0, added 63
Progress: resolved 454, reused 451, downloaded 0, added 72
Progress: resolved 454, reused 451, downloaded 0, added 73
Progress: resolved 454, reused 451, downloaded 0, added 74
Progress: resolved 454, reused 451, downloaded 0, added 78
Progress: resolved 454, reused 451, downloaded 0, added 80
Progress: resolved 454, reused 451, downloaded 0, added 83
Progress: resolved 454, reused 451, downloaded 0, added 92
Progress: resolved 454, reused 451, downloaded 0, added 96
Progress: resolved 454, reused 451, downloaded 0, added 102
Progress: resolved 454, reused 451, downloaded 0, added 107
Progress: resolved 454, reused 451, downloaded 0, added 113
Progress: resolved 454, reused 451, downloaded 0, added 118
Progress: resolved 454, reused 451, downloaded 0, added 120
Progress: resolved 454, reused 451, downloaded 0, added 122
Progress: resolved 454, reused 451, downloaded 0, added 124
Progress: resolved 454, reused 451, downloaded 0, added 126
Progress: resolved 454, reused 451, downloaded 0, added 129
Progress: resolved 454, reused 451, downloaded 0, added 135
Progress: resolved 454, reused 451, downloaded 0, added 136
Progress: resolved 454, reused 451, downloaded 0, added 139
Progress: resolved 454, reused 452, downloaded 0, added 142
Progress: resolved 454, reused 452, downloaded 0, added 143
Progress: resolved 454, reused 452, downloaded 0, added 151
Progress: resolved 454, reused 452, downloaded 0, added 156
Progress: resolved 454, reused 452, downloaded 0, added 161
Progress: resolved 454, reused 452, downloaded 0, added 166
Progress: resolved 454, reused 452, downloaded 0, added 169
Progress: resolved 454, reused 452, downloaded 0, added 174
Progress: resolved 454, reused 452, downloaded 0, added 180
Progress: resolved 454, reused 452, downloaded 0, added 189
Progress: resolved 454, reused 452, downloaded 0, added 190
Progress: resolved 454, reused 452, downloaded 0, added 202
Progress: resolved 454, reused 452, downloaded 0, added 205
Progress: resolved 454, reused 452, downloaded 0, added 222
Progress: resolved 454, reused 452, downloaded 0, added 230
Progress: resolved 454, reused 453, downloaded 0, added 249
Progress: resolved 454, reused 453, downloaded 0, added 262
Progress: resolved 454, reused 453, downloaded 0, added 268
Progress: resolved 454, reused 453, downloaded 0, added 273
Progress: resolved 454, reused 453, downloaded 0, added 277
Progress: resolved 454, reused 453, downloaded 0, added 279
Progress: resolved 454, reused 453, downloaded 0, added 280
Progress: resolved 454, reused 453, downloaded 0, added 281
Progress: resolved 454, reused 453, downloaded 0, added 283
Progress: resolved 454, reused 453, downloaded 0, added 286
Progress: resolved 454, reused 453, downloaded 0, added 288
Progress: resolved 454, reused 453, downloaded 0, added 291
Progress: resolved 454, reused 453, downloaded 0, added 293
Progress: resolved 454, reused 454, downloaded 0, added 293
Progress: resolved 454, reused 454, downloaded 0, added 294
Progress: resolved 454, reused 454, downloaded 0, added 297
Progress: resolved 454, reused 454, downloaded 0, added 301
Progress: resolved 454, reused 454, downloaded 0, added 306
Progress: resolved 454, reused 454, downloaded 0, added 307
Progress: resolved 454, reused 454, downloaded 0, added 309
Progress: resolved 454, reused 454, downloaded 0, added 311
Progress: resolved 454, reused 454, downloaded 0, added 313
Progress: resolved 454, reused 454, downloaded 0, added 315
Progress: resolved 454, reused 454, downloaded 0, added 316
Progress: resolved 454, reused 454, downloaded 0, added 326
Progress: resolved 454, reused 454, downloaded 0, added 330
Progress: resolved 454, reused 454, downloaded 0, added 331
Progress: resolved 454, reused 454, downloaded 0, added 337
Progress: resolved 454, reused 454, downloaded 0, added 351
Progress: resolved 454, reused 454, downloaded 0, added 360
Progress: resolved 454, reused 454, downloaded 0, added 368
Progress: resolved 454, reused 454, downloaded 0, added 382
Progress: resolved 454, reused 454, downloaded 0, added 386
Progress: resolved 454, reused 454, downloaded 0, added 395
Progress: resolved 454, reused 454, downloaded 0, added 412
Progress: resolved 454, reused 454, downloaded 0, added 422
Progress: resolved 454, reused 454, downloaded 0, added 435
Progress: resolved 454, reused 454, downloaded 0, added 437
Progress: resolved 454, reused 454, downloaded 0, added 445
Progress: resolved 454, reused 454, downloaded 0, added 446
Progress: resolved 454, reused 454, downloaded 0, added 447
Progress: resolved 454, reused 454, downloaded 0, added 448
Progress: resolved 454, reused 454, downloaded 0, added 449
Progress: resolved 454, reused 454, downloaded 0, added 450
Progress: resolved 454, reused 454, downloaded 0, added 451
Progress: resolved 454, reused 454, downloaded 0, added 452
Progress: resolved 454, reused 454, downloaded 0, added 453
Progress: resolved 454, reused 454, downloaded 0, added 454
Progress: resolved 454, reused 454, downloaded 0, added 454, done

dependencies:
+ @google/genai 1.43.0
+ @tailwindcss/vite 4.2.1
+ @vitejs/plugin-react 5.1.4
+ axios 1.13.6
+ better-sqlite3 12.6.2
+ clsx 2.1.1
+ date-fns 4.1.0
+ dotenv 17.3.1
+ express 4.22.1
+ framer-motion 12.34.3
+ lucide-react 0.546.0
+ motion 12.34.3
+ react 19.2.4
+ react-dom 19.2.4
+ react-router-dom 7.13.1
+ recharts 3.7.0
+ tailwind-merge 3.5.0
+ vite 6.4.1
+ zustand 5.0.11

devDependencies:
+ @testing-library/jest-dom 6.9.1
+ @testing-library/react 16.3.2
+ @testing-library/user-event 14.6.1
+ @types/express 4.17.25
+ @types/node 22.19.13
+ @types/react-router-dom 5.3.3
+ @vitest/coverage-v8 3.2.4
+ @vitest/ui 3.2.4
+ autoprefixer 10.4.27
+ jsdom 26.1.0
+ tailwindcss 4.2.1
+ tsx 4.21.0
+ typescript 5.8.3
+ vitest 3.2.4

╭ Warning ─────────────────────────────────────────────────────────────────────╮
│                                                                              │
│   Ignored build scripts: better-sqlite3@12.6.2, esbuild@0.25.12,             │
│   esbuild@0.27.3, protobufjs@7.5.4.                                          │
│   Run "pnpm approve-builds" to pick which dependencies should be allowed     │
│   to run scripts.                                                            │
│                                                                              │
╰──────────────────────────────────────────────────────────────────────────────╯
Done in 4m 10.8s using pnpm v10.32.1
