[27] Installing: ai-studio-project-refresh-dashboard
Lockfile is up to date, resolution step is skipped
Progress: resolved 1, reused 0, downloaded 0, added 0
Packages: +221
++++++++++++++++++++++++++++++++++++++++++++++++++++++++++++++++++++++++++++++++
Progress: resolved 221, reused 28, downloaded 0, added 0
Progress: resolved 221, reused 75, downloaded 0, added 0
Progress: resolved 221, reused 135, downloaded 0, added 0
Progress: resolved 221, reused 136, downloaded 0, added 0
Progress: resolved 221, reused 183, downloaded 0, added 0
Progress: resolved 221, reused 219, downloaded 0, added 1
Progress: resolved 221, reused 220, downloaded 0, added 16
Progress: resolved 221, reused 220, downloaded 0, added 21
Progress: resolved 221, reused 221, downloaded 0, added 27
Progress: resolved 221, reused 221, downloaded 0, added 31
Progress: resolved 221, reused 221, downloaded 0, added 35
Progress: resolved 221, reused 221, downloaded 0, added 38
Progress: resolved 221, reused 221, downloaded 0, added 51
Progress: resolved 221, reused 221, downloaded 0, added 53
Progress: resolved 221, reused 221, downloaded 0, added 57
Progress: resolved 221, reused 221, downloaded 0, added 70
Progress: resolved 221, reused 221, downloaded 0, added 75
Progress: resolved 221, reused 221, downloaded 0, added 80
Progress: resolved 221, reused 221, downloaded 0, added 96
Progress: resolved 221, reused 221, downloaded 0, added 103
Progress: resolved 221, reused 221, downloaded 0, added 104
Progress: resolved 221, reused 221, downloaded 0, added 108
Progress: resolved 221, reused 221, downloaded 0, added 116
Progress: resolved 221, reused 221, downloaded 0, added 121
Progress: resolved 221, reused 221, downloaded 0, added 135
Progress: resolved 221, reused 221, downloaded 0, added 138
Progress: resolved 221, reused 221, downloaded 0, added 148
Progress: resolved 221, reused 221, downloaded 0, added 162
Progress: resolved 221, reused 221, downloaded 0, added 171
Progress: resolved 221, reused 221, downloaded 0, added 173
Progress: resolved 221, reused 221, downloaded 0, added 178
Progress: resolved 221, reused 221, downloaded 0, added 196
Progress: resolved 221, reused 221, downloaded 0, added 199
Progress: resolved 221, reused 221, downloaded 0, added 212
Progress: resolved 221, reused 221, downloaded 0, added 214
Progress: resolved 221, reused 221, downloaded 0, added 215
Progress: resolved 221, reused 221, downloaded 0, added 216
Progress: resolved 221, reused 221, downloaded 0, added 217
Progress: resolved 221, reused 221, downloaded 0, added 218
Progress: resolved 221, reused 221, downloaded 0, added 219
Progress: resolved 221, reused 221, downloaded 0, added 220
Progress: resolved 221, reused 221, downloaded 0, added 221
Progress: resolved 221, reused 221, downloaded 0, added 221, done

dependencies:
+ react 19.2.4
+ react-dom 19.2.4

devDependencies:
+ @testing-library/jest-dom 6.9.1
+ @testing-library/react 16.3.2
+ @testing-library/user-event 14.6.1
+ @types/node 22.19.0
+ @vitejs/plugin-react 5.1.0
+ @vitest/coverage-v8 3.2.4
+ @vitest/ui 3.2.4
+ jsdom 26.1.0
+ typescript 5.8.3
+ vite 6.4.1
+ vitest 3.2.4

╭ Warning ─────────────────────────────────────────────────────────────────────╮
│                                                                              │
│   Ignored build scripts: esbuild@0.25.12.                                    │
│   Run "pnpm approve-builds" to pick which dependencies should be allowed     │
│   to run scripts.                                                            │
│                                                                              │
╰──────────────────────────────────────────────────────────────────────────────╯
Done in 1m 3.6s using pnpm v10.32.1
