[26] Installing: ai-studio-directives
Lockfile is up to date, resolution step is skipped
Progress: resolved 1, reused 0, downloaded 0, added 0
Packages: +295
++++++++++++++++++++++++++++++++++++++++++++++++++++++++++++++++++++++++++++++++
Progress: resolved 295, reused 0, downloaded 0, added 0
Progress: resolved 295, reused 5, downloaded 0, added 0
Progress: resolved 295, reused 6, downloaded 0, added 0
Progress: resolved 295, reused 135, downloaded 0, added 0
Progress: resolved 295, reused 238, downloaded 0, added 0
Progress: resolved 295, reused 293, downloaded 0, added 0
Progress: resolved 295, reused 294, downloaded 0, added 0
Progress: resolved 295, reused 295, downloaded 0, added 16
Progress: resolved 295, reused 295, downloaded 0, added 26
Progress: resolved 295, reused 295, downloaded 0, added 31
Progress: resolved 295, reused 295, downloaded 0, added 33
Progress: resolved 295, reused 295, downloaded 0, added 46
Progress: resolved 295, reused 295, downloaded 0, added 47
Progress: resolved 295, reused 295, downloaded 0, added 57
Progress: resolved 295, reused 295, downloaded 0, added 67
Progress: resolved 295, reused 295, downloaded 0, added 71
Progress: resolved 295, reused 295, downloaded 0, added 77
Progress: resolved 295, reused 295, downloaded 0, added 85
Progress: resolved 295, reused 295, downloaded 0, added 93
Progress: resolved 295, reused 295, downloaded 0, added 99
Progress: resolved 295, reused 295, downloaded 0, added 111
Progress: resolved 295, reused 295, downloaded 0, added 118
Progress: resolved 295, reused 295, downloaded 0, added 133
Progress: resolved 295, reused 295, downloaded 0, added 147
Progress: resolved 295, reused 295, downloaded 0, added 151
Progress: resolved 295, reused 295, downloaded 0, added 157
Progress: resolved 295, reused 295, downloaded 0, added 172
Progress: resolved 295, reused 295, downloaded 0, added 177
Progress: resolved 295, reused 295, downloaded 0, added 186
Progress: resolved 295, reused 295, downloaded 0, added 187
Progress: resolved 295, reused 295, downloaded 0, added 204
Progress: resolved 295, reused 295, downloaded 0, added 212
Progress: resolved 295, reused 295, downloaded 0, added 220
Progress: resolved 295, reused 295, downloaded 0, added 225
Progress: resolved 295, reused 295, downloaded 0, added 229
Progress: resolved 295, reused 295, downloaded 0, added 230
Progress: resolved 295, reused 295, downloaded 0, added 231
Progress: resolved 295, reused 295, downloaded 0, added 239
Progress: resolved 295, reused 295, downloaded 0, added 243
Progress: resolved 295, reused 295, downloaded 0, added 255
Progress: resolved 295, reused 295, downloaded 0, added 260
Progress: resolved 295, reused 295, downloaded 0, added 261
Progress: resolved 295, reused 295, downloaded 0, added 263
Progress: resolved 295, reused 295, downloaded 0, added 267
Progress: resolved 295, reused 295, downloaded 0, added 272
Progress: resolved 295, reused 295, downloaded 0, added 274
Progress: resolved 295, reused 295, downloaded 0, added 279
Progress: resolved 295, reused 295, downloaded 0, added 284
Progress: resolved 295, reused 295, downloaded 0, added 290
Progress: resolved 295, reused 295, downloaded 0, added 291
Progress: resolved 295, reused 295, downloaded 0, added 292
Progress: resolved 295, reused 295, downloaded 0, added 293
Progress: resolved 295, reused 295, downloaded 0, added 294
Progress: resolved 295, reused 295, downloaded 0, added 295, done

dependencies:
+ @tailwindcss/vite 4.2.1
+ react 19.2.4
+ react-dom 19.2.4
+ tailwindcss 4.2.1

devDependencies:
+ @testing-library/jest-dom 6.9.1
+ @testing-library/react 16.3.2
+ @testing-library/user-event 14.6.1
+ @types/react 19.2.14
+ @types/react-dom 19.2.3
+ @vitejs/plugin-react 5.1.4
+ @vitest/coverage-v8 3.2.4
+ @vitest/ui 3.2.4
+ jsdom 26.1.0
+ serve 14.2.5
+ typescript 5.9.3
+ vite 7.3.1
+ vitest 3.2.4

Done in 1m 6.6s using pnpm v10.30.1
