[22] Installing: ai-scene-visualizer
Lockfile is up to date, resolution step is skipped
Progress: resolved 1, reused 0, downloaded 0, added 0
Packages: +256
++++++++++++++++++++++++++++++++++++++++++++++++++++++++++++++++++++++++++++++++
Progress: resolved 256, reused 26, downloaded 0, added 0
Progress: resolved 256, reused 84, downloaded 0, added 0
Progress: resolved 256, reused 135, downloaded 0, added 0
Progress: resolved 256, reused 251, downloaded 0, added 0
Progress: resolved 256, reused 255, downloaded 0, added 17
Progress: resolved 256, reused 256, downloaded 0, added 32
Progress: resolved 256, reused 256, downloaded 0, added 50
Progress: resolved 256, reused 256, downloaded 0, added 65
Progress: resolved 256, reused 256, downloaded 0, added 75
Progress: resolved 256, reused 256, downloaded 0, added 81
Progress: resolved 256, reused 256, downloaded 0, added 87
Progress: resolved 256, reused 256, downloaded 0, added 95
Progress: resolved 256, reused 256, downloaded 0, added 98
Progress: resolved 256, reused 256, downloaded 0, added 119
Progress: resolved 256, reused 256, downloaded 0, added 140
Progress: resolved 256, reused 256, downloaded 0, added 144
Progress: resolved 256, reused 256, downloaded 0, added 158
Progress: resolved 256, reused 256, downloaded 0, added 177
Progress: resolved 256, reused 256, downloaded 0, added 189
Progress: resolved 256, reused 256, downloaded 0, added 196
Progress: resolved 256, reused 256, downloaded 0, added 204
Progress: resolved 256, reused 256, downloaded 0, added 208
Progress: resolved 256, reused 256, downloaded 0, added 215
Progress: resolved 256, reused 256, downloaded 0, added 237
Progress: resolved 256, reused 256, downloaded 0, added 245
Progress: resolved 256, reused 256, downloaded 0, added 253
Progress: resolved 256, reused 256, downloaded 0, added 254
Progress: resolved 256, reused 256, downloaded 0, added 255
Progress: resolved 256, reused 256, downloaded 0, added 256, done

dependencies:
+ @google/genai 1.46.0
+ react 19.2.4
+ react-dom 19.2.4

devDependencies:
+ @testing-library/jest-dom 6.9.1
+ @testing-library/react 16.3.2
+ @testing-library/user-event 14.6.1
+ @types/node 22.19.15
+ @vitejs/plugin-react 5.2.0
+ @vitest/coverage-v8 3.2.4
+ @vitest/ui 3.2.4
+ jsdom 26.1.0
+ typescript 5.8.3
+ vite 6.4.1
+ vitest 3.2.4

╭ Warning ─────────────────────────────────────────────────────────────────────╮
│                                                                              │
│   Ignored build scripts: esbuild@0.25.12, protobufjs@7.5.4.                  │
│   Run "pnpm approve-builds" to pick which dependencies should be allowed     │
│   to run scripts.                                                            │
│                                                                              │
╰──────────────────────────────────────────────────────────────────────────────╯
Done in 37.3s using pnpm v10.32.1
