[24] Installing: ai-stand-up-workshop-prep-dashboard
Lockfile is up to date, resolution step is skipped
Progress: resolved 1, reused 0, downloaded 0, added 0
Packages: +223
++++++++++++++++++++++++++++++++++++++++++++++++++++++++++++++++++++++++++++++++
Progress: resolved 223, reused 12, downloaded 0, added 0
Progress: resolved 223, reused 49, downloaded 0, added 0
Progress: resolved 223, reused 102, downloaded 0, added 0
Progress: resolved 223, reused 220, downloaded 0, added 0
Progress: resolved 223, reused 222, downloaded 0, added 10
Progress: resolved 223, reused 223, downloaded 0, added 17
Progress: resolved 223, reused 223, downloaded 0, added 28
Progress: resolved 223, reused 223, downloaded 0, added 34
Progress: resolved 223, reused 223, downloaded 0, added 37
Progress: resolved 223, reused 223, downloaded 0, added 44
Progress: resolved 223, reused 223, downloaded 0, added 53
Progress: resolved 223, reused 223, downloaded 0, added 61
Progress: resolved 223, reused 223, downloaded 0, added 71
Progress: resolved 223, reused 223, downloaded 0, added 82
Progress: resolved 223, reused 223, downloaded 0, added 101
Progress: resolved 223, reused 223, downloaded 0, added 107
Progress: resolved 223, reused 223, downloaded 0, added 122
Progress: resolved 223, reused 223, downloaded 0, added 139
Progress: resolved 223, reused 223, downloaded 0, added 151
Progress: resolved 223, reused 223, downloaded 0, added 158
Progress: resolved 223, reused 223, downloaded 0, added 161
Progress: resolved 223, reused 223, downloaded 0, added 165
Progress: resolved 223, reused 223, downloaded 0, added 175
Progress: resolved 223, reused 223, downloaded 0, added 198
Progress: resolved 223, reused 223, downloaded 0, added 210
Progress: resolved 223, reused 223, downloaded 0, added 219
Progress: resolved 223, reused 223, downloaded 0, added 221
Progress: resolved 223, reused 223, downloaded 0, added 222
Progress: resolved 223, reused 223, downloaded 0, added 223, done

dependencies:
+ chart.js 4.5.1
+ react 19.2.4
+ react-dom 19.2.4

devDependencies:
+ @testing-library/jest-dom 6.9.1
+ @testing-library/react 16.3.2
+ @testing-library/user-event 14.6.1
+ @types/node 22.19.15
+ @vitejs/plugin-react 5.2.0
+ @vitest/coverage-v8 3.2.4
+ @vitest/ui 3.2.4
+ jsdom 26.1.0
+ typescript 5.8.3
+ vite 6.4.1
+ vitest 3.2.4

╭ Warning ─────────────────────────────────────────────────────────────────────╮
│                                                                              │
│   Ignored build scripts: esbuild@0.25.12.                                    │
│   Run "pnpm approve-builds" to pick which dependencies should be allowed     │
│   to run scripts.                                                            │
│                                                                              │
╰──────────────────────────────────────────────────────────────────────────────╯
Done in 37.2s using pnpm v10.32.1
