[25] Installing: ai-strategy-recommender
Lockfile is up to date, resolution step is skipped
Progress: resolved 1, reused 0, downloaded 0, added 0
Packages: +454
++++++++++++++++++++++++++++++++++++++++++++++++++++++++++++++++++++++++++++++++
Progress: resolved 454, reused 0, downloaded 0, added 0
Progress: resolved 454, reused 74, downloaded 0, added 0
Progress: resolved 454, reused 140, downloaded 0, added 0
Progress: resolved 454, reused 235, downloaded 0, added 0
Progress: resolved 454, reused 268, downloaded 0, added 0
Progress: resolved 454, reused 282, downloaded 0, added 0
Progress: resolved 454, reused 330, downloaded 0, added 0
Progress: resolved 454, reused 344, downloaded 0, added 0
Progress: resolved 454, reused 429, downloaded 0, added 0
Progress: resolved 454, reused 452, downloaded 0, added 2
Progress: resolved 454, reused 452, downloaded 0, added 8
Progress: resolved 454, reused 452, downloaded 0, added 10
Progress: resolved 454, reused 452, downloaded 0, added 15
Progress: resolved 454, reused 452, downloaded 0, added 16
Progress: resolved 454, reused 452, downloaded 0, added 17
Progress: resolved 454, reused 452, downloaded 0, added 18
Progress: resolved 454, reused 452, downloaded 0, added 19
Progress: resolved 454, reused 452, downloaded 0, added 20
Progress: resolved 454, reused 453, downloaded 0, added 24
Progress: resolved 454, reused 453, downloaded 0, added 29
Progress: resolved 454, reused 453, downloaded 0, added 40
Progress: resolved 454, reused 453, downloaded 0, added 46
Progress: resolved 454, reused 453, downloaded 0, added 48
Progress: resolved 454, reused 453, downloaded 0, added 51
Progress: resolved 454, reused 453, downloaded 0, added 56
Progress: resolved 454, reused 453, downloaded 0, added 67
Progress: resolved 454, reused 453, downloaded 0, added 73
Progress: resolved 454, reused 453, downloaded 0, added 76
Progress: resolved 454, reused 453, downloaded 0, added 78
Progress: resolved 454, reused 453, downloaded 0, added 79
Progress: resolved 454, reused 453, downloaded 0, added 82
Progress: resolved 454, reused 453, downloaded 0, added 85
Progress: resolved 454, reused 453, downloaded 0, added 88
Progress: resolved 454, reused 453, downloaded 0, added 92
Progress: resolved 454, reused 453, downloaded 0, added 94
Progress: resolved 454, reused 453, downloaded 0, added 98
Progress: resolved 454, reused 453, downloaded 0, added 101
Progress: resolved 454, reused 453, downloaded 0, added 106
Progress: resolved 454, reused 453, downloaded 0, added 108
Progress: resolved 454, reused 453, downloaded 0, added 112
Progress: resolved 454, reused 453, downloaded 0, added 117
Progress: resolved 454, reused 453, downloaded 0, added 120
Progress: resolved 454, reused 453, downloaded 0, added 121
Progress: resolved 454, reused 453, downloaded 0, added 125
Progress: resolved 454, reused 453, downloaded 0, added 128
Progress: resolved 454, reused 453, downloaded 0, added 132
Progress: resolved 454, reused 453, downloaded 0, added 136
Progress: resolved 454, reused 453, downloaded 0, added 138
Progress: resolved 454, reused 453, downloaded 0, added 139
Progress: resolved 454, reused 453, downloaded 0, added 143
Progress: resolved 454, reused 453, downloaded 0, added 148
Progress: resolved 454, reused 453, downloaded 0, added 151
Progress: resolved 454, reused 453, downloaded 0, added 153
Progress: resolved 454, reused 453, downloaded 0, added 158
Progress: resolved 454, reused 453, downloaded 0, added 161
Progress: resolved 454, reused 453, downloaded 0, added 166
Progress: resolved 454, reused 453, downloaded 0, added 168
Progress: resolved 454, reused 453, downloaded 0, added 169
Progress: resolved 454, reused 453, downloaded 0, added 172
Progress: resolved 454, reused 453, downloaded 0, added 177
Progress: resolved 454, reused 453, downloaded 0, added 182
Progress: resolved 454, reused 453, downloaded 0, added 188
Progress: resolved 454, reused 453, downloaded 0, added 194
Progress: resolved 454, reused 453, downloaded 0, added 197
Progress: resolved 454, reused 453, downloaded 0, added 198
Progress: resolved 454, reused 453, downloaded 0, added 201
Progress: resolved 454, reused 453, downloaded 0, added 204
Progress: resolved 454, reused 453, downloaded 0, added 207
Progress: resolved 454, reused 454, downloaded 0, added 211
Progress: resolved 454, reused 454, downloaded 0, added 216
Progress: resolved 454, reused 454, downloaded 0, added 225
Progress: resolved 454, reused 454, downloaded 0, added 231
Progress: resolved 454, reused 454, downloaded 0, added 233
Progress: resolved 454, reused 454, downloaded 0, added 237
Progress: resolved 454, reused 454, downloaded 0, added 251
Progress: resolved 454, reused 454, downloaded 0, added 266
Progress: resolved 454, reused 454, downloaded 0, added 267
Progress: resolved 454, reused 454, downloaded 0, added 270
Progress: resolved 454, reused 454, downloaded 0, added 271
Progress: resolved 454, reused 454, downloaded 0, added 274
Progress: resolved 454, reused 454, downloaded 0, added 275
Progress: resolved 454, reused 454, downloaded 0, added 277
Progress: resolved 454, reused 454, downloaded 0, added 278
Progress: resolved 454, reused 454, downloaded 0, added 279
Progress: resolved 454, reused 454, downloaded 0, added 280
Progress: resolved 454, reused 454, downloaded 0, added 281
Progress: resolved 454, reused 454, downloaded 0, added 282
Progress: resolved 454, reused 454, downloaded 0, added 283
Progress: resolved 454, reused 454, downloaded 0, added 284
Progress: resolved 454, reused 454, downloaded 0, added 285
Progress: resolved 454, reused 454, downloaded 0, added 287
Progress: resolved 454, reused 454, downloaded 0, added 288
Progress: resolved 454, reused 454, downloaded 0, added 290
Progress: resolved 454, reused 454, downloaded 0, added 292
Progress: resolved 454, reused 454, downloaded 0, added 301
Progress: resolved 454, reused 454, downloaded 0, added 307
Progress: resolved 454, reused 454, downloaded 0, added 309
Progress: resolved 454, reused 454, downloaded 0, added 312
Progress: resolved 454, reused 454, downloaded 0, added 313
Progress: resolved 454, reused 454, downloaded 0, added 316
Progress: resolved 454, reused 454, downloaded 0, added 321
Progress: resolved 454, reused 454, downloaded 0, added 323
Progress: resolved 454, reused 454, downloaded 0, added 324
Progress: resolved 454, reused 454, downloaded 0, added 326
Progress: resolved 454, reused 454, downloaded 0, added 329
Progress: resolved 454, reused 454, downloaded 0, added 330
Progress: resolved 454, reused 454, downloaded 0, added 331
Progress: resolved 454, reused 454, downloaded 0, added 332
Progress: resolved 454, reused 454, downloaded 0, added 334
Progress: resolved 454, reused 454, downloaded 0, added 337
Progress: resolved 454, reused 454, downloaded 0, added 341
Progress: resolved 454, reused 454, downloaded 0, added 351
Progress: resolved 454, reused 454, downloaded 0, added 352
Progress: resolved 454, reused 454, downloaded 0, added 355
Progress: resolved 454, reused 454, downloaded 0, added 356
Progress: resolved 454, reused 454, downloaded 0, added 358
Progress: resolved 454, reused 454, downloaded 0, added 360
Progress: resolved 454, reused 454, downloaded 0, added 364
Progress: resolved 454, reused 454, downloaded 0, added 365
Progress: resolved 454, reused 454, downloaded 0, added 368
Progress: resolved 454, reused 454, downloaded 0, added 371
Progress: resolved 454, reused 454, downloaded 0, added 374
Progress: resolved 454, reused 454, downloaded 0, added 375
Progress: resolved 454, reused 454, downloaded 0, added 380
Progress: resolved 454, reused 454, downloaded 0, added 384
Progress: resolved 454, reused 454, downloaded 0, added 385
Progress: resolved 454, reused 454, downloaded 0, added 386
Progress: resolved 454, reused 454, downloaded 0, added 387
Progress: resolved 454, reused 454, downloaded 0, added 390
Progress: resolved 454, reused 454, downloaded 0, added 392
Progress: resolved 454, reused 454, downloaded 0, added 397
Progress: resolved 454, reused 454, downloaded 0, added 401
Progress: resolved 454, reused 454, downloaded 0, added 403
Progress: resolved 454, reused 454, downloaded 0, added 408
Progress: resolved 454, reused 454, downloaded 0, added 411
Progress: resolved 454, reused 454, downloaded 0, added 414
Progress: resolved 454, reused 454, downloaded 0, added 417
Progress: resolved 454, reused 454, downloaded 0, added 419
Progress: resolved 454, reused 454, downloaded 0, added 421
Progress: resolved 454, reused 454, downloaded 0, added 422
Progress: resolved 454, reused 454, downloaded 0, added 427
Progress: resolved 454, reused 454, downloaded 0, added 433
Progress: resolved 454, reused 454, downloaded 0, added 437
Progress: resolved 454, reused 454, downloaded 0, added 439
Progress: resolved 454, reused 454, downloaded 0, added 440
Progress: resolved 454, reused 454, downloaded 0, added 442
Progress: resolved 454, reused 454, downloaded 0, added 443
Progress: resolved 454, reused 454, downloaded 0, added 447
Progress: resolved 454, reused 454, downloaded 0, added 448
Progress: resolved 454, reused 454, downloaded 0, added 449
Progress: resolved 454, reused 454, downloaded 0, added 450
Progress: resolved 454, reused 454, downloaded 0, added 451
Progress: resolved 454, reused 454, downloaded 0, added 452
Progress: resolved 454, reused 454, downloaded 0, added 453
Progress: resolved 454, reused 454, downloaded 0, added 454
Progress: resolved 454, reused 454, downloaded 0, added 454, done

dependencies:
+ @google/genai 1.43.0
+ @tailwindcss/vite 4.2.1
+ @vitejs/plugin-react 5.1.4
+ axios 1.13.6
+ better-sqlite3 12.6.2
+ clsx 2.1.1
+ date-fns 4.1.0
+ dotenv 17.3.1
+ express 4.22.1
+ framer-motion 12.34.3
+ lucide-react 0.546.0
+ motion 12.34.3
+ react 19.2.4
+ react-dom 19.2.4
+ react-router-dom 7.13.1
+ recharts 3.7.0
+ tailwind-merge 3.5.0
+ vite 6.4.1
+ zustand 5.0.11

devDependencies:
+ @testing-library/jest-dom 6.9.1
+ @testing-library/react 16.3.2
+ @testing-library/user-event 14.6.1
+ @types/express 4.17.25
+ @types/node 22.19.13
+ @types/react-router-dom 5.3.3
+ @vitest/coverage-v8 3.2.4
+ @vitest/ui 3.2.4
+ autoprefixer 10.4.27
+ jsdom 26.1.0
+ tailwindcss 4.2.1
+ tsx 4.21.0
+ typescript 5.8.3
+ vitest 3.2.4

╭ Warning ─────────────────────────────────────────────────────────────────────╮
│                                                                              │
│   Ignored build scripts: better-sqlite3@12.6.2, esbuild@0.25.12,             │
│   esbuild@0.27.3, protobufjs@7.5.4.                                          │
│   Run "pnpm approve-builds" to pick which dependencies should be allowed     │
│   to run scripts.                                                            │
│                                                                              │
╰──────────────────────────────────────────────────────────────────────────────╯
Done in 6m 12s using pnpm v10.32.1
