[28] Installing: ai-techbridge
Lockfile is up to date, resolution step is skipped
Progress: resolved 1, reused 0, downloaded 0, added 0
Packages: +329
++++++++++++++++++++++++++++++++++++++++++++++++++++++++++++++++++++++++++++++++
Progress: resolved 329, reused 0, downloaded 0, added 0
Progress: resolved 329, reused 1, downloaded 0, added 0
Progress: resolved 329, reused 116, downloaded 0, added 0
Progress: resolved 329, reused 272, downloaded 0, added 0
Progress: resolved 329, reused 326, downloaded 0, added 2
Progress: resolved 329, reused 327, downloaded 0, added 10
Progress: resolved 329, reused 328, downloaded 0, added 27
Progress: resolved 329, reused 328, downloaded 0, added 44
Progress: resolved 329, reused 328, downloaded 0, added 45
Progress: resolved 329, reused 328, downloaded 0, added 60
Progress: resolved 329, reused 328, downloaded 0, added 61
Progress: resolved 329, reused 328, downloaded 0, added 72
Progress: resolved 329, reused 328, downloaded 0, added 89
Progress: resolved 329, reused 328, downloaded 0, added 91
Progress: resolved 329, reused 328, downloaded 0, added 94
Progress: resolved 329, reused 328, downloaded 0, added 104
Progress: resolved 329, reused 328, downloaded 0, added 111
Progress: resolved 329, reused 328, downloaded 0, added 115
Progress: resolved 329, reused 329, downloaded 0, added 122
Progress: resolved 329, reused 329, downloaded 0, added 133
Progress: resolved 329, reused 329, downloaded 0, added 152
Progress: resolved 329, reused 329, downloaded 0, added 160
Progress: resolved 329, reused 329, downloaded 0, added 178
Progress: resolved 329, reused 329, downloaded 0, added 186
Progress: resolved 329, reused 329, downloaded 0, added 203
Progress: resolved 329, reused 329, downloaded 0, added 209
Progress: resolved 329, reused 329, downloaded 0, added 215
Progress: resolved 329, reused 329, downloaded 0, added 218
Progress: resolved 329, reused 329, downloaded 0, added 236
Progress: resolved 329, reused 329, downloaded 0, added 240
Progress: resolved 329, reused 329, downloaded 0, added 254
Progress: resolved 329, reused 329, downloaded 0, added 259
Progress: resolved 329, reused 329, downloaded 0, added 262
Progress: resolved 329, reused 329, downloaded 0, added 265
Progress: resolved 329, reused 329, downloaded 0, added 266
Progress: resolved 329, reused 329, downloaded 0, added 276
Progress: resolved 329, reused 329, downloaded 0, added 280
Progress: resolved 329, reused 329, downloaded 0, added 288
Progress: resolved 329, reused 329, downloaded 0, added 294
Progress: resolved 329, reused 329, downloaded 0, added 295
Progress: resolved 329, reused 329, downloaded 0, added 297
Progress: resolved 329, reused 329, downloaded 0, added 300
Progress: resolved 329, reused 329, downloaded 0, added 305
Progress: resolved 329, reused 329, downloaded 0, added 307
Progress: resolved 329, reused 329, downloaded 0, added 311
Progress: resolved 329, reused 329, downloaded 0, added 318
Progress: resolved 329, reused 329, downloaded 0, added 324
Progress: resolved 329, reused 329, downloaded 0, added 325
Progress: resolved 329, reused 329, downloaded 0, added 326
Progress: resolved 329, reused 329, downloaded 0, added 327
Progress: resolved 329, reused 329, downloaded 0, added 328
Progress: resolved 329, reused 329, downloaded 0, added 329
Progress: resolved 329, reused 329, downloaded 0, added 329, done
.../esbuild@0.27.4/node_modules/esbuild postinstall$ node install.js
.../esbuild@0.27.4/node_modules/esbuild postinstall: Done

dependencies:
+ @google/genai 1.45.0
+ lucide-react 0.563.0
+ react 19.2.4
+ react-dom 19.2.4

devDependencies:
+ @tailwindcss/vite 4.2.1
+ @testing-library/jest-dom 6.9.1
+ @testing-library/react 16.3.2
+ @testing-library/user-event 14.6.1
+ @types/node 25.5.0
+ @vitejs/plugin-react 5.2.0
+ @vitest/coverage-v8 3.2.4
+ @vitest/ui 3.2.4
+ jsdom 26.1.0
+ serve 14.2.5
+ tailwindcss 4.2.1
+ typescript 5.9.3
+ vite 7.3.1
+ vitest 3.2.4

Done in 1m 57.1s using pnpm v10.30.1
