[30] Installing: ajumapro-sms
Lockfile is up to date, resolution step is skipped
Progress: resolved 1, reused 0, downloaded 0, added 0
Packages: +216
++++++++++++++++++++++++++++++++++++++++++++++++++++++++++++++++++++++++++++++++
Progress: resolved 216, reused 10, downloaded 0, added 0
Progress: resolved 216, reused 25, downloaded 0, added 0
Progress: resolved 216, reused 39, downloaded 0, added 0
Progress: resolved 216, reused 65, downloaded 0, added 0
Progress: resolved 216, reused 117, downloaded 0, added 0
Progress: resolved 216, reused 131, downloaded 0, added 0
Progress: resolved 216, reused 172, downloaded 0, added 0
Progress: resolved 216, reused 207, downloaded 0, added 0
Progress: resolved 216, reused 211, downloaded 0, added 6
Progress: resolved 216, reused 215, downloaded 1, added 32
Progress: resolved 216, reused 215, downloaded 1, added 42
Progress: resolved 216, reused 215, downloaded 1, added 63
Progress: resolved 216, reused 215, downloaded 1, added 86
Progress: resolved 216, reused 215, downloaded 1, added 111
Progress: resolved 216, reused 215, downloaded 1, added 126
Progress: resolved 216, reused 215, downloaded 1, added 136
Progress: resolved 216, reused 215, downloaded 1, added 149
Progress: resolved 216, reused 215, downloaded 1, added 189
Progress: resolved 216, reused 215, downloaded 1, added 207
Progress: resolved 216, reused 215, downloaded 1, added 211
Progress: resolved 216, reused 215, downloaded 1, added 213
Progress: resolved 216, reused 215, downloaded 1, added 214
Progress: resolved 216, reused 215, downloaded 1, added 215
Progress: resolved 216, reused 215, downloaded 1, added 216
Progress: resolved 216, reused 215, downloaded 1, added 216, done

dependencies:
+ @google/genai 1.46.0
+ @tailwindcss/vite 4.2.2
+ @vitejs/plugin-react 5.2.0
+ dotenv 17.3.1
+ express 4.22.1
+ html2canvas 1.4.1
+ lucide-react 0.546.0
+ motion 12.38.0
+ react 19.2.4
+ react-dom 19.2.4
+ vite 6.4.1

devDependencies:
+ @types/express 4.17.25
+ @types/node 22.19.15
+ autoprefixer 10.4.27
+ tailwindcss 4.2.2
+ tsx 4.21.0
+ typescript 5.8.3

╭ Warning ─────────────────────────────────────────────────────────────────────╮
│                                                                              │
│   Ignored build scripts: esbuild@0.25.12, esbuild@0.27.4,                    │
│   protobufjs@7.5.4.                                                          │
│   Run "pnpm approve-builds" to pick which dependencies should be allowed     │
│   to run scripts.                                                            │
│                                                                              │
╰──────────────────────────────────────────────────────────────────────────────╯
Done in 1m 5.1s using pnpm v10.32.1
