[32] Installing: analytics-refactor
Lockfile is up to date, resolution step is skipped
Progress: resolved 1, reused 0, downloaded 0, added 0
Packages: +798
++++++++++++++++++++++++++++++++++++++++++++++++++++++++++++++++++++++++++++++++
Progress: resolved 798, reused 0, downloaded 0, added 0
Progress: resolved 798, reused 21, downloaded 0, added 0
Progress: resolved 798, reused 30, downloaded 0, added 0
Progress: resolved 798, reused 39, downloaded 0, added 0
Progress: resolved 798, reused 52, downloaded 0, added 0
Progress: resolved 798, reused 55, downloaded 0, added 0
Progress: resolved 798, reused 56, downloaded 0, added 0
Progress: resolved 798, reused 61, downloaded 0, added 0
Progress: resolved 798, reused 100, downloaded 0, added 0
Progress: resolved 798, reused 170, downloaded 0, added 0
Progress: resolved 798, reused 200, downloaded 0, added 0
Progress: resolved 798, reused 226, downloaded 0, added 0
Progress: resolved 798, reused 302, downloaded 0, added 0
Progress: resolved 798, reused 316, downloaded 0, added 0
Progress: resolved 798, reused 339, downloaded 0, added 0
Progress: resolved 798, reused 381, downloaded 0, added 0
Progress: resolved 798, reused 396, downloaded 0, added 0
Progress: resolved 798, reused 405, downloaded 0, added 0
Progress: resolved 798, reused 415, downloaded 0, added 0
Progress: resolved 798, reused 451, downloaded 0, added 0
Progress: resolved 798, reused 484, downloaded 0, added 0
Progress: resolved 798, reused 510, downloaded 0, added 0
Progress: resolved 798, reused 542, downloaded 0, added 0
Progress: resolved 798, reused 593, downloaded 0, added 0
Progress: resolved 798, reused 641, downloaded 0, added 0
Progress: resolved 798, reused 686, downloaded 0, added 0
Progress: resolved 798, reused 699, downloaded 0, added 0
Progress: resolved 798, reused 741, downloaded 0, added 0
Progress: resolved 798, reused 781, downloaded 0, added 0
Progress: resolved 798, reused 796, downloaded 0, added 2
Progress: resolved 798, reused 796, downloaded 0, added 11
Progress: resolved 798, reused 797, downloaded 0, added 24
Progress: resolved 798, reused 797, downloaded 0, added 30
Progress: resolved 798, reused 797, downloaded 0, added 35
Progress: resolved 798, reused 797, downloaded 0, added 52
Progress: resolved 798, reused 797, downloaded 0, added 56
Progress: resolved 798, reused 797, downloaded 0, added 61
Progress: resolved 798, reused 797, downloaded 0, added 69
Progress: resolved 798, reused 797, downloaded 0, added 78
Progress: resolved 798, reused 797, downloaded 0, added 82
Progress: resolved 798, reused 797, downloaded 0, added 87
Progress: resolved 798, reused 797, downloaded 0, added 92
Progress: resolved 798, reused 797, downloaded 0, added 105
Progress: resolved 798, reused 797, downloaded 0, added 113
Progress: resolved 798, reused 797, downloaded 0, added 117
Progress: resolved 798, reused 797, downloaded 0, added 118
Progress: resolved 798, reused 797, downloaded 0, added 122
Progress: resolved 798, reused 797, downloaded 0, added 127
Progress: resolved 798, reused 797, downloaded 0, added 132
Progress: resolved 798, reused 797, downloaded 0, added 134
Progress: resolved 798, reused 797, downloaded 0, added 144
Progress: resolved 798, reused 797, downloaded 0, added 150
Progress: resolved 798, reused 797, downloaded 0, added 157
Progress: resolved 798, reused 797, downloaded 0, added 160
Progress: resolved 798, reused 797, downloaded 0, added 165
Progress: resolved 798, reused 797, downloaded 0, added 169
Progress: resolved 798, reused 797, downloaded 0, added 172
Progress: resolved 798, reused 797, downloaded 0, added 173
Progress: resolved 798, reused 797, downloaded 0, added 177
Progress: resolved 798, reused 797, downloaded 0, added 185
Progress: resolved 798, reused 797, downloaded 0, added 188
Progress: resolved 798, reused 797, downloaded 0, added 196
Progress: resolved 798, reused 797, downloaded 0, added 201
Progress: resolved 798, reused 797, downloaded 0, added 206
Progress: resolved 798, reused 797, downloaded 0, added 209
Progress: resolved 798, reused 797, downloaded 0, added 217
Progress: resolved 798, reused 797, downloaded 0, added 228
Progress: resolved 798, reused 797, downloaded 0, added 229
Progress: resolved 798, reused 797, downloaded 0, added 232
Progress: resolved 798, reused 797, downloaded 0, added 233
Progress: resolved 798, reused 797, downloaded 0, added 239
Progress: resolved 798, reused 797, downloaded 0, added 241
Progress: resolved 798, reused 797, downloaded 0, added 242
Progress: resolved 798, reused 797, downloaded 0, added 245
Progress: resolved 798, reused 797, downloaded 0, added 250
Progress: resolved 798, reused 797, downloaded 0, added 256
Progress: resolved 798, reused 797, downloaded 0, added 261
Progress: resolved 798, reused 797, downloaded 0, added 265
Progress: resolved 798, reused 797, downloaded 0, added 266
Progress: resolved 798, reused 797, downloaded 0, added 269
Progress: resolved 798, reused 797, downloaded 0, added 275
Progress: resolved 798, reused 797, downloaded 0, added 285
Progress: resolved 798, reused 797, downloaded 0, added 289
Progress: resolved 798, reused 797, downloaded 0, added 293
Progress: resolved 798, reused 797, downloaded 0, added 296
Progress: resolved 798, reused 797, downloaded 0, added 297
Progress: resolved 798, reused 797, downloaded 0, added 299
Progress: resolved 798, reused 797, downloaded 0, added 300
Progress: resolved 798, reused 797, downloaded 0, added 302
Progress: resolved 798, reused 797, downloaded 0, added 303
Progress: resolved 798, reused 797, downloaded 0, added 307
Progress: resolved 798, reused 797, downloaded 0, added 310
Progress: resolved 798, reused 797, downloaded 0, added 311
Progress: resolved 798, reused 797, downloaded 0, added 314
Progress: resolved 798, reused 797, downloaded 0, added 316
Progress: resolved 798, reused 797, downloaded 0, added 317
Progress: resolved 798, reused 797, downloaded 0, added 318
Progress: resolved 798, reused 797, downloaded 0, added 319
Progress: resolved 798, reused 797, downloaded 0, added 323
Progress: resolved 798, reused 797, downloaded 0, added 325
Progress: resolved 798, reused 797, downloaded 0, added 329
Progress: resolved 798, reused 797, downloaded 0, added 332
Progress: resolved 798, reused 797, downloaded 0, added 333
Progress: resolved 798, reused 798, downloaded 0, added 334
Progress: resolved 798, reused 798, downloaded 0, added 335
Progress: resolved 798, reused 798, downloaded 0, added 338
Progress: resolved 798, reused 798, downloaded 0, added 340
Progress: resolved 798, reused 798, downloaded 0, added 345
Progress: resolved 798, reused 798, downloaded 0, added 352
Progress: resolved 798, reused 798, downloaded 0, added 359
Progress: resolved 798, reused 798, downloaded 0, added 366
Progress: resolved 798, reused 798, downloaded 0, added 372
Progress: resolved 798, reused 798, downloaded 0, added 384
Progress: resolved 798, reused 798, downloaded 0, added 400
Progress: resolved 798, reused 798, downloaded 0, added 401
Progress: resolved 798, reused 798, downloaded 0, added 402
Progress: resolved 798, reused 798, downloaded 0, added 411
Progress: resolved 798, reused 798, downloaded 0, added 414
Progress: resolved 798, reused 798, downloaded 0, added 415
Progress: resolved 798, reused 798, downloaded 0, added 416
Progress: resolved 798, reused 798, downloaded 0, added 417
Progress: resolved 798, reused 798, downloaded 0, added 424
Progress: resolved 798, reused 798, downloaded 0, added 431
Progress: resolved 798, reused 798, downloaded 0, added 436
Progress: resolved 798, reused 798, downloaded 0, added 441
Progress: resolved 798, reused 798, downloaded 0, added 453
Progress: resolved 798, reused 798, downloaded 0, added 471
Progress: resolved 798, reused 798, downloaded 0, added 480
Progress: resolved 798, reused 798, downloaded 0, added 494
Progress: resolved 798, reused 798, downloaded 0, added 499
Progress: resolved 798, reused 798, downloaded 0, added 500
Progress: resolved 798, reused 798, downloaded 0, added 502
Progress: resolved 798, reused 798, downloaded 0, added 520
Progress: resolved 798, reused 798, downloaded 0, added 524
Progress: resolved 798, reused 798, downloaded 0, added 539
Progress: resolved 798, reused 798, downloaded 0, added 540
Progress: resolved 798, reused 798, downloaded 0, added 553
Progress: resolved 798, reused 798, downloaded 0, added 558
Progress: resolved 798, reused 798, downloaded 0, added 568
Progress: resolved 798, reused 798, downloaded 0, added 582
Progress: resolved 798, reused 798, downloaded 0, added 599
Progress: resolved 798, reused 798, downloaded 0, added 623
Progress: resolved 798, reused 798, downloaded 0, added 641
Progress: resolved 798, reused 798, downloaded 0, added 650
Progress: resolved 798, reused 798, downloaded 0, added 656
Progress: resolved 798, reused 798, downloaded 0, added 665
Progress: resolved 798, reused 798, downloaded 0, added 682
Progress: resolved 798, reused 798, downloaded 0, added 695
Progress: resolved 798, reused 798, downloaded 0, added 703
Progress: resolved 798, reused 798, downloaded 0, added 708
Progress: resolved 798, reused 798, downloaded 0, added 711
Progress: resolved 798, reused 798, downloaded 0, added 715
Progress: resolved 798, reused 798, downloaded 0, added 719
Progress: resolved 798, reused 798, downloaded 0, added 726
Progress: resolved 798, reused 798, downloaded 0, added 735
Progress: resolved 798, reused 798, downloaded 0, added 740
Progress: resolved 798, reused 798, downloaded 0, added 743
Progress: resolved 798, reused 798, downloaded 0, added 744
Progress: resolved 798, reused 798, downloaded 0, added 746
Progress: resolved 798, reused 798, downloaded 0, added 748
Progress: resolved 798, reused 798, downloaded 0, added 749
Progress: resolved 798, reused 798, downloaded 0, added 752
Progress: resolved 798, reused 798, downloaded 0, added 754
Progress: resolved 798, reused 798, downloaded 0, added 755
Progress: resolved 798, reused 798, downloaded 0, added 759
Progress: resolved 798, reused 798, downloaded 0, added 765
Progress: resolved 798, reused 798, downloaded 0, added 766
Progress: resolved 798, reused 798, downloaded 0, added 767
Progress: resolved 798, reused 798, downloaded 0, added 772
Progress: resolved 798, reused 798, downloaded 0, added 773
Progress: resolved 798, reused 798, downloaded 0, added 775
Progress: resolved 798, reused 798, downloaded 0, added 777
Progress: resolved 798, reused 798, downloaded 0, added 778
Progress: resolved 798, reused 798, downloaded 0, added 779
Progress: resolved 798, reused 798, downloaded 0, added 781
Progress: resolved 798, reused 798, downloaded 0, added 782
Progress: resolved 798, reused 798, downloaded 0, added 785
Progress: resolved 798, reused 798, downloaded 0, added 790
Progress: resolved 798, reused 798, downloaded 0, added 793
Progress: resolved 798, reused 798, downloaded 0, added 794
Progress: resolved 798, reused 798, downloaded 0, added 795
Progress: resolved 798, reused 798, downloaded 0, added 796
Progress: resolved 798, reused 798, downloaded 0, added 797
Progress: resolved 798, reused 798, downloaded 0, added 798
Progress: resolved 798, reused 798, downloaded 0, added 798, done

dependencies:
+ @heroicons/react 2.2.0
+ jspdf 4.1.0
+ jspdf-autotable 5.0.7
+ react 19.2.4
+ react-dom 19.2.4
+ recharts 3.7.0
+ serve 14.2.5
+ xlsx 0.18.5

optionalDependencies:
+ date-fns 4.1.0
+ html2canvas 1.4.1
+ puppeteer 24.37.3
+ react-datepicker 9.1.0

devDependencies:
+ @testing-library/jest-dom 6.9.1
+ @testing-library/react 16.3.2
+ @testing-library/user-event 14.6.1
+ @types/react 19.2.14
+ @types/react-dom 19.2.3
+ @vitejs/plugin-react 5.1.4
+ @vitest/ui 3.2.4
+ autoprefixer 10.4.24
+ eslint 10.0.0
+ eslint-config-react-app 7.0.1
+ happy-dom 17.6.3
+ postcss 8.5.6
+ prettier 3.8.1
+ tailwindcss 4.1.18
+ typescript 5.9.3
+ vite 7.3.1
+ vitest 3.2.4

╭ Warning ─────────────────────────────────────────────────────────────────────╮
│                                                                              │
│   Ignored build scripts: esbuild@0.27.3.                                     │
│   Run "pnpm approve-builds" to pick which dependencies should be allowed     │
│   to run scripts.                                                            │
│                                                                              │
╰──────────────────────────────────────────────────────────────────────────────╯
Done in 4m 44.7s using pnpm v10.30.1
