[33] Installing: ananse-cartoon-generator
Lockfile is up to date, resolution step is skipped
Progress: resolved 1, reused 0, downloaded 0, added 0
Packages: +517
++++++++++++++++++++++++++++++++++++++++++++++++++++++++++++++++++++++++++++++++
Progress: resolved 517, reused 76, downloaded 0, added 0
Progress: resolved 517, reused 144, downloaded 0, added 0
Progress: resolved 517, reused 270, downloaded 0, added 0
Progress: resolved 517, reused 356, downloaded 0, added 0
Progress: resolved 517, reused 482, downloaded 0, added 0
Progress: resolved 517, reused 517, downloaded 0, added 26
Progress: resolved 517, reused 517, downloaded 0, added 37
Progress: resolved 517, reused 517, downloaded 0, added 61
Progress: resolved 517, reused 517, downloaded 0, added 68
Progress: resolved 517, reused 517, downloaded 0, added 96
Progress: resolved 517, reused 517, downloaded 0, added 142
Progress: resolved 517, reused 517, downloaded 0, added 171
Progress: resolved 517, reused 517, downloaded 0, added 183
Progress: resolved 517, reused 517, downloaded 0, added 208
Progress: resolved 517, reused 517, downloaded 0, added 220
Progress: resolved 517, reused 517, downloaded 0, added 229
Progress: resolved 517, reused 517, downloaded 0, added 271
Progress: resolved 517, reused 517, downloaded 0, added 316
Progress: resolved 517, reused 517, downloaded 0, added 343
Progress: resolved 517, reused 517, downloaded 0, added 367
Progress: resolved 517, reused 517, downloaded 0, added 388
Progress: resolved 517, reused 517, downloaded 0, added 411
Progress: resolved 517, reused 517, downloaded 0, added 432
Progress: resolved 517, reused 517, downloaded 0, added 462
Progress: resolved 517, reused 517, downloaded 0, added 482
Progress: resolved 517, reused 517, downloaded 0, added 498
Progress: resolved 517, reused 517, downloaded 0, added 512
Progress: resolved 517, reused 517, downloaded 0, added 513
Progress: resolved 517, reused 517, downloaded 0, added 514
Progress: resolved 517, reused 517, downloaded 0, added 515
Progress: resolved 517, reused 517, downloaded 0, added 516
Progress: resolved 517, reused 517, downloaded 0, added 517
Progress: resolved 517, reused 517, downloaded 0, added 517, done

dependencies:
+ @google/genai 1.12.0
+ @tailwindcss/vite 4.2.1
+ lucide-react 0.400.0
+ react 19.2.4
+ react-dom 19.2.4
+ react-router-dom 7.13.1

devDependencies:
+ @jest/globals 29.7.0
+ @types/jest 29.5.14
+ @types/react 19.2.14
+ @types/react-dom 19.2.3
+ @vitejs/plugin-react 4.7.0
+ dotenv 16.6.1
+ jest 29.7.0
+ jest-environment-puppeteer 10.1.4
+ jest-puppeteer 10.1.4
+ postcss 8.5.6
+ puppeteer 22.15.0
+ serve 14.2.5
+ tailwindcss 4.2.1
+ ts-node 10.9.2
+ typescript 5.9.2
+ vite 7.3.1

Done in 53.8s using pnpm v10.30.1
