[35] Installing: asanska-fashion-design-brochure
Lockfile is up to date, resolution step is skipped
Progress: resolved 1, reused 0, downloaded 0, added 0
Packages: +221
++++++++++++++++++++++++++++++++++++++++++++++++++++++++++++++++++++++++++++++++
Progress: resolved 221, reused 29, downloaded 0, added 0
Progress: resolved 221, reused 88, downloaded 0, added 0
Progress: resolved 221, reused 193, downloaded 0, added 0
Progress: resolved 221, reused 221, downloaded 0, added 13
Progress: resolved 221, reused 221, downloaded 0, added 26
Progress: resolved 221, reused 221, downloaded 0, added 34
Progress: resolved 221, reused 221, downloaded 0, added 59
Progress: resolved 221, reused 221, downloaded 0, added 80
Progress: resolved 221, reused 221, downloaded 0, added 104
Progress: resolved 221, reused 221, downloaded 0, added 110
Progress: resolved 221, reused 221, downloaded 0, added 134
Progress: resolved 221, reused 221, downloaded 0, added 155
Progress: resolved 221, reused 221, downloaded 0, added 195
Progress: resolved 221, reused 221, downloaded 0, added 217
Progress: resolved 221, reused 221, downloaded 0, added 219
Progress: resolved 221, reused 221, downloaded 0, added 221, done
.../esbuild@0.25.12/node_modules/esbuild postinstall$ node install.js
.../esbuild@0.25.12/node_modules/esbuild postinstall: Done

dependencies:
+ react 19.2.4
+ react-dom 19.2.4

devDependencies:
+ @testing-library/jest-dom 6.9.1
+ @testing-library/react 16.3.2
+ @testing-library/user-event 14.6.1
+ @types/node 22.19.0
+ @vitejs/plugin-react 5.1.0
+ @vitest/coverage-v8 3.2.4
+ @vitest/ui 3.2.4
+ jsdom 26.1.0
+ typescript 5.8.3
+ vite 6.4.1
+ vitest 3.2.4

Done in 24.5s using pnpm v10.32.1
