[36] Installing: asanska-university-college
Lockfile is up to date, resolution step is skipped
Progress: resolved 1, reused 0, downloaded 0, added 0
Packages: +221
++++++++++++++++++++++++++++++++++++++++++++++++++++++++++++++++++++++++++++++++
Progress: resolved 221, reused 13, downloaded 0, added 0
Progress: resolved 221, reused 38, downloaded 0, added 0
Progress: resolved 221, reused 93, downloaded 0, added 0
Progress: resolved 221, reused 200, downloaded 0, added 0
Progress: resolved 221, reused 221, downloaded 0, added 1
Progress: resolved 221, reused 221, downloaded 0, added 6
Progress: resolved 221, reused 221, downloaded 0, added 14
Progress: resolved 221, reused 221, downloaded 0, added 20
Progress: resolved 221, reused 221, downloaded 0, added 24
Progress: resolved 221, reused 221, downloaded 0, added 28
Progress: resolved 221, reused 221, downloaded 0, added 31
Progress: resolved 221, reused 221, downloaded 0, added 34
Progress: resolved 221, reused 221, downloaded 0, added 40
Progress: resolved 221, reused 221, downloaded 0, added 42
Progress: resolved 221, reused 221, downloaded 0, added 48
Progress: resolved 221, reused 221, downloaded 0, added 54
Progress: resolved 221, reused 221, downloaded 0, added 63
Progress: resolved 221, reused 221, downloaded 0, added 73
Progress: resolved 221, reused 221, downloaded 0, added 80
Progress: resolved 221, reused 221, downloaded 0, added 89
Progress: resolved 221, reused 221, downloaded 0, added 103
Progress: resolved 221, reused 221, downloaded 0, added 109
Progress: resolved 221, reused 221, downloaded 0, added 116
Progress: resolved 221, reused 221, downloaded 0, added 132
Progress: resolved 221, reused 221, downloaded 0, added 138
Progress: resolved 221, reused 221, downloaded 0, added 156
Progress: resolved 221, reused 221, downloaded 0, added 165
Progress: resolved 221, reused 221, downloaded 0, added 179
Progress: resolved 221, reused 221, downloaded 0, added 186
Progress: resolved 221, reused 221, downloaded 0, added 194
Progress: resolved 221, reused 221, downloaded 0, added 202
Progress: resolved 221, reused 221, downloaded 0, added 207
Progress: resolved 221, reused 221, downloaded 0, added 212
Progress: resolved 221, reused 221, downloaded 0, added 215
Progress: resolved 221, reused 221, downloaded 0, added 216
Progress: resolved 221, reused 221, downloaded 0, added 219
Progress: resolved 221, reused 221, downloaded 0, added 220
Progress: resolved 221, reused 221, downloaded 0, added 221, done

dependencies:
+ react 19.2.4
+ react-dom 19.2.4

devDependencies:
+ @testing-library/jest-dom 6.9.1
+ @testing-library/react 16.3.2
+ @testing-library/user-event 14.6.1
+ @types/node 24.10.1
+ @vitejs/plugin-react 5.1.1
+ @vitest/coverage-v8 3.2.4
+ @vitest/ui 3.2.4
+ jsdom 26.1.0
+ typescript 5.9.3
+ vite 7.2.2
+ vitest 3.2.4

Done in 57.1s using pnpm v10.32.1
