[39] Installing: aucdt-quarto-presentation-editor
Lockfile is up to date, resolution step is skipped
Progress: resolved 1, reused 0, downloaded 0, added 0
Packages: +221
++++++++++++++++++++++++++++++++++++++++++++++++++++++++++++++++++++++++++++++++
Progress: resolved 221, reused 10, downloaded 0, added 0
Progress: resolved 221, reused 29, downloaded 0, added 0
Progress: resolved 221, reused 95, downloaded 0, added 0
Progress: resolved 221, reused 195, downloaded 0, added 0
Progress: resolved 221, reused 221, downloaded 0, added 0
Progress: resolved 221, reused 221, downloaded 0, added 7
Progress: resolved 221, reused 221, downloaded 0, added 16
Progress: resolved 221, reused 221, downloaded 0, added 17
Progress: resolved 221, reused 221, downloaded 0, added 20
Progress: resolved 221, reused 221, downloaded 0, added 26
Progress: resolved 221, reused 221, downloaded 0, added 32
Progress: resolved 221, reused 221, downloaded 0, added 35
Progress: resolved 221, reused 221, downloaded 0, added 36
Progress: resolved 221, reused 221, downloaded 0, added 38
Progress: resolved 221, reused 221, downloaded 0, added 45
Progress: resolved 221, reused 221, downloaded 0, added 54
Progress: resolved 221, reused 221, downloaded 0, added 60
Progress: resolved 221, reused 221, downloaded 0, added 67
Progress: resolved 221, reused 221, downloaded 0, added 77
Progress: resolved 221, reused 221, downloaded 0, added 82
Progress: resolved 221, reused 221, downloaded 0, added 95
Progress: resolved 221, reused 221, downloaded 0, added 104
Progress: resolved 221, reused 221, downloaded 0, added 116
Progress: resolved 221, reused 221, downloaded 0, added 133
Progress: resolved 221, reused 221, downloaded 0, added 139
Progress: resolved 221, reused 221, downloaded 0, added 155
Progress: resolved 221, reused 221, downloaded 0, added 161
Progress: resolved 221, reused 221, downloaded 0, added 174
Progress: resolved 221, reused 221, downloaded 0, added 189
Progress: resolved 221, reused 221, downloaded 0, added 195
Progress: resolved 221, reused 221, downloaded 0, added 200
Progress: resolved 221, reused 221, downloaded 0, added 207
Progress: resolved 221, reused 221, downloaded 0, added 210
Progress: resolved 221, reused 221, downloaded 0, added 211
Progress: resolved 221, reused 221, downloaded 0, added 217
Progress: resolved 221, reused 221, downloaded 0, added 219
Progress: resolved 221, reused 221, downloaded 0, added 221, done

dependencies:
+ react 19.2.4
+ react-dom 19.2.4

devDependencies:
+ @testing-library/jest-dom 6.9.1
+ @testing-library/react 16.3.2
+ @testing-library/user-event 14.6.1
+ @types/node 22.19.0
+ @vitejs/plugin-react 5.1.0
+ @vitest/coverage-v8 3.2.4
+ @vitest/ui 3.2.4
+ jsdom 26.1.0
+ typescript 5.8.3
+ vite 6.4.1
+ vitest 3.2.4

Done in 56.5s using pnpm v10.32.1
