[37] Installing: aucdt-iam-system
Lockfile is up to date, resolution step is skipped
Progress: resolved 1, reused 0, downloaded 0, added 0
Packages: +286
++++++++++++++++++++++++++++++++++++++++++++++++++++++++++++++++++++++++++++++++
Progress: resolved 286, reused 0, downloaded 0, added 0
Progress: resolved 286, reused 69, downloaded 0, added 0
Progress: resolved 286, reused 176, downloaded 0, added 0
Progress: resolved 286, reused 280, downloaded 0, added 0
Progress: resolved 286, reused 285, downloaded 0, added 9
Progress: resolved 286, reused 286, downloaded 0, added 21
Progress: resolved 286, reused 286, downloaded 0, added 38
Progress: resolved 286, reused 286, downloaded 0, added 64
Progress: resolved 286, reused 286, downloaded 0, added 82
Progress: resolved 286, reused 286, downloaded 0, added 102
Progress: resolved 286, reused 286, downloaded 0, added 107
Progress: resolved 286, reused 286, downloaded 0, added 118
Progress: resolved 286, reused 286, downloaded 0, added 125
Progress: resolved 286, reused 286, downloaded 0, added 135
Progress: resolved 286, reused 286, downloaded 0, added 148
Progress: resolved 286, reused 286, downloaded 0, added 160
Progress: resolved 286, reused 286, downloaded 0, added 177
Progress: resolved 286, reused 286, downloaded 0, added 207
Progress: resolved 286, reused 286, downloaded 0, added 228
Progress: resolved 286, reused 286, downloaded 0, added 243
Progress: resolved 286, reused 286, downloaded 0, added 255
Progress: resolved 286, reused 286, downloaded 0, added 276
Progress: resolved 286, reused 286, downloaded 0, added 283
Progress: resolved 286, reused 286, downloaded 0, added 284
Progress: resolved 286, reused 286, downloaded 0, added 285
Progress: resolved 286, reused 286, downloaded 0, added 286
Progress: resolved 286, reused 286, downloaded 0, added 286, done

dependencies:
+ @google/genai 1.30.0
+ react 19.2.4
+ react-dom 19.2.4
+ react-router-dom 7.9.6
+ recharts 3.4.1

devDependencies:
+ @testing-library/jest-dom 6.9.1
+ @testing-library/react 16.3.2
+ @testing-library/user-event 14.6.1
+ @types/node 24.10.1
+ @vitejs/plugin-react 5.1.1
+ @vitest/coverage-v8 3.2.4
+ @vitest/ui 3.2.4
+ jsdom 26.1.0
+ typescript 5.9.3
+ vite 7.2.2
+ vitest 3.2.4

Done in 42.1s using pnpm v10.32.1
