[41] Installing: aurelia-v4---working-with-aurelia
Lockfile is up to date, resolution step is skipped
Progress: resolved 1, reused 0, downloaded 0, added 0
Packages: +291
++++++++++++++++++++++++++++++++++++++++++++++++++++++++++++++++++++++++++++++++
Progress: resolved 291, reused 17, downloaded 0, added 0
Progress: resolved 291, reused 34, downloaded 0, added 0
Progress: resolved 291, reused 47, downloaded 0, added 0
Progress: resolved 291, reused 117, downloaded 0, added 0
Progress: resolved 291, reused 205, downloaded 0, added 0
Progress: resolved 291, reused 221, downloaded 0, added 0
Progress: resolved 291, reused 284, downloaded 0, added 0
Progress: resolved 291, reused 290, downloaded 0, added 0
Progress: resolved 291, reused 291, downloaded 0, added 3
Progress: resolved 291, reused 291, downloaded 0, added 12
Progress: resolved 291, reused 291, downloaded 0, added 30
Progress: resolved 291, reused 291, downloaded 0, added 34
Progress: resolved 291, reused 291, downloaded 0, added 39
Progress: resolved 291, reused 291, downloaded 0, added 40
Progress: resolved 291, reused 291, downloaded 0, added 46
Progress: resolved 291, reused 291, downloaded 0, added 58
Progress: resolved 291, reused 291, downloaded 0, added 66
Progress: resolved 291, reused 291, downloaded 0, added 78
Progress: resolved 291, reused 291, downloaded 0, added 88
Progress: resolved 291, reused 291, downloaded 0, added 113
Progress: resolved 291, reused 291, downloaded 0, added 123
Progress: resolved 291, reused 291, downloaded 0, added 151
Progress: resolved 291, reused 291, downloaded 0, added 164
Progress: resolved 291, reused 291, downloaded 0, added 187
Progress: resolved 291, reused 291, downloaded 0, added 209
Progress: resolved 291, reused 291, downloaded 0, added 216
Progress: resolved 291, reused 291, downloaded 0, added 221
Progress: resolved 291, reused 291, downloaded 0, added 226
Progress: resolved 291, reused 291, downloaded 0, added 245
Progress: resolved 291, reused 291, downloaded 0, added 254
Progress: resolved 291, reused 291, downloaded 0, added 277
Progress: resolved 291, reused 291, downloaded 0, added 288
Progress: resolved 291, reused 291, downloaded 0, added 289
Progress: resolved 291, reused 291, downloaded 0, added 290
Progress: resolved 291, reused 291, downloaded 0, added 291
Progress: resolved 291, reused 291, downloaded 0, added 291, done

dependencies:
+ framer-motion 12.34.1
+ lucide-react 0.574.0
+ react 19.2.4
+ react-dom 19.2.4
+ react-router-dom 7.13.1

devDependencies:
+ @testing-library/jest-dom 6.9.1
+ @testing-library/react 16.3.2
+ @testing-library/user-event 14.6.1
+ @types/node 25.2.3
+ @vitejs/plugin-react 5.1.4
+ @vitest/coverage-v8 3.2.4
+ @vitest/ui 3.2.4
+ jsdom 26.1.0
+ serve 14.2.5
+ typescript 5.9.3
+ vite 7.3.1
+ vitest 3.2.4

Done in 1m 18s using pnpm v10.30.1
