[47] Installing: autonomous-compliance-enforcer
Lockfile is up to date, resolution step is skipped
Progress: resolved 1, reused 0, downloaded 0, added 0
Packages: +454
++++++++++++++++++++++++++++++++++++++++++++++++++++++++++++++++++++++++++++++++
Progress: resolved 454, reused 0, downloaded 0, added 0
Progress: resolved 454, reused 5, downloaded 0, added 0
Progress: resolved 454, reused 22, downloaded 0, added 0
Progress: resolved 454, reused 60, downloaded 0, added 0
Progress: resolved 454, reused 106, downloaded 0, added 0
Progress: resolved 454, reused 159, downloaded 0, added 0
Progress: resolved 454, reused 204, downloaded 0, added 0
Progress: resolved 454, reused 260, downloaded 0, added 0
Progress: resolved 454, reused 279, downloaded 0, added 0
Progress: resolved 454, reused 286, downloaded 0, added 0
Progress: resolved 454, reused 296, downloaded 0, added 0
Progress: resolved 454, reused 310, downloaded 0, added 0
Progress: resolved 454, reused 320, downloaded 0, added 0
Progress: resolved 454, reused 331, downloaded 0, added 0
Progress: resolved 454, reused 380, downloaded 0, added 0
Progress: resolved 454, reused 410, downloaded 0, added 0
Progress: resolved 454, reused 443, downloaded 0, added 0
Progress: resolved 454, reused 451, downloaded 0, added 2
Progress: resolved 454, reused 451, downloaded 0, added 5
Progress: resolved 454, reused 452, downloaded 0, added 9
Progress: resolved 454, reused 452, downloaded 0, added 12
Progress: resolved 454, reused 452, downloaded 0, added 14
Progress: resolved 454, reused 452, downloaded 0, added 19
Progress: resolved 454, reused 452, downloaded 0, added 23
Progress: resolved 454, reused 452, downloaded 0, added 24
Progress: resolved 454, reused 452, downloaded 0, added 28
Progress: resolved 454, reused 452, downloaded 0, added 33
Progress: resolved 454, reused 452, downloaded 0, added 35
Progress: resolved 454, reused 452, downloaded 0, added 40
Progress: resolved 454, reused 452, downloaded 0, added 44
Progress: resolved 454, reused 452, downloaded 0, added 47
Progress: resolved 454, reused 452, downloaded 0, added 49
Progress: resolved 454, reused 452, downloaded 0, added 52
Progress: resolved 454, reused 452, downloaded 0, added 53
Progress: resolved 454, reused 452, downloaded 0, added 56
Progress: resolved 454, reused 452, downloaded 0, added 57
Progress: resolved 454, reused 452, downloaded 0, added 64
Progress: resolved 454, reused 452, downloaded 0, added 70
Progress: resolved 454, reused 452, downloaded 0, added 71
Progress: resolved 454, reused 452, downloaded 0, added 73
Progress: resolved 454, reused 452, downloaded 0, added 75
Progress: resolved 454, reused 452, downloaded 0, added 81
Progress: resolved 454, reused 452, downloaded 0, added 82
Progress: resolved 454, reused 452, downloaded 0, added 88
Progress: resolved 454, reused 452, downloaded 0, added 93
Progress: resolved 454, reused 452, downloaded 0, added 100
Progress: resolved 454, reused 452, downloaded 0, added 107
Progress: resolved 454, reused 452, downloaded 0, added 110
Progress: resolved 454, reused 452, downloaded 0, added 112
Progress: resolved 454, reused 452, downloaded 0, added 122
Progress: resolved 454, reused 452, downloaded 0, added 130
Progress: resolved 454, reused 452, downloaded 0, added 134
Progress: resolved 454, reused 452, downloaded 0, added 138
Progress: resolved 454, reused 452, downloaded 0, added 140
Progress: resolved 454, reused 452, downloaded 0, added 143
Progress: resolved 454, reused 452, downloaded 0, added 151
Progress: resolved 454, reused 452, downloaded 0, added 157
Progress: resolved 454, reused 452, downloaded 0, added 162
Progress: resolved 454, reused 452, downloaded 0, added 173
Progress: resolved 454, reused 452, downloaded 0, added 175
Progress: resolved 454, reused 452, downloaded 0, added 176
Progress: resolved 454, reused 452, downloaded 0, added 177
Progress: resolved 454, reused 452, downloaded 0, added 178
Progress: resolved 454, reused 452, downloaded 0, added 183
Progress: resolved 454, reused 453, downloaded 0, added 199
Progress: resolved 454, reused 453, downloaded 0, added 207
Progress: resolved 454, reused 453, downloaded 0, added 227
Progress: resolved 454, reused 453, downloaded 0, added 243
Progress: resolved 454, reused 453, downloaded 0, added 265
Progress: resolved 454, reused 453, downloaded 0, added 268
Progress: resolved 454, reused 453, downloaded 0, added 269
Progress: resolved 454, reused 453, downloaded 0, added 274
Progress: resolved 454, reused 453, downloaded 0, added 276
Progress: resolved 454, reused 453, downloaded 0, added 278
Progress: resolved 454, reused 453, downloaded 0, added 281
Progress: resolved 454, reused 453, downloaded 0, added 283
Progress: resolved 454, reused 453, downloaded 0, added 285
Progress: resolved 454, reused 453, downloaded 0, added 287
Progress: resolved 454, reused 453, downloaded 0, added 288
Progress: resolved 454, reused 453, downloaded 0, added 297
Progress: resolved 454, reused 453, downloaded 0, added 299
Progress: resolved 454, reused 453, downloaded 0, added 306
Progress: resolved 454, reused 453, downloaded 0, added 307
Progress: resolved 454, reused 453, downloaded 0, added 308
Progress: resolved 454, reused 453, downloaded 0, added 309
Progress: resolved 454, reused 453, downloaded 0, added 312
Progress: resolved 454, reused 453, downloaded 0, added 315
Progress: resolved 454, reused 453, downloaded 0, added 317
Progress: resolved 454, reused 453, downloaded 0, added 318
Progress: resolved 454, reused 454, downloaded 0, added 326
Progress: resolved 454, reused 454, downloaded 0, added 328
Progress: resolved 454, reused 454, downloaded 0, added 331
Progress: resolved 454, reused 454, downloaded 0, added 335
Progress: resolved 454, reused 454, downloaded 0, added 336
Progress: resolved 454, reused 454, downloaded 0, added 348
Progress: resolved 454, reused 454, downloaded 0, added 349
Progress: resolved 454, reused 454, downloaded 0, added 350
Progress: resolved 454, reused 454, downloaded 0, added 351
Progress: resolved 454, reused 454, downloaded 0, added 359
Progress: resolved 454, reused 454, downloaded 0, added 366
Progress: resolved 454, reused 454, downloaded 0, added 372
Progress: resolved 454, reused 454, downloaded 0, added 378
Progress: resolved 454, reused 454, downloaded 0, added 385
Progress: resolved 454, reused 454, downloaded 0, added 391
Progress: resolved 454, reused 454, downloaded 0, added 399
Progress: resolved 454, reused 454, downloaded 0, added 414
Progress: resolved 454, reused 454, downloaded 0, added 419
Progress: resolved 454, reused 454, downloaded 0, added 422
Progress: resolved 454, reused 454, downloaded 0, added 438
Progress: resolved 454, reused 454, downloaded 0, added 443
Progress: resolved 454, reused 454, downloaded 0, added 448
Progress: resolved 454, reused 454, downloaded 0, added 449
Progress: resolved 454, reused 454, downloaded 0, added 450
Progress: resolved 454, reused 454, downloaded 0, added 451
Progress: resolved 454, reused 454, downloaded 0, added 452
Progress: resolved 454, reused 454, downloaded 0, added 453
Progress: resolved 454, reused 454, downloaded 0, added 454
Progress: resolved 454, reused 454, downloaded 0, added 454, done

dependencies:
+ @google/genai 1.43.0
+ @tailwindcss/vite 4.2.1
+ @vitejs/plugin-react 5.1.4
+ axios 1.13.6
+ better-sqlite3 12.6.2
+ clsx 2.1.1
+ date-fns 4.1.0
+ dotenv 17.3.1
+ express 4.22.1
+ framer-motion 12.34.3
+ lucide-react 0.546.0
+ motion 12.34.3
+ react 19.2.4
+ react-dom 19.2.4
+ react-router-dom 7.13.1
+ recharts 3.7.0
+ tailwind-merge 3.5.0
+ vite 6.4.1
+ zustand 5.0.11

devDependencies:
+ @testing-library/jest-dom 6.9.1
+ @testing-library/react 16.3.2
+ @testing-library/user-event 14.6.1
+ @types/express 4.17.25
+ @types/node 22.19.13
+ @types/react-router-dom 5.3.3
+ @vitest/coverage-v8 3.2.4
+ @vitest/ui 3.2.4
+ autoprefixer 10.4.27
+ jsdom 26.1.0
+ tailwindcss 4.2.1
+ tsx 4.21.0
+ typescript 5.8.3
+ vitest 3.2.4

╭ Warning ─────────────────────────────────────────────────────────────────────╮
│                                                                              │
│   Ignored build scripts: better-sqlite3@12.6.2, esbuild@0.25.12,             │
│   esbuild@0.27.3, protobufjs@7.5.4.                                          │
│   Run "pnpm approve-builds" to pick which dependencies should be allowed     │
│   to run scripts.                                                            │
│                                                                              │
╰──────────────────────────────────────────────────────────────────────────────╯
Done in 3m 27.5s using pnpm v10.32.1
