[48] Installing: autonomous-decision-optimizer
Lockfile is up to date, resolution step is skipped
Progress: resolved 1, reused 0, downloaded 0, added 0
Packages: +454
++++++++++++++++++++++++++++++++++++++++++++++++++++++++++++++++++++++++++++++++
Progress: resolved 454, reused 0, downloaded 0, added 0
Progress: resolved 454, reused 9, downloaded 0, added 0
Progress: resolved 454, reused 27, downloaded 0, added 0
Progress: resolved 454, reused 72, downloaded 0, added 0
Progress: resolved 454, reused 125, downloaded 0, added 0
Progress: resolved 454, reused 166, downloaded 0, added 0
Progress: resolved 454, reused 222, downloaded 0, added 0
Progress: resolved 454, reused 270, downloaded 0, added 0
Progress: resolved 454, reused 279, downloaded 0, added 0
Progress: resolved 454, reused 287, downloaded 0, added 0
Progress: resolved 454, reused 306, downloaded 0, added 0
Progress: resolved 454, reused 314, downloaded 0, added 0
Progress: resolved 454, reused 326, downloaded 0, added 0
Progress: resolved 454, reused 351, downloaded 0, added 0
Progress: resolved 454, reused 394, downloaded 0, added 0
Progress: resolved 454, reused 416, downloaded 0, added 0
Progress: resolved 454, reused 447, downloaded 0, added 0
Progress: resolved 454, reused 451, downloaded 0, added 1
Progress: resolved 454, reused 451, downloaded 0, added 4
Progress: resolved 454, reused 452, downloaded 0, added 8
Progress: resolved 454, reused 452, downloaded 0, added 12
Progress: resolved 454, reused 452, downloaded 0, added 15
Progress: resolved 454, reused 452, downloaded 0, added 20
Progress: resolved 454, reused 452, downloaded 0, added 24
Progress: resolved 454, reused 452, downloaded 0, added 27
Progress: resolved 454, reused 452, downloaded 0, added 31
Progress: resolved 454, reused 452, downloaded 0, added 36
Progress: resolved 454, reused 452, downloaded 0, added 40
Progress: resolved 454, reused 452, downloaded 0, added 44
Progress: resolved 454, reused 452, downloaded 0, added 45
Progress: resolved 454, reused 452, downloaded 0, added 51
Progress: resolved 454, reused 452, downloaded 0, added 55
Progress: resolved 454, reused 452, downloaded 0, added 56
Progress: resolved 454, reused 452, downloaded 0, added 61
Progress: resolved 454, reused 452, downloaded 0, added 64
Progress: resolved 454, reused 452, downloaded 0, added 68
Progress: resolved 454, reused 452, downloaded 0, added 73
Progress: resolved 454, reused 452, downloaded 0, added 74
Progress: resolved 454, reused 452, downloaded 0, added 75
Progress: resolved 454, reused 452, downloaded 0, added 78
Progress: resolved 454, reused 452, downloaded 0, added 80
Progress: resolved 454, reused 452, downloaded 0, added 83
Progress: resolved 454, reused 452, downloaded 0, added 84
Progress: resolved 454, reused 452, downloaded 0, added 90
Progress: resolved 454, reused 452, downloaded 0, added 98
Progress: resolved 454, reused 452, downloaded 0, added 101
Progress: resolved 454, reused 452, downloaded 0, added 110
Progress: resolved 454, reused 452, downloaded 0, added 111
Progress: resolved 454, reused 452, downloaded 0, added 122
Progress: resolved 454, reused 452, downloaded 0, added 128
Progress: resolved 454, reused 452, downloaded 0, added 134
Progress: resolved 454, reused 452, downloaded 0, added 139
Progress: resolved 454, reused 452, downloaded 0, added 143
Progress: resolved 454, reused 452, downloaded 0, added 145
Progress: resolved 454, reused 452, downloaded 0, added 151
Progress: resolved 454, reused 452, downloaded 0, added 158
Progress: resolved 454, reused 452, downloaded 0, added 161
Progress: resolved 454, reused 452, downloaded 0, added 168
Progress: resolved 454, reused 452, downloaded 0, added 175
Progress: resolved 454, reused 452, downloaded 0, added 176
Progress: resolved 454, reused 452, downloaded 0, added 178
Progress: resolved 454, reused 452, downloaded 0, added 180
Progress: resolved 454, reused 453, downloaded 0, added 190
Progress: resolved 454, reused 453, downloaded 0, added 199
Progress: resolved 454, reused 453, downloaded 0, added 206
Progress: resolved 454, reused 453, downloaded 0, added 227
Progress: resolved 454, reused 453, downloaded 0, added 241
Progress: resolved 454, reused 453, downloaded 0, added 266
Progress: resolved 454, reused 453, downloaded 0, added 268
Progress: resolved 454, reused 453, downloaded 0, added 269
Progress: resolved 454, reused 453, downloaded 0, added 272
Progress: resolved 454, reused 453, downloaded 0, added 273
Progress: resolved 454, reused 453, downloaded 0, added 279
Progress: resolved 454, reused 453, downloaded 0, added 280
Progress: resolved 454, reused 453, downloaded 0, added 283
Progress: resolved 454, reused 453, downloaded 0, added 287
Progress: resolved 454, reused 453, downloaded 0, added 288
Progress: resolved 454, reused 453, downloaded 0, added 290
Progress: resolved 454, reused 453, downloaded 0, added 295
Progress: resolved 454, reused 453, downloaded 0, added 303
Progress: resolved 454, reused 453, downloaded 0, added 307
Progress: resolved 454, reused 453, downloaded 0, added 308
Progress: resolved 454, reused 453, downloaded 0, added 309
Progress: resolved 454, reused 453, downloaded 0, added 310
Progress: resolved 454, reused 453, downloaded 0, added 311
Progress: resolved 454, reused 453, downloaded 0, added 314
Progress: resolved 454, reused 453, downloaded 0, added 315
Progress: resolved 454, reused 454, downloaded 0, added 322
Progress: resolved 454, reused 454, downloaded 0, added 327
Progress: resolved 454, reused 454, downloaded 0, added 332
Progress: resolved 454, reused 454, downloaded 0, added 336
Progress: resolved 454, reused 454, downloaded 0, added 337
Progress: resolved 454, reused 454, downloaded 0, added 343
Progress: resolved 454, reused 454, downloaded 0, added 344
Progress: resolved 454, reused 454, downloaded 0, added 345
Progress: resolved 454, reused 454, downloaded 0, added 348
Progress: resolved 454, reused 454, downloaded 0, added 349
Progress: resolved 454, reused 454, downloaded 0, added 362
Progress: resolved 454, reused 454, downloaded 0, added 367
Progress: resolved 454, reused 454, downloaded 0, added 374
Progress: resolved 454, reused 454, downloaded 0, added 378
Progress: resolved 454, reused 454, downloaded 0, added 382
Progress: resolved 454, reused 454, downloaded 0, added 391
Progress: resolved 454, reused 454, downloaded 0, added 398
Progress: resolved 454, reused 454, downloaded 0, added 404
Progress: resolved 454, reused 454, downloaded 0, added 416
Progress: resolved 454, reused 454, downloaded 0, added 421
Progress: resolved 454, reused 454, downloaded 0, added 438
Progress: resolved 454, reused 454, downloaded 0, added 440
Progress: resolved 454, reused 454, downloaded 0, added 446
Progress: resolved 454, reused 454, downloaded 0, added 448
Progress: resolved 454, reused 454, downloaded 0, added 449
Progress: resolved 454, reused 454, downloaded 0, added 450
Progress: resolved 454, reused 454, downloaded 0, added 451
Progress: resolved 454, reused 454, downloaded 0, added 452
Progress: resolved 454, reused 454, downloaded 0, added 453
Progress: resolved 454, reused 454, downloaded 0, added 454
Progress: resolved 454, reused 454, downloaded 0, added 454, done

dependencies:
+ @google/genai 1.43.0
+ @tailwindcss/vite 4.2.1
+ @vitejs/plugin-react 5.1.4
+ axios 1.13.6
+ better-sqlite3 12.6.2
+ clsx 2.1.1
+ date-fns 4.1.0
+ dotenv 17.3.1
+ express 4.22.1
+ framer-motion 12.34.3
+ lucide-react 0.546.0
+ motion 12.34.3
+ react 19.2.4
+ react-dom 19.2.4
+ react-router-dom 7.13.1
+ recharts 3.7.0
+ tailwind-merge 3.5.0
+ vite 6.4.1
+ zustand 5.0.11

devDependencies:
+ @testing-library/jest-dom 6.9.1
+ @testing-library/react 16.3.2
+ @testing-library/user-event 14.6.1
+ @types/express 4.17.25
+ @types/node 22.19.13
+ @types/react-router-dom 5.3.3
+ @vitest/coverage-v8 3.2.4
+ @vitest/ui 3.2.4
+ autoprefixer 10.4.27
+ jsdom 26.1.0
+ tailwindcss 4.2.1
+ tsx 4.21.0
+ typescript 5.8.3
+ vitest 3.2.4

╭ Warning ─────────────────────────────────────────────────────────────────────╮
│                                                                              │
│   Ignored build scripts: better-sqlite3@12.6.2, esbuild@0.25.12,             │
│   esbuild@0.27.3, protobufjs@7.5.4.                                          │
│   Run "pnpm approve-builds" to pick which dependencies should be allowed     │
│   to run scripts.                                                            │
│                                                                              │
╰──────────────────────────────────────────────────────────────────────────────╯
Done in 3m 27s using pnpm v10.32.1
