[43] Installing: automated-compliance-monitor
Lockfile is up to date, resolution step is skipped
Progress: resolved 1, reused 0, downloaded 0, added 0
Packages: +454
++++++++++++++++++++++++++++++++++++++++++++++++++++++++++++++++++++++++++++++++
Progress: resolved 454, reused 63, downloaded 0, added 0
Progress: resolved 454, reused 103, downloaded 0, added 0
Progress: resolved 454, reused 116, downloaded 0, added 0
Progress: resolved 454, reused 166, downloaded 0, added 0
Progress: resolved 454, reused 199, downloaded 0, added 0
Progress: resolved 454, reused 211, downloaded 0, added 0
Progress: resolved 454, reused 233, downloaded 0, added 0
Progress: resolved 454, reused 262, downloaded 0, added 0
Progress: resolved 454, reused 279, downloaded 0, added 0
Progress: resolved 454, reused 283, downloaded 0, added 0
Progress: resolved 454, reused 284, downloaded 0, added 0
Progress: resolved 454, reused 302, downloaded 0, added 0
Progress: resolved 454, reused 317, downloaded 0, added 0
Progress: resolved 454, reused 338, downloaded 0, added 0
Progress: resolved 454, reused 374, downloaded 0, added 0
Progress: resolved 454, reused 451, downloaded 0, added 0
Progress: resolved 454, reused 452, downloaded 0, added 6
Progress: resolved 454, reused 452, downloaded 0, added 14
Progress: resolved 454, reused 452, downloaded 0, added 20
Progress: resolved 454, reused 452, downloaded 0, added 26
Progress: resolved 454, reused 452, downloaded 0, added 36
Progress: resolved 454, reused 452, downloaded 0, added 47
Progress: resolved 454, reused 452, downloaded 0, added 51
Progress: resolved 454, reused 452, downloaded 0, added 63
Progress: resolved 454, reused 452, downloaded 0, added 76
Progress: resolved 454, reused 452, downloaded 0, added 79
Progress: resolved 454, reused 452, downloaded 0, added 84
Progress: resolved 454, reused 452, downloaded 0, added 88
Progress: resolved 454, reused 452, downloaded 0, added 92
Progress: resolved 454, reused 452, downloaded 0, added 97
Progress: resolved 454, reused 452, downloaded 0, added 102
Progress: resolved 454, reused 452, downloaded 0, added 106
Progress: resolved 454, reused 452, downloaded 0, added 110
Progress: resolved 454, reused 452, downloaded 0, added 117
Progress: resolved 454, reused 452, downloaded 0, added 124
Progress: resolved 454, reused 452, downloaded 0, added 131
Progress: resolved 454, reused 452, downloaded 0, added 141
Progress: resolved 454, reused 452, downloaded 0, added 144
Progress: resolved 454, reused 452, downloaded 0, added 146
Progress: resolved 454, reused 452, downloaded 0, added 155
Progress: resolved 454, reused 452, downloaded 0, added 161
Progress: resolved 454, reused 452, downloaded 0, added 167
Progress: resolved 454, reused 452, downloaded 0, added 177
Progress: resolved 454, reused 452, downloaded 0, added 182
Progress: resolved 454, reused 452, downloaded 0, added 196
Progress: resolved 454, reused 452, downloaded 0, added 199
Progress: resolved 454, reused 453, downloaded 0, added 219
Progress: resolved 454, reused 453, downloaded 0, added 234
Progress: resolved 454, reused 453, downloaded 0, added 254
Progress: resolved 454, reused 453, downloaded 0, added 266
Progress: resolved 454, reused 453, downloaded 0, added 268
Progress: resolved 454, reused 453, downloaded 0, added 278
Progress: resolved 454, reused 453, downloaded 0, added 282
Progress: resolved 454, reused 453, downloaded 0, added 285
Progress: resolved 454, reused 453, downloaded 0, added 290
Progress: resolved 454, reused 453, downloaded 0, added 298
Progress: resolved 454, reused 453, downloaded 0, added 299
Progress: resolved 454, reused 453, downloaded 0, added 300
Progress: resolved 454, reused 454, downloaded 0, added 308
Progress: resolved 454, reused 454, downloaded 0, added 310
Progress: resolved 454, reused 454, downloaded 0, added 314
Progress: resolved 454, reused 454, downloaded 0, added 315
Progress: resolved 454, reused 454, downloaded 0, added 320
Progress: resolved 454, reused 454, downloaded 0, added 329
Progress: resolved 454, reused 454, downloaded 0, added 335
Progress: resolved 454, reused 454, downloaded 0, added 338
Progress: resolved 454, reused 454, downloaded 0, added 348
Progress: resolved 454, reused 454, downloaded 0, added 355
Progress: resolved 454, reused 454, downloaded 0, added 356
Progress: resolved 454, reused 454, downloaded 0, added 365
Progress: resolved 454, reused 454, downloaded 0, added 370
Progress: resolved 454, reused 454, downloaded 0, added 383
Progress: resolved 454, reused 454, downloaded 0, added 388
Progress: resolved 454, reused 454, downloaded 0, added 410
Progress: resolved 454, reused 454, downloaded 0, added 424
Progress: resolved 454, reused 454, downloaded 0, added 438
Progress: resolved 454, reused 454, downloaded 0, added 445
Progress: resolved 454, reused 454, downloaded 0, added 448
Progress: resolved 454, reused 454, downloaded 0, added 449
Progress: resolved 454, reused 454, downloaded 0, added 450
Progress: resolved 454, reused 454, downloaded 0, added 451
Progress: resolved 454, reused 454, downloaded 0, added 452
Progress: resolved 454, reused 454, downloaded 0, added 453
Progress: resolved 454, reused 454, downloaded 0, added 454
Progress: resolved 454, reused 454, downloaded 0, added 454, done

dependencies:
+ @google/genai 1.43.0
+ @tailwindcss/vite 4.2.1
+ @vitejs/plugin-react 5.1.4
+ axios 1.13.6
+ better-sqlite3 12.6.2
+ clsx 2.1.1
+ date-fns 4.1.0
+ dotenv 17.3.1
+ express 4.22.1
+ framer-motion 12.34.3
+ lucide-react 0.546.0
+ motion 12.34.3
+ react 19.2.4
+ react-dom 19.2.4
+ react-router-dom 7.13.1
+ recharts 3.7.0
+ tailwind-merge 3.5.0
+ vite 6.4.1
+ zustand 5.0.11

devDependencies:
+ @testing-library/jest-dom 6.9.1
+ @testing-library/react 16.3.2
+ @testing-library/user-event 14.6.1
+ @types/express 4.17.25
+ @types/node 22.19.13
+ @types/react-router-dom 5.3.3
+ @vitest/coverage-v8 3.2.4
+ @vitest/ui 3.2.4
+ autoprefixer 10.4.27
+ jsdom 26.1.0
+ tailwindcss 4.2.1
+ tsx 4.21.0
+ typescript 5.8.3
+ vitest 3.2.4

╭ Warning ─────────────────────────────────────────────────────────────────────╮
│                                                                              │
│   Ignored build scripts: better-sqlite3@12.6.2, esbuild@0.25.12,             │
│   esbuild@0.27.3, protobufjs@7.5.4.                                          │
│   Run "pnpm approve-builds" to pick which dependencies should be allowed     │
│   to run scripts.                                                            │
│                                                                              │
╰──────────────────────────────────────────────────────────────────────────────╯
Done in 2m 24.3s using pnpm v10.32.1
