[53] Installing: backend
Lockfile is up to date, resolution step is skipped
Progress: resolved 1, reused 0, downloaded 0, added 0
Packages: +178
++++++++++++++++++++++++++++++++++++++++++++++++++++++++++++++++++++++++++++++++
Progress: resolved 178, reused 12, downloaded 0, added 0
Progress: resolved 178, reused 55, downloaded 0, added 0
Progress: resolved 178, reused 117, downloaded 0, added 0
Progress: resolved 178, reused 172, downloaded 0, added 0
Progress: resolved 178, reused 178, downloaded 0, added 26
Progress: resolved 178, reused 178, downloaded 0, added 75
Progress: resolved 178, reused 178, downloaded 0, added 102
Progress: resolved 178, reused 178, downloaded 0, added 152
Progress: resolved 178, reused 178, downloaded 0, added 173
Progress: resolved 178, reused 178, downloaded 0, added 178, done

dependencies:
+ bcryptjs 3.0.3
+ cors 2.8.6
+ dotenv 17.3.1
+ express 5.2.1
+ express-rate-limit 8.3.1
+ helmet 8.1.0
+ jsonwebtoken 9.0.3
+ morgan 1.10.1
+ mysql2 3.19.1

devDependencies:
+ @types/bcryptjs 2.4.6
+ @types/cors 2.8.19
+ @types/express 5.0.6
+ @types/express-rate-limit 5.1.3
+ @types/jsonwebtoken 9.0.10
+ @types/morgan 1.9.10
+ @types/node 25.4.0
+ ts-node-dev 2.0.0
+ typescript 5.9.3

Done in 16.9s using pnpm v10.32.1
