[55] Installing: biochemai-v151120252049
Lockfile is up to date, resolution step is skipped
Progress: resolved 1, reused 0, downloaded 0, added 0
Packages: +264
++++++++++++++++++++++++++++++++++++++++++++++++++++++++++++++++++++++++++++++++
Progress: resolved 264, reused 31, downloaded 0, added 0
Progress: resolved 264, reused 113, downloaded 0, added 0
Progress: resolved 264, reused 144, downloaded 0, added 0
Progress: resolved 264, reused 260, downloaded 0, added 0
Progress: resolved 264, reused 263, downloaded 0, added 14
Progress: resolved 264, reused 263, downloaded 0, added 65
Progress: resolved 264, reused 263, downloaded 0, added 83
Progress: resolved 264, reused 263, downloaded 0, added 105
Progress: resolved 264, reused 263, downloaded 0, added 106
Progress: resolved 264, reused 263, downloaded 0, added 112
Progress: resolved 264, reused 264, downloaded 0, added 120
Progress: resolved 264, reused 264, downloaded 0, added 133
Progress: resolved 264, reused 264, downloaded 0, added 142
Progress: resolved 264, reused 264, downloaded 0, added 178
Progress: resolved 264, reused 264, downloaded 0, added 202
Progress: resolved 264, reused 264, downloaded 0, added 231
Progress: resolved 264, reused 264, downloaded 0, added 251
Progress: resolved 264, reused 264, downloaded 0, added 257
Progress: resolved 264, reused 264, downloaded 0, added 259
Progress: resolved 264, reused 264, downloaded 0, added 260
Progress: resolved 264, reused 264, downloaded 0, added 263
Progress: resolved 264, reused 264, downloaded 0, added 264
Progress: resolved 264, reused 264, downloaded 0, added 264, done

dependencies:
+ @google/genai 1.29.1
+ jspdf 3.0.3
+ react 19.2.4
+ react-dom 19.2.4

devDependencies:
+ @testing-library/jest-dom 6.9.1
+ @testing-library/react 16.3.2
+ @testing-library/user-event 14.6.1
+ @types/node 24.10.1
+ @vitejs/plugin-react 5.1.1
+ @vitest/coverage-v8 3.2.4
+ @vitest/ui 3.2.4
+ jsdom 26.1.0
+ typescript 5.9.3
+ vite 7.2.2
+ vitest 3.2.4

Done in 36.9s using pnpm v10.32.1
