[58] Installing: brand-guideline-checker
Lockfile is up to date, resolution step is skipped
Progress: resolved 1, reused 0, downloaded 0, added 0
Packages: +282
++++++++++++++++++++++++++++++++++++++++++++++++++++++++++++++++++++++++++++++++
Progress: resolved 282, reused 0, downloaded 0, added 0
Progress: resolved 282, reused 60, downloaded 0, added 0
Progress: resolved 282, reused 62, downloaded 0, added 0
Progress: resolved 282, reused 63, downloaded 0, added 0
Progress: resolved 282, reused 64, downloaded 0, added 0
Progress: resolved 282, reused 69, downloaded 0, added 0
Progress: resolved 282, reused 70, downloaded 0, added 0
Progress: resolved 282, reused 101, downloaded 0, added 0
Progress: resolved 282, reused 187, downloaded 0, added 0
Progress: resolved 282, reused 206, downloaded 0, added 0
Progress: resolved 282, reused 257, downloaded 0, added 0
Progress: resolved 282, reused 280, downloaded 0, added 3
Progress: resolved 282, reused 280, downloaded 0, added 9
Progress: resolved 282, reused 281, downloaded 0, added 17
Progress: resolved 282, reused 281, downloaded 0, added 28
Progress: resolved 282, reused 281, downloaded 0, added 32
Progress: resolved 282, reused 281, downloaded 0, added 48
Progress: resolved 282, reused 281, downloaded 0, added 68
Progress: resolved 282, reused 282, downloaded 0, added 78
Progress: resolved 282, reused 282, downloaded 0, added 100
Progress: resolved 282, reused 282, downloaded 0, added 101
Progress: resolved 282, reused 282, downloaded 0, added 112
Progress: resolved 282, reused 282, downloaded 0, added 122
Progress: resolved 282, reused 282, downloaded 0, added 129
Progress: resolved 282, reused 282, downloaded 0, added 135
Progress: resolved 282, reused 282, downloaded 0, added 147
Progress: resolved 282, reused 282, downloaded 0, added 151
Progress: resolved 282, reused 282, downloaded 0, added 154
Progress: resolved 282, reused 282, downloaded 0, added 155
Progress: resolved 282, reused 282, downloaded 0, added 166
Progress: resolved 282, reused 282, downloaded 0, added 174
Progress: resolved 282, reused 282, downloaded 0, added 181
Progress: resolved 282, reused 282, downloaded 0, added 196
Progress: resolved 282, reused 282, downloaded 0, added 202
Progress: resolved 282, reused 282, downloaded 0, added 211
Progress: resolved 282, reused 282, downloaded 0, added 219
Progress: resolved 282, reused 282, downloaded 0, added 235
Progress: resolved 282, reused 282, downloaded 0, added 253
Progress: resolved 282, reused 282, downloaded 0, added 277
Progress: resolved 282, reused 282, downloaded 0, added 278
Progress: resolved 282, reused 282, downloaded 0, added 279
Progress: resolved 282, reused 282, downloaded 0, added 280
Progress: resolved 282, reused 282, downloaded 0, added 281
Progress: resolved 282, reused 282, downloaded 0, added 282
Progress: resolved 282, reused 282, downloaded 0, added 282, done

dependencies:
+ @google/genai 1.43.0
+ lucide-react 0.577.0
+ react 19.2.4
+ react-dom 19.2.4

devDependencies:
+ @testing-library/jest-dom 6.9.1
+ @testing-library/react 16.3.2
+ @testing-library/user-event 14.6.1
+ @types/node 22.19.13
+ @vitest/coverage-v8 3.2.4
+ @vitest/ui 3.2.4
+ jsdom 26.1.0
+ serve 14.2.5
+ typescript 5.8.3
+ vite 7.3.1
+ vitest 3.2.4

╭ Warning ─────────────────────────────────────────────────────────────────────╮
│                                                                              │
│   Ignored build scripts: esbuild@0.27.3, protobufjs@7.5.4.                   │
│   Run "pnpm approve-builds" to pick which dependencies should be allowed     │
│   to run scripts.                                                            │
│                                                                              │
╰──────────────────────────────────────────────────────────────────────────────╯
Done in 1m 22.3s using pnpm v10.30.1
