[59] Installing: brand-narrative-synthesizer
Lockfile is up to date, resolution step is skipped
Progress: resolved 1, reused 0, downloaded 0, added 0
Packages: +454
++++++++++++++++++++++++++++++++++++++++++++++++++++++++++++++++++++++++++++++++
Progress: resolved 454, reused 15, downloaded 0, added 0
Progress: resolved 454, reused 121, downloaded 0, added 0
Progress: resolved 454, reused 158, downloaded 0, added 0
Progress: resolved 454, reused 205, downloaded 0, added 0
Progress: resolved 454, reused 274, downloaded 0, added 0
Progress: resolved 454, reused 279, downloaded 0, added 0
Progress: resolved 454, reused 290, downloaded 0, added 0
Progress: resolved 454, reused 314, downloaded 0, added 0
Progress: resolved 454, reused 356, downloaded 0, added 0
Progress: resolved 454, reused 445, downloaded 0, added 0
Progress: resolved 454, reused 450, downloaded 0, added 2
Progress: resolved 454, reused 451, downloaded 0, added 7
Progress: resolved 454, reused 452, downloaded 0, added 16
Progress: resolved 454, reused 452, downloaded 0, added 35
Progress: resolved 454, reused 452, downloaded 0, added 66
Progress: resolved 454, reused 452, downloaded 0, added 78
Progress: resolved 454, reused 452, downloaded 0, added 96
Progress: resolved 454, reused 452, downloaded 0, added 121
Progress: resolved 454, reused 452, downloaded 0, added 138
Progress: resolved 454, reused 452, downloaded 0, added 150
Progress: resolved 454, reused 452, downloaded 0, added 183
Progress: resolved 454, reused 452, downloaded 0, added 197
Progress: resolved 454, reused 452, downloaded 0, added 217
Progress: resolved 454, reused 452, downloaded 0, added 266
Progress: resolved 454, reused 452, downloaded 0, added 276
Progress: resolved 454, reused 452, downloaded 0, added 283
Progress: resolved 454, reused 452, downloaded 0, added 290
Progress: resolved 454, reused 452, downloaded 0, added 291
Progress: resolved 454, reused 452, downloaded 0, added 295
Progress: resolved 454, reused 452, downloaded 0, added 307
Progress: resolved 454, reused 452, downloaded 0, added 315
Progress: resolved 454, reused 453, downloaded 0, added 325
Progress: resolved 454, reused 453, downloaded 0, added 333
Progress: resolved 454, reused 453, downloaded 0, added 378
Progress: resolved 454, reused 453, downloaded 0, added 398
Progress: resolved 454, reused 453, downloaded 0, added 423
Progress: resolved 454, reused 453, downloaded 0, added 434
Progress: resolved 454, reused 453, downloaded 0, added 449
Progress: resolved 454, reused 453, downloaded 0, added 450
Progress: resolved 454, reused 453, downloaded 0, added 451
Progress: resolved 454, reused 453, downloaded 0, added 452
Progress: resolved 454, reused 454, downloaded 0, added 452
Progress: resolved 454, reused 454, downloaded 0, added 453
Progress: resolved 454, reused 454, downloaded 0, added 454
Progress: resolved 454, reused 454, downloaded 0, added 454, done

dependencies:
+ @google/genai 1.43.0
+ @tailwindcss/vite 4.2.1
+ @vitejs/plugin-react 5.1.4
+ axios 1.13.6
+ better-sqlite3 12.6.2
+ clsx 2.1.1
+ date-fns 4.1.0
+ dotenv 17.3.1
+ express 4.22.1
+ framer-motion 12.34.3
+ lucide-react 0.546.0
+ motion 12.34.3
+ react 19.2.4
+ react-dom 19.2.4
+ react-router-dom 7.13.1
+ recharts 3.7.0
+ tailwind-merge 3.5.0
+ vite 6.4.1
+ zustand 5.0.11

devDependencies:
+ @testing-library/jest-dom 6.9.1
+ @testing-library/react 16.3.2
+ @testing-library/user-event 14.6.1
+ @types/express 4.17.25
+ @types/node 22.19.13
+ @types/react-router-dom 5.3.3
+ @vitest/coverage-v8 3.2.4
+ @vitest/ui 3.2.4
+ autoprefixer 10.4.27
+ jsdom 26.1.0
+ tailwindcss 4.2.1
+ tsx 4.21.0
+ typescript 5.8.3
+ vitest 3.2.4

╭ Warning ─────────────────────────────────────────────────────────────────────╮
│                                                                              │
│   Ignored build scripts: better-sqlite3@12.6.2, esbuild@0.25.12,             │
│   esbuild@0.27.3, protobufjs@7.5.4.                                          │
│   Run "pnpm approve-builds" to pick which dependencies should be allowed     │
│   to run scripts.                                                            │
│                                                                              │
╰──────────────────────────────────────────────────────────────────────────────╯
Done in 1m 23.4s using pnpm v10.32.1
