[62] Installing: career-services
Lockfile is up to date, resolution step is skipped
Progress: resolved 1, reused 0, downloaded 0, added 0
Packages: +155
++++++++++++++++++++++++++++++++++++++++++++++++++++++++++++++++++++++++++++++++
Progress: resolved 155, reused 76, downloaded 0, added 0
Progress: resolved 155, reused 147, downloaded 0, added 0
Progress: resolved 155, reused 155, downloaded 0, added 29
Progress: resolved 155, reused 155, downloaded 0, added 70
Progress: resolved 155, reused 155, downloaded 0, added 99
Progress: resolved 155, reused 155, downloaded 0, added 100
Progress: resolved 155, reused 155, downloaded 0, added 124
Progress: resolved 155, reused 155, downloaded 0, added 147
Progress: resolved 155, reused 155, downloaded 0, added 155, done

dependencies:
+ cors 2.8.6
+ dotenv 16.6.1
+ express 5.2.1
+ mysql2 3.19.1
+ uuid 11.1.0

devDependencies:
+ nodemon 3.1.14
+ vitest 3.2.4

╭ Warning ─────────────────────────────────────────────────────────────────────╮
│                                                                              │
│   Ignored build scripts: esbuild@0.27.3.                                     │
│   Run "pnpm approve-builds" to pick which dependencies should be allowed     │
│   to run scripts.                                                            │
│                                                                              │
╰──────────────────────────────────────────────────────────────────────────────╯
Done in 13.7s using pnpm v10.32.1
