[63] Installing: cinematic-triptych-generator
Lockfile is up to date, resolution step is skipped
Progress: resolved 1, reused 0, downloaded 0, added 0
Packages: +265
++++++++++++++++++++++++++++++++++++++++++++++++++++++++++++++++++++++++++++++++
Progress: resolved 265, reused 34, downloaded 0, added 0
Progress: resolved 265, reused 216, downloaded 0, added 0
Progress: resolved 265, reused 264, downloaded 0, added 16
Progress: resolved 265, reused 264, downloaded 0, added 35
Progress: resolved 265, reused 265, downloaded 0, added 39
Progress: resolved 265, reused 265, downloaded 0, added 56
Progress: resolved 265, reused 265, downloaded 0, added 65
Progress: resolved 265, reused 265, downloaded 0, added 75
Progress: resolved 265, reused 265, downloaded 0, added 81
Progress: resolved 265, reused 265, downloaded 0, added 88
Progress: resolved 265, reused 265, downloaded 0, added 96
Progress: resolved 265, reused 265, downloaded 0, added 134
Progress: resolved 265, reused 265, downloaded 0, added 144
Progress: resolved 265, reused 265, downloaded 0, added 177
Progress: resolved 265, reused 265, downloaded 0, added 189
Progress: resolved 265, reused 265, downloaded 0, added 207
Progress: resolved 265, reused 265, downloaded 0, added 218
Progress: resolved 265, reused 265, downloaded 0, added 248
Progress: resolved 265, reused 265, downloaded 0, added 260
Progress: resolved 265, reused 265, downloaded 0, added 261
Progress: resolved 265, reused 265, downloaded 0, added 263
Progress: resolved 265, reused 265, downloaded 0, added 264
Progress: resolved 265, reused 265, downloaded 0, added 265
Progress: resolved 265, reused 265, downloaded 0, added 265, done

dependencies:
+ @google/genai 1.13.0
+ lucide-react 0.511.0
+ react 19.2.4
+ react-dom 19.2.4

devDependencies:
+ @testing-library/jest-dom 6.9.1
+ @testing-library/react 16.3.2
+ @testing-library/user-event 14.6.1
+ @types/node 22.17.1
+ @vitest/coverage-v8 3.2.4
+ @vitest/ui 3.2.4
+ jsdom 26.1.0
+ serve 14.2.5
+ typescript 5.8.3
+ vite 7.3.1
+ vitest 3.2.4

Done in 40.2s using pnpm v10.30.1
