[65] Installing: ckt-utas-modern-website
Lockfile is up to date, resolution step is skipped
Progress: resolved 1, reused 0, downloaded 0, added 0
Packages: +287
++++++++++++++++++++++++++++++++++++++++++++++++++++++++++++++++++++++++++++++++
Progress: resolved 287, reused 28, downloaded 0, added 0
Progress: resolved 287, reused 73, downloaded 0, added 0
Progress: resolved 287, reused 256, downloaded 0, added 0
Progress: resolved 287, reused 286, downloaded 0, added 5
Progress: resolved 287, reused 286, downloaded 0, added 25
Progress: resolved 287, reused 286, downloaded 0, added 34
Progress: resolved 287, reused 286, downloaded 0, added 41
Progress: resolved 287, reused 286, downloaded 0, added 56
Progress: resolved 287, reused 287, downloaded 0, added 70
Progress: resolved 287, reused 287, downloaded 0, added 89
Progress: resolved 287, reused 287, downloaded 0, added 107
Progress: resolved 287, reused 287, downloaded 0, added 116
Progress: resolved 287, reused 287, downloaded 0, added 135
Progress: resolved 287, reused 287, downloaded 0, added 158
Progress: resolved 287, reused 287, downloaded 0, added 173
Progress: resolved 287, reused 287, downloaded 0, added 202
Progress: resolved 287, reused 287, downloaded 0, added 217
Progress: resolved 287, reused 287, downloaded 0, added 234
Progress: resolved 287, reused 287, downloaded 0, added 280
Progress: resolved 287, reused 287, downloaded 0, added 283
Progress: resolved 287, reused 287, downloaded 0, added 285
Progress: resolved 287, reused 287, downloaded 0, added 286
Progress: resolved 287, reused 287, downloaded 0, added 287
Progress: resolved 287, reused 287, downloaded 0, added 287, done

dependencies:
+ lucide-react 0.554.0
+ react 19.2.4
+ react-dom 19.2.4
+ react-router-dom 7.13.1

devDependencies:
+ @testing-library/jest-dom 6.9.1
+ @testing-library/react 16.3.2
+ @testing-library/user-event 14.6.1
+ @types/node 24.10.1
+ @vitejs/plugin-react 5.1.1
+ @vitest/coverage-v8 3.2.4
+ @vitest/ui 3.2.4
+ jsdom 26.1.0
+ serve 14.2.5
+ typescript 5.9.3
+ vite 7.3.1
+ vitest 3.2.4

Done in 1m 7.2s using pnpm v10.30.1
