[66] Installing: class4-digital-learning
Lockfile is up to date, resolution step is skipped
Progress: resolved 1, reused 0, downloaded 0, added 0
Packages: +495
++++++++++++++++++++++++++++++++++++++++++++++++++++++++++++++++++++++++++++++++
Progress: resolved 495, reused 26, downloaded 0, added 0
Progress: resolved 495, reused 85, downloaded 0, added 0
Progress: resolved 495, reused 247, downloaded 0, added 0
Progress: resolved 495, reused 253, downloaded 0, added 0
Progress: resolved 495, reused 336, downloaded 0, added 0
Progress: resolved 495, reused 394, downloaded 0, added 0
Progress: resolved 495, reused 407, downloaded 0, added 0
Progress: resolved 495, reused 449, downloaded 0, added 0
Progress: resolved 495, reused 495, downloaded 0, added 3
Progress: resolved 495, reused 495, downloaded 0, added 10
Progress: resolved 495, reused 495, downloaded 0, added 20
Progress: resolved 495, reused 495, downloaded 0, added 41
Progress: resolved 495, reused 495, downloaded 0, added 50
Progress: resolved 495, reused 495, downloaded 0, added 57
Progress: resolved 495, reused 495, downloaded 0, added 68
Progress: resolved 495, reused 495, downloaded 0, added 69
Progress: resolved 495, reused 495, downloaded 0, added 92
Progress: resolved 495, reused 495, downloaded 0, added 126
Progress: resolved 495, reused 495, downloaded 0, added 155
Progress: resolved 495, reused 495, downloaded 0, added 204
Progress: resolved 495, reused 495, downloaded 0, added 233
Progress: resolved 495, reused 495, downloaded 0, added 237
Progress: resolved 495, reused 495, downloaded 0, added 238
Progress: resolved 495, reused 495, downloaded 0, added 240
Progress: resolved 495, reused 495, downloaded 0, added 247
Progress: resolved 495, reused 495, downloaded 0, added 266
Progress: resolved 495, reused 495, downloaded 0, added 268
Progress: resolved 495, reused 495, downloaded 0, added 273
Progress: resolved 495, reused 495, downloaded 0, added 306
Progress: resolved 495, reused 495, downloaded 0, added 332
Progress: resolved 495, reused 495, downloaded 0, added 335
Progress: resolved 495, reused 495, downloaded 0, added 343
Progress: resolved 495, reused 495, downloaded 0, added 387
Progress: resolved 495, reused 495, downloaded 0, added 390
Progress: resolved 495, reused 495, downloaded 0, added 397
Progress: resolved 495, reused 495, downloaded 0, added 453
Progress: resolved 495, reused 495, downloaded 0, added 490
Progress: resolved 495, reused 495, downloaded 0, added 493
Progress: resolved 495, reused 495, downloaded 0, added 494
Progress: resolved 495, reused 495, downloaded 0, added 495
Progress: resolved 495, reused 495, downloaded 0, added 495, done

dependencies:
+ framer-motion 10.18.0
+ lucide-react 0.263.1
+ react 19.2.4
+ react-dom 19.2.4
+ react-router-dom 6.30.3

devDependencies:
+ @tailwindcss/vite 4.2.1
+ @testing-library/jest-dom 6.9.1
+ @testing-library/react 16.3.2
+ @testing-library/user-event 14.6.1
+ @types/react 19.2.14
+ @types/react-dom 19.2.3
+ @vitejs/plugin-react 4.7.0
+ @vitest/coverage-v8 3.2.4
+ @vitest/ui 3.2.4
+ eslint 8.57.1
+ eslint-plugin-react 7.37.5
+ eslint-plugin-react-hooks 4.6.2
+ eslint-plugin-react-refresh 0.4.26
+ jsdom 26.1.0
+ serve 14.2.5
+ tailwindcss 4.2.1
+ typescript 5.9.3
+ vite 7.3.1
+ vitest 3.2.4

╭ Warning ─────────────────────────────────────────────────────────────────────╮
│                                                                              │
│   Ignored build scripts: esbuild@0.27.3.                                     │
│   Run "pnpm approve-builds" to pick which dependencies should be allowed     │
│   to run scripts.                                                            │
│                                                                              │
╰──────────────────────────────────────────────────────────────────────────────╯
Done in 55.8s using pnpm v10.30.1
