[67] Installing: climate-impact-modeler
Lockfile is up to date, resolution step is skipped
Progress: resolved 1, reused 0, downloaded 0, added 0
Packages: +454
++++++++++++++++++++++++++++++++++++++++++++++++++++++++++++++++++++++++++++++++
Progress: resolved 454, reused 63, downloaded 0, added 0
Progress: resolved 454, reused 64, downloaded 0, added 0
Progress: resolved 454, reused 103, downloaded 0, added 0
Progress: resolved 454, reused 184, downloaded 0, added 0
Progress: resolved 454, reused 270, downloaded 0, added 0
Progress: resolved 454, reused 287, downloaded 0, added 0
Progress: resolved 454, reused 306, downloaded 0, added 0
Progress: resolved 454, reused 313, downloaded 0, added 0
Progress: resolved 454, reused 362, downloaded 0, added 0
Progress: resolved 454, reused 436, downloaded 0, added 0
Progress: resolved 454, reused 448, downloaded 0, added 0
Progress: resolved 454, reused 451, downloaded 0, added 8
Progress: resolved 454, reused 451, downloaded 0, added 14
Progress: resolved 454, reused 451, downloaded 0, added 17
Progress: resolved 454, reused 451, downloaded 0, added 19
Progress: resolved 454, reused 451, downloaded 0, added 31
Progress: resolved 454, reused 451, downloaded 0, added 67
Progress: resolved 454, reused 451, downloaded 0, added 79
Progress: resolved 454, reused 451, downloaded 0, added 92
Progress: resolved 454, reused 451, downloaded 0, added 102
Progress: resolved 454, reused 451, downloaded 0, added 112
Progress: resolved 454, reused 451, downloaded 0, added 124
Progress: resolved 454, reused 452, downloaded 0, added 143
Progress: resolved 454, reused 452, downloaded 0, added 154
Progress: resolved 454, reused 452, downloaded 0, added 158
Progress: resolved 454, reused 453, downloaded 0, added 171
Progress: resolved 454, reused 453, downloaded 0, added 190
Progress: resolved 454, reused 453, downloaded 0, added 193
Progress: resolved 454, reused 453, downloaded 0, added 194
Progress: resolved 454, reused 453, downloaded 0, added 205
Progress: resolved 454, reused 453, downloaded 0, added 207
Progress: resolved 454, reused 453, downloaded 0, added 238
Progress: resolved 454, reused 453, downloaded 0, added 268
Progress: resolved 454, reused 453, downloaded 0, added 269
Progress: resolved 454, reused 453, downloaded 0, added 271
Progress: resolved 454, reused 453, downloaded 0, added 275
Progress: resolved 454, reused 453, downloaded 0, added 279
Progress: resolved 454, reused 453, downloaded 0, added 283
Progress: resolved 454, reused 453, downloaded 0, added 292
Progress: resolved 454, reused 453, downloaded 0, added 297
Progress: resolved 454, reused 453, downloaded 0, added 298
Progress: resolved 454, reused 453, downloaded 0, added 311
Progress: resolved 454, reused 453, downloaded 0, added 318
Progress: resolved 454, reused 453, downloaded 0, added 322
Progress: resolved 454, reused 453, downloaded 0, added 332
Progress: resolved 454, reused 453, downloaded 0, added 334
Progress: resolved 454, reused 453, downloaded 0, added 348
Progress: resolved 454, reused 453, downloaded 0, added 349
Progress: resolved 454, reused 453, downloaded 0, added 350
Progress: resolved 454, reused 453, downloaded 0, added 351
Progress: resolved 454, reused 453, downloaded 0, added 367
Progress: resolved 454, reused 453, downloaded 0, added 381
Progress: resolved 454, reused 453, downloaded 0, added 415
Progress: resolved 454, reused 453, downloaded 0, added 433
Progress: resolved 454, reused 453, downloaded 0, added 447
Progress: resolved 454, reused 453, downloaded 0, added 449
Progress: resolved 454, reused 453, downloaded 0, added 450
Progress: resolved 454, reused 453, downloaded 0, added 451
Progress: resolved 454, reused 454, downloaded 0, added 451
Progress: resolved 454, reused 454, downloaded 0, added 452
Progress: resolved 454, reused 454, downloaded 0, added 453
Progress: resolved 454, reused 454, downloaded 0, added 454
Progress: resolved 454, reused 454, downloaded 0, added 454, done

dependencies:
+ @google/genai 1.43.0
+ @tailwindcss/vite 4.2.1
+ @vitejs/plugin-react 5.1.4
+ axios 1.13.6
+ better-sqlite3 12.6.2
+ clsx 2.1.1
+ date-fns 4.1.0
+ dotenv 17.3.1
+ express 4.22.1
+ framer-motion 12.34.3
+ lucide-react 0.546.0
+ motion 12.34.3
+ react 19.2.4
+ react-dom 19.2.4
+ react-router-dom 7.13.1
+ recharts 3.7.0
+ tailwind-merge 3.5.0
+ vite 6.4.1
+ zustand 5.0.11

devDependencies:
+ @testing-library/jest-dom 6.9.1
+ @testing-library/react 16.3.2
+ @testing-library/user-event 14.6.1
+ @types/express 4.17.25
+ @types/node 22.19.13
+ @types/react-router-dom 5.3.3
+ @vitest/coverage-v8 3.2.4
+ @vitest/ui 3.2.4
+ autoprefixer 10.4.27
+ jsdom 26.1.0
+ tailwindcss 4.2.1
+ tsx 4.21.0
+ typescript 5.8.3
+ vitest 3.2.4

╭ Warning ─────────────────────────────────────────────────────────────────────╮
│                                                                              │
│   Ignored build scripts: better-sqlite3@12.6.2, esbuild@0.25.12,             │
│   esbuild@0.27.3, protobufjs@7.5.4.                                          │
│   Run "pnpm approve-builds" to pick which dependencies should be allowed     │
│   to run scripts.                                                            │
│                                                                              │
╰──────────────────────────────────────────────────────────────────────────────╯
Done in 2m 17.2s using pnpm v10.32.1
