[68] Installing: climate-impact-twin
Lockfile is up to date, resolution step is skipped
Progress: resolved 1, reused 0, downloaded 0, added 0
Packages: +454
++++++++++++++++++++++++++++++++++++++++++++++++++++++++++++++++++++++++++++++++
Progress: resolved 454, reused 35, downloaded 0, added 0
Progress: resolved 454, reused 63, downloaded 0, added 0
Progress: resolved 454, reused 83, downloaded 0, added 0
Progress: resolved 454, reused 137, downloaded 0, added 0
Progress: resolved 454, reused 208, downloaded 0, added 0
Progress: resolved 454, reused 276, downloaded 0, added 0
Progress: resolved 454, reused 297, downloaded 0, added 0
Progress: resolved 454, reused 307, downloaded 0, added 0
Progress: resolved 454, reused 317, downloaded 0, added 0
Progress: resolved 454, reused 406, downloaded 0, added 0
Progress: resolved 454, reused 440, downloaded 0, added 0
Progress: resolved 454, reused 450, downloaded 0, added 1
Progress: resolved 454, reused 451, downloaded 0, added 12
Progress: resolved 454, reused 451, downloaded 0, added 14
Progress: resolved 454, reused 451, downloaded 0, added 17
Progress: resolved 454, reused 451, downloaded 0, added 26
Progress: resolved 454, reused 451, downloaded 0, added 43
Progress: resolved 454, reused 451, downloaded 0, added 72
Progress: resolved 454, reused 451, downloaded 0, added 83
Progress: resolved 454, reused 451, downloaded 0, added 93
Progress: resolved 454, reused 451, downloaded 0, added 107
Progress: resolved 454, reused 451, downloaded 0, added 115
Progress: resolved 454, reused 451, downloaded 0, added 132
Progress: resolved 454, reused 452, downloaded 0, added 145
Progress: resolved 454, reused 452, downloaded 0, added 153
Progress: resolved 454, reused 452, downloaded 0, added 158
Progress: resolved 454, reused 453, downloaded 0, added 169
Progress: resolved 454, reused 453, downloaded 0, added 190
Progress: resolved 454, reused 453, downloaded 0, added 191
Progress: resolved 454, reused 453, downloaded 0, added 195
Progress: resolved 454, reused 453, downloaded 0, added 207
Progress: resolved 454, reused 453, downloaded 0, added 213
Progress: resolved 454, reused 453, downloaded 0, added 249
Progress: resolved 454, reused 453, downloaded 0, added 269
Progress: resolved 454, reused 453, downloaded 0, added 270
Progress: resolved 454, reused 453, downloaded 0, added 271
Progress: resolved 454, reused 453, downloaded 0, added 277
Progress: resolved 454, reused 453, downloaded 0, added 279
Progress: resolved 454, reused 453, downloaded 0, added 286
Progress: resolved 454, reused 453, downloaded 0, added 291
Progress: resolved 454, reused 453, downloaded 0, added 297
Progress: resolved 454, reused 453, downloaded 0, added 303
Progress: resolved 454, reused 453, downloaded 0, added 311
Progress: resolved 454, reused 453, downloaded 0, added 320
Progress: resolved 454, reused 453, downloaded 0, added 321
Progress: resolved 454, reused 453, downloaded 0, added 334
Progress: resolved 454, reused 453, downloaded 0, added 336
Progress: resolved 454, reused 453, downloaded 0, added 353
Progress: resolved 454, reused 453, downloaded 0, added 354
Progress: resolved 454, reused 453, downloaded 0, added 361
Progress: resolved 454, reused 453, downloaded 0, added 380
Progress: resolved 454, reused 453, downloaded 0, added 412
Progress: resolved 454, reused 453, downloaded 0, added 425
Progress: resolved 454, reused 453, downloaded 0, added 447
Progress: resolved 454, reused 453, downloaded 0, added 449
Progress: resolved 454, reused 453, downloaded 0, added 450
Progress: resolved 454, reused 453, downloaded 0, added 451
Progress: resolved 454, reused 454, downloaded 0, added 451
Progress: resolved 454, reused 454, downloaded 0, added 452
Progress: resolved 454, reused 454, downloaded 0, added 453
Progress: resolved 454, reused 454, downloaded 0, added 454
Progress: resolved 454, reused 454, downloaded 0, added 454, done

dependencies:
+ @google/genai 1.43.0
+ @tailwindcss/vite 4.2.1
+ @vitejs/plugin-react 5.1.4
+ axios 1.13.6
+ better-sqlite3 12.6.2
+ clsx 2.1.1
+ date-fns 4.1.0
+ dotenv 17.3.1
+ express 4.22.1
+ framer-motion 12.34.3
+ lucide-react 0.546.0
+ motion 12.34.3
+ react 19.2.4
+ react-dom 19.2.4
+ react-router-dom 7.13.1
+ recharts 3.7.0
+ tailwind-merge 3.5.0
+ vite 6.4.1
+ zustand 5.0.11

devDependencies:
+ @testing-library/jest-dom 6.9.1
+ @testing-library/react 16.3.2
+ @testing-library/user-event 14.6.1
+ @types/express 4.17.25
+ @types/node 22.19.13
+ @types/react-router-dom 5.3.3
+ @vitest/coverage-v8 3.2.4
+ @vitest/ui 3.2.4
+ autoprefixer 10.4.27
+ jsdom 26.1.0
+ tailwindcss 4.2.1
+ tsx 4.21.0
+ typescript 5.8.3
+ vitest 3.2.4

╭ Warning ─────────────────────────────────────────────────────────────────────╮
│                                                                              │
│   Ignored build scripts: better-sqlite3@12.6.2, esbuild@0.25.12,             │
│   esbuild@0.27.3, protobufjs@7.5.4.                                          │
│   Run "pnpm approve-builds" to pick which dependencies should be allowed     │
│   to run scripts.                                                            │
│                                                                              │
╰──────────────────────────────────────────────────────────────────────────────╯
Done in 2m 10.5s using pnpm v10.32.1
