[69] Installing: clipai
Lockfile is up to date, resolution step is skipped
Progress: resolved 1, reused 0, downloaded 0, added 0
Packages: +264
++++++++++++++++++++++++++++++++++++++++++++++++++++++++++++++++++++++++++++++++
Progress: resolved 264, reused 79, downloaded 0, added 0
Progress: resolved 264, reused 144, downloaded 0, added 0
Progress: resolved 264, reused 231, downloaded 0, added 0
Progress: resolved 264, reused 263, downloaded 0, added 0
Progress: resolved 264, reused 263, downloaded 0, added 1
Progress: resolved 264, reused 263, downloaded 0, added 19
Progress: resolved 264, reused 263, downloaded 0, added 36
Progress: resolved 264, reused 263, downloaded 0, added 75
Progress: resolved 264, reused 264, downloaded 0, added 81
Progress: resolved 264, reused 264, downloaded 0, added 91
Progress: resolved 264, reused 264, downloaded 0, added 98
Progress: resolved 264, reused 264, downloaded 0, added 115
Progress: resolved 264, reused 264, downloaded 0, added 118
Progress: resolved 264, reused 264, downloaded 0, added 129
Progress: resolved 264, reused 264, downloaded 0, added 140
Progress: resolved 264, reused 264, downloaded 0, added 156
Progress: resolved 264, reused 264, downloaded 0, added 162
Progress: resolved 264, reused 264, downloaded 0, added 179
Progress: resolved 264, reused 264, downloaded 0, added 201
Progress: resolved 264, reused 264, downloaded 0, added 233
Progress: resolved 264, reused 264, downloaded 0, added 250
Progress: resolved 264, reused 264, downloaded 0, added 261
Progress: resolved 264, reused 264, downloaded 0, added 262
Progress: resolved 264, reused 264, downloaded 0, added 263
Progress: resolved 264, reused 264, downloaded 0, added 264
Progress: resolved 264, reused 264, downloaded 0, added 264, done

dependencies:
+ @google/genai 1.28.0
+ jspdf 3.0.3
+ react 19.2.4
+ react-dom 19.2.4

devDependencies:
+ @testing-library/jest-dom 6.9.1
+ @testing-library/react 16.3.2
+ @testing-library/user-event 14.6.1
+ @types/node 24.10.0
+ @vitejs/plugin-react 5.1.0
+ @vitest/coverage-v8 3.2.4
+ @vitest/ui 3.2.4
+ jsdom 26.1.0
+ typescript 5.9.3
+ vite 7.1.12
+ vitest 3.2.4

Done in 41.8s using pnpm v10.32.1
