[72] Installing: community-plates.v1
Lockfile is up to date, resolution step is skipped
Progress: resolved 1, reused 0, downloaded 0, added 0
Packages: +269
++++++++++++++++++++++++++++++++++++++++++++++++++++++++++++++++++++++++++++++++
Progress: resolved 269, reused 36, downloaded 0, added 0
Progress: resolved 269, reused 79, downloaded 0, added 0
Progress: resolved 269, reused 171, downloaded 0, added 0
Progress: resolved 269, reused 225, downloaded 0, added 0
Progress: resolved 269, reused 266, downloaded 0, added 7
Progress: resolved 269, reused 267, downloaded 0, added 22
Progress: resolved 269, reused 267, downloaded 0, added 41
Progress: resolved 269, reused 267, downloaded 0, added 48
Progress: resolved 269, reused 269, downloaded 0, added 70
Progress: resolved 269, reused 269, downloaded 0, added 77
Progress: resolved 269, reused 269, downloaded 0, added 116
Progress: resolved 269, reused 269, downloaded 0, added 126
Progress: resolved 269, reused 269, downloaded 0, added 144
Progress: resolved 269, reused 269, downloaded 0, added 155
Progress: resolved 269, reused 269, downloaded 0, added 184
Progress: resolved 269, reused 269, downloaded 0, added 193
Progress: resolved 269, reused 269, downloaded 0, added 202
Progress: resolved 269, reused 269, downloaded 0, added 209
Progress: resolved 269, reused 269, downloaded 0, added 225
Progress: resolved 269, reused 269, downloaded 0, added 234
Progress: resolved 269, reused 269, downloaded 0, added 260
Progress: resolved 269, reused 269, downloaded 0, added 265
Progress: resolved 269, reused 269, downloaded 0, added 266
Progress: resolved 269, reused 269, downloaded 0, added 267
Progress: resolved 269, reused 269, downloaded 0, added 268
Progress: resolved 269, reused 269, downloaded 0, added 269
Progress: resolved 269, reused 269, downloaded 0, added 269, done

dependencies:
+ @google/genai 1.11.0
+ lucide-react 0.400.0
+ react 19.2.4
+ react-dom 19.2.4
+ react-router-dom 7.13.1

devDependencies:
+ @testing-library/jest-dom 6.9.1
+ @testing-library/react 16.3.2
+ @testing-library/user-event 14.6.1
+ @types/node 22.16.5
+ @vitest/coverage-v8 3.2.4
+ @vitest/ui 3.2.4
+ jsdom 26.1.0
+ serve 14.2.5
+ typescript 5.7.3
+ vite 7.3.1
+ vitest 3.2.4

Done in 42.4s using pnpm v10.30.1
