[74] Installing: compliance-workflow-dashboard
Lockfile is up to date, resolution step is skipped
Progress: resolved 1, reused 0, downloaded 0, added 0
Packages: +243
++++++++++++++++++++++++++++++++++++++++++++++++++++++++++++++++++++++++++++++++
Progress: resolved 243, reused 14, downloaded 0, added 0
Progress: resolved 243, reused 94, downloaded 0, added 0
Progress: resolved 243, reused 199, downloaded 0, added 0
Progress: resolved 243, reused 240, downloaded 0, added 7
Progress: resolved 243, reused 242, downloaded 0, added 26
Progress: resolved 243, reused 243, downloaded 0, added 39
Progress: resolved 243, reused 243, downloaded 0, added 69
Progress: resolved 243, reused 243, downloaded 0, added 77
Progress: resolved 243, reused 243, downloaded 0, added 89
Progress: resolved 243, reused 243, downloaded 0, added 101
Progress: resolved 243, reused 243, downloaded 0, added 114
Progress: resolved 243, reused 243, downloaded 0, added 127
Progress: resolved 243, reused 243, downloaded 0, added 150
Progress: resolved 243, reused 243, downloaded 0, added 174
Progress: resolved 243, reused 243, downloaded 0, added 192
Progress: resolved 243, reused 243, downloaded 0, added 213
Progress: resolved 243, reused 243, downloaded 0, added 215
Progress: resolved 243, reused 243, downloaded 0, added 237
Progress: resolved 243, reused 243, downloaded 0, added 238
Progress: resolved 243, reused 243, downloaded 0, added 239
Progress: resolved 243, reused 243, downloaded 0, added 240
Progress: resolved 243, reused 243, downloaded 0, added 241
Progress: resolved 243, reused 243, downloaded 0, added 242
Progress: resolved 243, reused 243, downloaded 0, added 243, done

dependencies:
+ @google/genai 1.29.1
+ react 19.2.4
+ react-dom 19.2.4

devDependencies:
+ @testing-library/jest-dom 6.9.1
+ @testing-library/react 16.3.2
+ @testing-library/user-event 14.6.1
+ @types/node 24.10.1
+ @vitejs/plugin-react 5.1.1
+ @vitest/coverage-v8 3.2.4
+ @vitest/ui 3.2.4
+ jsdom 26.1.0
+ typescript 5.9.3
+ vite 7.2.2
+ vitest 3.2.4

Done in 30.2s using pnpm v10.32.1
