[73] Installing: complaint-resolution-system
Lockfile is up to date, resolution step is skipped
Progress: resolved 1, reused 0, downloaded 0, added 0
Packages: +155
++++++++++++++++++++++++++++++++++++++++++++++++++++++++++++++++++++++++++++++++
Progress: resolved 155, reused 82, downloaded 0, added 0
Progress: resolved 155, reused 148, downloaded 0, added 0
Progress: resolved 155, reused 155, downloaded 0, added 20
Progress: resolved 155, reused 155, downloaded 0, added 42
Progress: resolved 155, reused 155, downloaded 0, added 79
Progress: resolved 155, reused 155, downloaded 0, added 96
Progress: resolved 155, reused 155, downloaded 0, added 107
Progress: resolved 155, reused 155, downloaded 0, added 124
Progress: resolved 155, reused 155, downloaded 0, added 129
Progress: resolved 155, reused 155, downloaded 0, added 131
Progress: resolved 155, reused 155, downloaded 0, added 132
Progress: resolved 155, reused 155, downloaded 0, added 141
Progress: resolved 155, reused 155, downloaded 0, added 143
Progress: resolved 155, reused 155, downloaded 0, added 150
Progress: resolved 155, reused 155, downloaded 0, added 153
Progress: resolved 155, reused 155, downloaded 0, added 154
Progress: resolved 155, reused 155, downloaded 0, added 155, done

dependencies:
+ cors 2.8.6
+ dotenv 16.6.1
+ express 5.2.1
+ mysql2 3.19.1
+ uuid 11.1.0

devDependencies:
+ nodemon 3.1.14
+ vitest 3.2.4

╭ Warning ─────────────────────────────────────────────────────────────────────╮
│                                                                              │
│   Ignored build scripts: esbuild@0.27.3.                                     │
│   Run "pnpm approve-builds" to pick which dependencies should be allowed     │
│   to run scripts.                                                            │
│                                                                              │
╰──────────────────────────────────────────────────────────────────────────────╯
Done in 21.9s using pnpm v10.32.1
