[75] Installing: container-health-auditor-2
Lockfile is up to date, resolution step is skipped
Progress: resolved 1, reused 0, downloaded 0, added 0
Packages: +504
++++++++++++++++++++++++++++++++++++++++++++++++++++++++++++++++++++++++++++++++
Progress: resolved 504, reused 61, downloaded 0, added 0
Progress: resolved 504, reused 113, downloaded 0, added 0
Progress: resolved 504, reused 157, downloaded 0, added 0
Progress: resolved 504, reused 206, downloaded 0, added 0
Progress: resolved 504, reused 270, downloaded 0, added 0
Progress: resolved 504, reused 279, downloaded 0, added 0
Progress: resolved 504, reused 280, downloaded 0, added 0
Progress: resolved 504, reused 288, downloaded 0, added 0
Progress: resolved 504, reused 299, downloaded 0, added 0
Progress: resolved 504, reused 315, downloaded 0, added 0
Progress: resolved 504, reused 331, downloaded 0, added 0
Progress: resolved 504, reused 357, downloaded 0, added 0
Progress: resolved 504, reused 372, downloaded 0, added 0
Progress: resolved 504, reused 385, downloaded 0, added 0
Progress: resolved 504, reused 398, downloaded 0, added 0
Progress: resolved 504, reused 421, downloaded 0, added 0
Progress: resolved 504, reused 437, downloaded 0, added 0
Progress: resolved 504, reused 446, downloaded 0, added 0
Progress: resolved 504, reused 462, downloaded 0, added 0
Progress: resolved 504, reused 471, downloaded 0, added 0
Progress: resolved 504, reused 488, downloaded 0, added 0
Progress: resolved 504, reused 501, downloaded 0, added 6
Progress: resolved 504, reused 502, downloaded 0, added 16
Progress: resolved 504, reused 502, downloaded 0, added 24
Progress: resolved 504, reused 502, downloaded 0, added 29
Progress: resolved 504, reused 502, downloaded 0, added 44
Progress: resolved 504, reused 502, downloaded 0, added 51
Progress: resolved 504, reused 502, downloaded 0, added 62
Progress: resolved 504, reused 502, downloaded 0, added 66
Progress: resolved 504, reused 502, downloaded 0, added 67
Progress: resolved 504, reused 502, downloaded 0, added 68
Progress: resolved 504, reused 502, downloaded 0, added 69
Progress: resolved 504, reused 502, downloaded 0, added 73
Progress: resolved 504, reused 502, downloaded 0, added 78
Progress: resolved 504, reused 502, downloaded 0, added 80
Progress: resolved 504, reused 502, downloaded 0, added 82
Progress: resolved 504, reused 502, downloaded 0, added 88
Progress: resolved 504, reused 502, downloaded 0, added 97
Progress: resolved 504, reused 502, downloaded 0, added 113
Progress: resolved 504, reused 502, downloaded 0, added 119
Progress: resolved 504, reused 502, downloaded 0, added 133
Progress: resolved 504, reused 502, downloaded 0, added 134
Progress: resolved 504, reused 502, downloaded 0, added 143
Progress: resolved 504, reused 502, downloaded 0, added 151
Progress: resolved 504, reused 502, downloaded 0, added 160
Progress: resolved 504, reused 502, downloaded 0, added 164
Progress: resolved 504, reused 502, downloaded 0, added 165
Progress: resolved 504, reused 502, downloaded 0, added 187
Progress: resolved 504, reused 503, downloaded 0, added 200
Progress: resolved 504, reused 503, downloaded 0, added 235
Progress: resolved 504, reused 503, downloaded 0, added 275
Progress: resolved 504, reused 503, downloaded 0, added 279
Progress: resolved 504, reused 503, downloaded 0, added 293
Progress: resolved 504, reused 503, downloaded 0, added 294
Progress: resolved 504, reused 503, downloaded 0, added 310
Progress: resolved 504, reused 503, downloaded 0, added 314
Progress: resolved 504, reused 503, downloaded 0, added 325
Progress: resolved 504, reused 503, downloaded 0, added 334
Progress: resolved 504, reused 503, downloaded 0, added 349
Progress: resolved 504, reused 503, downloaded 0, added 370
Progress: resolved 504, reused 503, downloaded 0, added 388
Progress: resolved 504, reused 503, downloaded 0, added 413
Progress: resolved 504, reused 503, downloaded 0, added 421
Progress: resolved 504, reused 503, downloaded 0, added 444
Progress: resolved 504, reused 503, downloaded 0, added 448
Progress: resolved 504, reused 504, downloaded 0, added 494
Progress: resolved 504, reused 504, downloaded 0, added 498
Progress: resolved 504, reused 504, downloaded 0, added 501
Progress: resolved 504, reused 504, downloaded 0, added 502
Progress: resolved 504, reused 504, downloaded 0, added 503
Progress: resolved 504, reused 504, downloaded 0, added 504
Progress: resolved 504, reused 504, downloaded 0, added 504, done

dependencies:
+ @google/genai 1.43.0
+ @tailwindcss/vite 4.2.1
+ @vitejs/plugin-react 5.1.4
+ axios 1.13.6
+ better-sqlite3 12.6.2
+ clsx 2.1.1
+ date-fns 4.1.0
+ dotenv 17.3.1
+ express 4.22.1
+ framer-motion 12.34.3
+ lucide-react 0.546.0
+ motion 12.34.3
+ react 19.2.4
+ react-dom 19.2.4
+ react-router-dom 7.13.1
+ recharts 3.7.0
+ tailwind-merge 3.5.0
+ vite 6.4.1
+ zustand 5.0.11

devDependencies:
+ @testing-library/jest-dom 6.9.1
+ @testing-library/react 16.3.2
+ @testing-library/user-event 14.6.1
+ @types/express 4.17.25
+ @types/node 22.19.13
+ @types/react-router-dom 5.3.3
+ @vitest/coverage-v8 3.2.4
+ @vitest/ui 3.2.4
+ autoprefixer 10.4.27
+ jsdom 26.1.0
+ serve 14.2.6
+ tailwindcss 4.2.1
+ tsx 4.21.0
+ typescript 5.8.3
+ vitest 3.2.4

╭ Warning ─────────────────────────────────────────────────────────────────────╮
│                                                                              │
│   Ignored build scripts: better-sqlite3@12.6.2, esbuild@0.25.12,             │
│   esbuild@0.27.3, protobufjs@7.5.4.                                          │
│   Run "pnpm approve-builds" to pick which dependencies should be allowed     │
│   to run scripts.                                                            │
│                                                                              │
╰──────────────────────────────────────────────────────────────────────────────╯
Done in 1m 55.3s using pnpm v10.32.1
