[77] Installing: creativity-amplifier
Lockfile is up to date, resolution step is skipped
Progress: resolved 1, reused 0, downloaded 0, added 0
Packages: +454
++++++++++++++++++++++++++++++++++++++++++++++++++++++++++++++++++++++++++++++++
Progress: resolved 454, reused 0, downloaded 0, added 0
Progress: resolved 454, reused 117, downloaded 0, added 0
Progress: resolved 454, reused 220, downloaded 0, added 0
Progress: resolved 454, reused 289, downloaded 0, added 0
Progress: resolved 454, reused 312, downloaded 0, added 0
Progress: resolved 454, reused 355, downloaded 0, added 0
Progress: resolved 454, reused 452, downloaded 0, added 5
Progress: resolved 454, reused 452, downloaded 0, added 17
Progress: resolved 454, reused 452, downloaded 0, added 19
Progress: resolved 454, reused 452, downloaded 0, added 45
Progress: resolved 454, reused 452, downloaded 0, added 53
Progress: resolved 454, reused 452, downloaded 0, added 64
Progress: resolved 454, reused 452, downloaded 0, added 79
Progress: resolved 454, reused 452, downloaded 0, added 82
Progress: resolved 454, reused 452, downloaded 0, added 86
Progress: resolved 454, reused 452, downloaded 0, added 87
Progress: resolved 454, reused 452, downloaded 0, added 88
Progress: resolved 454, reused 452, downloaded 0, added 95
Progress: resolved 454, reused 452, downloaded 0, added 106
Progress: resolved 454, reused 452, downloaded 0, added 115
Progress: resolved 454, reused 452, downloaded 0, added 122
Progress: resolved 454, reused 452, downloaded 0, added 127
Progress: resolved 454, reused 452, downloaded 0, added 136
Progress: resolved 454, reused 452, downloaded 0, added 143
Progress: resolved 454, reused 452, downloaded 0, added 151
Progress: resolved 454, reused 452, downloaded 0, added 153
Progress: resolved 454, reused 452, downloaded 0, added 164
Progress: resolved 454, reused 452, downloaded 0, added 172
Progress: resolved 454, reused 452, downloaded 0, added 177
Progress: resolved 454, reused 452, downloaded 0, added 182
Progress: resolved 454, reused 452, downloaded 0, added 185
Progress: resolved 454, reused 452, downloaded 0, added 188
Progress: resolved 454, reused 452, downloaded 0, added 195
Progress: resolved 454, reused 452, downloaded 0, added 209
Progress: resolved 454, reused 452, downloaded 0, added 217
Progress: resolved 454, reused 452, downloaded 0, added 234
Progress: resolved 454, reused 452, downloaded 0, added 235
Progress: resolved 454, reused 452, downloaded 0, added 240
Progress: resolved 454, reused 452, downloaded 0, added 246
Progress: resolved 454, reused 452, downloaded 0, added 262
Progress: resolved 454, reused 453, downloaded 0, added 266
Progress: resolved 454, reused 453, downloaded 0, added 267
Progress: resolved 454, reused 453, downloaded 0, added 272
Progress: resolved 454, reused 453, downloaded 0, added 274
Progress: resolved 454, reused 453, downloaded 0, added 277
Progress: resolved 454, reused 453, downloaded 0, added 278
Progress: resolved 454, reused 453, downloaded 0, added 284
Progress: resolved 454, reused 453, downloaded 0, added 287
Progress: resolved 454, reused 453, downloaded 0, added 291
Progress: resolved 454, reused 453, downloaded 0, added 293
Progress: resolved 454, reused 453, downloaded 0, added 294
Progress: resolved 454, reused 453, downloaded 0, added 295
Progress: resolved 454, reused 453, downloaded 0, added 299
Progress: resolved 454, reused 453, downloaded 0, added 303
Progress: resolved 454, reused 453, downloaded 0, added 305
Progress: resolved 454, reused 453, downloaded 0, added 306
Progress: resolved 454, reused 453, downloaded 0, added 307
Progress: resolved 454, reused 453, downloaded 0, added 308
Progress: resolved 454, reused 453, downloaded 0, added 314
Progress: resolved 454, reused 453, downloaded 0, added 317
Progress: resolved 454, reused 453, downloaded 0, added 320
Progress: resolved 454, reused 453, downloaded 0, added 328
Progress: resolved 454, reused 453, downloaded 0, added 332
Progress: resolved 454, reused 453, downloaded 0, added 333
Progress: resolved 454, reused 453, downloaded 0, added 340
Progress: resolved 454, reused 453, downloaded 0, added 356
Progress: resolved 454, reused 453, downloaded 0, added 363
Progress: resolved 454, reused 453, downloaded 0, added 371
Progress: resolved 454, reused 454, downloaded 0, added 380
Progress: resolved 454, reused 454, downloaded 0, added 389
Progress: resolved 454, reused 454, downloaded 0, added 396
Progress: resolved 454, reused 454, downloaded 0, added 408
Progress: resolved 454, reused 454, downloaded 0, added 418
Progress: resolved 454, reused 454, downloaded 0, added 426
Progress: resolved 454, reused 454, downloaded 0, added 435
Progress: resolved 454, reused 454, downloaded 0, added 442
Progress: resolved 454, reused 454, downloaded 0, added 448
Progress: resolved 454, reused 454, downloaded 0, added 449
Progress: resolved 454, reused 454, downloaded 0, added 450
Progress: resolved 454, reused 454, downloaded 0, added 451
Progress: resolved 454, reused 454, downloaded 0, added 452
Progress: resolved 454, reused 454, downloaded 0, added 453
Progress: resolved 454, reused 454, downloaded 0, added 454
Progress: resolved 454, reused 454, downloaded 0, added 454, done

dependencies:
+ @google/genai 1.43.0
+ @tailwindcss/vite 4.2.1
+ @vitejs/plugin-react 5.1.4
+ axios 1.13.6
+ better-sqlite3 12.6.2
+ clsx 2.1.1
+ date-fns 4.1.0
+ dotenv 17.3.1
+ express 4.22.1
+ framer-motion 12.34.3
+ lucide-react 0.546.0
+ motion 12.34.3
+ react 19.2.4
+ react-dom 19.2.4
+ react-router-dom 7.13.1
+ recharts 3.7.0
+ tailwind-merge 3.5.0
+ vite 6.4.1
+ zustand 5.0.11

devDependencies:
+ @testing-library/jest-dom 6.9.1
+ @testing-library/react 16.3.2
+ @testing-library/user-event 14.6.1
+ @types/express 4.17.25
+ @types/node 22.19.13
+ @types/react-router-dom 5.3.3
+ @vitest/coverage-v8 3.2.4
+ @vitest/ui 3.2.4
+ autoprefixer 10.4.27
+ jsdom 26.1.0
+ tailwindcss 4.2.1
+ tsx 4.21.0
+ typescript 5.8.3
+ vitest 3.2.4

╭ Warning ─────────────────────────────────────────────────────────────────────╮
│                                                                              │
│   Ignored build scripts: better-sqlite3@12.6.2, esbuild@0.25.12,             │
│   esbuild@0.27.3, protobufjs@7.5.4.                                          │
│   Run "pnpm approve-builds" to pick which dependencies should be allowed     │
│   to run scripts.                                                            │
│                                                                              │
╰──────────────────────────────────────────────────────────────────────────────╯
Done in 2m 5.8s using pnpm v10.32.1
