[78] Installing: creoai
Lockfile is up to date, resolution step is skipped
Progress: resolved 1, reused 0, downloaded 0, added 0
Packages: +249
++++++++++++++++++++++++++++++++++++++++++++++++++++++++++++++++++++++++++++++++
Progress: resolved 249, reused 17, downloaded 0, added 0
Progress: resolved 249, reused 72, downloaded 0, added 0
Progress: resolved 249, reused 90, downloaded 0, added 0
Progress: resolved 249, reused 97, downloaded 0, added 0
Progress: resolved 249, reused 102, downloaded 0, added 0
Progress: resolved 249, reused 127, downloaded 0, added 0
Progress: resolved 249, reused 203, downloaded 0, added 0
Progress: resolved 249, reused 247, downloaded 0, added 12
Progress: resolved 249, reused 248, downloaded 0, added 20
Progress: resolved 249, reused 248, downloaded 0, added 65
Progress: resolved 249, reused 249, downloaded 0, added 85
Progress: resolved 249, reused 249, downloaded 0, added 90
Progress: resolved 249, reused 249, downloaded 0, added 97
Progress: resolved 249, reused 249, downloaded 0, added 100
Progress: resolved 249, reused 249, downloaded 0, added 110
Progress: resolved 249, reused 249, downloaded 0, added 128
Progress: resolved 249, reused 249, downloaded 0, added 142
Progress: resolved 249, reused 249, downloaded 0, added 171
Progress: resolved 249, reused 249, downloaded 0, added 187
Progress: resolved 249, reused 249, downloaded 0, added 205
Progress: resolved 249, reused 249, downloaded 0, added 240
Progress: resolved 249, reused 249, downloaded 0, added 246
Progress: resolved 249, reused 249, downloaded 0, added 248
Progress: resolved 249, reused 249, downloaded 0, added 249
Progress: resolved 249, reused 249, downloaded 0, added 249, done

dependencies:
+ @google/genai 1.29.0
+ html2canvas 1.4.1
+ lucide-react 0.553.0
+ react 19.2.4
+ react-dom 19.2.4

devDependencies:
+ @testing-library/jest-dom 6.9.1
+ @testing-library/react 16.3.2
+ @testing-library/user-event 14.6.1
+ @types/node 24.10.0
+ @vitejs/plugin-react 5.1.0
+ @vitest/coverage-v8 3.2.4
+ @vitest/ui 3.2.4
+ jsdom 26.1.0
+ typescript 5.9.3
+ vite 7.2.2
+ vitest 3.2.4

Done in 50.6s using pnpm v10.32.1
