[79] Installing: crisis-simulation-ai
Lockfile is up to date, resolution step is skipped
Progress: resolved 1, reused 0, downloaded 0, added 0
Packages: +454
++++++++++++++++++++++++++++++++++++++++++++++++++++++++++++++++++++++++++++++++
Progress: resolved 454, reused 10, downloaded 0, added 0
Progress: resolved 454, reused 69, downloaded 0, added 0
Progress: resolved 454, reused 177, downloaded 0, added 0
Progress: resolved 454, reused 285, downloaded 0, added 0
Progress: resolved 454, reused 304, downloaded 0, added 0
Progress: resolved 454, reused 334, downloaded 0, added 0
Progress: resolved 454, reused 452, downloaded 0, added 1
Progress: resolved 454, reused 452, downloaded 0, added 14
Progress: resolved 454, reused 452, downloaded 0, added 21
Progress: resolved 454, reused 452, downloaded 0, added 43
Progress: resolved 454, reused 452, downloaded 0, added 54
Progress: resolved 454, reused 452, downloaded 0, added 70
Progress: resolved 454, reused 452, downloaded 0, added 76
Progress: resolved 454, reused 452, downloaded 0, added 81
Progress: resolved 454, reused 452, downloaded 0, added 84
Progress: resolved 454, reused 452, downloaded 0, added 85
Progress: resolved 454, reused 452, downloaded 0, added 89
Progress: resolved 454, reused 452, downloaded 0, added 96
Progress: resolved 454, reused 452, downloaded 0, added 107
Progress: resolved 454, reused 452, downloaded 0, added 118
Progress: resolved 454, reused 452, downloaded 0, added 126
Progress: resolved 454, reused 452, downloaded 0, added 134
Progress: resolved 454, reused 452, downloaded 0, added 143
Progress: resolved 454, reused 452, downloaded 0, added 145
Progress: resolved 454, reused 452, downloaded 0, added 155
Progress: resolved 454, reused 452, downloaded 0, added 160
Progress: resolved 454, reused 452, downloaded 0, added 169
Progress: resolved 454, reused 452, downloaded 0, added 174
Progress: resolved 454, reused 452, downloaded 0, added 182
Progress: resolved 454, reused 452, downloaded 0, added 185
Progress: resolved 454, reused 452, downloaded 0, added 188
Progress: resolved 454, reused 452, downloaded 0, added 191
Progress: resolved 454, reused 452, downloaded 0, added 200
Progress: resolved 454, reused 452, downloaded 0, added 218
Progress: resolved 454, reused 452, downloaded 0, added 228
Progress: resolved 454, reused 452, downloaded 0, added 236
Progress: resolved 454, reused 452, downloaded 0, added 237
Progress: resolved 454, reused 452, downloaded 0, added 243
Progress: resolved 454, reused 452, downloaded 0, added 254
Progress: resolved 454, reused 453, downloaded 0, added 265
Progress: resolved 454, reused 453, downloaded 0, added 266
Progress: resolved 454, reused 453, downloaded 0, added 269
Progress: resolved 454, reused 453, downloaded 0, added 273
Progress: resolved 454, reused 453, downloaded 0, added 276
Progress: resolved 454, reused 453, downloaded 0, added 278
Progress: resolved 454, reused 453, downloaded 0, added 280
Progress: resolved 454, reused 453, downloaded 0, added 284
Progress: resolved 454, reused 453, downloaded 0, added 291
Progress: resolved 454, reused 453, downloaded 0, added 292
Progress: resolved 454, reused 453, downloaded 0, added 293
Progress: resolved 454, reused 453, downloaded 0, added 297
Progress: resolved 454, reused 453, downloaded 0, added 303
Progress: resolved 454, reused 453, downloaded 0, added 304
Progress: resolved 454, reused 453, downloaded 0, added 306
Progress: resolved 454, reused 453, downloaded 0, added 307
Progress: resolved 454, reused 453, downloaded 0, added 308
Progress: resolved 454, reused 453, downloaded 0, added 313
Progress: resolved 454, reused 453, downloaded 0, added 318
Progress: resolved 454, reused 453, downloaded 0, added 322
Progress: resolved 454, reused 453, downloaded 0, added 329
Progress: resolved 454, reused 453, downloaded 0, added 332
Progress: resolved 454, reused 453, downloaded 0, added 335
Progress: resolved 454, reused 453, downloaded 0, added 343
Progress: resolved 454, reused 453, downloaded 0, added 349
Progress: resolved 454, reused 453, downloaded 0, added 360
Progress: resolved 454, reused 453, downloaded 0, added 368
Progress: resolved 454, reused 454, downloaded 0, added 380
Progress: resolved 454, reused 454, downloaded 0, added 389
Progress: resolved 454, reused 454, downloaded 0, added 398
Progress: resolved 454, reused 454, downloaded 0, added 406
Progress: resolved 454, reused 454, downloaded 0, added 418
Progress: resolved 454, reused 454, downloaded 0, added 427
Progress: resolved 454, reused 454, downloaded 0, added 433
Progress: resolved 454, reused 454, downloaded 0, added 439
Progress: resolved 454, reused 454, downloaded 0, added 447
Progress: resolved 454, reused 454, downloaded 0, added 449
Progress: resolved 454, reused 454, downloaded 0, added 450
Progress: resolved 454, reused 454, downloaded 0, added 451
Progress: resolved 454, reused 454, downloaded 0, added 452
Progress: resolved 454, reused 454, downloaded 0, added 453
Progress: resolved 454, reused 454, downloaded 0, added 454
Progress: resolved 454, reused 454, downloaded 0, added 454, done

dependencies:
+ @google/genai 1.43.0
+ @tailwindcss/vite 4.2.1
+ @vitejs/plugin-react 5.1.4
+ axios 1.13.6
+ better-sqlite3 12.6.2
+ clsx 2.1.1
+ date-fns 4.1.0
+ dotenv 17.3.1
+ express 4.22.1
+ framer-motion 12.34.3
+ lucide-react 0.546.0
+ motion 12.34.3
+ react 19.2.4
+ react-dom 19.2.4
+ react-router-dom 7.13.1
+ recharts 3.7.0
+ tailwind-merge 3.5.0
+ vite 6.4.1
+ zustand 5.0.11

devDependencies:
+ @testing-library/jest-dom 6.9.1
+ @testing-library/react 16.3.2
+ @testing-library/user-event 14.6.1
+ @types/express 4.17.25
+ @types/node 22.19.13
+ @types/react-router-dom 5.3.3
+ @vitest/coverage-v8 3.2.4
+ @vitest/ui 3.2.4
+ autoprefixer 10.4.27
+ jsdom 26.1.0
+ tailwindcss 4.2.1
+ tsx 4.21.0
+ typescript 5.8.3
+ vitest 3.2.4

╭ Warning ─────────────────────────────────────────────────────────────────────╮
│                                                                              │
│   Ignored build scripts: better-sqlite3@12.6.2, esbuild@0.25.12,             │
│   esbuild@0.27.3, protobufjs@7.5.4.                                          │
│   Run "pnpm approve-builds" to pick which dependencies should be allowed     │
│   to run scripts.                                                            │
│                                                                              │
╰──────────────────────────────────────────────────────────────────────────────╯
Done in 2m 4.8s using pnpm v10.32.1
