[80] Installing: crop-yield-predictor
Lockfile is up to date, resolution step is skipped
Progress: resolved 1, reused 0, downloaded 0, added 0
Packages: +454
++++++++++++++++++++++++++++++++++++++++++++++++++++++++++++++++++++++++++++++++
Progress: resolved 454, reused 0, downloaded 0, added 0
Progress: resolved 454, reused 145, downloaded 0, added 0
Progress: resolved 454, reused 252, downloaded 0, added 0
Progress: resolved 454, reused 290, downloaded 0, added 0
Progress: resolved 454, reused 316, downloaded 0, added 0
Progress: resolved 454, reused 422, downloaded 0, added 0
Progress: resolved 454, reused 452, downloaded 0, added 9
Progress: resolved 454, reused 452, downloaded 0, added 17
Progress: resolved 454, reused 452, downloaded 0, added 26
Progress: resolved 454, reused 452, downloaded 0, added 50
Progress: resolved 454, reused 452, downloaded 0, added 63
Progress: resolved 454, reused 452, downloaded 0, added 73
Progress: resolved 454, reused 452, downloaded 0, added 80
Progress: resolved 454, reused 452, downloaded 0, added 87
Progress: resolved 454, reused 452, downloaded 0, added 88
Progress: resolved 454, reused 452, downloaded 0, added 89
Progress: resolved 454, reused 452, downloaded 0, added 97
Progress: resolved 454, reused 452, downloaded 0, added 107
Progress: resolved 454, reused 452, downloaded 0, added 118
Progress: resolved 454, reused 452, downloaded 0, added 123
Progress: resolved 454, reused 452, downloaded 0, added 129
Progress: resolved 454, reused 452, downloaded 0, added 139
Progress: resolved 454, reused 452, downloaded 0, added 140
Progress: resolved 454, reused 452, downloaded 0, added 147
Progress: resolved 454, reused 452, downloaded 0, added 152
Progress: resolved 454, reused 452, downloaded 0, added 162
Progress: resolved 454, reused 452, downloaded 0, added 169
Progress: resolved 454, reused 452, downloaded 0, added 176
Progress: resolved 454, reused 452, downloaded 0, added 180
Progress: resolved 454, reused 452, downloaded 0, added 184
Progress: resolved 454, reused 452, downloaded 0, added 189
Progress: resolved 454, reused 452, downloaded 0, added 198
Progress: resolved 454, reused 452, downloaded 0, added 215
Progress: resolved 454, reused 452, downloaded 0, added 224
Progress: resolved 454, reused 452, downloaded 0, added 236
Progress: resolved 454, reused 452, downloaded 0, added 237
Progress: resolved 454, reused 452, downloaded 0, added 238
Progress: resolved 454, reused 452, downloaded 0, added 242
Progress: resolved 454, reused 452, downloaded 0, added 251
Progress: resolved 454, reused 453, downloaded 0, added 267
Progress: resolved 454, reused 453, downloaded 0, added 268
Progress: resolved 454, reused 453, downloaded 0, added 269
Progress: resolved 454, reused 453, downloaded 0, added 271
Progress: resolved 454, reused 453, downloaded 0, added 274
Progress: resolved 454, reused 453, downloaded 0, added 276
Progress: resolved 454, reused 453, downloaded 0, added 281
Progress: resolved 454, reused 453, downloaded 0, added 284
Progress: resolved 454, reused 453, downloaded 0, added 290
Progress: resolved 454, reused 453, downloaded 0, added 291
Progress: resolved 454, reused 453, downloaded 0, added 292
Progress: resolved 454, reused 453, downloaded 0, added 293
Progress: resolved 454, reused 453, downloaded 0, added 299
Progress: resolved 454, reused 453, downloaded 0, added 303
Progress: resolved 454, reused 453, downloaded 0, added 304
Progress: resolved 454, reused 453, downloaded 0, added 306
Progress: resolved 454, reused 453, downloaded 0, added 307
Progress: resolved 454, reused 453, downloaded 0, added 308
Progress: resolved 454, reused 453, downloaded 0, added 314
Progress: resolved 454, reused 453, downloaded 0, added 317
Progress: resolved 454, reused 453, downloaded 0, added 322
Progress: resolved 454, reused 453, downloaded 0, added 329
Progress: resolved 454, reused 453, downloaded 0, added 332
Progress: resolved 454, reused 453, downloaded 0, added 333
Progress: resolved 454, reused 453, downloaded 0, added 337
Progress: resolved 454, reused 453, downloaded 0, added 353
Progress: resolved 454, reused 453, downloaded 0, added 362
Progress: resolved 454, reused 453, downloaded 0, added 370
Progress: resolved 454, reused 454, downloaded 0, added 380
Progress: resolved 454, reused 454, downloaded 0, added 388
Progress: resolved 454, reused 454, downloaded 0, added 399
Progress: resolved 454, reused 454, downloaded 0, added 408
Progress: resolved 454, reused 454, downloaded 0, added 418
Progress: resolved 454, reused 454, downloaded 0, added 426
Progress: resolved 454, reused 454, downloaded 0, added 436
Progress: resolved 454, reused 454, downloaded 0, added 442
Progress: resolved 454, reused 454, downloaded 0, added 447
Progress: resolved 454, reused 454, downloaded 0, added 449
Progress: resolved 454, reused 454, downloaded 0, added 451
Progress: resolved 454, reused 454, downloaded 0, added 452
Progress: resolved 454, reused 454, downloaded 0, added 453
Progress: resolved 454, reused 454, downloaded 0, added 454
Progress: resolved 454, reused 454, downloaded 0, added 454, done

dependencies:
+ @google/genai 1.43.0
+ @tailwindcss/vite 4.2.1
+ @vitejs/plugin-react 5.1.4
+ axios 1.13.6
+ better-sqlite3 12.6.2
+ clsx 2.1.1
+ date-fns 4.1.0
+ dotenv 17.3.1
+ express 4.22.1
+ framer-motion 12.34.3
+ lucide-react 0.546.0
+ motion 12.34.3
+ react 19.2.4
+ react-dom 19.2.4
+ react-router-dom 7.13.1
+ recharts 3.7.0
+ tailwind-merge 3.5.0
+ vite 6.4.1
+ zustand 5.0.11

devDependencies:
+ @testing-library/jest-dom 6.9.1
+ @testing-library/react 16.3.2
+ @testing-library/user-event 14.6.1
+ @types/express 4.17.25
+ @types/node 22.19.13
+ @types/react-router-dom 5.3.3
+ @vitest/coverage-v8 3.2.4
+ @vitest/ui 3.2.4
+ autoprefixer 10.4.27
+ jsdom 26.1.0
+ tailwindcss 4.2.1
+ tsx 4.21.0
+ typescript 5.8.3
+ vitest 3.2.4

╭ Warning ─────────────────────────────────────────────────────────────────────╮
│                                                                              │
│   Ignored build scripts: better-sqlite3@12.6.2, esbuild@0.25.12,             │
│   esbuild@0.27.3, protobufjs@7.5.4.                                          │
│   Run "pnpm approve-builds" to pick which dependencies should be allowed     │
│   to run scripts.                                                            │
│                                                                              │
╰──────────────────────────────────────────────────────────────────────────────╯
Done in 2m 5.2s using pnpm v10.32.1
