[81] Installing: cross-app-api-gateway
Lockfile is up to date, resolution step is skipped
Progress: resolved 1, reused 0, downloaded 0, added 0
Packages: +454
++++++++++++++++++++++++++++++++++++++++++++++++++++++++++++++++++++++++++++++++
Progress: resolved 454, reused 0, downloaded 0, added 0
Progress: resolved 454, reused 1, downloaded 0, added 0
Progress: resolved 454, reused 3, downloaded 0, added 0
Progress: resolved 454, reused 5, downloaded 0, added 0
Progress: resolved 454, reused 14, downloaded 0, added 0
Progress: resolved 454, reused 22, downloaded 0, added 0
Progress: resolved 454, reused 28, downloaded 0, added 0
Progress: resolved 454, reused 52, downloaded 0, added 0
Progress: resolved 454, reused 80, downloaded 0, added 0
Progress: resolved 454, reused 103, downloaded 0, added 0
Progress: resolved 454, reused 142, downloaded 0, added 0
Progress: resolved 454, reused 160, downloaded 0, added 0
Progress: resolved 454, reused 181, downloaded 0, added 0
Progress: resolved 454, reused 213, downloaded 0, added 0
Progress: resolved 454, reused 236, downloaded 0, added 0
Progress: resolved 454, reused 269, downloaded 0, added 0
Progress: resolved 454, reused 275, downloaded 0, added 0
Progress: resolved 454, reused 276, downloaded 0, added 0
Progress: resolved 454, reused 282, downloaded 0, added 0
Progress: resolved 454, reused 291, downloaded 0, added 0
Progress: resolved 454, reused 299, downloaded 0, added 0
Progress: resolved 454, reused 310, downloaded 0, added 0
Progress: resolved 454, reused 321, downloaded 0, added 0
Progress: resolved 454, reused 334, downloaded 0, added 0
Progress: resolved 454, reused 337, downloaded 0, added 0
Progress: resolved 454, reused 358, downloaded 0, added 0
Progress: resolved 454, reused 371, downloaded 0, added 0
Progress: resolved 454, reused 385, downloaded 0, added 0
Progress: resolved 454, reused 393, downloaded 0, added 0
Progress: resolved 454, reused 394, downloaded 0, added 0
Progress: resolved 454, reused 409, downloaded 0, added 0
Progress: resolved 454, reused 419, downloaded 0, added 0
Progress: resolved 454, reused 437, downloaded 0, added 0
Progress: resolved 454, reused 445, downloaded 0, added 0
Progress: resolved 454, reused 449, downloaded 0, added 0
Progress: resolved 454, reused 451, downloaded 0, added 4
Progress: resolved 454, reused 451, downloaded 0, added 14
Progress: resolved 454, reused 451, downloaded 0, added 19
Progress: resolved 454, reused 451, downloaded 0, added 23
Progress: resolved 454, reused 451, downloaded 0, added 25
Progress: resolved 454, reused 451, downloaded 0, added 35
Progress: resolved 454, reused 451, downloaded 0, added 45
Progress: resolved 454, reused 451, downloaded 0, added 53
Progress: resolved 454, reused 451, downloaded 0, added 65
Progress: resolved 454, reused 452, downloaded 0, added 71
Progress: resolved 454, reused 452, downloaded 0, added 72
Progress: resolved 454, reused 452, downloaded 0, added 75
Progress: resolved 454, reused 452, downloaded 0, added 77
Progress: resolved 454, reused 452, downloaded 0, added 81
Progress: resolved 454, reused 452, downloaded 0, added 82
Progress: resolved 454, reused 452, downloaded 0, added 91
Progress: resolved 454, reused 452, downloaded 0, added 96
Progress: resolved 454, reused 452, downloaded 0, added 106
Progress: resolved 454, reused 452, downloaded 0, added 111
Progress: resolved 454, reused 452, downloaded 0, added 121
Progress: resolved 454, reused 452, downloaded 0, added 124
Progress: resolved 454, reused 453, downloaded 0, added 130
Progress: resolved 454, reused 453, downloaded 0, added 135
Progress: resolved 454, reused 453, downloaded 0, added 138
Progress: resolved 454, reused 453, downloaded 0, added 144
Progress: resolved 454, reused 453, downloaded 0, added 150
Progress: resolved 454, reused 453, downloaded 0, added 153
Progress: resolved 454, reused 453, downloaded 0, added 154
Progress: resolved 454, reused 453, downloaded 0, added 158
Progress: resolved 454, reused 453, downloaded 0, added 167
Progress: resolved 454, reused 453, downloaded 0, added 172
Progress: resolved 454, reused 453, downloaded 0, added 181
Progress: resolved 454, reused 453, downloaded 0, added 189
Progress: resolved 454, reused 453, downloaded 0, added 190
Progress: resolved 454, reused 453, downloaded 0, added 206
Progress: resolved 454, reused 453, downloaded 0, added 211
Progress: resolved 454, reused 453, downloaded 0, added 227
Progress: resolved 454, reused 453, downloaded 0, added 240
Progress: resolved 454, reused 453, downloaded 0, added 243
Progress: resolved 454, reused 453, downloaded 0, added 266
Progress: resolved 454, reused 453, downloaded 0, added 270
Progress: resolved 454, reused 453, downloaded 0, added 272
Progress: resolved 454, reused 453, downloaded 0, added 274
Progress: resolved 454, reused 453, downloaded 0, added 278
Progress: resolved 454, reused 453, downloaded 0, added 283
Progress: resolved 454, reused 453, downloaded 0, added 284
Progress: resolved 454, reused 453, downloaded 0, added 287
Progress: resolved 454, reused 453, downloaded 0, added 288
Progress: resolved 454, reused 454, downloaded 0, added 290
Progress: resolved 454, reused 454, downloaded 0, added 294
Progress: resolved 454, reused 454, downloaded 0, added 296
Progress: resolved 454, reused 454, downloaded 0, added 297
Progress: resolved 454, reused 454, downloaded 0, added 302
Progress: resolved 454, reused 454, downloaded 0, added 305
Progress: resolved 454, reused 454, downloaded 0, added 306
Progress: resolved 454, reused 454, downloaded 0, added 310
Progress: resolved 454, reused 454, downloaded 0, added 311
Progress: resolved 454, reused 454, downloaded 0, added 314
Progress: resolved 454, reused 454, downloaded 0, added 315
Progress: resolved 454, reused 454, downloaded 0, added 316
Progress: resolved 454, reused 454, downloaded 0, added 317
Progress: resolved 454, reused 454, downloaded 0, added 324
Progress: resolved 454, reused 454, downloaded 0, added 326
Progress: resolved 454, reused 454, downloaded 0, added 330
Progress: resolved 454, reused 454, downloaded 0, added 331
Progress: resolved 454, reused 454, downloaded 0, added 332
Progress: resolved 454, reused 454, downloaded 0, added 338
Progress: resolved 454, reused 454, downloaded 0, added 357
Progress: resolved 454, reused 454, downloaded 0, added 361
Progress: resolved 454, reused 454, downloaded 0, added 371
Progress: resolved 454, reused 454, downloaded 0, added 381
Progress: resolved 454, reused 454, downloaded 0, added 382
Progress: resolved 454, reused 454, downloaded 0, added 391
Progress: resolved 454, reused 454, downloaded 0, added 401
Progress: resolved 454, reused 454, downloaded 0, added 412
Progress: resolved 454, reused 454, downloaded 0, added 424
Progress: resolved 454, reused 454, downloaded 0, added 431
Progress: resolved 454, reused 454, downloaded 0, added 435
Progress: resolved 454, reused 454, downloaded 0, added 437
Progress: resolved 454, reused 454, downloaded 0, added 444
Progress: resolved 454, reused 454, downloaded 0, added 446
Progress: resolved 454, reused 454, downloaded 0, added 448
Progress: resolved 454, reused 454, downloaded 0, added 449
Progress: resolved 454, reused 454, downloaded 0, added 450
Progress: resolved 454, reused 454, downloaded 0, added 451
Progress: resolved 454, reused 454, downloaded 0, added 452
Progress: resolved 454, reused 454, downloaded 0, added 453
Progress: resolved 454, reused 454, downloaded 0, added 454
Progress: resolved 454, reused 454, downloaded 0, added 454, done

dependencies:
+ @google/genai 1.43.0
+ @tailwindcss/vite 4.2.1
+ @vitejs/plugin-react 5.1.4
+ axios 1.13.6
+ better-sqlite3 12.6.2
+ clsx 2.1.1
+ date-fns 4.1.0
+ dotenv 17.3.1
+ express 4.22.1
+ framer-motion 12.34.3
+ lucide-react 0.546.0
+ motion 12.34.3
+ react 19.2.4
+ react-dom 19.2.4
+ react-router-dom 7.13.1
+ recharts 3.7.0
+ tailwind-merge 3.5.0
+ vite 6.4.1
+ zustand 5.0.11

devDependencies:
+ @testing-library/jest-dom 6.9.1
+ @testing-library/react 16.3.2
+ @testing-library/user-event 14.6.1
+ @types/express 4.17.25
+ @types/node 22.19.13
+ @types/react-router-dom 5.3.3
+ @vitest/coverage-v8 3.2.4
+ @vitest/ui 3.2.4
+ autoprefixer 10.4.27
+ jsdom 26.1.0
+ tailwindcss 4.2.1
+ tsx 4.21.0
+ typescript 5.8.3
+ vitest 3.2.4

╭ Warning ─────────────────────────────────────────────────────────────────────╮
│                                                                              │
│   Ignored build scripts: better-sqlite3@12.6.2, esbuild@0.25.12,             │
│   esbuild@0.27.3, protobufjs@7.5.4.                                          │
│   Run "pnpm approve-builds" to pick which dependencies should be allowed     │
│   to run scripts.                                                            │
│                                                                              │
╰──────────────────────────────────────────────────────────────────────────────╯
Done in 3m 53.6s using pnpm v10.32.1
