[82] Installing: cross-app-data-fabric
Lockfile is up to date, resolution step is skipped
Progress: resolved 1, reused 0, downloaded 0, added 0
Packages: +454
++++++++++++++++++++++++++++++++++++++++++++++++++++++++++++++++++++++++++++++++
Progress: resolved 454, reused 0, downloaded 0, added 0
Progress: resolved 454, reused 2, downloaded 0, added 0
Progress: resolved 454, reused 4, downloaded 0, added 0
Progress: resolved 454, reused 7, downloaded 0, added 0
Progress: resolved 454, reused 16, downloaded 0, added 0
Progress: resolved 454, reused 23, downloaded 0, added 0
Progress: resolved 454, reused 34, downloaded 0, added 0
Progress: resolved 454, reused 62, downloaded 0, added 0
Progress: resolved 454, reused 92, downloaded 0, added 0
Progress: resolved 454, reused 126, downloaded 0, added 0
Progress: resolved 454, reused 150, downloaded 0, added 0
Progress: resolved 454, reused 170, downloaded 0, added 0
Progress: resolved 454, reused 196, downloaded 0, added 0
Progress: resolved 454, reused 225, downloaded 0, added 0
Progress: resolved 454, reused 250, downloaded 0, added 0
Progress: resolved 454, reused 270, downloaded 0, added 0
Progress: resolved 454, reused 275, downloaded 0, added 0
Progress: resolved 454, reused 279, downloaded 0, added 0
Progress: resolved 454, reused 286, downloaded 0, added 0
Progress: resolved 454, reused 292, downloaded 0, added 0
Progress: resolved 454, reused 305, downloaded 0, added 0
Progress: resolved 454, reused 314, downloaded 0, added 0
Progress: resolved 454, reused 328, downloaded 0, added 0
Progress: resolved 454, reused 334, downloaded 0, added 0
Progress: resolved 454, reused 343, downloaded 0, added 0
Progress: resolved 454, reused 361, downloaded 0, added 0
Progress: resolved 454, reused 375, downloaded 0, added 0
Progress: resolved 454, reused 391, downloaded 0, added 0
Progress: resolved 454, reused 393, downloaded 0, added 0
Progress: resolved 454, reused 394, downloaded 0, added 0
Progress: resolved 454, reused 409, downloaded 0, added 0
Progress: resolved 454, reused 419, downloaded 0, added 0
Progress: resolved 454, reused 438, downloaded 0, added 0
Progress: resolved 454, reused 445, downloaded 0, added 0
Progress: resolved 454, reused 449, downloaded 0, added 0
Progress: resolved 454, reused 451, downloaded 0, added 5
Progress: resolved 454, reused 451, downloaded 0, added 13
Progress: resolved 454, reused 451, downloaded 0, added 18
Progress: resolved 454, reused 451, downloaded 0, added 21
Progress: resolved 454, reused 451, downloaded 0, added 26
Progress: resolved 454, reused 451, downloaded 0, added 34
Progress: resolved 454, reused 451, downloaded 0, added 42
Progress: resolved 454, reused 451, downloaded 0, added 49
Progress: resolved 454, reused 451, downloaded 0, added 59
Progress: resolved 454, reused 452, downloaded 0, added 71
Progress: resolved 454, reused 452, downloaded 0, added 73
Progress: resolved 454, reused 452, downloaded 0, added 76
Progress: resolved 454, reused 452, downloaded 0, added 77
Progress: resolved 454, reused 452, downloaded 0, added 81
Progress: resolved 454, reused 452, downloaded 0, added 83
Progress: resolved 454, reused 452, downloaded 0, added 90
Progress: resolved 454, reused 452, downloaded 0, added 95
Progress: resolved 454, reused 452, downloaded 0, added 104
Progress: resolved 454, reused 452, downloaded 0, added 110
Progress: resolved 454, reused 452, downloaded 0, added 120
Progress: resolved 454, reused 452, downloaded 0, added 124
Progress: resolved 454, reused 452, downloaded 0, added 128
Progress: resolved 454, reused 453, downloaded 0, added 135
Progress: resolved 454, reused 453, downloaded 0, added 138
Progress: resolved 454, reused 453, downloaded 0, added 143
Progress: resolved 454, reused 453, downloaded 0, added 148
Progress: resolved 454, reused 453, downloaded 0, added 150
Progress: resolved 454, reused 453, downloaded 0, added 152
Progress: resolved 454, reused 453, downloaded 0, added 153
Progress: resolved 454, reused 453, downloaded 0, added 159
Progress: resolved 454, reused 453, downloaded 0, added 167
Progress: resolved 454, reused 453, downloaded 0, added 173
Progress: resolved 454, reused 453, downloaded 0, added 181
Progress: resolved 454, reused 453, downloaded 0, added 188
Progress: resolved 454, reused 453, downloaded 0, added 189
Progress: resolved 454, reused 453, downloaded 0, added 202
Progress: resolved 454, reused 453, downloaded 0, added 205
Progress: resolved 454, reused 453, downloaded 0, added 215
Progress: resolved 454, reused 453, downloaded 0, added 235
Progress: resolved 454, reused 453, downloaded 0, added 238
Progress: resolved 454, reused 453, downloaded 0, added 263
Progress: resolved 454, reused 453, downloaded 0, added 269
Progress: resolved 454, reused 453, downloaded 0, added 273
Progress: resolved 454, reused 453, downloaded 0, added 274
Progress: resolved 454, reused 453, downloaded 0, added 278
Progress: resolved 454, reused 453, downloaded 0, added 280
Progress: resolved 454, reused 453, downloaded 0, added 281
Progress: resolved 454, reused 453, downloaded 0, added 284
Progress: resolved 454, reused 453, downloaded 0, added 285
Progress: resolved 454, reused 453, downloaded 0, added 286
Progress: resolved 454, reused 454, downloaded 0, added 286
Progress: resolved 454, reused 454, downloaded 0, added 290
Progress: resolved 454, reused 454, downloaded 0, added 296
Progress: resolved 454, reused 454, downloaded 0, added 297
Progress: resolved 454, reused 454, downloaded 0, added 302
Progress: resolved 454, reused 454, downloaded 0, added 305
Progress: resolved 454, reused 454, downloaded 0, added 306
Progress: resolved 454, reused 454, downloaded 0, added 310
Progress: resolved 454, reused 454, downloaded 0, added 311
Progress: resolved 454, reused 454, downloaded 0, added 314
Progress: resolved 454, reused 454, downloaded 0, added 315
Progress: resolved 454, reused 454, downloaded 0, added 316
Progress: resolved 454, reused 454, downloaded 0, added 317
Progress: resolved 454, reused 454, downloaded 0, added 323
Progress: resolved 454, reused 454, downloaded 0, added 326
Progress: resolved 454, reused 454, downloaded 0, added 330
Progress: resolved 454, reused 454, downloaded 0, added 331
Progress: resolved 454, reused 454, downloaded 0, added 332
Progress: resolved 454, reused 454, downloaded 0, added 337
Progress: resolved 454, reused 454, downloaded 0, added 357
Progress: resolved 454, reused 454, downloaded 0, added 361
Progress: resolved 454, reused 454, downloaded 0, added 371
Progress: resolved 454, reused 454, downloaded 0, added 381
Progress: resolved 454, reused 454, downloaded 0, added 382
Progress: resolved 454, reused 454, downloaded 0, added 392
Progress: resolved 454, reused 454, downloaded 0, added 401
Progress: resolved 454, reused 454, downloaded 0, added 413
Progress: resolved 454, reused 454, downloaded 0, added 425
Progress: resolved 454, reused 454, downloaded 0, added 431
Progress: resolved 454, reused 454, downloaded 0, added 435
Progress: resolved 454, reused 454, downloaded 0, added 437
Progress: resolved 454, reused 454, downloaded 0, added 445
Progress: resolved 454, reused 454, downloaded 0, added 446
Progress: resolved 454, reused 454, downloaded 0, added 448
Progress: resolved 454, reused 454, downloaded 0, added 449
Progress: resolved 454, reused 454, downloaded 0, added 450
Progress: resolved 454, reused 454, downloaded 0, added 451
Progress: resolved 454, reused 454, downloaded 0, added 452
Progress: resolved 454, reused 454, downloaded 0, added 453
Progress: resolved 454, reused 454, downloaded 0, added 454
Progress: resolved 454, reused 454, downloaded 0, added 454, done

dependencies:
+ @google/genai 1.43.0
+ @tailwindcss/vite 4.2.1
+ @vitejs/plugin-react 5.1.4
+ axios 1.13.6
+ better-sqlite3 12.6.2
+ clsx 2.1.1
+ date-fns 4.1.0
+ dotenv 17.3.1
+ express 4.22.1
+ framer-motion 12.34.3
+ lucide-react 0.546.0
+ motion 12.34.3
+ react 19.2.4
+ react-dom 19.2.4
+ react-router-dom 7.13.1
+ recharts 3.7.0
+ tailwind-merge 3.5.0
+ vite 6.4.1
+ zustand 5.0.11

devDependencies:
+ @testing-library/jest-dom 6.9.1
+ @testing-library/react 16.3.2
+ @testing-library/user-event 14.6.1
+ @types/express 4.17.25
+ @types/node 22.19.13
+ @types/react-router-dom 5.3.3
+ @vitest/coverage-v8 3.2.4
+ @vitest/ui 3.2.4
+ autoprefixer 10.4.27
+ jsdom 26.1.0
+ tailwindcss 4.2.1
+ tsx 4.21.0
+ typescript 5.8.3
+ vitest 3.2.4

╭ Warning ─────────────────────────────────────────────────────────────────────╮
│                                                                              │
│   Ignored build scripts: better-sqlite3@12.6.2, esbuild@0.25.12,             │
│   esbuild@0.27.3, protobufjs@7.5.4.                                          │
│   Run "pnpm approve-builds" to pick which dependencies should be allowed     │
│   to run scripts.                                                            │
│                                                                              │
╰──────────────────────────────────────────────────────────────────────────────╯
Done in 3m 53s using pnpm v10.32.1
