[89] Installing: dadaist-concert-visualizer
Lockfile is up to date, resolution step is skipped
Progress: resolved 1, reused 0, downloaded 0, added 0
Packages: +287
++++++++++++++++++++++++++++++++++++++++++++++++++++++++++++++++++++++++++++++++
Progress: resolved 287, reused 0, downloaded 0, added 0
Progress: resolved 287, reused 5, downloaded 0, added 0
Progress: resolved 287, reused 31, downloaded 0, added 0
Progress: resolved 287, reused 88, downloaded 0, added 0
Progress: resolved 287, reused 157, downloaded 0, added 0
Progress: resolved 287, reused 200, downloaded 0, added 0
Progress: resolved 287, reused 250, downloaded 0, added 0
Progress: resolved 287, reused 285, downloaded 0, added 3
Progress: resolved 287, reused 286, downloaded 0, added 16
Progress: resolved 287, reused 287, downloaded 0, added 26
Progress: resolved 287, reused 287, downloaded 0, added 34
Progress: resolved 287, reused 287, downloaded 0, added 54
Progress: resolved 287, reused 287, downloaded 0, added 61
Progress: resolved 287, reused 287, downloaded 0, added 65
Progress: resolved 287, reused 287, downloaded 0, added 69
Progress: resolved 287, reused 287, downloaded 0, added 80
Progress: resolved 287, reused 287, downloaded 0, added 88
Progress: resolved 287, reused 287, downloaded 0, added 102
Progress: resolved 287, reused 287, downloaded 0, added 117
Progress: resolved 287, reused 287, downloaded 0, added 127
Progress: resolved 287, reused 287, downloaded 0, added 158
Progress: resolved 287, reused 287, downloaded 0, added 168
Progress: resolved 287, reused 287, downloaded 0, added 195
Progress: resolved 287, reused 287, downloaded 0, added 220
Progress: resolved 287, reused 287, downloaded 0, added 241
Progress: resolved 287, reused 287, downloaded 0, added 282
Progress: resolved 287, reused 287, downloaded 0, added 283
Progress: resolved 287, reused 287, downloaded 0, added 284
Progress: resolved 287, reused 287, downloaded 0, added 285
Progress: resolved 287, reused 287, downloaded 0, added 286
Progress: resolved 287, reused 287, downloaded 0, added 287
Progress: resolved 287, reused 287, downloaded 0, added 287, done

dependencies:
+ lucide-react 0.575.0
+ react 19.2.4
+ react-dom 19.2.4
+ react-router-dom 7.13.1

devDependencies:
+ @testing-library/jest-dom 6.9.1
+ @testing-library/react 16.3.2
+ @testing-library/user-event 14.6.1
+ @types/node 25.3.3
+ @vitejs/plugin-react 5.1.4
+ @vitest/coverage-v8 3.2.4
+ @vitest/ui 3.2.4
+ jsdom 26.1.0
+ serve 14.2.5
+ typescript 5.9.3
+ vite 7.3.1
+ vitest 3.2.4

Done in 1m 3.8s using pnpm v10.30.1
