[95] Installing: dictation-app
Lockfile is up to date, resolution step is skipped
Progress: resolved 1, reused 0, downloaded 0, added 0
Packages: +321
++++++++++++++++++++++++++++++++++++++++++++++++++++++++++++++++++++++++++++++++
Progress: resolved 321, reused 44, downloaded 0, added 0
Progress: resolved 321, reused 107, downloaded 0, added 0
Progress: resolved 321, reused 116, downloaded 0, added 0
Progress: resolved 321, reused 119, downloaded 0, added 0
Progress: resolved 321, reused 120, downloaded 0, added 0
Progress: resolved 321, reused 121, downloaded 0, added 0
Progress: resolved 321, reused 131, downloaded 0, added 0
Progress: resolved 321, reused 147, downloaded 0, added 0
Progress: resolved 321, reused 150, downloaded 0, added 0
Progress: resolved 321, reused 181, downloaded 0, added 0
Progress: resolved 321, reused 198, downloaded 0, added 0
Progress: resolved 321, reused 206, downloaded 0, added 0
Progress: resolved 321, reused 225, downloaded 0, added 0
Progress: resolved 321, reused 250, downloaded 0, added 0
Progress: resolved 321, reused 317, downloaded 0, added 2
Progress: resolved 321, reused 319, downloaded 0, added 24
Progress: resolved 321, reused 320, downloaded 0, added 45
Progress: resolved 321, reused 320, downloaded 0, added 55
Progress: resolved 321, reused 320, downloaded 0, added 70
Progress: resolved 321, reused 320, downloaded 0, added 82
Progress: resolved 321, reused 320, downloaded 0, added 94
Progress: resolved 321, reused 320, downloaded 0, added 107
Progress: resolved 321, reused 320, downloaded 0, added 114
Progress: resolved 321, reused 320, downloaded 0, added 122
Progress: resolved 321, reused 321, downloaded 0, added 125
Progress: resolved 321, reused 321, downloaded 0, added 136
Progress: resolved 321, reused 321, downloaded 0, added 152
Progress: resolved 321, reused 321, downloaded 0, added 165
Progress: resolved 321, reused 321, downloaded 0, added 183
Progress: resolved 321, reused 321, downloaded 0, added 204
Progress: resolved 321, reused 321, downloaded 0, added 244
Progress: resolved 321, reused 321, downloaded 0, added 250
Progress: resolved 321, reused 321, downloaded 0, added 279
Progress: resolved 321, reused 321, downloaded 0, added 315
Progress: resolved 321, reused 321, downloaded 0, added 317
Progress: resolved 321, reused 321, downloaded 0, added 318
Progress: resolved 321, reused 321, downloaded 0, added 319
Progress: resolved 321, reused 321, downloaded 0, added 320
Progress: resolved 321, reused 321, downloaded 0, added 321
Progress: resolved 321, reused 321, downloaded 0, added 321, done

dependencies:
+ @google/genai 1.45.0
+ @vitejs/plugin-react 4.7.0
+ lucide-react 0.400.0
+ marked 4.3.0
+ react 19.2.4
+ react-dom 19.2.4
+ react-router-dom 7.13.1

devDependencies:
+ @testing-library/jest-dom 6.9.1
+ @testing-library/react 16.3.2
+ @testing-library/user-event 14.6.1
+ @types/node 22.18.0
+ @vitest/coverage-v8 3.2.4
+ @vitest/ui 3.2.4
+ jsdom 26.1.0
+ serve 14.2.5
+ typescript 5.8.3
+ vite 7.3.1
+ vitest 3.2.4

╭ Warning ─────────────────────────────────────────────────────────────────────╮
│                                                                              │
│   Ignored build scripts: protobufjs@7.5.4.                                   │
│   Run "pnpm approve-builds" to pick which dependencies should be allowed     │
│   to run scripts.                                                            │
│                                                                              │
╰──────────────────────────────────────────────────────────────────────────────╯
Done in 51.8s using pnpm v10.30.1
