[97] Installing: directive-workflow
Lockfile is up to date, resolution step is skipped
Progress: resolved 1, reused 0, downloaded 0, added 0
Packages: +334
++++++++++++++++++++++++++++++++++++++++++++++++++++++++++++++++++++++++++++++++
Progress: resolved 334, reused 45, downloaded 0, added 0
Progress: resolved 334, reused 92, downloaded 0, added 0
Progress: resolved 334, reused 257, downloaded 0, added 0
Progress: resolved 334, reused 277, downloaded 0, added 0
Progress: resolved 334, reused 324, downloaded 0, added 0
Progress: resolved 334, reused 332, downloaded 0, added 2
Progress: resolved 334, reused 333, downloaded 0, added 10
Progress: resolved 334, reused 333, downloaded 0, added 30
Progress: resolved 334, reused 333, downloaded 0, added 42
Progress: resolved 334, reused 333, downloaded 0, added 47
Progress: resolved 334, reused 334, downloaded 0, added 53
Progress: resolved 334, reused 334, downloaded 0, added 56
Progress: resolved 334, reused 334, downloaded 0, added 64
Progress: resolved 334, reused 334, downloaded 0, added 69
Progress: resolved 334, reused 334, downloaded 0, added 76
Progress: resolved 334, reused 334, downloaded 0, added 80
Progress: resolved 334, reused 334, downloaded 0, added 82
Progress: resolved 334, reused 334, downloaded 0, added 84
Progress: resolved 334, reused 334, downloaded 0, added 100
Progress: resolved 334, reused 334, downloaded 0, added 102
Progress: resolved 334, reused 334, downloaded 0, added 121
Progress: resolved 334, reused 334, downloaded 0, added 128
Progress: resolved 334, reused 334, downloaded 0, added 163
Progress: resolved 334, reused 334, downloaded 0, added 181
Progress: resolved 334, reused 334, downloaded 0, added 209
Progress: resolved 334, reused 334, downloaded 0, added 243
Progress: resolved 334, reused 334, downloaded 0, added 261
Progress: resolved 334, reused 334, downloaded 0, added 282
Progress: resolved 334, reused 334, downloaded 0, added 306
Progress: resolved 334, reused 334, downloaded 0, added 320
Progress: resolved 334, reused 334, downloaded 0, added 324
Progress: resolved 334, reused 334, downloaded 0, added 325
Progress: resolved 334, reused 334, downloaded 0, added 328
Progress: resolved 334, reused 334, downloaded 0, added 329
Progress: resolved 334, reused 334, downloaded 0, added 330
Progress: resolved 334, reused 334, downloaded 0, added 331
Progress: resolved 334, reused 334, downloaded 0, added 332
Progress: resolved 334, reused 334, downloaded 0, added 333
Progress: resolved 334, reused 334, downloaded 0, added 334
Progress: resolved 334, reused 334, downloaded 0, added 334, done

dependencies:
+ clsx 2.1.1
+ framer-motion 12.34.3
+ jszip 3.10.1
+ lucide-react 0.575.0
+ react 19.2.4
+ react-dom 19.2.4
+ tailwind-merge 3.5.0

devDependencies:
+ @eslint/js 9.39.3
+ @testing-library/jest-dom 6.9.1
+ @testing-library/react 16.3.2
+ @testing-library/user-event 14.6.1
+ @types/jszip 3.4.1
+ @types/node 24.10.13
+ @types/react 19.2.14
+ @types/react-dom 19.2.3
+ @vitejs/plugin-react 5.1.4
+ @vitest/coverage-v8 3.2.4
+ @vitest/ui 3.2.4
+ eslint 9.39.3
+ eslint-plugin-react-hooks 7.0.1
+ eslint-plugin-react-refresh 0.4.26
+ globals 16.5.0
+ jsdom 26.1.0
+ typescript 5.9.3
+ typescript-eslint 8.56.0
+ vite 7.3.1
+ vitest 3.2.4

╭ Warning ─────────────────────────────────────────────────────────────────────╮
│                                                                              │
│   Ignored build scripts: esbuild@0.27.3.                                     │
│   Run "pnpm approve-builds" to pick which dependencies should be allowed     │
│   to run scripts.                                                            │
│                                                                              │
╰──────────────────────────────────────────────────────────────────────────────╯
Done in 1m 14.2s using pnpm v10.32.1
