[99] Installing: disaster-response-allocator
Lockfile is up to date, resolution step is skipped
Progress: resolved 1, reused 0, downloaded 0, added 0
Packages: +454
++++++++++++++++++++++++++++++++++++++++++++++++++++++++++++++++++++++++++++++++
Progress: resolved 454, reused 1, downloaded 0, added 0
Progress: resolved 454, reused 61, downloaded 0, added 0
Progress: resolved 454, reused 145, downloaded 0, added 0
Progress: resolved 454, reused 263, downloaded 0, added 0
Progress: resolved 454, reused 286, downloaded 0, added 0
Progress: resolved 454, reused 294, downloaded 0, added 0
Progress: resolved 454, reused 312, downloaded 0, added 0
Progress: resolved 454, reused 323, downloaded 0, added 0
Progress: resolved 454, reused 329, downloaded 0, added 0
Progress: resolved 454, reused 333, downloaded 0, added 0
Progress: resolved 454, reused 347, downloaded 0, added 0
Progress: resolved 454, reused 372, downloaded 0, added 0
Progress: resolved 454, reused 390, downloaded 0, added 0
Progress: resolved 454, reused 415, downloaded 0, added 0
Progress: resolved 454, reused 433, downloaded 0, added 0
Progress: resolved 454, reused 442, downloaded 0, added 0
Progress: resolved 454, reused 451, downloaded 0, added 5
Progress: resolved 454, reused 451, downloaded 0, added 14
Progress: resolved 454, reused 451, downloaded 0, added 15
Progress: resolved 454, reused 451, downloaded 0, added 26
Progress: resolved 454, reused 451, downloaded 0, added 46
Progress: resolved 454, reused 451, downloaded 0, added 60
Progress: resolved 454, reused 451, downloaded 0, added 70
Progress: resolved 454, reused 452, downloaded 0, added 73
Progress: resolved 454, reused 452, downloaded 0, added 75
Progress: resolved 454, reused 452, downloaded 0, added 84
Progress: resolved 454, reused 452, downloaded 0, added 91
Progress: resolved 454, reused 452, downloaded 0, added 102
Progress: resolved 454, reused 452, downloaded 0, added 112
Progress: resolved 454, reused 452, downloaded 0, added 115
Progress: resolved 454, reused 452, downloaded 0, added 120
Progress: resolved 454, reused 452, downloaded 0, added 131
Progress: resolved 454, reused 453, downloaded 0, added 140
Progress: resolved 454, reused 453, downloaded 0, added 145
Progress: resolved 454, reused 453, downloaded 0, added 148
Progress: resolved 454, reused 453, downloaded 0, added 151
Progress: resolved 454, reused 453, downloaded 0, added 154
Progress: resolved 454, reused 453, downloaded 0, added 159
Progress: resolved 454, reused 453, downloaded 0, added 165
Progress: resolved 454, reused 453, downloaded 0, added 166
Progress: resolved 454, reused 453, downloaded 0, added 176
Progress: resolved 454, reused 453, downloaded 0, added 181
Progress: resolved 454, reused 453, downloaded 0, added 197
Progress: resolved 454, reused 453, downloaded 0, added 228
Progress: resolved 454, reused 453, downloaded 0, added 264
Progress: resolved 454, reused 453, downloaded 0, added 270
Progress: resolved 454, reused 453, downloaded 0, added 274
Progress: resolved 454, reused 453, downloaded 0, added 281
Progress: resolved 454, reused 453, downloaded 0, added 291
Progress: resolved 454, reused 453, downloaded 0, added 301
Progress: resolved 454, reused 453, downloaded 0, added 302
Progress: resolved 454, reused 453, downloaded 0, added 308
Progress: resolved 454, reused 453, downloaded 0, added 313
Progress: resolved 454, reused 454, downloaded 0, added 327
Progress: resolved 454, reused 454, downloaded 0, added 328
Progress: resolved 454, reused 454, downloaded 0, added 344
Progress: resolved 454, reused 454, downloaded 0, added 357
Progress: resolved 454, reused 454, downloaded 0, added 376
Progress: resolved 454, reused 454, downloaded 0, added 379
Progress: resolved 454, reused 454, downloaded 0, added 386
Progress: resolved 454, reused 454, downloaded 0, added 398
Progress: resolved 454, reused 454, downloaded 0, added 404
Progress: resolved 454, reused 454, downloaded 0, added 434
Progress: resolved 454, reused 454, downloaded 0, added 443
Progress: resolved 454, reused 454, downloaded 0, added 446
Progress: resolved 454, reused 454, downloaded 0, added 449
Progress: resolved 454, reused 454, downloaded 0, added 450
Progress: resolved 454, reused 454, downloaded 0, added 451
Progress: resolved 454, reused 454, downloaded 0, added 452
Progress: resolved 454, reused 454, downloaded 0, added 453
Progress: resolved 454, reused 454, downloaded 0, added 454
Progress: resolved 454, reused 454, downloaded 0, added 454, done

dependencies:
+ @google/genai 1.43.0
+ @tailwindcss/vite 4.2.1
+ @vitejs/plugin-react 5.1.4
+ axios 1.13.6
+ better-sqlite3 12.6.2
+ clsx 2.1.1
+ date-fns 4.1.0
+ dotenv 17.3.1
+ express 4.22.1
+ framer-motion 12.34.3
+ lucide-react 0.546.0
+ motion 12.34.3
+ react 19.2.4
+ react-dom 19.2.4
+ react-router-dom 7.13.1
+ recharts 3.7.0
+ tailwind-merge 3.5.0
+ vite 6.4.1
+ zustand 5.0.11

devDependencies:
+ @testing-library/jest-dom 6.9.1
+ @testing-library/react 16.3.2
+ @testing-library/user-event 14.6.1
+ @types/express 4.17.25
+ @types/node 22.19.13
+ @types/react-router-dom 5.3.3
+ @vitest/coverage-v8 3.2.4
+ @vitest/ui 3.2.4
+ autoprefixer 10.4.27
+ jsdom 26.1.0
+ tailwindcss 4.2.1
+ tsx 4.21.0
+ typescript 5.8.3
+ vitest 3.2.4

╭ Warning ─────────────────────────────────────────────────────────────────────╮
│                                                                              │
│   Ignored build scripts: better-sqlite3@12.6.2, esbuild@0.25.12,             │
│   esbuild@0.27.3, protobufjs@7.5.4.                                          │
│   Run "pnpm approve-builds" to pick which dependencies should be allowed     │
│   to run scripts.                                                            │
│                                                                              │
╰──────────────────────────────────────────────────────────────────────────────╯
Done in 2m 0.2s using pnpm v10.32.1
