[100] Installing: dmcdai-digital-media-communication-design
Lockfile is up to date, resolution step is skipped
Progress: resolved 1, reused 0, downloaded 0, added 0
Packages: +243
++++++++++++++++++++++++++++++++++++++++++++++++++++++++++++++++++++++++++++++++
Progress: resolved 243, reused 125, downloaded 0, added 0
Progress: resolved 243, reused 205, downloaded 0, added 0
Progress: resolved 243, reused 242, downloaded 0, added 12
Progress: resolved 243, reused 243, downloaded 0, added 16
Progress: resolved 243, reused 243, downloaded 0, added 45
Progress: resolved 243, reused 243, downloaded 0, added 58
Progress: resolved 243, reused 243, downloaded 0, added 70
Progress: resolved 243, reused 243, downloaded 0, added 86
Progress: resolved 243, reused 243, downloaded 0, added 88
Progress: resolved 243, reused 243, downloaded 0, added 92
Progress: resolved 243, reused 243, downloaded 0, added 93
Progress: resolved 243, reused 243, downloaded 0, added 99
Progress: resolved 243, reused 243, downloaded 0, added 108
Progress: resolved 243, reused 243, downloaded 0, added 114
Progress: resolved 243, reused 243, downloaded 0, added 123
Progress: resolved 243, reused 243, downloaded 0, added 134
Progress: resolved 243, reused 243, downloaded 0, added 145
Progress: resolved 243, reused 243, downloaded 0, added 157
Progress: resolved 243, reused 243, downloaded 0, added 181
Progress: resolved 243, reused 243, downloaded 0, added 193
Progress: resolved 243, reused 243, downloaded 0, added 220
Progress: resolved 243, reused 243, downloaded 0, added 228
Progress: resolved 243, reused 243, downloaded 0, added 237
Progress: resolved 243, reused 243, downloaded 0, added 238
Progress: resolved 243, reused 243, downloaded 0, added 241
Progress: resolved 243, reused 243, downloaded 0, added 242
Progress: resolved 243, reused 243, downloaded 0, added 243
Progress: resolved 243, reused 243, downloaded 0, added 243, done

dependencies:
+ @google/genai 1.28.0
+ react 19.2.4
+ react-dom 19.2.4

devDependencies:
+ @testing-library/jest-dom 6.9.1
+ @testing-library/react 16.3.2
+ @testing-library/user-event 14.6.1
+ @types/node 22.19.0
+ @vitejs/plugin-react 5.1.0
+ @vitest/coverage-v8 3.2.4
+ @vitest/ui 3.2.4
+ jsdom 26.1.0
+ typescript 5.8.3
+ vite 6.4.1
+ vitest 3.2.4

Done in 38s using pnpm v10.32.1
