[102] Installing: docujudge_202624502_1111
Lockfile is up to date, resolution step is skipped
Progress: resolved 1, reused 0, downloaded 0, added 0
Packages: +409
++++++++++++++++++++++++++++++++++++++++++++++++++++++++++++++++++++++++++++++++
Progress: resolved 409, reused 12, downloaded 0, added 0
Progress: resolved 409, reused 67, downloaded 0, added 0
Progress: resolved 409, reused 163, downloaded 0, added 0
Progress: resolved 409, reused 217, downloaded 0, added 0
Progress: resolved 409, reused 259, downloaded 0, added 0
Progress: resolved 409, reused 306, downloaded 0, added 0
Progress: resolved 409, reused 357, downloaded 0, added 0
Progress: resolved 409, reused 405, downloaded 0, added 3
Progress: resolved 409, reused 406, downloaded 0, added 6
Progress: resolved 409, reused 407, downloaded 0, added 13
Progress: resolved 409, reused 407, downloaded 0, added 17
Progress: resolved 409, reused 407, downloaded 0, added 21
Progress: resolved 409, reused 408, downloaded 0, added 30
Progress: resolved 409, reused 408, downloaded 0, added 42
Progress: resolved 409, reused 408, downloaded 0, added 53
Progress: resolved 409, reused 408, downloaded 0, added 62
Progress: resolved 409, reused 408, downloaded 0, added 79
Progress: resolved 409, reused 408, downloaded 0, added 85
Progress: resolved 409, reused 408, downloaded 0, added 99
Progress: resolved 409, reused 408, downloaded 0, added 109
Progress: resolved 409, reused 408, downloaded 0, added 118
Progress: resolved 409, reused 409, downloaded 0, added 128
Progress: resolved 409, reused 409, downloaded 0, added 138
Progress: resolved 409, reused 409, downloaded 0, added 139
Progress: resolved 409, reused 409, downloaded 0, added 145
Progress: resolved 409, reused 409, downloaded 0, added 155
Progress: resolved 409, reused 409, downloaded 0, added 157
Progress: resolved 409, reused 409, downloaded 0, added 159
Progress: resolved 409, reused 409, downloaded 0, added 163
Progress: resolved 409, reused 409, downloaded 0, added 170
Progress: resolved 409, reused 409, downloaded 0, added 174
Progress: resolved 409, reused 409, downloaded 0, added 181
Progress: resolved 409, reused 409, downloaded 0, added 189
Progress: resolved 409, reused 409, downloaded 0, added 192
Progress: resolved 409, reused 409, downloaded 0, added 202
Progress: resolved 409, reused 409, downloaded 0, added 211
Progress: resolved 409, reused 409, downloaded 0, added 224
Progress: resolved 409, reused 409, downloaded 0, added 233
Progress: resolved 409, reused 409, downloaded 0, added 252
Progress: resolved 409, reused 409, downloaded 0, added 264
Progress: resolved 409, reused 409, downloaded 0, added 269
Progress: resolved 409, reused 409, downloaded 0, added 273
Progress: resolved 409, reused 409, downloaded 0, added 276
Progress: resolved 409, reused 409, downloaded 0, added 279
Progress: resolved 409, reused 409, downloaded 0, added 280
Progress: resolved 409, reused 409, downloaded 0, added 282
Progress: resolved 409, reused 409, downloaded 0, added 283
Progress: resolved 409, reused 409, downloaded 0, added 288
Progress: resolved 409, reused 409, downloaded 0, added 289
Progress: resolved 409, reused 409, downloaded 0, added 292
Progress: resolved 409, reused 409, downloaded 0, added 298
Progress: resolved 409, reused 409, downloaded 0, added 303
Progress: resolved 409, reused 409, downloaded 0, added 305
Progress: resolved 409, reused 409, downloaded 0, added 321
Progress: resolved 409, reused 409, downloaded 0, added 327
Progress: resolved 409, reused 409, downloaded 0, added 339
Progress: resolved 409, reused 409, downloaded 0, added 341
Progress: resolved 409, reused 409, downloaded 0, added 352
Progress: resolved 409, reused 409, downloaded 0, added 379
Progress: resolved 409, reused 409, downloaded 0, added 392
Progress: resolved 409, reused 409, downloaded 0, added 399
Progress: resolved 409, reused 409, downloaded 0, added 404
Progress: resolved 409, reused 409, downloaded 0, added 405
Progress: resolved 409, reused 409, downloaded 0, added 406
Progress: resolved 409, reused 409, downloaded 0, added 407
Progress: resolved 409, reused 409, downloaded 0, added 408
Progress: resolved 409, reused 409, downloaded 0, added 409
Progress: resolved 409, reused 409, downloaded 0, added 409, done

dependencies:
+ @google/genai 1.43.0
+ @tailwindcss/vite 4.2.1
+ @vitejs/plugin-react 5.1.4
+ better-sqlite3 12.6.2
+ clsx 2.1.1
+ cors 2.8.6
+ dotenv 17.3.1
+ express 4.22.1
+ html2canvas 1.4.1
+ lucide-react 0.546.0
+ motion 12.34.3
+ react 19.2.4
+ react-dom 19.2.4
+ react-router-dom 7.13.1
+ tailwind-merge 3.5.0
+ vite 6.4.1

devDependencies:
+ @testing-library/jest-dom 6.9.1
+ @testing-library/react 16.3.2
+ @testing-library/user-event 14.6.1
+ @types/express 4.17.25
+ @types/node 22.19.13
+ @types/react 19.2.14
+ @types/react-dom 19.2.3
+ @vitest/coverage-v8 3.2.4
+ @vitest/ui 3.2.4
+ autoprefixer 10.4.27
+ jsdom 26.1.0
+ tailwindcss 4.2.1
+ tsx 4.21.0
+ typescript 5.8.3
+ vitest 3.2.4

╭ Warning ─────────────────────────────────────────────────────────────────────╮
│                                                                              │
│   Ignored build scripts: better-sqlite3@12.6.2, esbuild@0.25.12,             │
│   esbuild@0.27.3, protobufjs@7.5.4.                                          │
│   Run "pnpm approve-builds" to pick which dependencies should be allowed     │
│   to run scripts.                                                            │
│                                                                              │
╰──────────────────────────────────────────────────────────────────────────────╯
Done in 1m 54s using pnpm v10.32.1
