[105] Installing: drone-showcase
Lockfile is up to date, resolution step is skipped
Progress: resolved 1, reused 0, downloaded 0, added 0
Packages: +310
++++++++++++++++++++++++++++++++++++++++++++++++++++++++++++++++++++++++++++++++
Progress: resolved 310, reused 12, downloaded 0, added 0
Progress: resolved 310, reused 35, downloaded 0, added 0
Progress: resolved 310, reused 46, downloaded 0, added 0
Progress: resolved 310, reused 65, downloaded 0, added 0
Progress: resolved 310, reused 79, downloaded 0, added 0
Progress: resolved 310, reused 90, downloaded 0, added 0
Progress: resolved 310, reused 176, downloaded 0, added 0
Progress: resolved 310, reused 197, downloaded 0, added 0
Progress: resolved 310, reused 224, downloaded 0, added 0
Progress: resolved 310, reused 247, downloaded 0, added 0
Progress: resolved 310, reused 261, downloaded 0, added 0
Progress: resolved 310, reused 274, downloaded 0, added 0
Progress: resolved 310, reused 301, downloaded 0, added 0
Progress: resolved 310, reused 306, downloaded 0, added 1
Progress: resolved 310, reused 308, downloaded 0, added 2
Progress: resolved 310, reused 308, downloaded 0, added 4
Progress: resolved 310, reused 308, downloaded 0, added 8
Progress: resolved 310, reused 308, downloaded 0, added 15
Progress: resolved 310, reused 308, downloaded 0, added 21
Progress: resolved 310, reused 309, downloaded 0, added 24
Progress: resolved 310, reused 309, downloaded 0, added 38
Progress: resolved 310, reused 309, downloaded 0, added 42
Progress: resolved 310, reused 310, downloaded 0, added 52
Progress: resolved 310, reused 310, downloaded 0, added 63
Progress: resolved 310, reused 310, downloaded 0, added 70
Progress: resolved 310, reused 310, downloaded 0, added 79
Progress: resolved 310, reused 310, downloaded 0, added 84
Progress: resolved 310, reused 310, downloaded 0, added 87
Progress: resolved 310, reused 310, downloaded 0, added 93
Progress: resolved 310, reused 310, downloaded 0, added 99
Progress: resolved 310, reused 310, downloaded 0, added 103
Progress: resolved 310, reused 310, downloaded 0, added 115
Progress: resolved 310, reused 310, downloaded 0, added 125
Progress: resolved 310, reused 310, downloaded 0, added 127
Progress: resolved 310, reused 310, downloaded 0, added 140
Progress: resolved 310, reused 310, downloaded 0, added 157
Progress: resolved 310, reused 310, downloaded 0, added 168
Progress: resolved 310, reused 310, downloaded 0, added 178
Progress: resolved 310, reused 310, downloaded 0, added 184
Progress: resolved 310, reused 310, downloaded 0, added 196
Progress: resolved 310, reused 310, downloaded 0, added 203
Progress: resolved 310, reused 310, downloaded 0, added 209
Progress: resolved 310, reused 310, downloaded 0, added 223
Progress: resolved 310, reused 310, downloaded 0, added 225
Progress: resolved 310, reused 310, downloaded 0, added 232
Progress: resolved 310, reused 310, downloaded 0, added 242
Progress: resolved 310, reused 310, downloaded 0, added 256
Progress: resolved 310, reused 310, downloaded 0, added 268
Progress: resolved 310, reused 310, downloaded 0, added 285
Progress: resolved 310, reused 310, downloaded 0, added 300
Progress: resolved 310, reused 310, downloaded 0, added 304
Progress: resolved 310, reused 310, downloaded 0, added 305
Progress: resolved 310, reused 310, downloaded 0, added 306
Progress: resolved 310, reused 310, downloaded 0, added 307
Progress: resolved 310, reused 310, downloaded 0, added 308
Progress: resolved 310, reused 310, downloaded 0, added 309
Progress: resolved 310, reused 310, downloaded 0, added 310
Progress: resolved 310, reused 310, downloaded 0, added 310, done

dependencies:
+ @tailwindcss/vite 4.2.1
+ @testing-library/dom 10.4.1
+ @testing-library/jest-dom 6.9.1
+ @testing-library/react 16.3.2
+ @testing-library/user-event 13.5.0
+ lucide-react 0.400.0
+ react 19.2.4
+ react-app-polyfill 3.0.0
+ react-dom 19.2.4
+ react-router-dom 7.13.1
+ tailwindcss 4.2.1
+ web-vitals 2.1.4

devDependencies:
+ @types/react 19.2.14
+ @types/react-dom 19.2.3
+ @vitejs/plugin-react 5.1.4
+ @vitest/coverage-v8 3.2.4
+ @vitest/ui 3.2.4
+ jsdom 26.1.0
+ serve 14.2.5
+ typescript 5.9.3
+ vite 7.3.1
+ vitest 3.2.4

╭ Warning ─────────────────────────────────────────────────────────────────────╮
│                                                                              │
│   Ignored build scripts: core-js@3.48.0, esbuild@0.27.3.                     │
│   Run "pnpm approve-builds" to pick which dependencies should be allowed     │
│   to run scripts.                                                            │
│                                                                              │
╰──────────────────────────────────────────────────────────────────────────────╯
Done in 1m 36.9s using pnpm v10.30.1
