[103] Installing: drone-fleet-intelligence-manager
Lockfile is up to date, resolution step is skipped
Progress: resolved 1, reused 0, downloaded 0, added 0
Packages: +454
++++++++++++++++++++++++++++++++++++++++++++++++++++++++++++++++++++++++++++++++
Progress: resolved 454, reused 71, downloaded 0, added 0
Progress: resolved 454, reused 159, downloaded 0, added 0
Progress: resolved 454, reused 276, downloaded 0, added 0
Progress: resolved 454, reused 290, downloaded 0, added 0
Progress: resolved 454, reused 294, downloaded 0, added 0
Progress: resolved 454, reused 314, downloaded 0, added 0
Progress: resolved 454, reused 331, downloaded 0, added 0
Progress: resolved 454, reused 338, downloaded 0, added 0
Progress: resolved 454, reused 372, downloaded 0, added 0
Progress: resolved 454, reused 417, downloaded 0, added 0
Progress: resolved 454, reused 451, downloaded 0, added 7
Progress: resolved 454, reused 452, downloaded 0, added 49
Progress: resolved 454, reused 452, downloaded 0, added 79
Progress: resolved 454, reused 452, downloaded 0, added 113
Progress: resolved 454, reused 452, downloaded 0, added 156
Progress: resolved 454, reused 452, downloaded 0, added 164
Progress: resolved 454, reused 452, downloaded 0, added 210
Progress: resolved 454, reused 452, downloaded 0, added 267
Progress: resolved 454, reused 452, downloaded 0, added 287
Progress: resolved 454, reused 452, downloaded 0, added 294
Progress: resolved 454, reused 452, downloaded 0, added 303
Progress: resolved 454, reused 452, downloaded 0, added 314
Progress: resolved 454, reused 452, downloaded 0, added 328
Progress: resolved 454, reused 452, downloaded 0, added 349
Progress: resolved 454, reused 452, downloaded 0, added 350
Progress: resolved 454, reused 452, downloaded 0, added 365
Progress: resolved 454, reused 452, downloaded 0, added 379
Progress: resolved 454, reused 452, downloaded 0, added 380
Progress: resolved 454, reused 452, downloaded 0, added 383
Progress: resolved 454, reused 452, downloaded 0, added 413
Progress: resolved 454, reused 452, downloaded 0, added 430
Progress: resolved 454, reused 452, downloaded 0, added 431
Progress: resolved 454, reused 452, downloaded 0, added 443
Progress: resolved 454, reused 452, downloaded 0, added 444
Progress: resolved 454, reused 453, downloaded 0, added 450
Progress: resolved 454, reused 453, downloaded 0, added 451
Progress: resolved 454, reused 453, downloaded 0, added 452
Progress: resolved 454, reused 454, downloaded 0, added 452
Progress: resolved 454, reused 454, downloaded 0, added 453
Progress: resolved 454, reused 454, downloaded 0, added 454
Progress: resolved 454, reused 454, downloaded 0, added 454, done

dependencies:
+ @google/genai 1.43.0
+ @tailwindcss/vite 4.2.1
+ @vitejs/plugin-react 5.1.4
+ axios 1.13.6
+ better-sqlite3 12.6.2
+ clsx 2.1.1
+ date-fns 4.1.0
+ dotenv 17.3.1
+ express 4.22.1
+ framer-motion 12.34.3
+ lucide-react 0.546.0
+ motion 12.34.3
+ react 19.2.4
+ react-dom 19.2.4
+ react-router-dom 7.13.1
+ recharts 3.7.0
+ tailwind-merge 3.5.0
+ vite 6.4.1
+ zustand 5.0.11

devDependencies:
+ @testing-library/jest-dom 6.9.1
+ @testing-library/react 16.3.2
+ @testing-library/user-event 14.6.1
+ @types/express 4.17.25
+ @types/node 22.19.13
+ @types/react-router-dom 5.3.3
+ @vitest/coverage-v8 3.2.4
+ @vitest/ui 3.2.4
+ autoprefixer 10.4.27
+ jsdom 26.1.0
+ tailwindcss 4.2.1
+ tsx 4.21.0
+ typescript 5.8.3
+ vitest 3.2.4

╭ Warning ─────────────────────────────────────────────────────────────────────╮
│                                                                              │
│   Ignored build scripts: better-sqlite3@12.6.2, esbuild@0.25.12,             │
│   esbuild@0.27.3, protobufjs@7.5.4.                                          │
│   Run "pnpm approve-builds" to pick which dependencies should be allowed     │
│   to run scripts.                                                            │
│                                                                              │
╰──────────────────────────────────────────────────────────────────────────────╯
Done in 1m 12.8s using pnpm v10.32.1
