[104] Installing: drone-light-show-simulator
Lockfile is up to date, resolution step is skipped
Progress: resolved 1, reused 0, downloaded 0, added 0
Packages: +250
++++++++++++++++++++++++++++++++++++++++++++++++++++++++++++++++++++++++++++++++
Progress: resolved 250, reused 3, downloaded 0, added 0
Progress: resolved 250, reused 19, downloaded 0, added 0
Progress: resolved 250, reused 37, downloaded 0, added 0
Progress: resolved 250, reused 60, downloaded 0, added 0
Progress: resolved 250, reused 75, downloaded 0, added 0
Progress: resolved 250, reused 107, downloaded 0, added 0
Progress: resolved 250, reused 143, downloaded 0, added 0
Progress: resolved 250, reused 167, downloaded 0, added 0
Progress: resolved 250, reused 189, downloaded 0, added 0
Progress: resolved 250, reused 202, downloaded 0, added 0
Progress: resolved 250, reused 215, downloaded 0, added 0
Progress: resolved 250, reused 244, downloaded 0, added 0
Progress: resolved 250, reused 247, downloaded 0, added 0
Progress: resolved 250, reused 248, downloaded 0, added 5
Progress: resolved 250, reused 248, downloaded 0, added 6
Progress: resolved 250, reused 248, downloaded 0, added 16
Progress: resolved 250, reused 248, downloaded 0, added 22
Progress: resolved 250, reused 248, downloaded 0, added 30
Progress: resolved 250, reused 249, downloaded 0, added 35
Progress: resolved 250, reused 249, downloaded 0, added 49
Progress: resolved 250, reused 249, downloaded 0, added 55
Progress: resolved 250, reused 250, downloaded 0, added 63
Progress: resolved 250, reused 250, downloaded 0, added 72
Progress: resolved 250, reused 250, downloaded 0, added 77
Progress: resolved 250, reused 250, downloaded 0, added 93
Progress: resolved 250, reused 250, downloaded 0, added 102
Progress: resolved 250, reused 250, downloaded 0, added 110
Progress: resolved 250, reused 250, downloaded 0, added 118
Progress: resolved 250, reused 250, downloaded 0, added 123
Progress: resolved 250, reused 250, downloaded 0, added 132
Progress: resolved 250, reused 250, downloaded 0, added 150
Progress: resolved 250, reused 250, downloaded 0, added 157
Progress: resolved 250, reused 250, downloaded 0, added 162
Progress: resolved 250, reused 250, downloaded 0, added 170
Progress: resolved 250, reused 250, downloaded 0, added 175
Progress: resolved 250, reused 250, downloaded 0, added 180
Progress: resolved 250, reused 250, downloaded 0, added 188
Progress: resolved 250, reused 250, downloaded 0, added 195
Progress: resolved 250, reused 250, downloaded 0, added 203
Progress: resolved 250, reused 250, downloaded 0, added 219
Progress: resolved 250, reused 250, downloaded 0, added 228
Progress: resolved 250, reused 250, downloaded 0, added 245
Progress: resolved 250, reused 250, downloaded 0, added 246
Progress: resolved 250, reused 250, downloaded 0, added 247
Progress: resolved 250, reused 250, downloaded 0, added 248
Progress: resolved 250, reused 250, downloaded 0, added 249
Progress: resolved 250, reused 250, downloaded 0, added 250
Progress: resolved 250, reused 250, downloaded 0, added 250, done

dependencies:
+ lucide-react 0.400.0
+ react 19.2.4
+ react-dom 19.2.4
+ react-router-dom 7.13.1

devDependencies:
+ @testing-library/jest-dom 6.9.1
+ @testing-library/react 16.3.2
+ @testing-library/user-event 14.6.1
+ @types/node 22.17.1
+ @vitest/coverage-v8 3.2.4
+ @vitest/ui 3.2.4
+ jsdom 26.1.0
+ serve 14.2.5
+ typescript 5.8.3
+ vite 7.3.1
+ vitest 3.2.4

Done in 1m 29.3s using pnpm v10.30.1
