[110] Installing: enactus-ckt-frontend-app-main
Lockfile is up to date, resolution step is skipped
Progress: resolved 1, reused 0, downloaded 0, added 0
Packages: +357
++++++++++++++++++++++++++++++++++++++++++++++++++++++++++++++++++++++++++++++++
Progress: resolved 357, reused 17, downloaded 0, added 0
Progress: resolved 357, reused 37, downloaded 0, added 0
Progress: resolved 357, reused 89, downloaded 0, added 0
Progress: resolved 357, reused 182, downloaded 0, added 0
Progress: resolved 357, reused 267, downloaded 0, added 0
Progress: resolved 357, reused 302, downloaded 0, added 0
Progress: resolved 357, reused 356, downloaded 0, added 4
Progress: resolved 357, reused 356, downloaded 0, added 25
Progress: resolved 357, reused 356, downloaded 0, added 39
Progress: resolved 357, reused 357, downloaded 0, added 64
Progress: resolved 357, reused 357, downloaded 0, added 74
Progress: resolved 357, reused 357, downloaded 0, added 82
Progress: resolved 357, reused 357, downloaded 0, added 103
Progress: resolved 357, reused 357, downloaded 0, added 125
Progress: resolved 357, reused 357, downloaded 0, added 146
Progress: resolved 357, reused 357, downloaded 0, added 184
Progress: resolved 357, reused 357, downloaded 0, added 192
Progress: resolved 357, reused 357, downloaded 0, added 204
Progress: resolved 357, reused 357, downloaded 0, added 210
Progress: resolved 357, reused 357, downloaded 0, added 211
Progress: resolved 357, reused 357, downloaded 0, added 213
Progress: resolved 357, reused 357, downloaded 0, added 214
Progress: resolved 357, reused 357, downloaded 0, added 215
Progress: resolved 357, reused 357, downloaded 0, added 218
Progress: resolved 357, reused 357, downloaded 0, added 220
Progress: resolved 357, reused 357, downloaded 0, added 235
Progress: resolved 357, reused 357, downloaded 0, added 241
Progress: resolved 357, reused 357, downloaded 0, added 260
Progress: resolved 357, reused 357, downloaded 0, added 271
Progress: resolved 357, reused 357, downloaded 0, added 310
Progress: resolved 357, reused 357, downloaded 0, added 324
Progress: resolved 357, reused 357, downloaded 0, added 333
Progress: resolved 357, reused 357, downloaded 0, added 340
Progress: resolved 357, reused 357, downloaded 0, added 343
Progress: resolved 357, reused 357, downloaded 0, added 346
Progress: resolved 357, reused 357, downloaded 0, added 348
Progress: resolved 357, reused 357, downloaded 0, added 350
Progress: resolved 357, reused 357, downloaded 0, added 353
Progress: resolved 357, reused 357, downloaded 0, added 354
Progress: resolved 357, reused 357, downloaded 0, added 355
Progress: resolved 357, reused 357, downloaded 0, added 356
Progress: resolved 357, reused 357, downloaded 0, added 357
Progress: resolved 357, reused 357, downloaded 0, added 357, done

dependencies:
+ lucide-react 0.400.0
+ react 19.2.4
+ react-dom 19.2.4
+ react-router-dom 7.9.6

devDependencies:
+ @eslint/js 9.39.1
+ @testing-library/jest-dom 6.9.1
+ @testing-library/react 16.3.2
+ @testing-library/user-event 14.6.1
+ @types/react 19.2.6
+ @types/react-dom 19.2.3
+ @vitejs/plugin-react 5.1.1
+ @vitest/coverage-v8 3.2.4
+ @vitest/ui 3.2.4
+ eslint 9.39.1
+ eslint-plugin-react-hooks 7.0.1
+ eslint-plugin-react-refresh 0.4.24
+ globals 16.5.0
+ jsdom 26.1.0
+ serve 14.2.5
+ typescript 5.9.3
+ vite 7.3.1
+ vitest 3.2.4

Done in 1m 22.2s using pnpm v10.30.1
