[112] Installing: english-safari
Lockfile is up to date, resolution step is skipped
Progress: resolved 1, reused 0, downloaded 0, added 0
Packages: +301
++++++++++++++++++++++++++++++++++++++++++++++++++++++++++++++++++++++++++++++++
Progress: resolved 301, reused 54, downloaded 0, added 0
Progress: resolved 301, reused 194, downloaded 0, added 0
Progress: resolved 301, reused 299, downloaded 0, added 17
Progress: resolved 301, reused 299, downloaded 0, added 23
Progress: resolved 301, reused 300, downloaded 0, added 39
Progress: resolved 301, reused 301, downloaded 0, added 44
Progress: resolved 301, reused 301, downloaded 0, added 64
Progress: resolved 301, reused 301, downloaded 0, added 72
Progress: resolved 301, reused 301, downloaded 0, added 100
Progress: resolved 301, reused 301, downloaded 0, added 115
Progress: resolved 301, reused 301, downloaded 0, added 143
Progress: resolved 301, reused 301, downloaded 0, added 157
Progress: resolved 301, reused 301, downloaded 0, added 198
Progress: resolved 301, reused 301, downloaded 0, added 230
Progress: resolved 301, reused 301, downloaded 0, added 238
Progress: resolved 301, reused 301, downloaded 0, added 262
Progress: resolved 301, reused 301, downloaded 0, added 292
Progress: resolved 301, reused 301, downloaded 0, added 297
Progress: resolved 301, reused 301, downloaded 0, added 298
Progress: resolved 301, reused 301, downloaded 0, added 299
Progress: resolved 301, reused 301, downloaded 0, added 300
Progress: resolved 301, reused 301, downloaded 0, added 301
Progress: resolved 301, reused 301, downloaded 0, added 301, done

dependencies:
+ @tailwindcss/vite 4.2.1
+ @testing-library/dom 10.4.1
+ @testing-library/jest-dom 6.9.1
+ @testing-library/react 16.3.2
+ @testing-library/user-event 13.5.0
+ lucide-react 0.400.0
+ react 19.2.4
+ react-dom 19.2.4
+ react-router-dom 7.13.1
+ tailwindcss 4.2.1
+ web-vitals 2.1.4

devDependencies:
+ @types/react 19.2.14
+ @types/react-dom 19.2.3
+ @vitejs/plugin-react 5.1.4
+ @vitest/coverage-v8 3.2.4
+ @vitest/ui 3.2.4
+ jsdom 26.1.0
+ serve 14.2.5
+ typescript 5.9.3
+ vite 7.3.1
+ vitest 3.2.4

╭ Warning ─────────────────────────────────────────────────────────────────────╮
│                                                                              │
│   Ignored build scripts: esbuild@0.27.3.                                     │
│   Run "pnpm approve-builds" to pick which dependencies should be allowed     │
│   to run scripts.                                                            │
│                                                                              │
╰──────────────────────────────────────────────────────────────────────────────╯
Done in 32.6s using pnpm v10.30.1
