[113] Installing: enhanced-youtube-genie
Lockfile is up to date, resolution step is skipped
Progress: resolved 1, reused 0, downloaded 0, added 0
Packages: +270
++++++++++++++++++++++++++++++++++++++++++++++++++++++++++++++++++++++++++++++++
Progress: resolved 270, reused 48, downloaded 0, added 0
Progress: resolved 270, reused 264, downloaded 0, added 0
Progress: resolved 270, reused 270, downloaded 0, added 21
Progress: resolved 270, reused 270, downloaded 0, added 31
Progress: resolved 270, reused 270, downloaded 0, added 50
Progress: resolved 270, reused 270, downloaded 0, added 74
Progress: resolved 270, reused 270, downloaded 0, added 85
Progress: resolved 270, reused 270, downloaded 0, added 124
Progress: resolved 270, reused 270, downloaded 0, added 131
Progress: resolved 270, reused 270, downloaded 0, added 171
Progress: resolved 270, reused 270, downloaded 0, added 191
Progress: resolved 270, reused 270, downloaded 0, added 202
Progress: resolved 270, reused 270, downloaded 0, added 223
Progress: resolved 270, reused 270, downloaded 0, added 256
Progress: resolved 270, reused 270, downloaded 0, added 266
Progress: resolved 270, reused 270, downloaded 0, added 267
Progress: resolved 270, reused 270, downloaded 0, added 268
Progress: resolved 270, reused 270, downloaded 0, added 269
Progress: resolved 270, reused 270, downloaded 0, added 270
Progress: resolved 270, reused 270, downloaded 0, added 270, done

dependencies:
+ @google/genai 1.12.0
+ lucide-react 0.400.0
+ pnpm 10.14.0
+ react 19.2.4
+ react-dom 19.2.4
+ react-router-dom 7.13.1

devDependencies:
+ @testing-library/jest-dom 6.9.1
+ @testing-library/react 16.3.2
+ @testing-library/user-event 14.6.1
+ @types/node 22.17.0
+ @vitest/coverage-v8 3.2.4
+ @vitest/ui 3.2.4
+ jsdom 26.1.0
+ serve 14.2.5
+ typescript 5.7.3
+ vite 7.3.1
+ vitest 3.2.4

Done in 30.2s using pnpm v10.30.1
