[114] Installing: entrainer-landing-page
Lockfile is up to date, resolution step is skipped
Progress: resolved 1, reused 0, downloaded 0, added 0
Packages: +221
++++++++++++++++++++++++++++++++++++++++++++++++++++++++++++++++++++++++++++++++
Progress: resolved 221, reused 28, downloaded 0, added 0
Progress: resolved 221, reused 131, downloaded 0, added 0
Progress: resolved 221, reused 220, downloaded 0, added 5
Progress: resolved 221, reused 221, downloaded 0, added 28
Progress: resolved 221, reused 221, downloaded 0, added 31
Progress: resolved 221, reused 221, downloaded 0, added 40
Progress: resolved 221, reused 221, downloaded 0, added 56
Progress: resolved 221, reused 221, downloaded 0, added 74
Progress: resolved 221, reused 221, downloaded 0, added 89
Progress: resolved 221, reused 221, downloaded 0, added 115
Progress: resolved 221, reused 221, downloaded 0, added 140
Progress: resolved 221, reused 221, downloaded 0, added 149
Progress: resolved 221, reused 221, downloaded 0, added 158
Progress: resolved 221, reused 221, downloaded 0, added 169
Progress: resolved 221, reused 221, downloaded 0, added 192
Progress: resolved 221, reused 221, downloaded 0, added 209
Progress: resolved 221, reused 221, downloaded 0, added 218
Progress: resolved 221, reused 221, downloaded 0, added 220
Progress: resolved 221, reused 221, downloaded 0, added 221, done

dependencies:
+ react 19.2.4
+ react-dom 19.2.4

devDependencies:
+ @testing-library/jest-dom 6.9.1
+ @testing-library/react 16.3.2
+ @testing-library/user-event 14.6.1
+ @types/node 22.19.0
+ @vitejs/plugin-react 5.1.0
+ @vitest/coverage-v8 3.2.4
+ @vitest/ui 3.2.4
+ jsdom 26.1.0
+ typescript 5.8.3
+ vite 6.4.1
+ vitest 3.2.4

Done in 23.4s using pnpm v10.32.1
