[117] Installing: expensepro---advanced-financial-tracker
Lockfile is up to date, resolution step is skipped
Progress: resolved 1, reused 0, downloaded 0, added 0
Packages: +348
++++++++++++++++++++++++++++++++++++++++++++++++++++++++++++++++++++++++++++++++
Progress: resolved 348, reused 9, downloaded 0, added 0
Progress: resolved 348, reused 38, downloaded 0, added 0
Progress: resolved 348, reused 79, downloaded 0, added 0
Progress: resolved 348, reused 102, downloaded 0, added 0
Progress: resolved 348, reused 151, downloaded 0, added 0
Progress: resolved 348, reused 160, downloaded 0, added 0
Progress: resolved 348, reused 248, downloaded 0, added 0
Progress: resolved 348, reused 249, downloaded 0, added 0
Progress: resolved 348, reused 294, downloaded 0, added 0
Progress: resolved 348, reused 345, downloaded 0, added 5
Progress: resolved 348, reused 347, downloaded 0, added 15
Progress: resolved 348, reused 347, downloaded 0, added 16
Progress: resolved 348, reused 347, downloaded 0, added 21
Progress: resolved 348, reused 347, downloaded 0, added 26
Progress: resolved 348, reused 347, downloaded 0, added 38
Progress: resolved 348, reused 347, downloaded 0, added 39
Progress: resolved 348, reused 347, downloaded 0, added 57
Progress: resolved 348, reused 347, downloaded 0, added 58
Progress: resolved 348, reused 347, downloaded 0, added 70
Progress: resolved 348, reused 348, downloaded 0, added 95
Progress: resolved 348, reused 348, downloaded 0, added 98
Progress: resolved 348, reused 348, downloaded 0, added 102
Progress: resolved 348, reused 348, downloaded 0, added 105
Progress: resolved 348, reused 348, downloaded 0, added 117
Progress: resolved 348, reused 348, downloaded 0, added 125
Progress: resolved 348, reused 348, downloaded 0, added 130
Progress: resolved 348, reused 348, downloaded 0, added 135
Progress: resolved 348, reused 348, downloaded 0, added 146
Progress: resolved 348, reused 348, downloaded 0, added 158
Progress: resolved 348, reused 348, downloaded 0, added 166
Progress: resolved 348, reused 348, downloaded 0, added 179
Progress: resolved 348, reused 348, downloaded 0, added 201
Progress: resolved 348, reused 348, downloaded 0, added 211
Progress: resolved 348, reused 348, downloaded 0, added 233
Progress: resolved 348, reused 348, downloaded 0, added 260
Progress: resolved 348, reused 348, downloaded 0, added 270
Progress: resolved 348, reused 348, downloaded 0, added 276
Progress: resolved 348, reused 348, downloaded 0, added 282
Progress: resolved 348, reused 348, downloaded 0, added 294
Progress: resolved 348, reused 348, downloaded 0, added 298
Progress: resolved 348, reused 348, downloaded 0, added 299
Progress: resolved 348, reused 348, downloaded 0, added 323
Progress: resolved 348, reused 348, downloaded 0, added 342
Progress: resolved 348, reused 348, downloaded 0, added 343
Progress: resolved 348, reused 348, downloaded 0, added 344
Progress: resolved 348, reused 348, downloaded 0, added 345
Progress: resolved 348, reused 348, downloaded 0, added 346
Progress: resolved 348, reused 348, downloaded 0, added 347
Progress: resolved 348, reused 348, downloaded 0, added 348
Progress: resolved 348, reused 348, downloaded 0, added 348, done

dependencies:
+ @google/genai 1.34.0
+ lucide-react 0.562.0
+ react 19.2.4
+ react-dom 19.2.4
+ react-router-dom 7.11.0
+ recharts 3.6.0

devDependencies:
+ @testing-library/jest-dom 6.9.1
+ @testing-library/react 16.3.2
+ @testing-library/user-event 14.6.1
+ @types/node 22.19.3
+ @vitejs/plugin-react 5.1.2
+ @vitest/coverage-v8 3.2.4
+ @vitest/ui 3.2.4
+ jsdom 26.1.0
+ serve 14.2.5
+ typescript 5.8.3
+ vite 7.3.1
+ vitest 3.2.4

Done in 1m 54.4s using pnpm v10.30.1
