[118] Installing: factory-energy-optimizer
Lockfile is up to date, resolution step is skipped
Progress: resolved 1, reused 0, downloaded 0, added 0
Packages: +454
++++++++++++++++++++++++++++++++++++++++++++++++++++++++++++++++++++++++++++++++
Progress: resolved 454, reused 0, downloaded 0, added 0
Progress: resolved 454, reused 35, downloaded 0, added 0
Progress: resolved 454, reused 100, downloaded 0, added 0
Progress: resolved 454, reused 208, downloaded 0, added 0
Progress: resolved 454, reused 269, downloaded 0, added 0
Progress: resolved 454, reused 289, downloaded 0, added 0
Progress: resolved 454, reused 326, downloaded 0, added 0
Progress: resolved 454, reused 339, downloaded 0, added 0
Progress: resolved 454, reused 366, downloaded 0, added 0
Progress: resolved 454, reused 398, downloaded 0, added 0
Progress: resolved 454, reused 443, downloaded 0, added 0
Progress: resolved 454, reused 452, downloaded 0, added 3
Progress: resolved 454, reused 452, downloaded 0, added 7
Progress: resolved 454, reused 452, downloaded 0, added 12
Progress: resolved 454, reused 452, downloaded 0, added 14
Progress: resolved 454, reused 452, downloaded 0, added 16
Progress: resolved 454, reused 452, downloaded 0, added 22
Progress: resolved 454, reused 452, downloaded 0, added 24
Progress: resolved 454, reused 452, downloaded 0, added 44
Progress: resolved 454, reused 452, downloaded 0, added 46
Progress: resolved 454, reused 452, downloaded 0, added 53
Progress: resolved 454, reused 452, downloaded 0, added 67
Progress: resolved 454, reused 453, downloaded 0, added 80
Progress: resolved 454, reused 453, downloaded 0, added 86
Progress: resolved 454, reused 453, downloaded 0, added 98
Progress: resolved 454, reused 453, downloaded 0, added 107
Progress: resolved 454, reused 453, downloaded 0, added 120
Progress: resolved 454, reused 453, downloaded 0, added 130
Progress: resolved 454, reused 453, downloaded 0, added 139
Progress: resolved 454, reused 453, downloaded 0, added 154
Progress: resolved 454, reused 453, downloaded 0, added 162
Progress: resolved 454, reused 453, downloaded 0, added 173
Progress: resolved 454, reused 453, downloaded 0, added 178
Progress: resolved 454, reused 453, downloaded 0, added 183
Progress: resolved 454, reused 453, downloaded 0, added 188
Progress: resolved 454, reused 453, downloaded 0, added 199
Progress: resolved 454, reused 453, downloaded 0, added 209
Progress: resolved 454, reused 453, downloaded 0, added 212
Progress: resolved 454, reused 453, downloaded 0, added 213
Progress: resolved 454, reused 453, downloaded 0, added 230
Progress: resolved 454, reused 453, downloaded 0, added 242
Progress: resolved 454, reused 453, downloaded 0, added 266
Progress: resolved 454, reused 453, downloaded 0, added 267
Progress: resolved 454, reused 454, downloaded 0, added 273
Progress: resolved 454, reused 454, downloaded 0, added 280
Progress: resolved 454, reused 454, downloaded 0, added 286
Progress: resolved 454, reused 454, downloaded 0, added 294
Progress: resolved 454, reused 454, downloaded 0, added 305
Progress: resolved 454, reused 454, downloaded 0, added 307
Progress: resolved 454, reused 454, downloaded 0, added 308
Progress: resolved 454, reused 454, downloaded 0, added 313
Progress: resolved 454, reused 454, downloaded 0, added 316
Progress: resolved 454, reused 454, downloaded 0, added 319
Progress: resolved 454, reused 454, downloaded 0, added 323
Progress: resolved 454, reused 454, downloaded 0, added 326
Progress: resolved 454, reused 454, downloaded 0, added 327
Progress: resolved 454, reused 454, downloaded 0, added 329
Progress: resolved 454, reused 454, downloaded 0, added 331
Progress: resolved 454, reused 454, downloaded 0, added 332
Progress: resolved 454, reused 454, downloaded 0, added 333
Progress: resolved 454, reused 454, downloaded 0, added 335
Progress: resolved 454, reused 454, downloaded 0, added 351
Progress: resolved 454, reused 454, downloaded 0, added 357
Progress: resolved 454, reused 454, downloaded 0, added 358
Progress: resolved 454, reused 454, downloaded 0, added 362
Progress: resolved 454, reused 454, downloaded 0, added 364
Progress: resolved 454, reused 454, downloaded 0, added 367
Progress: resolved 454, reused 454, downloaded 0, added 368
Progress: resolved 454, reused 454, downloaded 0, added 371
Progress: resolved 454, reused 454, downloaded 0, added 373
Progress: resolved 454, reused 454, downloaded 0, added 381
Progress: resolved 454, reused 454, downloaded 0, added 389
Progress: resolved 454, reused 454, downloaded 0, added 404
Progress: resolved 454, reused 454, downloaded 0, added 420
Progress: resolved 454, reused 454, downloaded 0, added 435
Progress: resolved 454, reused 454, downloaded 0, added 440
Progress: resolved 454, reused 454, downloaded 0, added 445
Progress: resolved 454, reused 454, downloaded 0, added 448
Progress: resolved 454, reused 454, downloaded 0, added 450
Progress: resolved 454, reused 454, downloaded 0, added 451
Progress: resolved 454, reused 454, downloaded 0, added 452
Progress: resolved 454, reused 454, downloaded 0, added 453
Progress: resolved 454, reused 454, downloaded 0, added 454, done

dependencies:
+ @google/genai 1.43.0
+ @tailwindcss/vite 4.2.1
+ @vitejs/plugin-react 5.1.4
+ axios 1.13.6
+ better-sqlite3 12.6.2
+ clsx 2.1.1
+ date-fns 4.1.0
+ dotenv 17.3.1
+ express 4.22.1
+ framer-motion 12.34.3
+ lucide-react 0.546.0
+ motion 12.34.3
+ react 19.2.4
+ react-dom 19.2.4
+ react-router-dom 7.13.1
+ recharts 3.7.0
+ tailwind-merge 3.5.0
+ vite 6.4.1
+ zustand 5.0.11

devDependencies:
+ @testing-library/jest-dom 6.9.1
+ @testing-library/react 16.3.2
+ @testing-library/user-event 14.6.1
+ @types/express 4.17.25
+ @types/node 22.19.13
+ @types/react-router-dom 5.3.3
+ @vitest/coverage-v8 3.2.4
+ @vitest/ui 3.2.4
+ autoprefixer 10.4.27
+ jsdom 26.1.0
+ tailwindcss 4.2.1
+ tsx 4.21.0
+ typescript 5.8.3
+ vitest 3.2.4

╭ Warning ─────────────────────────────────────────────────────────────────────╮
│                                                                              │
│   Ignored build scripts: better-sqlite3@12.6.2, esbuild@0.25.12,             │
│   esbuild@0.27.3, protobufjs@7.5.4.                                          │
│   Run "pnpm approve-builds" to pick which dependencies should be allowed     │
│   to run scripts.                                                            │
│                                                                              │
╰──────────────────────────────────────────────────────────────────────────────╯
Done in 2m 6.6s using pnpm v10.32.1
