[120] Installing: fashionprompt-ai
Lockfile is up to date, resolution step is skipped
Progress: resolved 1, reused 0, downloaded 0, added 0
Packages: +287
++++++++++++++++++++++++++++++++++++++++++++++++++++++++++++++++++++++++++++++++
Progress: resolved 287, reused 6, downloaded 0, added 0
Progress: resolved 287, reused 27, downloaded 0, added 0
Progress: resolved 287, reused 61, downloaded 0, added 0
Progress: resolved 287, reused 145, downloaded 0, added 0
Progress: resolved 287, reused 188, downloaded 0, added 0
Progress: resolved 287, reused 192, downloaded 0, added 0
Progress: resolved 287, reused 205, downloaded 0, added 0
Progress: resolved 287, reused 206, downloaded 0, added 0
Progress: resolved 287, reused 232, downloaded 0, added 0
Progress: resolved 287, reused 285, downloaded 0, added 1
Progress: resolved 287, reused 287, downloaded 0, added 8
Progress: resolved 287, reused 287, downloaded 0, added 9
Progress: resolved 287, reused 287, downloaded 0, added 10
Progress: resolved 287, reused 287, downloaded 0, added 15
Progress: resolved 287, reused 287, downloaded 0, added 21
Progress: resolved 287, reused 287, downloaded 0, added 25
Progress: resolved 287, reused 287, downloaded 0, added 32
Progress: resolved 287, reused 287, downloaded 0, added 33
Progress: resolved 287, reused 287, downloaded 0, added 34
Progress: resolved 287, reused 287, downloaded 0, added 35
Progress: resolved 287, reused 287, downloaded 0, added 39
Progress: resolved 287, reused 287, downloaded 0, added 43
Progress: resolved 287, reused 287, downloaded 0, added 47
Progress: resolved 287, reused 287, downloaded 0, added 52
Progress: resolved 287, reused 287, downloaded 0, added 64
Progress: resolved 287, reused 287, downloaded 0, added 75
Progress: resolved 287, reused 287, downloaded 0, added 81
Progress: resolved 287, reused 287, downloaded 0, added 88
Progress: resolved 287, reused 287, downloaded 0, added 99
Progress: resolved 287, reused 287, downloaded 0, added 104
Progress: resolved 287, reused 287, downloaded 0, added 115
Progress: resolved 287, reused 287, downloaded 0, added 133
Progress: resolved 287, reused 287, downloaded 0, added 150
Progress: resolved 287, reused 287, downloaded 0, added 155
Progress: resolved 287, reused 287, downloaded 0, added 177
Progress: resolved 287, reused 287, downloaded 0, added 199
Progress: resolved 287, reused 287, downloaded 0, added 210
Progress: resolved 287, reused 287, downloaded 0, added 215
Progress: resolved 287, reused 287, downloaded 0, added 218
Progress: resolved 287, reused 287, downloaded 0, added 238
Progress: resolved 287, reused 287, downloaded 0, added 244
Progress: resolved 287, reused 287, downloaded 0, added 245
Progress: resolved 287, reused 287, downloaded 0, added 272
Progress: resolved 287, reused 287, downloaded 0, added 282
Progress: resolved 287, reused 287, downloaded 0, added 283
Progress: resolved 287, reused 287, downloaded 0, added 284
Progress: resolved 287, reused 287, downloaded 0, added 285
Progress: resolved 287, reused 287, downloaded 0, added 286
Progress: resolved 287, reused 287, downloaded 0, added 287
Progress: resolved 287, reused 287, downloaded 0, added 287, done

dependencies:
+ lucide-react 0.400.0
+ react 19.2.4
+ react-dom 19.2.4
+ react-router-dom 7.13.1

devDependencies:
+ @testing-library/jest-dom 6.9.1
+ @testing-library/react 16.3.2
+ @testing-library/user-event 14.6.1
+ @types/node 22.19.13
+ @vitejs/plugin-react 5.1.4
+ @vitest/coverage-v8 3.2.4
+ @vitest/ui 3.2.4
+ jsdom 26.1.0
+ serve 14.2.5
+ typescript 5.8.3
+ vite 7.3.1
+ vitest 3.2.4

╭ Warning ─────────────────────────────────────────────────────────────────────╮
│                                                                              │
│   Ignored build scripts: esbuild@0.27.3.                                     │
│   Run "pnpm approve-builds" to pick which dependencies should be allowed     │
│   to run scripts.                                                            │
│                                                                              │
╰──────────────────────────────────────────────────────────────────────────────╯
Done in 1m 21.1s using pnpm v10.30.1
