[122] Installing: fees-comparison-dashboard
Lockfile is up to date, resolution step is skipped
Progress: resolved 1, reused 0, downloaded 0, added 0
Packages: +394
++++++++++++++++++++++++++++++++++++++++++++++++++++++++++++++++++++++++++++++++
Progress: resolved 394, reused 0, downloaded 0, added 0
Progress: resolved 394, reused 4, downloaded 0, added 0
Progress: resolved 394, reused 9, downloaded 0, added 0
Progress: resolved 394, reused 10, downloaded 0, added 0
Progress: resolved 394, reused 15, downloaded 0, added 0
Progress: resolved 394, reused 22, downloaded 0, added 0
Progress: resolved 394, reused 43, downloaded 0, added 0
Progress: resolved 394, reused 74, downloaded 0, added 0
Progress: resolved 394, reused 105, downloaded 0, added 0
Progress: resolved 394, reused 116, downloaded 0, added 0
Progress: resolved 394, reused 131, downloaded 0, added 0
Progress: resolved 394, reused 143, downloaded 0, added 0
Progress: resolved 394, reused 148, downloaded 0, added 0
Progress: resolved 394, reused 149, downloaded 0, added 0
Progress: resolved 394, reused 150, downloaded 0, added 0
Progress: resolved 394, reused 155, downloaded 0, added 0
Progress: resolved 394, reused 167, downloaded 0, added 0
Progress: resolved 394, reused 180, downloaded 0, added 0
Progress: resolved 394, reused 199, downloaded 0, added 0
Progress: resolved 394, reused 215, downloaded 0, added 0
Progress: resolved 394, reused 222, downloaded 0, added 0
Progress: resolved 394, reused 231, downloaded 0, added 0
Progress: resolved 394, reused 271, downloaded 0, added 0
Progress: resolved 394, reused 287, downloaded 0, added 0
Progress: resolved 394, reused 304, downloaded 0, added 0
Progress: resolved 394, reused 326, downloaded 0, added 0
Progress: resolved 394, reused 352, downloaded 0, added 0
Progress: resolved 394, reused 390, downloaded 0, added 2
Progress: resolved 394, reused 391, downloaded 0, added 5
Progress: resolved 394, reused 392, downloaded 0, added 10
Progress: resolved 394, reused 392, downloaded 0, added 20
Progress: resolved 394, reused 392, downloaded 0, added 28
Progress: resolved 394, reused 392, downloaded 0, added 41
Progress: resolved 394, reused 392, downloaded 0, added 52
Progress: resolved 394, reused 392, downloaded 0, added 58
Progress: resolved 394, reused 392, downloaded 0, added 67
Progress: resolved 394, reused 392, downloaded 0, added 79
Progress: resolved 394, reused 392, downloaded 0, added 95
Progress: resolved 394, reused 392, downloaded 0, added 120
Progress: resolved 394, reused 392, downloaded 0, added 123
Progress: resolved 394, reused 392, downloaded 0, added 126
Progress: resolved 394, reused 392, downloaded 0, added 129
Progress: resolved 394, reused 393, downloaded 0, added 134
Progress: resolved 394, reused 393, downloaded 0, added 142
Progress: resolved 394, reused 393, downloaded 0, added 149
Progress: resolved 394, reused 393, downloaded 0, added 151
Progress: resolved 394, reused 393, downloaded 0, added 157
Progress: resolved 394, reused 393, downloaded 0, added 163
Progress: resolved 394, reused 393, downloaded 0, added 168
Progress: resolved 394, reused 393, downloaded 0, added 178
Progress: resolved 394, reused 393, downloaded 0, added 185
Progress: resolved 394, reused 393, downloaded 0, added 188
Progress: resolved 394, reused 393, downloaded 0, added 192
Progress: resolved 394, reused 393, downloaded 0, added 202
Progress: resolved 394, reused 393, downloaded 0, added 209
Progress: resolved 394, reused 393, downloaded 0, added 217
Progress: resolved 394, reused 393, downloaded 0, added 222
Progress: resolved 394, reused 393, downloaded 0, added 230
Progress: resolved 394, reused 394, downloaded 0, added 235
Progress: resolved 394, reused 394, downloaded 0, added 238
Progress: resolved 394, reused 394, downloaded 0, added 242
Progress: resolved 394, reused 394, downloaded 0, added 246
Progress: resolved 394, reused 394, downloaded 0, added 251
Progress: resolved 394, reused 394, downloaded 0, added 252
Progress: resolved 394, reused 394, downloaded 0, added 255
Progress: resolved 394, reused 394, downloaded 0, added 261
Progress: resolved 394, reused 394, downloaded 0, added 269
Progress: resolved 394, reused 394, downloaded 0, added 270
Progress: resolved 394, reused 394, downloaded 0, added 276
Progress: resolved 394, reused 394, downloaded 0, added 280
Progress: resolved 394, reused 394, downloaded 0, added 284
Progress: resolved 394, reused 394, downloaded 0, added 293
Progress: resolved 394, reused 394, downloaded 0, added 297
Progress: resolved 394, reused 394, downloaded 0, added 304
Progress: resolved 394, reused 394, downloaded 0, added 308
Progress: resolved 394, reused 394, downloaded 0, added 312
Progress: resolved 394, reused 394, downloaded 0, added 314
Progress: resolved 394, reused 394, downloaded 0, added 315
Progress: resolved 394, reused 394, downloaded 0, added 317
Progress: resolved 394, reused 394, downloaded 0, added 318
Progress: resolved 394, reused 394, downloaded 0, added 321
Progress: resolved 394, reused 394, downloaded 0, added 323
Progress: resolved 394, reused 394, downloaded 0, added 324
Progress: resolved 394, reused 394, downloaded 0, added 325
Progress: resolved 394, reused 394, downloaded 0, added 328
Progress: resolved 394, reused 394, downloaded 0, added 329
Progress: resolved 394, reused 394, downloaded 0, added 330
Progress: resolved 394, reused 394, downloaded 0, added 332
Progress: resolved 394, reused 394, downloaded 0, added 341
Progress: resolved 394, reused 394, downloaded 0, added 347
Progress: resolved 394, reused 394, downloaded 0, added 354
Progress: resolved 394, reused 394, downloaded 0, added 367
Progress: resolved 394, reused 394, downloaded 0, added 382
Progress: resolved 394, reused 394, downloaded 0, added 387
Progress: resolved 394, reused 394, downloaded 0, added 388
Progress: resolved 394, reused 394, downloaded 0, added 389
Progress: resolved 394, reused 394, downloaded 0, added 390
Progress: resolved 394, reused 394, downloaded 0, added 391
Progress: resolved 394, reused 394, downloaded 0, added 392
Progress: resolved 394, reused 394, downloaded 0, added 393
Progress: resolved 394, reused 394, downloaded 0, added 394
Progress: resolved 394, reused 394, downloaded 0, added 394, done

dependencies:
+ lucide-react 0.400.0
+ prop-types 15.8.1
+ react 19.2.4
+ react-dom 19.2.4
+ react-is 18.3.1
+ react-router-dom 7.13.1
+ recharts 3.5.0

devDependencies:
+ @testing-library/jest-dom 6.9.1
+ @testing-library/react 16.3.2
+ @testing-library/user-event 14.6.1
+ @types/node 24.10.1
+ @vitejs/plugin-react 5.1.1
+ @vitest/coverage-v8 3.2.4
+ @vitest/ui 3.2.4
+ jsdom 26.1.0
+ serve 14.2.5
+ typescript 5.9.3
+ vite 7.3.1
+ vitest 3.2.4

Done in 3m 43.8s using pnpm v10.30.1
