[125] Installing: geopolitical-risk-monitor
Lockfile is up to date, resolution step is skipped
Progress: resolved 1, reused 0, downloaded 0, added 0
Packages: +454
++++++++++++++++++++++++++++++++++++++++++++++++++++++++++++++++++++++++++++++++
Progress: resolved 454, reused 13, downloaded 0, added 0
Progress: resolved 454, reused 45, downloaded 0, added 0
Progress: resolved 454, reused 72, downloaded 0, added 0
Progress: resolved 454, reused 117, downloaded 0, added 0
Progress: resolved 454, reused 162, downloaded 0, added 0
Progress: resolved 454, reused 190, downloaded 0, added 0
Progress: resolved 454, reused 260, downloaded 0, added 0
Progress: resolved 454, reused 277, downloaded 0, added 0
Progress: resolved 454, reused 280, downloaded 0, added 0
Progress: resolved 454, reused 285, downloaded 0, added 0
Progress: resolved 454, reused 315, downloaded 0, added 0
Progress: resolved 454, reused 320, downloaded 0, added 0
Progress: resolved 454, reused 323, downloaded 0, added 0
Progress: resolved 454, reused 325, downloaded 0, added 0
Progress: resolved 454, reused 327, downloaded 0, added 0
Progress: resolved 454, reused 329, downloaded 0, added 0
Progress: resolved 454, reused 331, downloaded 0, added 0
Progress: resolved 454, reused 333, downloaded 0, added 0
Progress: resolved 454, reused 334, downloaded 0, added 0
Progress: resolved 454, reused 336, downloaded 0, added 0
Progress: resolved 454, reused 337, downloaded 0, added 0
Progress: resolved 454, reused 340, downloaded 0, added 0
Progress: resolved 454, reused 341, downloaded 0, added 0
Progress: resolved 454, reused 342, downloaded 0, added 0
Progress: resolved 454, reused 343, downloaded 0, added 0
Progress: resolved 454, reused 373, downloaded 0, added 0
Progress: resolved 454, reused 399, downloaded 0, added 0
Progress: resolved 454, reused 430, downloaded 0, added 0
Progress: resolved 454, reused 435, downloaded 0, added 0
Progress: resolved 454, reused 436, downloaded 0, added 0
Progress: resolved 454, reused 443, downloaded 0, added 0
Progress: resolved 454, reused 444, downloaded 0, added 0
Progress: resolved 454, reused 448, downloaded 0, added 0
Progress: resolved 454, reused 449, downloaded 0, added 0
Progress: resolved 454, reused 450, downloaded 0, added 6
Progress: resolved 454, reused 450, downloaded 0, added 12
Progress: resolved 454, reused 450, downloaded 0, added 13
Progress: resolved 454, reused 450, downloaded 0, added 14
Progress: resolved 454, reused 450, downloaded 0, added 15
Progress: resolved 454, reused 450, downloaded 0, added 16
Progress: resolved 454, reused 450, downloaded 0, added 17
Progress: resolved 454, reused 450, downloaded 0, added 18
Progress: resolved 454, reused 450, downloaded 0, added 20
Progress: resolved 454, reused 450, downloaded 0, added 21
Progress: resolved 454, reused 450, downloaded 0, added 22
Progress: resolved 454, reused 450, downloaded 0, added 23
Progress: resolved 454, reused 450, downloaded 0, added 26
Progress: resolved 454, reused 450, downloaded 0, added 30
Progress: resolved 454, reused 450, downloaded 0, added 31
Progress: resolved 454, reused 451, downloaded 0, added 39
Progress: resolved 454, reused 452, downloaded 0, added 39
Progress: resolved 454, reused 452, downloaded 0, added 41
Progress: resolved 454, reused 452, downloaded 0, added 49
Progress: resolved 454, reused 452, downloaded 0, added 59
Progress: resolved 454, reused 453, downloaded 0, added 66
Progress: resolved 454, reused 453, downloaded 0, added 70
Progress: resolved 454, reused 453, downloaded 0, added 73
Progress: resolved 454, reused 453, downloaded 0, added 76
Progress: resolved 454, reused 453, downloaded 0, added 84
Progress: resolved 454, reused 453, downloaded 0, added 92
Progress: resolved 454, reused 453, downloaded 0, added 106
Progress: resolved 454, reused 453, downloaded 0, added 112
Progress: resolved 454, reused 453, downloaded 0, added 118
Progress: resolved 454, reused 453, downloaded 0, added 124
Progress: resolved 454, reused 453, downloaded 0, added 134
Progress: resolved 454, reused 453, downloaded 0, added 140
Progress: resolved 454, reused 453, downloaded 0, added 143
Progress: resolved 454, reused 453, downloaded 0, added 152
Progress: resolved 454, reused 453, downloaded 0, added 160
Progress: resolved 454, reused 453, downloaded 0, added 165
Progress: resolved 454, reused 453, downloaded 0, added 166
Progress: resolved 454, reused 453, downloaded 0, added 178
Progress: resolved 454, reused 454, downloaded 0, added 187
Progress: resolved 454, reused 454, downloaded 0, added 198
Progress: resolved 454, reused 454, downloaded 0, added 209
Progress: resolved 454, reused 454, downloaded 0, added 210
Progress: resolved 454, reused 454, downloaded 0, added 229
Progress: resolved 454, reused 454, downloaded 0, added 235
Progress: resolved 454, reused 454, downloaded 0, added 253
Progress: resolved 454, reused 454, downloaded 0, added 255
Progress: resolved 454, reused 454, downloaded 0, added 266
Progress: resolved 454, reused 454, downloaded 0, added 270
Progress: resolved 454, reused 454, downloaded 0, added 273
Progress: resolved 454, reused 454, downloaded 0, added 274
Progress: resolved 454, reused 454, downloaded 0, added 276
Progress: resolved 454, reused 454, downloaded 0, added 278
Progress: resolved 454, reused 454, downloaded 0, added 283
Progress: resolved 454, reused 454, downloaded 0, added 285
Progress: resolved 454, reused 454, downloaded 0, added 286
Progress: resolved 454, reused 454, downloaded 0, added 289
Progress: resolved 454, reused 454, downloaded 0, added 293
Progress: resolved 454, reused 454, downloaded 0, added 297
Progress: resolved 454, reused 454, downloaded 0, added 303
Progress: resolved 454, reused 454, downloaded 0, added 308
Progress: resolved 454, reused 454, downloaded 0, added 311
Progress: resolved 454, reused 454, downloaded 0, added 314
Progress: resolved 454, reused 454, downloaded 0, added 315
Progress: resolved 454, reused 454, downloaded 0, added 322
Progress: resolved 454, reused 454, downloaded 0, added 327
Progress: resolved 454, reused 454, downloaded 0, added 328
Progress: resolved 454, reused 454, downloaded 0, added 330
Progress: resolved 454, reused 454, downloaded 0, added 332
Progress: resolved 454, reused 454, downloaded 0, added 335
Progress: resolved 454, reused 454, downloaded 0, added 336
Progress: resolved 454, reused 454, downloaded 0, added 347
Progress: resolved 454, reused 454, downloaded 0, added 359
Progress: resolved 454, reused 454, downloaded 0, added 367
Progress: resolved 454, reused 454, downloaded 0, added 371
Progress: resolved 454, reused 454, downloaded 0, added 376
Progress: resolved 454, reused 454, downloaded 0, added 381
Progress: resolved 454, reused 454, downloaded 0, added 386
Progress: resolved 454, reused 454, downloaded 0, added 390
Progress: resolved 454, reused 454, downloaded 0, added 397
Progress: resolved 454, reused 454, downloaded 0, added 414
Progress: resolved 454, reused 454, downloaded 0, added 423
Progress: resolved 454, reused 454, downloaded 0, added 434
Progress: resolved 454, reused 454, downloaded 0, added 443
Progress: resolved 454, reused 454, downloaded 0, added 446
Progress: resolved 454, reused 454, downloaded 0, added 447
Progress: resolved 454, reused 454, downloaded 0, added 448
Progress: resolved 454, reused 454, downloaded 0, added 449
Progress: resolved 454, reused 454, downloaded 0, added 450
Progress: resolved 454, reused 454, downloaded 0, added 451
Progress: resolved 454, reused 454, downloaded 0, added 452
Progress: resolved 454, reused 454, downloaded 0, added 453
Progress: resolved 454, reused 454, downloaded 0, added 454
Progress: resolved 454, reused 454, downloaded 0, added 454, done

dependencies:
+ @google/genai 1.43.0
+ @tailwindcss/vite 4.2.1
+ @vitejs/plugin-react 5.1.4
+ axios 1.13.6
+ better-sqlite3 12.6.2
+ clsx 2.1.1
+ date-fns 4.1.0
+ dotenv 17.3.1
+ express 4.22.1
+ framer-motion 12.34.3
+ lucide-react 0.546.0
+ motion 12.34.3
+ react 19.2.4
+ react-dom 19.2.4
+ react-router-dom 7.13.1
+ recharts 3.7.0
+ tailwind-merge 3.5.0
+ vite 6.4.1
+ zustand 5.0.11

devDependencies:
+ @testing-library/jest-dom 6.9.1
+ @testing-library/react 16.3.2
+ @testing-library/user-event 14.6.1
+ @types/express 4.17.25
+ @types/node 22.19.13
+ @types/react-router-dom 5.3.3
+ @vitest/coverage-v8 3.2.4
+ @vitest/ui 3.2.4
+ autoprefixer 10.4.27
+ jsdom 26.1.0
+ tailwindcss 4.2.1
+ tsx 4.21.0
+ typescript 5.8.3
+ vitest 3.2.4

╭ Warning ─────────────────────────────────────────────────────────────────────╮
│                                                                              │
│   Ignored build scripts: better-sqlite3@12.6.2, esbuild@0.25.12,             │
│   esbuild@0.27.3, protobufjs@7.5.4.                                          │
│   Run "pnpm approve-builds" to pick which dependencies should be allowed     │
│   to run scripts.                                                            │
│                                                                              │
╰──────────────────────────────────────────────────────────────────────────────╯
Done in 4m 26.1s using pnpm v10.32.1
