[126] Installing: ghana-news-aggregator
Lockfile is up to date, resolution step is skipped
Progress: resolved 1, reused 0, downloaded 0, added 0
Packages: +309
++++++++++++++++++++++++++++++++++++++++++++++++++++++++++++++++++++++++++++++++
Progress: resolved 309, reused 9, downloaded 0, added 0
Progress: resolved 309, reused 58, downloaded 0, added 0
Progress: resolved 309, reused 116, downloaded 0, added 0
Progress: resolved 309, reused 152, downloaded 0, added 0
Progress: resolved 309, reused 276, downloaded 0, added 0
Progress: resolved 309, reused 307, downloaded 0, added 8
Progress: resolved 309, reused 307, downloaded 0, added 21
Progress: resolved 309, reused 308, downloaded 0, added 38
Progress: resolved 309, reused 308, downloaded 0, added 43
Progress: resolved 309, reused 308, downloaded 0, added 50
Progress: resolved 309, reused 308, downloaded 0, added 58
Progress: resolved 309, reused 308, downloaded 0, added 64
Progress: resolved 309, reused 308, downloaded 0, added 68
Progress: resolved 309, reused 308, downloaded 0, added 77
Progress: resolved 309, reused 308, downloaded 0, added 82
Progress: resolved 309, reused 309, downloaded 0, added 89
Progress: resolved 309, reused 309, downloaded 0, added 90
Progress: resolved 309, reused 309, downloaded 0, added 91
Progress: resolved 309, reused 309, downloaded 0, added 92
Progress: resolved 309, reused 309, downloaded 0, added 97
Progress: resolved 309, reused 309, downloaded 0, added 104
Progress: resolved 309, reused 309, downloaded 0, added 116
Progress: resolved 309, reused 309, downloaded 0, added 119
Progress: resolved 309, reused 309, downloaded 0, added 122
Progress: resolved 309, reused 309, downloaded 0, added 129
Progress: resolved 309, reused 309, downloaded 0, added 140
Progress: resolved 309, reused 309, downloaded 0, added 154
Progress: resolved 309, reused 309, downloaded 0, added 162
Progress: resolved 309, reused 309, downloaded 0, added 170
Progress: resolved 309, reused 309, downloaded 0, added 184
Progress: resolved 309, reused 309, downloaded 0, added 200
Progress: resolved 309, reused 309, downloaded 0, added 228
Progress: resolved 309, reused 309, downloaded 0, added 238
Progress: resolved 309, reused 309, downloaded 0, added 245
Progress: resolved 309, reused 309, downloaded 0, added 258
Progress: resolved 309, reused 309, downloaded 0, added 271
Progress: resolved 309, reused 309, downloaded 0, added 283
Progress: resolved 309, reused 309, downloaded 0, added 297
Progress: resolved 309, reused 309, downloaded 0, added 303
Progress: resolved 309, reused 309, downloaded 0, added 304
Progress: resolved 309, reused 309, downloaded 0, added 305
Progress: resolved 309, reused 309, downloaded 0, added 306
Progress: resolved 309, reused 309, downloaded 0, added 307
Progress: resolved 309, reused 309, downloaded 0, added 308
Progress: resolved 309, reused 309, downloaded 0, added 309
Progress: resolved 309, reused 309, downloaded 0, added 309, done

dependencies:
+ @google/genai 1.34.0
+ lucide-react 0.562.0
+ marked 17.0.1
+ react 19.2.4
+ react-dom 19.2.4
+ react-router-dom 7.13.1

devDependencies:
+ @testing-library/jest-dom 6.9.1
+ @testing-library/react 16.3.2
+ @testing-library/user-event 14.6.1
+ @types/node 25.0.3
+ @vitejs/plugin-react 5.1.2
+ @vitest/coverage-v8 3.2.4
+ @vitest/ui 3.2.4
+ jsdom 26.1.0
+ serve 14.2.5
+ typescript 5.9.3
+ vite 7.3.1
+ vitest 3.2.4

Done in 2m 19.4s using pnpm v10.30.1
