[128] Installing: ghanare
Lockfile is up to date, resolution step is skipped
Progress: resolved 1, reused 0, downloaded 0, added 0
Packages: +256
++++++++++++++++++++++++++++++++++++++++++++++++++++++++++++++++++++++++++++++++
Progress: resolved 256, reused 11, downloaded 0, added 0
Progress: resolved 256, reused 19, downloaded 0, added 0
Progress: resolved 256, reused 35, downloaded 0, added 0
Progress: resolved 256, reused 60, downloaded 0, added 0
Progress: resolved 256, reused 66, downloaded 0, added 0
Progress: resolved 256, reused 76, downloaded 0, added 0
Progress: resolved 256, reused 118, downloaded 0, added 0
Progress: resolved 256, reused 141, downloaded 0, added 0
Progress: resolved 256, reused 173, downloaded 0, added 0
Progress: resolved 256, reused 214, downloaded 0, added 0
Progress: resolved 256, reused 236, downloaded 0, added 0
Progress: resolved 256, reused 246, downloaded 0, added 0
Progress: resolved 256, reused 249, downloaded 0, added 0
Progress: resolved 256, reused 250, downloaded 0, added 0
Progress: resolved 256, reused 251, downloaded 0, added 0
Progress: resolved 256, reused 252, downloaded 0, added 7
Progress: resolved 256, reused 252, downloaded 0, added 10
Progress: resolved 256, reused 252, downloaded 0, added 13
Progress: resolved 256, reused 255, downloaded 0, added 18
Progress: resolved 256, reused 255, downloaded 0, added 23
Progress: resolved 256, reused 255, downloaded 0, added 37
Progress: resolved 256, reused 255, downloaded 0, added 38
Progress: resolved 256, reused 255, downloaded 0, added 53
Progress: resolved 256, reused 255, downloaded 0, added 56
Progress: resolved 256, reused 255, downloaded 0, added 60
Progress: resolved 256, reused 255, downloaded 0, added 65
Progress: resolved 256, reused 255, downloaded 0, added 68
Progress: resolved 256, reused 255, downloaded 0, added 69
Progress: resolved 256, reused 255, downloaded 0, added 71
Progress: resolved 256, reused 255, downloaded 0, added 74
Progress: resolved 256, reused 255, downloaded 0, added 76
Progress: resolved 256, reused 255, downloaded 0, added 79
Progress: resolved 256, reused 255, downloaded 0, added 86
Progress: resolved 256, reused 255, downloaded 0, added 90
Progress: resolved 256, reused 255, downloaded 0, added 91
Progress: resolved 256, reused 255, downloaded 0, added 96
Progress: resolved 256, reused 256, downloaded 0, added 96
Progress: resolved 256, reused 256, downloaded 0, added 97
Progress: resolved 256, reused 256, downloaded 0, added 111
Progress: resolved 256, reused 256, downloaded 0, added 121
Progress: resolved 256, reused 256, downloaded 0, added 140
Progress: resolved 256, reused 256, downloaded 0, added 145
Progress: resolved 256, reused 256, downloaded 0, added 161
Progress: resolved 256, reused 256, downloaded 0, added 171
Progress: resolved 256, reused 256, downloaded 0, added 177
Progress: resolved 256, reused 256, downloaded 0, added 191
Progress: resolved 256, reused 256, downloaded 0, added 199
Progress: resolved 256, reused 256, downloaded 0, added 200
Progress: resolved 256, reused 256, downloaded 0, added 212
Progress: resolved 256, reused 256, downloaded 0, added 216
Progress: resolved 256, reused 256, downloaded 0, added 229
Progress: resolved 256, reused 256, downloaded 0, added 244
Progress: resolved 256, reused 256, downloaded 0, added 251
Progress: resolved 256, reused 256, downloaded 0, added 252
Progress: resolved 256, reused 256, downloaded 0, added 255
Progress: resolved 256, reused 256, downloaded 0, added 256
Progress: resolved 256, reused 256, downloaded 0, added 256, done

dependencies:
+ @google/genai 1.46.0
+ react 19.2.4
+ react-dom 19.2.4

devDependencies:
+ @testing-library/jest-dom 6.9.1
+ @testing-library/react 16.3.2
+ @testing-library/user-event 14.6.1
+ @types/node 22.19.15
+ @vitejs/plugin-react 5.2.0
+ @vitest/coverage-v8 3.2.4
+ @vitest/ui 3.2.4
+ jsdom 26.1.0
+ typescript 5.8.3
+ vite 6.4.1
+ vitest 3.2.4

╭ Warning ─────────────────────────────────────────────────────────────────────╮
│                                                                              │
│   Ignored build scripts: esbuild@0.25.12, protobufjs@7.5.4.                  │
│   Run "pnpm approve-builds" to pick which dependencies should be allowed     │
│   to run scripts.                                                            │
│                                                                              │
╰──────────────────────────────────────────────────────────────────────────────╯
Done in 1m 19.2s using pnpm v10.32.1
