[127] Installing: ghana-university-fees-dashboard
Lockfile is up to date, resolution step is skipped
Progress: resolved 1, reused 0, downloaded 0, added 0
Packages: +323
++++++++++++++++++++++++++++++++++++++++++++++++++++++++++++++++++++++++++++++++
Progress: resolved 323, reused 19, downloaded 0, added 0
Progress: resolved 323, reused 39, downloaded 0, added 0
Progress: resolved 323, reused 45, downloaded 0, added 0
Progress: resolved 323, reused 55, downloaded 0, added 0
Progress: resolved 323, reused 64, downloaded 0, added 0
Progress: resolved 323, reused 77, downloaded 0, added 0
Progress: resolved 323, reused 101, downloaded 0, added 0
Progress: resolved 323, reused 126, downloaded 0, added 0
Progress: resolved 323, reused 153, downloaded 0, added 0
Progress: resolved 323, reused 154, downloaded 0, added 0
Progress: resolved 323, reused 155, downloaded 0, added 0
Progress: resolved 323, reused 195, downloaded 0, added 0
Progress: resolved 323, reused 242, downloaded 0, added 0
Progress: resolved 323, reused 306, downloaded 0, added 0
Progress: resolved 323, reused 322, downloaded 0, added 1
Progress: resolved 323, reused 322, downloaded 0, added 3
Progress: resolved 323, reused 322, downloaded 0, added 5
Progress: resolved 323, reused 322, downloaded 0, added 9
Progress: resolved 323, reused 322, downloaded 0, added 20
Progress: resolved 323, reused 322, downloaded 0, added 28
Progress: resolved 323, reused 322, downloaded 0, added 29
Progress: resolved 323, reused 322, downloaded 0, added 36
Progress: resolved 323, reused 322, downloaded 0, added 42
Progress: resolved 323, reused 322, downloaded 0, added 46
Progress: resolved 323, reused 322, downloaded 0, added 54
Progress: resolved 323, reused 322, downloaded 0, added 55
Progress: resolved 323, reused 322, downloaded 0, added 62
Progress: resolved 323, reused 322, downloaded 0, added 64
Progress: resolved 323, reused 322, downloaded 0, added 69
Progress: resolved 323, reused 322, downloaded 0, added 70
Progress: resolved 323, reused 322, downloaded 0, added 77
Progress: resolved 323, reused 322, downloaded 0, added 93
Progress: resolved 323, reused 322, downloaded 0, added 106
Progress: resolved 323, reused 322, downloaded 0, added 114
Progress: resolved 323, reused 322, downloaded 0, added 118
Progress: resolved 323, reused 322, downloaded 0, added 122
Progress: resolved 323, reused 322, downloaded 0, added 137
Progress: resolved 323, reused 322, downloaded 0, added 145
Progress: resolved 323, reused 322, downloaded 0, added 154
Progress: resolved 323, reused 322, downloaded 0, added 164
Progress: resolved 323, reused 322, downloaded 0, added 170
Progress: resolved 323, reused 322, downloaded 0, added 172
Progress: resolved 323, reused 322, downloaded 0, added 174
Progress: resolved 323, reused 322, downloaded 0, added 176
Progress: resolved 323, reused 322, downloaded 0, added 179
Progress: resolved 323, reused 322, downloaded 0, added 186
Progress: resolved 323, reused 323, downloaded 0, added 188
Progress: resolved 323, reused 323, downloaded 0, added 191
Progress: resolved 323, reused 323, downloaded 0, added 195
Progress: resolved 323, reused 323, downloaded 0, added 199
Progress: resolved 323, reused 323, downloaded 0, added 206
Progress: resolved 323, reused 323, downloaded 0, added 210
Progress: resolved 323, reused 323, downloaded 0, added 216
Progress: resolved 323, reused 323, downloaded 0, added 227
Progress: resolved 323, reused 323, downloaded 0, added 228
Progress: resolved 323, reused 323, downloaded 0, added 229
Progress: resolved 323, reused 323, downloaded 0, added 230
Progress: resolved 323, reused 323, downloaded 0, added 232
Progress: resolved 323, reused 323, downloaded 0, added 240
Progress: resolved 323, reused 323, downloaded 0, added 244
Progress: resolved 323, reused 323, downloaded 0, added 248
Progress: resolved 323, reused 323, downloaded 0, added 249
Progress: resolved 323, reused 323, downloaded 0, added 253
Progress: resolved 323, reused 323, downloaded 0, added 261
Progress: resolved 323, reused 323, downloaded 0, added 271
Progress: resolved 323, reused 323, downloaded 0, added 279
Progress: resolved 323, reused 323, downloaded 0, added 293
Progress: resolved 323, reused 323, downloaded 0, added 301
Progress: resolved 323, reused 323, downloaded 0, added 313
Progress: resolved 323, reused 323, downloaded 0, added 318
Progress: resolved 323, reused 323, downloaded 0, added 319
Progress: resolved 323, reused 323, downloaded 0, added 320
Progress: resolved 323, reused 323, downloaded 0, added 321
Progress: resolved 323, reused 323, downloaded 0, added 322
Progress: resolved 323, reused 323, downloaded 0, added 323
Progress: resolved 323, reused 323, downloaded 0, added 323, done

dependencies:
+ lucide-react 0.511.0
+ react 19.2.4
+ react-dom 19.2.4
+ recharts 3.7.0

devDependencies:
+ @testing-library/jest-dom 6.9.1
+ @testing-library/react 16.3.2
+ @testing-library/user-event 14.6.1
+ @types/node 22.19.13
+ @vitejs/plugin-react 5.1.4
+ @vitest/coverage-v8 3.2.4
+ @vitest/ui 3.2.4
+ jsdom 26.1.0
+ serve 14.2.5
+ typescript 5.8.3
+ vite 7.3.1
+ vitest 3.2.4

╭ Warning ─────────────────────────────────────────────────────────────────────╮
│                                                                              │
│   Ignored build scripts: esbuild@0.27.3.                                     │
│   Run "pnpm approve-builds" to pick which dependencies should be allowed     │
│   to run scripts.                                                            │
│                                                                              │
╰──────────────────────────────────────────────────────────────────────────────╯
Done in 2m 5.8s using pnpm v10.30.1
