[129] Installing: gif-animator-ai-refactored
Lockfile is up to date, resolution step is skipped
Progress: resolved 1, reused 0, downloaded 0, added 0
Packages: +269
++++++++++++++++++++++++++++++++++++++++++++++++++++++++++++++++++++++++++++++++
Progress: resolved 269, reused 0, downloaded 0, added 0
Progress: resolved 269, reused 1, downloaded 0, added 0
Progress: resolved 269, reused 35, downloaded 0, added 0
Progress: resolved 269, reused 37, downloaded 0, added 0
Progress: resolved 269, reused 40, downloaded 0, added 0
Progress: resolved 269, reused 70, downloaded 0, added 0
Progress: resolved 269, reused 95, downloaded 0, added 0
Progress: resolved 269, reused 151, downloaded 0, added 0
Progress: resolved 269, reused 228, downloaded 0, added 0
Progress: resolved 269, reused 240, downloaded 0, added 0
Progress: resolved 269, reused 266, downloaded 0, added 5
Progress: resolved 269, reused 267, downloaded 0, added 11
Progress: resolved 269, reused 268, downloaded 0, added 24
Progress: resolved 269, reused 268, downloaded 0, added 30
Progress: resolved 269, reused 268, downloaded 0, added 33
Progress: resolved 269, reused 268, downloaded 0, added 34
Progress: resolved 269, reused 268, downloaded 0, added 47
Progress: resolved 269, reused 269, downloaded 0, added 58
Progress: resolved 269, reused 269, downloaded 0, added 59
Progress: resolved 269, reused 269, downloaded 0, added 62
Progress: resolved 269, reused 269, downloaded 0, added 71
Progress: resolved 269, reused 269, downloaded 0, added 74
Progress: resolved 269, reused 269, downloaded 0, added 77
Progress: resolved 269, reused 269, downloaded 0, added 81
Progress: resolved 269, reused 269, downloaded 0, added 83
Progress: resolved 269, reused 269, downloaded 0, added 92
Progress: resolved 269, reused 269, downloaded 0, added 93
Progress: resolved 269, reused 269, downloaded 0, added 99
Progress: resolved 269, reused 269, downloaded 0, added 114
Progress: resolved 269, reused 269, downloaded 0, added 117
Progress: resolved 269, reused 269, downloaded 0, added 120
Progress: resolved 269, reused 269, downloaded 0, added 127
Progress: resolved 269, reused 269, downloaded 0, added 130
Progress: resolved 269, reused 269, downloaded 0, added 134
Progress: resolved 269, reused 269, downloaded 0, added 135
Progress: resolved 269, reused 269, downloaded 0, added 136
Progress: resolved 269, reused 269, downloaded 0, added 139
Progress: resolved 269, reused 269, downloaded 0, added 140
Progress: resolved 269, reused 269, downloaded 0, added 141
Progress: resolved 269, reused 269, downloaded 0, added 145
Progress: resolved 269, reused 269, downloaded 0, added 151
Progress: resolved 269, reused 269, downloaded 0, added 155
Progress: resolved 269, reused 269, downloaded 0, added 164
Progress: resolved 269, reused 269, downloaded 0, added 170
Progress: resolved 269, reused 269, downloaded 0, added 178
Progress: resolved 269, reused 269, downloaded 0, added 179
Progress: resolved 269, reused 269, downloaded 0, added 186
Progress: resolved 269, reused 269, downloaded 0, added 191
Progress: resolved 269, reused 269, downloaded 0, added 196
Progress: resolved 269, reused 269, downloaded 0, added 199
Progress: resolved 269, reused 269, downloaded 0, added 202
Progress: resolved 269, reused 269, downloaded 0, added 214
Progress: resolved 269, reused 269, downloaded 0, added 222
Progress: resolved 269, reused 269, downloaded 0, added 241
Progress: resolved 269, reused 269, downloaded 0, added 252
Progress: resolved 269, reused 269, downloaded 0, added 264
Progress: resolved 269, reused 269, downloaded 0, added 265
Progress: resolved 269, reused 269, downloaded 0, added 266
Progress: resolved 269, reused 269, downloaded 0, added 267
Progress: resolved 269, reused 269, downloaded 0, added 268
Progress: resolved 269, reused 269, downloaded 0, added 269
Progress: resolved 269, reused 269, downloaded 0, added 269, done

dependencies:
+ @google/genai 1.10.0
+ lucide-react 0.400.0
+ react 19.2.4
+ react-dom 19.2.4
+ react-router-dom 7.13.1

devDependencies:
+ @testing-library/jest-dom 6.9.1
+ @testing-library/react 16.3.2
+ @testing-library/user-event 14.6.1
+ @types/node 22.16.4
+ @vitest/coverage-v8 3.2.4
+ @vitest/ui 3.2.4
+ jsdom 26.1.0
+ serve 14.2.5
+ typescript 5.7.3
+ vite 7.3.1
+ vitest 3.2.4

Done in 1m 52.7s using pnpm v10.30.1
