[130] Installing: global-trade-simulation-engine
Lockfile is up to date, resolution step is skipped
Progress: resolved 1, reused 0, downloaded 0, added 0
Packages: +454
++++++++++++++++++++++++++++++++++++++++++++++++++++++++++++++++++++++++++++++++
Progress: resolved 454, reused 13, downloaded 0, added 0
Progress: resolved 454, reused 55, downloaded 0, added 0
Progress: resolved 454, reused 132, downloaded 0, added 0
Progress: resolved 454, reused 177, downloaded 0, added 0
Progress: resolved 454, reused 239, downloaded 0, added 0
Progress: resolved 454, reused 272, downloaded 0, added 0
Progress: resolved 454, reused 276, downloaded 0, added 0
Progress: resolved 454, reused 282, downloaded 0, added 0
Progress: resolved 454, reused 294, downloaded 0, added 0
Progress: resolved 454, reused 317, downloaded 0, added 0
Progress: resolved 454, reused 320, downloaded 0, added 0
Progress: resolved 454, reused 321, downloaded 0, added 0
Progress: resolved 454, reused 326, downloaded 0, added 0
Progress: resolved 454, reused 327, downloaded 0, added 0
Progress: resolved 454, reused 328, downloaded 0, added 0
Progress: resolved 454, reused 329, downloaded 0, added 0
Progress: resolved 454, reused 330, downloaded 0, added 0
Progress: resolved 454, reused 333, downloaded 0, added 0
Progress: resolved 454, reused 336, downloaded 0, added 0
Progress: resolved 454, reused 354, downloaded 0, added 0
Progress: resolved 454, reused 367, downloaded 0, added 0
Progress: resolved 454, reused 385, downloaded 0, added 0
Progress: resolved 454, reused 419, downloaded 0, added 0
Progress: resolved 454, reused 450, downloaded 0, added 1
Progress: resolved 454, reused 451, downloaded 0, added 13
Progress: resolved 454, reused 451, downloaded 0, added 15
Progress: resolved 454, reused 452, downloaded 0, added 26
Progress: resolved 454, reused 452, downloaded 0, added 45
Progress: resolved 454, reused 452, downloaded 0, added 56
Progress: resolved 454, reused 452, downloaded 0, added 68
Progress: resolved 454, reused 452, downloaded 0, added 76
Progress: resolved 454, reused 453, downloaded 0, added 94
Progress: resolved 454, reused 453, downloaded 0, added 102
Progress: resolved 454, reused 454, downloaded 0, added 118
Progress: resolved 454, reused 454, downloaded 0, added 133
Progress: resolved 454, reused 454, downloaded 0, added 142
Progress: resolved 454, reused 454, downloaded 0, added 157
Progress: resolved 454, reused 454, downloaded 0, added 162
Progress: resolved 454, reused 454, downloaded 0, added 164
Progress: resolved 454, reused 454, downloaded 0, added 179
Progress: resolved 454, reused 454, downloaded 0, added 213
Progress: resolved 454, reused 454, downloaded 0, added 244
Progress: resolved 454, reused 454, downloaded 0, added 274
Progress: resolved 454, reused 454, downloaded 0, added 282
Progress: resolved 454, reused 454, downloaded 0, added 284
Progress: resolved 454, reused 454, downloaded 0, added 290
Progress: resolved 454, reused 454, downloaded 0, added 303
Progress: resolved 454, reused 454, downloaded 0, added 306
Progress: resolved 454, reused 454, downloaded 0, added 324
Progress: resolved 454, reused 454, downloaded 0, added 331
Progress: resolved 454, reused 454, downloaded 0, added 364
Progress: resolved 454, reused 454, downloaded 0, added 383
Progress: resolved 454, reused 454, downloaded 0, added 410
Progress: resolved 454, reused 454, downloaded 0, added 431
Progress: resolved 454, reused 454, downloaded 0, added 446
Progress: resolved 454, reused 454, downloaded 0, added 449
Progress: resolved 454, reused 454, downloaded 0, added 450
Progress: resolved 454, reused 454, downloaded 0, added 451
Progress: resolved 454, reused 454, downloaded 0, added 452
Progress: resolved 454, reused 454, downloaded 0, added 453
Progress: resolved 454, reused 454, downloaded 0, added 454, done

dependencies:
+ @google/genai 1.43.0
+ @tailwindcss/vite 4.2.1
+ @vitejs/plugin-react 5.1.4
+ axios 1.13.6
+ better-sqlite3 12.6.2
+ clsx 2.1.1
+ date-fns 4.1.0
+ dotenv 17.3.1
+ express 4.22.1
+ framer-motion 12.34.3
+ lucide-react 0.546.0
+ motion 12.34.3
+ react 19.2.4
+ react-dom 19.2.4
+ react-router-dom 7.13.1
+ recharts 3.7.0
+ tailwind-merge 3.5.0
+ vite 6.4.1
+ zustand 5.0.11

devDependencies:
+ @testing-library/jest-dom 6.9.1
+ @testing-library/react 16.3.2
+ @testing-library/user-event 14.6.1
+ @types/express 4.17.25
+ @types/node 22.19.13
+ @types/react-router-dom 5.3.3
+ @vitest/coverage-v8 3.2.4
+ @vitest/ui 3.2.4
+ autoprefixer 10.4.27
+ jsdom 26.1.0
+ tailwindcss 4.2.1
+ tsx 4.21.0
+ typescript 5.8.3
+ vitest 3.2.4

╭ Warning ─────────────────────────────────────────────────────────────────────╮
│                                                                              │
│   Ignored build scripts: better-sqlite3@12.6.2, esbuild@0.25.12,             │
│   esbuild@0.27.3, protobufjs@7.5.4.                                          │
│   Run "pnpm approve-builds" to pick which dependencies should be allowed     │
│   to run scripts.                                                            │
│                                                                              │
╰──────────────────────────────────────────────────────────────────────────────╯
Done in 1m 54.3s using pnpm v10.32.1
