[134] Installing: hospital-resource-allocator
Lockfile is up to date, resolution step is skipped
Progress: resolved 1, reused 0, downloaded 0, added 0
Packages: +454
++++++++++++++++++++++++++++++++++++++++++++++++++++++++++++++++++++++++++++++++
Progress: resolved 454, reused 14, downloaded 0, added 0
Progress: resolved 454, reused 17, downloaded 0, added 0
Progress: resolved 454, reused 18, downloaded 0, added 0
Progress: resolved 454, reused 19, downloaded 0, added 0
Progress: resolved 454, reused 20, downloaded 0, added 0
Progress: resolved 454, reused 21, downloaded 0, added 0
Progress: resolved 454, reused 22, downloaded 0, added 0
Progress: resolved 454, reused 28, downloaded 0, added 0
Progress: resolved 454, reused 43, downloaded 0, added 0
Progress: resolved 454, reused 45, downloaded 0, added 0
Progress: resolved 454, reused 49, downloaded 0, added 0
Progress: resolved 454, reused 53, downloaded 0, added 0
Progress: resolved 454, reused 62, downloaded 0, added 0
Progress: resolved 454, reused 82, downloaded 0, added 0
Progress: resolved 454, reused 116, downloaded 0, added 0
Progress: resolved 454, reused 136, downloaded 0, added 0
Progress: resolved 454, reused 158, downloaded 0, added 0
Progress: resolved 454, reused 166, downloaded 0, added 0
Progress: resolved 454, reused 230, downloaded 0, added 0
Progress: resolved 454, reused 249, downloaded 0, added 0
Progress: resolved 454, reused 271, downloaded 0, added 0
Progress: resolved 454, reused 275, downloaded 0, added 0
Progress: resolved 454, reused 276, downloaded 0, added 0
Progress: resolved 454, reused 292, downloaded 0, added 0
Progress: resolved 454, reused 307, downloaded 0, added 0
Progress: resolved 454, reused 308, downloaded 0, added 0
Progress: resolved 454, reused 309, downloaded 0, added 0
Progress: resolved 454, reused 314, downloaded 0, added 0
Progress: resolved 454, reused 318, downloaded 0, added 0
Progress: resolved 454, reused 320, downloaded 0, added 0
Progress: resolved 454, reused 321, downloaded 0, added 0
Progress: resolved 454, reused 326, downloaded 0, added 0
Progress: resolved 454, reused 327, downloaded 0, added 0
Progress: resolved 454, reused 329, downloaded 0, added 0
Progress: resolved 454, reused 331, downloaded 0, added 0
Progress: resolved 454, reused 333, downloaded 0, added 0
Progress: resolved 454, reused 334, downloaded 0, added 0
Progress: resolved 454, reused 336, downloaded 0, added 0
Progress: resolved 454, reused 347, downloaded 0, added 0
Progress: resolved 454, reused 354, downloaded 0, added 0
Progress: resolved 454, reused 360, downloaded 0, added 0
Progress: resolved 454, reused 368, downloaded 0, added 0
Progress: resolved 454, reused 381, downloaded 0, added 0
Progress: resolved 454, reused 390, downloaded 0, added 0
Progress: resolved 454, reused 414, downloaded 0, added 0
Progress: resolved 454, reused 430, downloaded 0, added 0
Progress: resolved 454, reused 446, downloaded 0, added 0
Progress: resolved 454, reused 450, downloaded 0, added 2
Progress: resolved 454, reused 452, downloaded 0, added 4
Progress: resolved 454, reused 452, downloaded 0, added 9
Progress: resolved 454, reused 452, downloaded 0, added 11
Progress: resolved 454, reused 452, downloaded 0, added 15
Progress: resolved 454, reused 452, downloaded 0, added 16
Progress: resolved 454, reused 452, downloaded 0, added 17
Progress: resolved 454, reused 452, downloaded 0, added 18
Progress: resolved 454, reused 452, downloaded 0, added 19
Progress: resolved 454, reused 452, downloaded 0, added 24
Progress: resolved 454, reused 452, downloaded 0, added 25
Progress: resolved 454, reused 452, downloaded 0, added 26
Progress: resolved 454, reused 452, downloaded 0, added 27
Progress: resolved 454, reused 452, downloaded 0, added 28
Progress: resolved 454, reused 452, downloaded 0, added 30
Progress: resolved 454, reused 452, downloaded 0, added 34
Progress: resolved 454, reused 452, downloaded 0, added 39
Progress: resolved 454, reused 452, downloaded 0, added 43
Progress: resolved 454, reused 452, downloaded 0, added 47
Progress: resolved 454, reused 452, downloaded 0, added 52
Progress: resolved 454, reused 452, downloaded 0, added 60
Progress: resolved 454, reused 452, downloaded 0, added 64
Progress: resolved 454, reused 452, downloaded 0, added 66
Progress: resolved 454, reused 452, downloaded 0, added 69
Progress: resolved 454, reused 452, downloaded 0, added 73
Progress: resolved 454, reused 452, downloaded 0, added 77
Progress: resolved 454, reused 453, downloaded 0, added 80
Progress: resolved 454, reused 453, downloaded 0, added 91
Progress: resolved 454, reused 453, downloaded 0, added 97
Progress: resolved 454, reused 453, downloaded 0, added 105
Progress: resolved 454, reused 453, downloaded 0, added 112
Progress: resolved 454, reused 453, downloaded 0, added 120
Progress: resolved 454, reused 453, downloaded 0, added 125
Progress: resolved 454, reused 453, downloaded 0, added 132
Progress: resolved 454, reused 453, downloaded 0, added 135
Progress: resolved 454, reused 453, downloaded 0, added 143
Progress: resolved 454, reused 453, downloaded 0, added 150
Progress: resolved 454, reused 453, downloaded 0, added 155
Progress: resolved 454, reused 453, downloaded 0, added 156
Progress: resolved 454, reused 453, downloaded 0, added 167
Progress: resolved 454, reused 453, downloaded 0, added 183
Progress: resolved 454, reused 453, downloaded 0, added 190
Progress: resolved 454, reused 453, downloaded 0, added 207
Progress: resolved 454, reused 453, downloaded 0, added 216
Progress: resolved 454, reused 453, downloaded 0, added 233
Progress: resolved 454, reused 453, downloaded 0, added 239
Progress: resolved 454, reused 453, downloaded 0, added 263
Progress: resolved 454, reused 453, downloaded 0, added 267
Progress: resolved 454, reused 453, downloaded 0, added 273
Progress: resolved 454, reused 453, downloaded 0, added 274
Progress: resolved 454, reused 453, downloaded 0, added 275
Progress: resolved 454, reused 453, downloaded 0, added 279
Progress: resolved 454, reused 454, downloaded 0, added 280
Progress: resolved 454, reused 454, downloaded 0, added 281
Progress: resolved 454, reused 454, downloaded 0, added 282
Progress: resolved 454, reused 454, downloaded 0, added 287
Progress: resolved 454, reused 454, downloaded 0, added 295
Progress: resolved 454, reused 454, downloaded 0, added 304
Progress: resolved 454, reused 454, downloaded 0, added 305
Progress: resolved 454, reused 454, downloaded 0, added 314
Progress: resolved 454, reused 454, downloaded 0, added 316
Progress: resolved 454, reused 454, downloaded 0, added 320
Progress: resolved 454, reused 454, downloaded 0, added 328
Progress: resolved 454, reused 454, downloaded 0, added 329
Progress: resolved 454, reused 454, downloaded 0, added 330
Progress: resolved 454, reused 454, downloaded 0, added 332
Progress: resolved 454, reused 454, downloaded 0, added 333
Progress: resolved 454, reused 454, downloaded 0, added 338
Progress: resolved 454, reused 454, downloaded 0, added 340
Progress: resolved 454, reused 454, downloaded 0, added 349
Progress: resolved 454, reused 454, downloaded 0, added 351
Progress: resolved 454, reused 454, downloaded 0, added 353
Progress: resolved 454, reused 454, downloaded 0, added 357
Progress: resolved 454, reused 454, downloaded 0, added 360
Progress: resolved 454, reused 454, downloaded 0, added 361
Progress: resolved 454, reused 454, downloaded 0, added 366
Progress: resolved 454, reused 454, downloaded 0, added 368
Progress: resolved 454, reused 454, downloaded 0, added 369
Progress: resolved 454, reused 454, downloaded 0, added 371
Progress: resolved 454, reused 454, downloaded 0, added 372
Progress: resolved 454, reused 454, downloaded 0, added 373
Progress: resolved 454, reused 454, downloaded 0, added 377
Progress: resolved 454, reused 454, downloaded 0, added 385
Progress: resolved 454, reused 454, downloaded 0, added 388
Progress: resolved 454, reused 454, downloaded 0, added 390
Progress: resolved 454, reused 454, downloaded 0, added 395
Progress: resolved 454, reused 454, downloaded 0, added 402
Progress: resolved 454, reused 454, downloaded 0, added 404
Progress: resolved 454, reused 454, downloaded 0, added 413
Progress: resolved 454, reused 454, downloaded 0, added 419
Progress: resolved 454, reused 454, downloaded 0, added 422
Progress: resolved 454, reused 454, downloaded 0, added 425
Progress: resolved 454, reused 454, downloaded 0, added 431
Progress: resolved 454, reused 454, downloaded 0, added 436
Progress: resolved 454, reused 454, downloaded 0, added 437
Progress: resolved 454, reused 454, downloaded 0, added 444
Progress: resolved 454, reused 454, downloaded 0, added 445
Progress: resolved 454, reused 454, downloaded 0, added 447
Progress: resolved 454, reused 454, downloaded 0, added 449
Progress: resolved 454, reused 454, downloaded 0, added 450
Progress: resolved 454, reused 454, downloaded 0, added 451
Progress: resolved 454, reused 454, downloaded 0, added 452
Progress: resolved 454, reused 454, downloaded 0, added 453
Progress: resolved 454, reused 454, downloaded 0, added 454
Progress: resolved 454, reused 454, downloaded 0, added 454, done

dependencies:
+ @google/genai 1.43.0
+ @tailwindcss/vite 4.2.1
+ @vitejs/plugin-react 5.1.4
+ axios 1.13.6
+ better-sqlite3 12.6.2
+ clsx 2.1.1
+ date-fns 4.1.0
+ dotenv 17.3.1
+ express 4.22.1
+ framer-motion 12.34.3
+ lucide-react 0.546.0
+ motion 12.34.3
+ react 19.2.4
+ react-dom 19.2.4
+ react-router-dom 7.13.1
+ recharts 3.7.0
+ tailwind-merge 3.5.0
+ vite 6.4.1
+ zustand 5.0.11

devDependencies:
+ @testing-library/jest-dom 6.9.1
+ @testing-library/react 16.3.2
+ @testing-library/user-event 14.6.1
+ @types/express 4.17.25
+ @types/node 22.19.13
+ @types/react-router-dom 5.3.3
+ @vitest/coverage-v8 3.2.4
+ @vitest/ui 3.2.4
+ autoprefixer 10.4.27
+ jsdom 26.1.0
+ tailwindcss 4.2.1
+ tsx 4.21.0
+ typescript 5.8.3
+ vitest 3.2.4

╭ Warning ─────────────────────────────────────────────────────────────────────╮
│                                                                              │
│   Ignored build scripts: better-sqlite3@12.6.2, esbuild@0.25.12,             │
│   esbuild@0.27.3, protobufjs@7.5.4.                                          │
│   Run "pnpm approve-builds" to pick which dependencies should be allowed     │
│   to run scripts.                                                            │
│                                                                              │
╰──────────────────────────────────────────────────────────────────────────────╯
Done in 5m 52s using pnpm v10.32.1
