[141] Installing: internship-program
Progress: resolved 1, reused 0, downloaded 0, added 0
Progress: resolved 27, reused 18, downloaded 0, added 0
Progress: resolved 66, reused 41, downloaded 0, added 0
Progress: resolved 93, reused 63, downloaded 0, added 0
Progress: resolved 99, reused 78, downloaded 0, added 0
Progress: resolved 119, reused 104, downloaded 0, added 0
Progress: resolved 137, reused 108, downloaded 0, added 0
Progress: resolved 172, reused 118, downloaded 0, added 0
Packages: +130
++++++++++++++++++++++++++++++++++++++++++++++++++++++++++++++++++++++++++++++++
Progress: resolved 179, reused 129, downloaded 0, added 0
Progress: resolved 179, reused 130, downloaded 0, added 4
Progress: resolved 179, reused 130, downloaded 0, added 5
Progress: resolved 179, reused 130, downloaded 0, added 29
Progress: resolved 179, reused 130, downloaded 0, added 44
Progress: resolved 179, reused 130, downloaded 0, added 54
Progress: resolved 179, reused 130, downloaded 0, added 58
Progress: resolved 179, reused 130, downloaded 0, added 72
Progress: resolved 179, reused 130, downloaded 0, added 116
Progress: resolved 179, reused 130, downloaded 0, added 130, done

dependencies:
+ express 4.22.1 (5.2.1 is available)
+ mysql2 3.19.1

devDependencies:
+ vitest 3.2.4

╭ Warning ─────────────────────────────────────────────────────────────────────╮
│                                                                              │
│   Ignored build scripts: esbuild@0.27.3.                                     │
│   Run "pnpm approve-builds" to pick which dependencies should be allowed     │
│   to run scripts.                                                            │
│                                                                              │
╰──────────────────────────────────────────────────────────────────────────────╯
Done in 26.2s using pnpm v10.32.1
