[143] Installing: kanban-app
Lockfile is up to date, resolution step is skipped
Progress: resolved 1, reused 0, downloaded 0, added 0
Packages: +367
++++++++++++++++++++++++++++++++++++++++++++++++++++++++++++++++++++++++++++++++
Progress: resolved 367, reused 0, downloaded 0, added 0
Progress: resolved 367, reused 3, downloaded 0, added 0
Progress: resolved 367, reused 19, downloaded 0, added 0
Progress: resolved 367, reused 23, downloaded 0, added 0
Progress: resolved 367, reused 30, downloaded 0, added 0
Progress: resolved 367, reused 38, downloaded 0, added 0
Progress: resolved 367, reused 46, downloaded 0, added 0
Progress: resolved 367, reused 50, downloaded 0, added 0
Progress: resolved 367, reused 77, downloaded 0, added 0
Progress: resolved 367, reused 87, downloaded 0, added 0
Progress: resolved 367, reused 106, downloaded 0, added 0
Progress: resolved 367, reused 144, downloaded 0, added 0
Progress: resolved 367, reused 167, downloaded 0, added 0
Progress: resolved 367, reused 180, downloaded 0, added 0
Progress: resolved 367, reused 181, downloaded 0, added 0
Progress: resolved 367, reused 199, downloaded 0, added 0
Progress: resolved 367, reused 233, downloaded 0, added 0
Progress: resolved 367, reused 235, downloaded 0, added 0
Progress: resolved 367, reused 249, downloaded 0, added 0
Progress: resolved 367, reused 289, downloaded 0, added 0
Progress: resolved 367, reused 295, downloaded 0, added 0
Progress: resolved 367, reused 340, downloaded 0, added 0
Progress: resolved 367, reused 362, downloaded 0, added 0
Progress: resolved 367, reused 363, downloaded 0, added 2
Progress: resolved 367, reused 364, downloaded 0, added 11
Progress: resolved 367, reused 365, downloaded 0, added 11
Progress: resolved 367, reused 365, downloaded 0, added 20
Progress: resolved 367, reused 365, downloaded 0, added 25
Progress: resolved 367, reused 366, downloaded 0, added 26
Progress: resolved 367, reused 366, downloaded 0, added 32
Progress: resolved 367, reused 366, downloaded 0, added 33
Progress: resolved 367, reused 366, downloaded 0, added 38
Progress: resolved 367, reused 366, downloaded 0, added 41
Progress: resolved 367, reused 367, downloaded 0, added 44
Progress: resolved 367, reused 367, downloaded 0, added 45
Progress: resolved 367, reused 367, downloaded 0, added 52
Progress: resolved 367, reused 367, downloaded 0, added 54
Progress: resolved 367, reused 367, downloaded 0, added 56
Progress: resolved 367, reused 367, downloaded 0, added 64
Progress: resolved 367, reused 367, downloaded 0, added 66
Progress: resolved 367, reused 367, downloaded 0, added 81
Progress: resolved 367, reused 367, downloaded 0, added 91
Progress: resolved 367, reused 367, downloaded 0, added 96
Progress: resolved 367, reused 367, downloaded 0, added 116
Progress: resolved 367, reused 367, downloaded 0, added 126
Progress: resolved 367, reused 367, downloaded 0, added 137
Progress: resolved 367, reused 367, downloaded 0, added 151
Progress: resolved 367, reused 367, downloaded 0, added 166
Progress: resolved 367, reused 367, downloaded 0, added 181
Progress: resolved 367, reused 367, downloaded 0, added 201
Progress: resolved 367, reused 367, downloaded 0, added 213
Progress: resolved 367, reused 367, downloaded 0, added 228
Progress: resolved 367, reused 367, downloaded 0, added 230
Progress: resolved 367, reused 367, downloaded 0, added 241
Progress: resolved 367, reused 367, downloaded 0, added 245
Progress: resolved 367, reused 367, downloaded 0, added 262
Progress: resolved 367, reused 367, downloaded 0, added 266
Progress: resolved 367, reused 367, downloaded 0, added 307
Progress: resolved 367, reused 367, downloaded 0, added 321
Progress: resolved 367, reused 367, downloaded 0, added 344
Progress: resolved 367, reused 367, downloaded 0, added 345
Progress: resolved 367, reused 367, downloaded 0, added 362
Progress: resolved 367, reused 367, downloaded 0, added 363
Progress: resolved 367, reused 367, downloaded 0, added 365
Progress: resolved 367, reused 367, downloaded 0, added 366
Progress: resolved 367, reused 367, downloaded 0, added 367
Progress: resolved 367, reused 367, downloaded 0, added 367, done

dependencies:
+ @testing-library/dom 10.4.0
+ @testing-library/jest-dom 6.6.3
+ @testing-library/react 16.3.0
+ @testing-library/user-event 14.6.1
+ lucide-react 0.514.0
+ react 19.2.4
+ react-dom 19.2.4
+ web-vitals 2.1.4

devDependencies:
+ @types/react 19.2.14
+ @types/react-dom 19.2.3
+ @vitejs/plugin-react 5.1.4
+ @vitest/coverage-v8 3.2.4
+ @vitest/ui 3.2.4
+ autoprefixer 10.4.21
+ jsdom 26.1.0
+ postcss 8.5.4
+ serve 14.2.5
+ tailwindcss 3.4.17
+ typescript 5.9.3
+ vite 7.3.1
+ vitest 3.2.4

Done in 1m 24.1s using pnpm v10.30.1
