[144] Installing: kente-fusion-fashion-workshop
Lockfile is up to date, resolution step is skipped
Progress: resolved 1, reused 0, downloaded 0, added 0
Packages: +322
++++++++++++++++++++++++++++++++++++++++++++++++++++++++++++++++++++++++++++++++
Progress: resolved 322, reused 0, downloaded 0, added 0
Progress: resolved 322, reused 1, downloaded 0, added 0
Progress: resolved 322, reused 15, downloaded 0, added 0
Progress: resolved 322, reused 29, downloaded 0, added 0
Progress: resolved 322, reused 61, downloaded 0, added 0
Progress: resolved 322, reused 91, downloaded 0, added 0
Progress: resolved 322, reused 109, downloaded 0, added 0
Progress: resolved 322, reused 115, downloaded 0, added 0
Progress: resolved 322, reused 142, downloaded 0, added 0
Progress: resolved 322, reused 149, downloaded 0, added 0
Progress: resolved 322, reused 163, downloaded 0, added 0
Progress: resolved 322, reused 181, downloaded 0, added 0
Progress: resolved 322, reused 182, downloaded 0, added 0
Progress: resolved 322, reused 199, downloaded 0, added 0
Progress: resolved 322, reused 200, downloaded 0, added 0
Progress: resolved 322, reused 219, downloaded 0, added 0
Progress: resolved 322, reused 247, downloaded 0, added 0
Progress: resolved 322, reused 252, downloaded 0, added 0
Progress: resolved 322, reused 263, downloaded 0, added 0
Progress: resolved 322, reused 301, downloaded 0, added 0
Progress: resolved 322, reused 306, downloaded 0, added 0
Progress: resolved 322, reused 320, downloaded 0, added 13
Progress: resolved 322, reused 320, downloaded 0, added 21
Progress: resolved 322, reused 320, downloaded 0, added 24
Progress: resolved 322, reused 320, downloaded 0, added 33
Progress: resolved 322, reused 320, downloaded 0, added 34
Progress: resolved 322, reused 320, downloaded 0, added 41
Progress: resolved 322, reused 320, downloaded 0, added 47
Progress: resolved 322, reused 321, downloaded 0, added 50
Progress: resolved 322, reused 321, downloaded 0, added 63
Progress: resolved 322, reused 321, downloaded 0, added 64
Progress: resolved 322, reused 321, downloaded 0, added 68
Progress: resolved 322, reused 321, downloaded 0, added 77
Progress: resolved 322, reused 322, downloaded 0, added 91
Progress: resolved 322, reused 322, downloaded 0, added 97
Progress: resolved 322, reused 322, downloaded 0, added 109
Progress: resolved 322, reused 322, downloaded 0, added 116
Progress: resolved 322, reused 322, downloaded 0, added 119
Progress: resolved 322, reused 322, downloaded 0, added 129
Progress: resolved 322, reused 322, downloaded 0, added 133
Progress: resolved 322, reused 322, downloaded 0, added 138
Progress: resolved 322, reused 322, downloaded 0, added 152
Progress: resolved 322, reused 322, downloaded 0, added 159
Progress: resolved 322, reused 322, downloaded 0, added 173
Progress: resolved 322, reused 322, downloaded 0, added 182
Progress: resolved 322, reused 322, downloaded 0, added 189
Progress: resolved 322, reused 322, downloaded 0, added 193
Progress: resolved 322, reused 322, downloaded 0, added 201
Progress: resolved 322, reused 322, downloaded 0, added 209
Progress: resolved 322, reused 322, downloaded 0, added 218
Progress: resolved 322, reused 322, downloaded 0, added 231
Progress: resolved 322, reused 322, downloaded 0, added 245
Progress: resolved 322, reused 322, downloaded 0, added 247
Progress: resolved 322, reused 322, downloaded 0, added 256
Progress: resolved 322, reused 322, downloaded 0, added 258
Progress: resolved 322, reused 322, downloaded 0, added 276
Progress: resolved 322, reused 322, downloaded 0, added 288
Progress: resolved 322, reused 322, downloaded 0, added 317
Progress: resolved 322, reused 322, downloaded 0, added 318
Progress: resolved 322, reused 322, downloaded 0, added 319
Progress: resolved 322, reused 322, downloaded 0, added 320
Progress: resolved 322, reused 322, downloaded 0, added 321
Progress: resolved 322, reused 322, downloaded 0, added 322
Progress: resolved 322, reused 322, downloaded 0, added 322, done

dependencies:
+ @google/genai 1.43.0
+ lucide-react 0.400.0
+ react 19.2.4
+ react-dom 19.2.4
+ react-router-dom 7.13.1

devDependencies:
+ @testing-library/jest-dom 6.9.1
+ @testing-library/react 16.3.2
+ @testing-library/user-event 14.6.1
+ @types/node 22.19.13
+ @vitejs/plugin-react 5.1.4
+ @vitest/coverage-v8 3.2.4
+ @vitest/ui 3.2.4
+ jsdom 26.1.0
+ serve 14.2.5
+ typescript 5.8.3
+ vite 7.3.1
+ vitest 3.2.4

╭ Warning ─────────────────────────────────────────────────────────────────────╮
│                                                                              │
│   Ignored build scripts: esbuild@0.27.3, protobufjs@7.5.4.                   │
│   Run "pnpm approve-builds" to pick which dependencies should be allowed     │
│   to run scripts.                                                            │
│                                                                              │
╰──────────────────────────────────────────────────────────────────────────────╯
Done in 1m 24.8s using pnpm v10.30.1
