[146] Installing: krpots.com
Lockfile is up to date, resolution step is skipped
Progress: resolved 1, reused 0, downloaded 0, added 0
Packages: +217
++++++++++++++++++++++++++++++++++++++++++++++++++++++++++++++++++++++++++++++++
Progress: resolved 217, reused 0, downloaded 0, added 0
Progress: resolved 217, reused 24, downloaded 0, added 0
Progress: resolved 217, reused 56, downloaded 0, added 0
Progress: resolved 217, reused 57, downloaded 0, added 0
Progress: resolved 217, reused 91, downloaded 0, added 0
Progress: resolved 217, reused 114, downloaded 0, added 0
Progress: resolved 217, reused 172, downloaded 0, added 0
Progress: resolved 217, reused 196, downloaded 0, added 0
Progress: resolved 217, reused 209, downloaded 0, added 0
Progress: resolved 217, reused 214, downloaded 0, added 7
Progress: resolved 217, reused 214, downloaded 0, added 17
Progress: resolved 217, reused 215, downloaded 0, added 36
Progress: resolved 217, reused 215, downloaded 0, added 40
Progress: resolved 217, reused 215, downloaded 0, added 41
Progress: resolved 217, reused 216, downloaded 0, added 53
Progress: resolved 217, reused 216, downloaded 0, added 84
Progress: resolved 217, reused 216, downloaded 0, added 95
Progress: resolved 217, reused 216, downloaded 0, added 98
Progress: resolved 217, reused 216, downloaded 0, added 111
Progress: resolved 217, reused 216, downloaded 0, added 121
Progress: resolved 217, reused 216, downloaded 0, added 133
Progress: resolved 217, reused 216, downloaded 0, added 141
Progress: resolved 217, reused 216, downloaded 0, added 142
Progress: resolved 217, reused 216, downloaded 0, added 146
Progress: resolved 217, reused 216, downloaded 0, added 149
Progress: resolved 217, reused 216, downloaded 0, added 150
Progress: resolved 217, reused 216, downloaded 0, added 158
Progress: resolved 217, reused 216, downloaded 0, added 165
Progress: resolved 217, reused 216, downloaded 0, added 181
Progress: resolved 217, reused 216, downloaded 0, added 187
Progress: resolved 217, reused 216, downloaded 0, added 190
Progress: resolved 217, reused 216, downloaded 0, added 191
Progress: resolved 217, reused 216, downloaded 0, added 196
Progress: resolved 217, reused 216, downloaded 0, added 206
Progress: resolved 217, reused 216, downloaded 0, added 210
Progress: resolved 217, reused 217, downloaded 0, added 210
Progress: resolved 217, reused 217, downloaded 0, added 211
Progress: resolved 217, reused 217, downloaded 0, added 212
Progress: resolved 217, reused 217, downloaded 0, added 213
Progress: resolved 217, reused 217, downloaded 0, added 214
Progress: resolved 217, reused 217, downloaded 0, added 215
Progress: resolved 217, reused 217, downloaded 0, added 216
Progress: resolved 217, reused 217, downloaded 0, added 217
Progress: resolved 217, reused 217, downloaded 0, added 217, done

dependencies:
+ @google/genai 1.46.0
+ @tailwindcss/vite 4.2.2
+ @vitejs/plugin-react 5.2.0
+ clsx 2.1.1
+ dotenv 17.3.1
+ express 4.22.1
+ lucide-react 0.546.0
+ motion 12.38.0
+ react 19.2.4
+ react-dom 19.2.4
+ react-router-dom 7.13.2
+ tailwind-merge 3.5.0
+ vite 6.4.1

devDependencies:
+ @types/express 4.17.25
+ @types/node 22.19.15
+ autoprefixer 10.4.27
+ tailwindcss 4.2.2
+ tsx 4.21.0
+ typescript 5.8.3

╭ Warning ─────────────────────────────────────────────────────────────────────╮
│                                                                              │
│   Ignored build scripts: esbuild@0.25.12, esbuild@0.27.4,                    │
│   protobufjs@7.5.4.                                                          │
│   Run "pnpm approve-builds" to pick which dependencies should be allowed     │
│   to run scripts.                                                            │
│                                                                              │
╰──────────────────────────────────────────────────────────────────────────────╯
Done in 3m 42.3s using pnpm v10.32.1
