[147] Installing: lecturer-assessment-portal-db-v2-27102025-1602
Lockfile is up to date, resolution step is skipped
Progress: resolved 1, reused 0, downloaded 0, added 0
Packages: +241
++++++++++++++++++++++++++++++++++++++++++++++++++++++++++++++++++++++++++++++++
Progress: resolved 241, reused 32, downloaded 0, added 0
Progress: resolved 241, reused 97, downloaded 0, added 0
Progress: resolved 241, reused 106, downloaded 0, added 0
Progress: resolved 241, reused 116, downloaded 0, added 0
Progress: resolved 241, reused 141, downloaded 0, added 0
Progress: resolved 241, reused 159, downloaded 0, added 0
Progress: resolved 241, reused 182, downloaded 0, added 0
Progress: resolved 241, reused 202, downloaded 0, added 0
Progress: resolved 241, reused 218, downloaded 0, added 0
Progress: resolved 241, reused 236, downloaded 0, added 0
Progress: resolved 241, reused 239, downloaded 0, added 1
Progress: resolved 241, reused 239, downloaded 0, added 2
Progress: resolved 241, reused 239, downloaded 0, added 3
Progress: resolved 241, reused 240, downloaded 0, added 5
Progress: resolved 241, reused 240, downloaded 0, added 6
Progress: resolved 241, reused 240, downloaded 0, added 11
Progress: resolved 241, reused 240, downloaded 0, added 19
Progress: resolved 241, reused 240, downloaded 0, added 25
Progress: resolved 241, reused 240, downloaded 0, added 34
Progress: resolved 241, reused 241, downloaded 0, added 45
Progress: resolved 241, reused 241, downloaded 0, added 51
Progress: resolved 241, reused 241, downloaded 0, added 60
Progress: resolved 241, reused 241, downloaded 0, added 68
Progress: resolved 241, reused 241, downloaded 0, added 76
Progress: resolved 241, reused 241, downloaded 0, added 82
Progress: resolved 241, reused 241, downloaded 0, added 93
Progress: resolved 241, reused 241, downloaded 0, added 101
Progress: resolved 241, reused 241, downloaded 0, added 116
Progress: resolved 241, reused 241, downloaded 0, added 120
Progress: resolved 241, reused 241, downloaded 0, added 125
Progress: resolved 241, reused 241, downloaded 0, added 133
Progress: resolved 241, reused 241, downloaded 0, added 138
Progress: resolved 241, reused 241, downloaded 0, added 142
Progress: resolved 241, reused 241, downloaded 0, added 151
Progress: resolved 241, reused 241, downloaded 0, added 157
Progress: resolved 241, reused 241, downloaded 0, added 160
Progress: resolved 241, reused 241, downloaded 0, added 161
Progress: resolved 241, reused 241, downloaded 0, added 162
Progress: resolved 241, reused 241, downloaded 0, added 168
Progress: resolved 241, reused 241, downloaded 0, added 170
Progress: resolved 241, reused 241, downloaded 0, added 178
Progress: resolved 241, reused 241, downloaded 0, added 181
Progress: resolved 241, reused 241, downloaded 0, added 187
Progress: resolved 241, reused 241, downloaded 0, added 192
Progress: resolved 241, reused 241, downloaded 0, added 198
Progress: resolved 241, reused 241, downloaded 0, added 203
Progress: resolved 241, reused 241, downloaded 0, added 206
Progress: resolved 241, reused 241, downloaded 0, added 210
Progress: resolved 241, reused 241, downloaded 0, added 211
Progress: resolved 241, reused 241, downloaded 0, added 212
Progress: resolved 241, reused 241, downloaded 0, added 218
Progress: resolved 241, reused 241, downloaded 0, added 226
Progress: resolved 241, reused 241, downloaded 0, added 233
Progress: resolved 241, reused 241, downloaded 0, added 238
Progress: resolved 241, reused 241, downloaded 0, added 239
Progress: resolved 241, reused 241, downloaded 0, added 240
Progress: resolved 241, reused 241, downloaded 0, added 241
Progress: resolved 241, reused 241, downloaded 0, added 241, done

dependencies:
+ @google/genai 1.28.0
+ axios 1.13.1
+ lucide-react 0.552.0
+ react 19.2.4
+ react-dom 19.2.4
+ react-router-dom 7.9.5

devDependencies:
+ @testing-library/jest-dom 6.9.1
+ @testing-library/react 16.3.0
+ @testing-library/user-event 14.6.1
+ @types/react 19.2.2
+ @vitejs/plugin-react 5.1.0
+ jsdom 27.1.0
+ vite 7.1.12
+ vitest 4.0.7

Done in 2m 40.7s using pnpm v10.32.1
