[127] Installing: lecturer-assessment-portal
Progress: resolved 1, reused 0, downloaded 0, added 0
Progress: resolved 7, reused 5, downloaded 0, added 0
Progress: resolved 28, reused 21, downloaded 0, added 0
Progress: resolved 49, reused 46, downloaded 0, added 0
Progress: resolved 81, reused 77, downloaded 0, added 0
Progress: resolved 93, reused 90, downloaded 0, added 0
Progress: resolved 114, reused 112, downloaded 0, added 0
Progress: resolved 128, reused 126, downloaded 0, added 0
Progress: resolved 145, reused 143, downloaded 0, added 0
Progress: resolved 188, reused 148, downloaded 0, added 0
Progress: resolved 204, reused 153, downloaded 0, added 0
Packages: +155
++++++++++++++++++++++++++++++++++++++++++++++++++++++++++++++++++++++++++++++++
Progress: resolved 204, reused 155, downloaded 0, added 6
Progress: resolved 204, reused 155, downloaded 0, added 28
Progress: resolved 204, reused 155, downloaded 0, added 43
Progress: resolved 204, reused 155, downloaded 0, added 68
Progress: resolved 204, reused 155, downloaded 0, added 78
Progress: resolved 204, reused 155, downloaded 0, added 124
Progress: resolved 204, reused 155, downloaded 0, added 137
Progress: resolved 204, reused 155, downloaded 0, added 153
Progress: resolved 204, reused 155, downloaded 0, added 154
Progress: resolved 204, reused 155, downloaded 0, added 155, done

dependencies:
+ cors 2.8.6
+ dotenv 16.6.1 (17.3.1 is available)
+ express 5.2.1
+ mysql2 3.19.1
+ uuid 11.1.0 (13.0.0 is available)

devDependencies:
+ nodemon 3.1.14
+ vitest 3.2.4 (4.0.18 is available)

╭ Warning ─────────────────────────────────────────────────────────────────────╮
│                                                                              │
│   Ignored build scripts: esbuild@0.27.3.                                     │
│   Run "pnpm approve-builds" to pick which dependencies should be allowed     │
│   to run scripts.                                                            │
│                                                                              │
╰──────────────────────────────────────────────────────────────────────────────╯
Done in 25.5s using pnpm v10.30.3
