[148] Installing: lecturer-assessment-system
Lockfile is up to date, resolution step is skipped
Progress: resolved 1, reused 0, downloaded 0, added 0
Packages: +269
++++++++++++++++++++++++++++++++++++++++++++++++++++++++++++++++++++++++++++++++
Progress: resolved 269, reused 7, downloaded 0, added 0
Progress: resolved 269, reused 62, downloaded 0, added 0
Progress: resolved 269, reused 82, downloaded 0, added 0
Progress: resolved 269, reused 122, downloaded 0, added 0
Progress: resolved 269, reused 134, downloaded 0, added 0
Progress: resolved 269, reused 139, downloaded 0, added 0
Progress: resolved 269, reused 140, downloaded 0, added 0
Progress: resolved 269, reused 167, downloaded 0, added 0
Progress: resolved 269, reused 174, downloaded 0, added 0
Progress: resolved 269, reused 214, downloaded 0, added 0
Progress: resolved 269, reused 250, downloaded 0, added 0
Progress: resolved 269, reused 266, downloaded 0, added 3
Progress: resolved 269, reused 266, downloaded 0, added 15
Progress: resolved 269, reused 268, downloaded 0, added 22
Progress: resolved 269, reused 268, downloaded 0, added 30
Progress: resolved 269, reused 268, downloaded 0, added 36
Progress: resolved 269, reused 268, downloaded 0, added 42
Progress: resolved 269, reused 268, downloaded 0, added 52
Progress: resolved 269, reused 268, downloaded 0, added 54
Progress: resolved 269, reused 268, downloaded 0, added 57
Progress: resolved 269, reused 268, downloaded 0, added 59
Progress: resolved 269, reused 269, downloaded 0, added 80
Progress: resolved 269, reused 269, downloaded 0, added 82
Progress: resolved 269, reused 269, downloaded 0, added 89
Progress: resolved 269, reused 269, downloaded 0, added 99
Progress: resolved 269, reused 269, downloaded 0, added 107
Progress: resolved 269, reused 269, downloaded 0, added 113
Progress: resolved 269, reused 269, downloaded 0, added 129
Progress: resolved 269, reused 269, downloaded 0, added 137
Progress: resolved 269, reused 269, downloaded 0, added 140
Progress: resolved 269, reused 269, downloaded 0, added 145
Progress: resolved 269, reused 269, downloaded 0, added 147
Progress: resolved 269, reused 269, downloaded 0, added 156
Progress: resolved 269, reused 269, downloaded 0, added 157
Progress: resolved 269, reused 269, downloaded 0, added 160
Progress: resolved 269, reused 269, downloaded 0, added 165
Progress: resolved 269, reused 269, downloaded 0, added 166
Progress: resolved 269, reused 269, downloaded 0, added 170
Progress: resolved 269, reused 269, downloaded 0, added 174
Progress: resolved 269, reused 269, downloaded 0, added 181
Progress: resolved 269, reused 269, downloaded 0, added 190
Progress: resolved 269, reused 269, downloaded 0, added 195
Progress: resolved 269, reused 269, downloaded 0, added 197
Progress: resolved 269, reused 269, downloaded 0, added 198
Progress: resolved 269, reused 269, downloaded 0, added 201
Progress: resolved 269, reused 269, downloaded 0, added 203
Progress: resolved 269, reused 269, downloaded 0, added 210
Progress: resolved 269, reused 269, downloaded 0, added 212
Progress: resolved 269, reused 269, downloaded 0, added 221
Progress: resolved 269, reused 269, downloaded 0, added 234
Progress: resolved 269, reused 269, downloaded 0, added 235
Progress: resolved 269, reused 269, downloaded 0, added 236
Progress: resolved 269, reused 269, downloaded 0, added 243
Progress: resolved 269, reused 269, downloaded 0, added 250
Progress: resolved 269, reused 269, downloaded 0, added 253
Progress: resolved 269, reused 269, downloaded 0, added 257
Progress: resolved 269, reused 269, downloaded 0, added 264
Progress: resolved 269, reused 269, downloaded 0, added 265
Progress: resolved 269, reused 269, downloaded 0, added 266
Progress: resolved 269, reused 269, downloaded 0, added 267
Progress: resolved 269, reused 269, downloaded 0, added 268
Progress: resolved 269, reused 269, downloaded 0, added 269
Progress: resolved 269, reused 269, downloaded 0, added 269, done

dependencies:
+ @google/genai 1.15.0
+ lucide-react 0.400.0
+ react 19.2.4
+ react-dom 19.2.4
+ react-router-dom 7.13.1

devDependencies:
+ @testing-library/jest-dom 6.9.1
+ @testing-library/react 16.3.2
+ @testing-library/user-event 14.6.1
+ @types/node 22.18.0
+ @vitest/coverage-v8 3.2.4
+ @vitest/ui 3.2.4
+ jsdom 26.1.0
+ serve 14.2.5
+ typescript 5.8.3
+ vite 7.3.1
+ vitest 3.2.4

Done in 2m 32.3s using pnpm v10.30.1
