[149] Installing: lems
Lockfile is up to date, resolution step is skipped
Progress: resolved 1, reused 0, downloaded 0, added 0
Packages: +647
++++++++++++++++++++++++++++++++++++++++++++++++++++++++++++++++++++++++++++++++
Progress: resolved 647, reused 0, downloaded 0, added 0
Progress: resolved 647, reused 64, downloaded 0, added 0
Progress: resolved 647, reused 68, downloaded 0, added 0
Progress: resolved 647, reused 69, downloaded 0, added 0
Progress: resolved 647, reused 97, downloaded 0, added 0
Progress: resolved 647, reused 110, downloaded 0, added 0
Progress: resolved 647, reused 172, downloaded 0, added 0
Progress: resolved 647, reused 355, downloaded 0, added 0
Progress: resolved 647, reused 385, downloaded 0, added 0
Progress: resolved 647, reused 411, downloaded 0, added 0
Progress: resolved 647, reused 462, downloaded 0, added 0
Progress: resolved 647, reused 498, downloaded 0, added 0
Progress: resolved 647, reused 551, downloaded 0, added 0
Progress: resolved 647, reused 578, downloaded 0, added 0
Progress: resolved 647, reused 631, downloaded 0, added 0
Progress: resolved 647, reused 646, downloaded 0, added 13
Progress: resolved 647, reused 646, downloaded 0, added 26
Progress: resolved 647, reused 646, downloaded 0, added 33
Progress: resolved 647, reused 646, downloaded 0, added 40
Progress: resolved 647, reused 646, downloaded 0, added 41
Progress: resolved 647, reused 647, downloaded 0, added 46
Progress: resolved 647, reused 647, downloaded 0, added 51
Progress: resolved 647, reused 647, downloaded 0, added 56
Progress: resolved 647, reused 647, downloaded 0, added 59
Progress: resolved 647, reused 647, downloaded 0, added 73
Progress: resolved 647, reused 647, downloaded 0, added 86
Progress: resolved 647, reused 647, downloaded 0, added 95
Progress: resolved 647, reused 647, downloaded 0, added 118
Progress: resolved 647, reused 647, downloaded 0, added 122
Progress: resolved 647, reused 647, downloaded 0, added 136
Progress: resolved 647, reused 647, downloaded 0, added 139
Progress: resolved 647, reused 647, downloaded 0, added 150
Progress: resolved 647, reused 647, downloaded 0, added 166
Progress: resolved 647, reused 647, downloaded 0, added 174
Progress: resolved 647, reused 647, downloaded 0, added 190
Progress: resolved 647, reused 647, downloaded 0, added 197
Progress: resolved 647, reused 647, downloaded 0, added 210
Progress: resolved 647, reused 647, downloaded 0, added 220
Progress: resolved 647, reused 647, downloaded 0, added 225
Progress: resolved 647, reused 647, downloaded 0, added 227
Progress: resolved 647, reused 647, downloaded 0, added 228
Progress: resolved 647, reused 647, downloaded 0, added 233
Progress: resolved 647, reused 647, downloaded 0, added 239
Progress: resolved 647, reused 647, downloaded 0, added 241
Progress: resolved 647, reused 647, downloaded 0, added 245
Progress: resolved 647, reused 647, downloaded 0, added 252
Progress: resolved 647, reused 647, downloaded 0, added 258
Progress: resolved 647, reused 647, downloaded 0, added 259
Progress: resolved 647, reused 647, downloaded 0, added 260
Progress: resolved 647, reused 647, downloaded 0, added 263
Progress: resolved 647, reused 647, downloaded 0, added 267
Progress: resolved 647, reused 647, downloaded 0, added 268
Progress: resolved 647, reused 647, downloaded 0, added 269
Progress: resolved 647, reused 647, downloaded 0, added 273
Progress: resolved 647, reused 647, downloaded 0, added 280
Progress: resolved 647, reused 647, downloaded 0, added 285
Progress: resolved 647, reused 647, downloaded 0, added 294
Progress: resolved 647, reused 647, downloaded 0, added 301
Progress: resolved 647, reused 647, downloaded 0, added 302
Progress: resolved 647, reused 647, downloaded 0, added 304
Progress: resolved 647, reused 647, downloaded 0, added 310
Progress: resolved 647, reused 647, downloaded 0, added 311
Progress: resolved 647, reused 647, downloaded 0, added 312
Progress: resolved 647, reused 647, downloaded 0, added 316
Progress: resolved 647, reused 647, downloaded 0, added 320
Progress: resolved 647, reused 647, downloaded 0, added 325
Progress: resolved 647, reused 647, downloaded 0, added 334
Progress: resolved 647, reused 647, downloaded 0, added 351
Progress: resolved 647, reused 647, downloaded 0, added 366
Progress: resolved 647, reused 647, downloaded 0, added 385
Progress: resolved 647, reused 647, downloaded 0, added 394
Progress: resolved 647, reused 647, downloaded 0, added 408
Progress: resolved 647, reused 647, downloaded 0, added 430
Progress: resolved 647, reused 647, downloaded 0, added 442
Progress: resolved 647, reused 647, downloaded 0, added 454
Progress: resolved 647, reused 647, downloaded 0, added 465
Progress: resolved 647, reused 647, downloaded 0, added 473
Progress: resolved 647, reused 647, downloaded 0, added 478
Progress: resolved 647, reused 647, downloaded 0, added 479
Progress: resolved 647, reused 647, downloaded 0, added 480
Progress: resolved 647, reused 647, downloaded 0, added 481
Progress: resolved 647, reused 647, downloaded 0, added 490
Progress: resolved 647, reused 647, downloaded 0, added 495
Progress: resolved 647, reused 647, downloaded 0, added 508
Progress: resolved 647, reused 647, downloaded 0, added 535
Progress: resolved 647, reused 647, downloaded 0, added 543
Progress: resolved 647, reused 647, downloaded 0, added 547
Progress: resolved 647, reused 647, downloaded 0, added 556
Progress: resolved 647, reused 647, downloaded 0, added 568
Progress: resolved 647, reused 647, downloaded 0, added 573
Progress: resolved 647, reused 647, downloaded 0, added 582
Progress: resolved 647, reused 647, downloaded 0, added 589
Progress: resolved 647, reused 647, downloaded 0, added 601
Progress: resolved 647, reused 647, downloaded 0, added 607
Progress: resolved 647, reused 647, downloaded 0, added 616
Progress: resolved 647, reused 647, downloaded 0, added 626
Progress: resolved 647, reused 647, downloaded 0, added 634
Progress: resolved 647, reused 647, downloaded 0, added 645
Progress: resolved 647, reused 647, downloaded 0, added 646
Progress: resolved 647, reused 647, downloaded 0, added 647
Progress: resolved 647, reused 647, downloaded 0, added 647, done

dependencies:
+ axios 1.13.1
+ react 19.2.4
+ react-dom 19.2.4
+ react-router-dom 6.30.1

devDependencies:
+ @babel/core 7.28.5
+ @babel/preset-env 7.28.5
+ @babel/preset-react 7.28.5
+ @testing-library/jest-dom 6.9.1
+ @testing-library/react 16.3.2
+ @testing-library/user-event 14.6.1
+ @vitejs/plugin-react 5.1.0
+ @vitest/coverage-v8 3.2.4
+ @vitest/ui 3.2.4
+ babel-loader 9.2.1
+ css-loader 7.1.2
+ html-webpack-plugin 5.6.4
+ jsdom 26.1.0
+ style-loader 4.0.0
+ vite 7.1.12
+ vitest 3.2.4
+ webpack 5.102.1
+ webpack-cli 5.1.4
+ webpack-dev-server 5.2.2

Done in 2m 26s using pnpm v10.32.1
