[150] Installing: library-management
Lockfile is up to date, resolution step is skipped
Progress: resolved 1, reused 0, downloaded 0, added 0
Packages: +155
++++++++++++++++++++++++++++++++++++++++++++++++++++++++++++++++++++++++++++++++
Progress: resolved 155, reused 60, downloaded 0, added 0
Progress: resolved 155, reused 100, downloaded 0, added 0
Progress: resolved 155, reused 155, downloaded 0, added 12
Progress: resolved 155, reused 155, downloaded 0, added 33
Progress: resolved 155, reused 155, downloaded 0, added 63
Progress: resolved 155, reused 155, downloaded 0, added 99
Progress: resolved 155, reused 155, downloaded 0, added 116
Progress: resolved 155, reused 155, downloaded 0, added 134
Progress: resolved 155, reused 155, downloaded 0, added 142
Progress: resolved 155, reused 155, downloaded 0, added 155, done

dependencies:
+ cors 2.8.6
+ dotenv 16.6.1
+ express 5.2.1
+ mysql2 3.19.1
+ uuid 11.1.0

devDependencies:
+ nodemon 3.1.14
+ vitest 3.2.4

╭ Warning ─────────────────────────────────────────────────────────────────────╮
│                                                                              │
│   Ignored build scripts: esbuild@0.27.3.                                     │
│   Run "pnpm approve-builds" to pick which dependencies should be allowed     │
│   to run scripts.                                                            │
│                                                                              │
╰──────────────────────────────────────────────────────────────────────────────╯
Done in 15.8s using pnpm v10.32.1
