[151] Installing: logistics-fleet-autopilot
Lockfile is up to date, resolution step is skipped
Progress: resolved 1, reused 0, downloaded 0, added 0
Packages: +454
++++++++++++++++++++++++++++++++++++++++++++++++++++++++++++++++++++++++++++++++
Progress: resolved 454, reused 0, downloaded 0, added 0
Progress: resolved 454, reused 1, downloaded 0, added 0
Progress: resolved 454, reused 3, downloaded 0, added 0
Progress: resolved 454, reused 12, downloaded 0, added 0
Progress: resolved 454, reused 24, downloaded 0, added 0
Progress: resolved 454, reused 40, downloaded 0, added 0
Progress: resolved 454, reused 55, downloaded 0, added 0
Progress: resolved 454, reused 68, downloaded 0, added 0
Progress: resolved 454, reused 90, downloaded 0, added 0
Progress: resolved 454, reused 138, downloaded 0, added 0
Progress: resolved 454, reused 158, downloaded 0, added 0
Progress: resolved 454, reused 173, downloaded 0, added 0
Progress: resolved 454, reused 222, downloaded 0, added 0
Progress: resolved 454, reused 258, downloaded 0, added 0
Progress: resolved 454, reused 275, downloaded 0, added 0
Progress: resolved 454, reused 282, downloaded 0, added 0
Progress: resolved 454, reused 286, downloaded 0, added 0
Progress: resolved 454, reused 287, downloaded 0, added 0
Progress: resolved 454, reused 288, downloaded 0, added 0
Progress: resolved 454, reused 289, downloaded 0, added 0
Progress: resolved 454, reused 290, downloaded 0, added 0
Progress: resolved 454, reused 294, downloaded 0, added 0
Progress: resolved 454, reused 300, downloaded 0, added 0
Progress: resolved 454, reused 309, downloaded 0, added 0
Progress: resolved 454, reused 328, downloaded 0, added 0
Progress: resolved 454, reused 336, downloaded 0, added 0
Progress: resolved 454, reused 365, downloaded 0, added 0
Progress: resolved 454, reused 386, downloaded 0, added 0
Progress: resolved 454, reused 415, downloaded 0, added 0
Progress: resolved 454, reused 441, downloaded 0, added 0
Progress: resolved 454, reused 451, downloaded 0, added 2
Progress: resolved 454, reused 452, downloaded 0, added 10
Progress: resolved 454, reused 452, downloaded 0, added 14
Progress: resolved 454, reused 452, downloaded 0, added 15
Progress: resolved 454, reused 452, downloaded 0, added 20
Progress: resolved 454, reused 452, downloaded 0, added 23
Progress: resolved 454, reused 452, downloaded 0, added 35
Progress: resolved 454, reused 453, downloaded 0, added 43
Progress: resolved 454, reused 453, downloaded 0, added 47
Progress: resolved 454, reused 453, downloaded 0, added 48
Progress: resolved 454, reused 453, downloaded 0, added 49
Progress: resolved 454, reused 453, downloaded 0, added 50
Progress: resolved 454, reused 454, downloaded 0, added 50
Progress: resolved 454, reused 454, downloaded 0, added 71
Progress: resolved 454, reused 454, downloaded 0, added 72
Progress: resolved 454, reused 454, downloaded 0, added 79
Progress: resolved 454, reused 454, downloaded 0, added 80
Progress: resolved 454, reused 454, downloaded 0, added 84
Progress: resolved 454, reused 454, downloaded 0, added 101
Progress: resolved 454, reused 454, downloaded 0, added 103
Progress: resolved 454, reused 454, downloaded 0, added 112
Progress: resolved 454, reused 454, downloaded 0, added 114
Progress: resolved 454, reused 454, downloaded 0, added 122
Progress: resolved 454, reused 454, downloaded 0, added 131
Progress: resolved 454, reused 454, downloaded 0, added 136
Progress: resolved 454, reused 454, downloaded 0, added 139
Progress: resolved 454, reused 454, downloaded 0, added 140
Progress: resolved 454, reused 454, downloaded 0, added 141
Progress: resolved 454, reused 454, downloaded 0, added 142
Progress: resolved 454, reused 454, downloaded 0, added 144
Progress: resolved 454, reused 454, downloaded 0, added 151
Progress: resolved 454, reused 454, downloaded 0, added 153
Progress: resolved 454, reused 454, downloaded 0, added 157
Progress: resolved 454, reused 454, downloaded 0, added 166
Progress: resolved 454, reused 454, downloaded 0, added 168
Progress: resolved 454, reused 454, downloaded 0, added 179
Progress: resolved 454, reused 454, downloaded 0, added 186
Progress: resolved 454, reused 454, downloaded 0, added 200
Progress: resolved 454, reused 454, downloaded 0, added 211
Progress: resolved 454, reused 454, downloaded 0, added 225
Progress: resolved 454, reused 454, downloaded 0, added 239
Progress: resolved 454, reused 454, downloaded 0, added 265
Progress: resolved 454, reused 454, downloaded 0, added 273
Progress: resolved 454, reused 454, downloaded 0, added 274
Progress: resolved 454, reused 454, downloaded 0, added 278
Progress: resolved 454, reused 454, downloaded 0, added 282
Progress: resolved 454, reused 454, downloaded 0, added 284
Progress: resolved 454, reused 454, downloaded 0, added 293
Progress: resolved 454, reused 454, downloaded 0, added 299
Progress: resolved 454, reused 454, downloaded 0, added 301
Progress: resolved 454, reused 454, downloaded 0, added 302
Progress: resolved 454, reused 454, downloaded 0, added 303
Progress: resolved 454, reused 454, downloaded 0, added 305
Progress: resolved 454, reused 454, downloaded 0, added 306
Progress: resolved 454, reused 454, downloaded 0, added 310
Progress: resolved 454, reused 454, downloaded 0, added 314
Progress: resolved 454, reused 454, downloaded 0, added 320
Progress: resolved 454, reused 454, downloaded 0, added 331
Progress: resolved 454, reused 454, downloaded 0, added 344
Progress: resolved 454, reused 454, downloaded 0, added 364
Progress: resolved 454, reused 454, downloaded 0, added 371
Progress: resolved 454, reused 454, downloaded 0, added 384
Progress: resolved 454, reused 454, downloaded 0, added 390
Progress: resolved 454, reused 454, downloaded 0, added 403
Progress: resolved 454, reused 454, downloaded 0, added 415
Progress: resolved 454, reused 454, downloaded 0, added 418
Progress: resolved 454, reused 454, downloaded 0, added 433
Progress: resolved 454, reused 454, downloaded 0, added 439
Progress: resolved 454, reused 454, downloaded 0, added 446
Progress: resolved 454, reused 454, downloaded 0, added 448
Progress: resolved 454, reused 454, downloaded 0, added 449
Progress: resolved 454, reused 454, downloaded 0, added 450
Progress: resolved 454, reused 454, downloaded 0, added 451
Progress: resolved 454, reused 454, downloaded 0, added 452
Progress: resolved 454, reused 454, downloaded 0, added 453
Progress: resolved 454, reused 454, downloaded 0, added 454
Progress: resolved 454, reused 454, downloaded 0, added 454, done

dependencies:
+ @google/genai 1.43.0
+ @tailwindcss/vite 4.2.1
+ @vitejs/plugin-react 5.1.4
+ axios 1.13.6
+ better-sqlite3 12.6.2
+ clsx 2.1.1
+ date-fns 4.1.0
+ dotenv 17.3.1
+ express 4.22.1
+ framer-motion 12.34.3
+ lucide-react 0.546.0
+ motion 12.34.3
+ react 19.2.4
+ react-dom 19.2.4
+ react-router-dom 7.13.1
+ recharts 3.7.0
+ tailwind-merge 3.5.0
+ vite 6.4.1
+ zustand 5.0.11

devDependencies:
+ @testing-library/jest-dom 6.9.1
+ @testing-library/react 16.3.2
+ @testing-library/user-event 14.6.1
+ @types/express 4.17.25
+ @types/node 22.19.13
+ @types/react-router-dom 5.3.3
+ @vitest/coverage-v8 3.2.4
+ @vitest/ui 3.2.4
+ autoprefixer 10.4.27
+ jsdom 26.1.0
+ tailwindcss 4.2.1
+ tsx 4.21.0
+ typescript 5.8.3
+ vitest 3.2.4

╭ Warning ─────────────────────────────────────────────────────────────────────╮
│                                                                              │
│   Ignored build scripts: better-sqlite3@12.6.2, esbuild@0.25.12,             │
│   esbuild@0.27.3, protobufjs@7.5.4.                                          │
│   Run "pnpm approve-builds" to pick which dependencies should be allowed     │
│   to run scripts.                                                            │
│                                                                              │
╰──────────────────────────────────────────────────────────────────────────────╯
Done in 4m 54.5s using pnpm v10.32.1
