[152] Installing: lumina-concert-video-wall
Lockfile is up to date, resolution step is skipped
Progress: resolved 1, reused 0, downloaded 0, added 0
Packages: +397
++++++++++++++++++++++++++++++++++++++++++++++++++++++++++++++++++++++++++++++++
Progress: resolved 397, reused 0, downloaded 0, added 0
Progress: resolved 397, reused 44, downloaded 0, added 0
Progress: resolved 397, reused 68, downloaded 0, added 0
Progress: resolved 397, reused 109, downloaded 0, added 0
Progress: resolved 397, reused 136, downloaded 0, added 0
Progress: resolved 397, reused 148, downloaded 0, added 0
Progress: resolved 397, reused 150, downloaded 0, added 0
Progress: resolved 397, reused 151, downloaded 0, added 0
Progress: resolved 397, reused 152, downloaded 0, added 0
Progress: resolved 397, reused 165, downloaded 0, added 0
Progress: resolved 397, reused 194, downloaded 0, added 0
Progress: resolved 397, reused 217, downloaded 0, added 0
Progress: resolved 397, reused 255, downloaded 0, added 0
Progress: resolved 397, reused 284, downloaded 0, added 0
Progress: resolved 397, reused 292, downloaded 0, added 0
Progress: resolved 397, reused 313, downloaded 0, added 0
Progress: resolved 397, reused 319, downloaded 0, added 0
Progress: resolved 397, reused 333, downloaded 0, added 0
Progress: resolved 397, reused 335, downloaded 0, added 0
Progress: resolved 397, reused 351, downloaded 0, added 0
Progress: resolved 397, reused 364, downloaded 0, added 0
Progress: resolved 397, reused 378, downloaded 0, added 0
Progress: resolved 397, reused 389, downloaded 0, added 0
Progress: resolved 397, reused 390, downloaded 0, added 0
Progress: resolved 397, reused 392, downloaded 0, added 0
Progress: resolved 397, reused 393, downloaded 0, added 3
Progress: resolved 397, reused 395, downloaded 0, added 7
Progress: resolved 397, reused 395, downloaded 0, added 13
Progress: resolved 397, reused 395, downloaded 0, added 21
Progress: resolved 397, reused 395, downloaded 0, added 29
Progress: resolved 397, reused 395, downloaded 0, added 36
Progress: resolved 397, reused 396, downloaded 0, added 45
Progress: resolved 397, reused 396, downloaded 0, added 51
Progress: resolved 397, reused 396, downloaded 0, added 57
Progress: resolved 397, reused 396, downloaded 0, added 65
Progress: resolved 397, reused 396, downloaded 0, added 70
Progress: resolved 397, reused 396, downloaded 0, added 76
Progress: resolved 397, reused 396, downloaded 0, added 83
Progress: resolved 397, reused 396, downloaded 0, added 91
Progress: resolved 397, reused 396, downloaded 0, added 103
Progress: resolved 397, reused 396, downloaded 0, added 106
Progress: resolved 397, reused 396, downloaded 0, added 107
Progress: resolved 397, reused 396, downloaded 0, added 108
Progress: resolved 397, reused 396, downloaded 0, added 109
Progress: resolved 397, reused 396, downloaded 0, added 110
Progress: resolved 397, reused 396, downloaded 0, added 111
Progress: resolved 397, reused 396, downloaded 0, added 115
Progress: resolved 397, reused 396, downloaded 0, added 116
Progress: resolved 397, reused 396, downloaded 0, added 117
Progress: resolved 397, reused 397, downloaded 0, added 121
Progress: resolved 397, reused 397, downloaded 0, added 128
Progress: resolved 397, reused 397, downloaded 0, added 131
Progress: resolved 397, reused 397, downloaded 0, added 136
Progress: resolved 397, reused 397, downloaded 0, added 142
Progress: resolved 397, reused 397, downloaded 0, added 149
Progress: resolved 397, reused 397, downloaded 0, added 154
Progress: resolved 397, reused 397, downloaded 0, added 163
Progress: resolved 397, reused 397, downloaded 0, added 183
Progress: resolved 397, reused 397, downloaded 0, added 191
Progress: resolved 397, reused 397, downloaded 0, added 208
Progress: resolved 397, reused 397, downloaded 0, added 220
Progress: resolved 397, reused 397, downloaded 0, added 228
Progress: resolved 397, reused 397, downloaded 0, added 231
Progress: resolved 397, reused 397, downloaded 0, added 247
Progress: resolved 397, reused 397, downloaded 0, added 254
Progress: resolved 397, reused 397, downloaded 0, added 258
Progress: resolved 397, reused 397, downloaded 0, added 261
Progress: resolved 397, reused 397, downloaded 0, added 264
Progress: resolved 397, reused 397, downloaded 0, added 269
Progress: resolved 397, reused 397, downloaded 0, added 275
Progress: resolved 397, reused 397, downloaded 0, added 276
Progress: resolved 397, reused 397, downloaded 0, added 281
Progress: resolved 397, reused 397, downloaded 0, added 289
Progress: resolved 397, reused 397, downloaded 0, added 290
Progress: resolved 397, reused 397, downloaded 0, added 296
Progress: resolved 397, reused 397, downloaded 0, added 302
Progress: resolved 397, reused 397, downloaded 0, added 311
Progress: resolved 397, reused 397, downloaded 0, added 315
Progress: resolved 397, reused 397, downloaded 0, added 316
Progress: resolved 397, reused 397, downloaded 0, added 317
Progress: resolved 397, reused 397, downloaded 0, added 320
Progress: resolved 397, reused 397, downloaded 0, added 329
Progress: resolved 397, reused 397, downloaded 0, added 331
Progress: resolved 397, reused 397, downloaded 0, added 338
Progress: resolved 397, reused 397, downloaded 0, added 341
Progress: resolved 397, reused 397, downloaded 0, added 346
Progress: resolved 397, reused 397, downloaded 0, added 357
Progress: resolved 397, reused 397, downloaded 0, added 360
Progress: resolved 397, reused 397, downloaded 0, added 377
Progress: resolved 397, reused 397, downloaded 0, added 385
Progress: resolved 397, reused 397, downloaded 0, added 389
Progress: resolved 397, reused 397, downloaded 0, added 390
Progress: resolved 397, reused 397, downloaded 0, added 391
Progress: resolved 397, reused 397, downloaded 0, added 392
Progress: resolved 397, reused 397, downloaded 0, added 393
Progress: resolved 397, reused 397, downloaded 0, added 394
Progress: resolved 397, reused 397, downloaded 0, added 395
Progress: resolved 397, reused 397, downloaded 0, added 396
Progress: resolved 397, reused 397, downloaded 0, added 397
Progress: resolved 397, reused 397, downloaded 0, added 397, done

dependencies:
+ @google/genai 1.44.0
+ @tailwindcss/vite 4.2.1
+ @vitejs/plugin-react 5.1.4
+ better-sqlite3 12.6.2
+ dotenv 17.3.1
+ express 4.22.1
+ lucide-react 0.546.0
+ motion 12.35.2
+ react 19.2.4
+ react-dom 19.2.4
+ react-router-dom 7.13.1
+ vite 6.4.1

devDependencies:
+ @testing-library/jest-dom 6.9.1
+ @testing-library/react 16.3.2
+ @testing-library/user-event 14.6.1
+ @types/express 4.17.25
+ @types/node 22.19.15
+ @vitest/coverage-v8 3.2.4
+ @vitest/ui 3.2.4
+ autoprefixer 10.4.27
+ jsdom 26.1.0
+ tailwindcss 4.2.1
+ tsx 4.21.0
+ typescript 5.8.3
+ vitest 3.2.4

╭ Warning ─────────────────────────────────────────────────────────────────────╮
│                                                                              │
│   Ignored build scripts: better-sqlite3@12.6.2, esbuild@0.25.12,             │
│   esbuild@0.27.3, protobufjs@7.5.4.                                          │
│   Run "pnpm approve-builds" to pick which dependencies should be allowed     │
│   to run scripts.                                                            │
│                                                                              │
╰──────────────────────────────────────────────────────────────────────────────╯
Done in 3m 50.4s using pnpm v10.32.1
