[153] Installing: lumina-triptych-studio
Lockfile is up to date, resolution step is skipped
Progress: resolved 1, reused 0, downloaded 0, added 0
Packages: +322
++++++++++++++++++++++++++++++++++++++++++++++++++++++++++++++++++++++++++++++++
Progress: resolved 322, reused 14, downloaded 0, added 0
Progress: resolved 322, reused 20, downloaded 0, added 0
Progress: resolved 322, reused 46, downloaded 0, added 0
Progress: resolved 322, reused 76, downloaded 0, added 0
Progress: resolved 322, reused 97, downloaded 0, added 0
Progress: resolved 322, reused 98, downloaded 0, added 0
Progress: resolved 322, reused 99, downloaded 0, added 0
Progress: resolved 322, reused 100, downloaded 0, added 0
Progress: resolved 322, reused 103, downloaded 0, added 0
Progress: resolved 322, reused 131, downloaded 0, added 0
Progress: resolved 322, reused 162, downloaded 0, added 0
Progress: resolved 322, reused 169, downloaded 0, added 0
Progress: resolved 322, reused 178, downloaded 0, added 0
Progress: resolved 322, reused 185, downloaded 0, added 0
Progress: resolved 322, reused 197, downloaded 0, added 0
Progress: resolved 322, reused 200, downloaded 0, added 0
Progress: resolved 322, reused 217, downloaded 0, added 0
Progress: resolved 322, reused 230, downloaded 0, added 0
Progress: resolved 322, reused 241, downloaded 0, added 0
Progress: resolved 322, reused 256, downloaded 0, added 0
Progress: resolved 322, reused 272, downloaded 0, added 0
Progress: resolved 322, reused 303, downloaded 0, added 0
Progress: resolved 322, reused 318, downloaded 0, added 0
Progress: resolved 322, reused 319, downloaded 0, added 6
Progress: resolved 322, reused 321, downloaded 0, added 14
Progress: resolved 322, reused 321, downloaded 0, added 19
Progress: resolved 322, reused 321, downloaded 0, added 23
Progress: resolved 322, reused 321, downloaded 0, added 34
Progress: resolved 322, reused 321, downloaded 0, added 43
Progress: resolved 322, reused 321, downloaded 0, added 47
Progress: resolved 322, reused 321, downloaded 0, added 55
Progress: resolved 322, reused 321, downloaded 0, added 62
Progress: resolved 322, reused 321, downloaded 0, added 69
Progress: resolved 322, reused 321, downloaded 0, added 73
Progress: resolved 322, reused 321, downloaded 0, added 76
Progress: resolved 322, reused 321, downloaded 0, added 79
Progress: resolved 322, reused 321, downloaded 0, added 91
Progress: resolved 322, reused 321, downloaded 0, added 96
Progress: resolved 322, reused 321, downloaded 0, added 97
Progress: resolved 322, reused 321, downloaded 0, added 98
Progress: resolved 322, reused 321, downloaded 0, added 99
Progress: resolved 322, reused 322, downloaded 0, added 103
Progress: resolved 322, reused 322, downloaded 0, added 104
Progress: resolved 322, reused 322, downloaded 0, added 106
Progress: resolved 322, reused 322, downloaded 0, added 109
Progress: resolved 322, reused 322, downloaded 0, added 110
Progress: resolved 322, reused 322, downloaded 0, added 111
Progress: resolved 322, reused 322, downloaded 0, added 113
Progress: resolved 322, reused 322, downloaded 0, added 115
Progress: resolved 322, reused 322, downloaded 0, added 121
Progress: resolved 322, reused 322, downloaded 0, added 133
Progress: resolved 322, reused 322, downloaded 0, added 135
Progress: resolved 322, reused 322, downloaded 0, added 143
Progress: resolved 322, reused 322, downloaded 0, added 152
Progress: resolved 322, reused 322, downloaded 0, added 154
Progress: resolved 322, reused 322, downloaded 0, added 156
Progress: resolved 322, reused 322, downloaded 0, added 165
Progress: resolved 322, reused 322, downloaded 0, added 170
Progress: resolved 322, reused 322, downloaded 0, added 173
Progress: resolved 322, reused 322, downloaded 0, added 177
Progress: resolved 322, reused 322, downloaded 0, added 182
Progress: resolved 322, reused 322, downloaded 0, added 184
Progress: resolved 322, reused 322, downloaded 0, added 186
Progress: resolved 322, reused 322, downloaded 0, added 187
Progress: resolved 322, reused 322, downloaded 0, added 198
Progress: resolved 322, reused 322, downloaded 0, added 201
Progress: resolved 322, reused 322, downloaded 0, added 202
Progress: resolved 322, reused 322, downloaded 0, added 205
Progress: resolved 322, reused 322, downloaded 0, added 208
Progress: resolved 322, reused 322, downloaded 0, added 214
Progress: resolved 322, reused 322, downloaded 0, added 215
Progress: resolved 322, reused 322, downloaded 0, added 218
Progress: resolved 322, reused 322, downloaded 0, added 224
Progress: resolved 322, reused 322, downloaded 0, added 234
Progress: resolved 322, reused 322, downloaded 0, added 243
Progress: resolved 322, reused 322, downloaded 0, added 246
Progress: resolved 322, reused 322, downloaded 0, added 250
Progress: resolved 322, reused 322, downloaded 0, added 251
Progress: resolved 322, reused 322, downloaded 0, added 254
Progress: resolved 322, reused 322, downloaded 0, added 255
Progress: resolved 322, reused 322, downloaded 0, added 258
Progress: resolved 322, reused 322, downloaded 0, added 260
Progress: resolved 322, reused 322, downloaded 0, added 264
Progress: resolved 322, reused 322, downloaded 0, added 271
Progress: resolved 322, reused 322, downloaded 0, added 280
Progress: resolved 322, reused 322, downloaded 0, added 288
Progress: resolved 322, reused 322, downloaded 0, added 293
Progress: resolved 322, reused 322, downloaded 0, added 294
Progress: resolved 322, reused 322, downloaded 0, added 298
Progress: resolved 322, reused 322, downloaded 0, added 308
Progress: resolved 322, reused 322, downloaded 0, added 315
Progress: resolved 322, reused 322, downloaded 0, added 316
Progress: resolved 322, reused 322, downloaded 0, added 317
Progress: resolved 322, reused 322, downloaded 0, added 318
Progress: resolved 322, reused 322, downloaded 0, added 319
Progress: resolved 322, reused 322, downloaded 0, added 320
Progress: resolved 322, reused 322, downloaded 0, added 321
Progress: resolved 322, reused 322, downloaded 0, added 322
Progress: resolved 322, reused 322, downloaded 0, added 322, done

dependencies:
+ @google/genai 1.44.0
+ lucide-react 0.400.0
+ react 19.2.4
+ react-dom 19.2.4
+ react-router-dom 7.13.1

devDependencies:
+ @testing-library/jest-dom 6.9.1
+ @testing-library/react 16.3.2
+ @testing-library/user-event 14.6.1
+ @types/node 22.19.15
+ @vitejs/plugin-react 5.1.4
+ @vitest/coverage-v8 3.2.4
+ @vitest/ui 3.2.4
+ jsdom 26.1.0
+ serve 14.2.5
+ typescript 5.8.3
+ vite 7.3.1
+ vitest 3.2.4

╭ Warning ─────────────────────────────────────────────────────────────────────╮
│                                                                              │
│   Ignored build scripts: esbuild@0.27.3, protobufjs@7.5.4.                   │
│   Run "pnpm approve-builds" to pick which dependencies should be allowed     │
│   to run scripts.                                                            │
│                                                                              │
╰──────────────────────────────────────────────────────────────────────────────╯
Done in 2m 32.4s using pnpm v10.30.1
