[154] Installing: mannequin-ai
Lockfile is up to date, resolution step is skipped
Progress: resolved 1, reused 0, downloaded 0, added 0
Packages: +332
++++++++++++++++++++++++++++++++++++++++++++++++++++++++++++++++++++++++++++++++
Progress: resolved 332, reused 27, downloaded 0, added 0
Progress: resolved 332, reused 28, downloaded 0, added 0
Progress: resolved 332, reused 43, downloaded 0, added 0
Progress: resolved 332, reused 55, downloaded 0, added 0
Progress: resolved 332, reused 57, downloaded 0, added 0
Progress: resolved 332, reused 74, downloaded 0, added 0
Progress: resolved 332, reused 110, downloaded 0, added 0
Progress: resolved 332, reused 117, downloaded 0, added 0
Progress: resolved 332, reused 124, downloaded 0, added 0
Progress: resolved 332, reused 165, downloaded 0, added 0
Progress: resolved 332, reused 179, downloaded 0, added 0
Progress: resolved 332, reused 181, downloaded 0, added 0
Progress: resolved 332, reused 198, downloaded 0, added 0
Progress: resolved 332, reused 211, downloaded 0, added 0
Progress: resolved 332, reused 228, downloaded 0, added 0
Progress: resolved 332, reused 246, downloaded 0, added 0
Progress: resolved 332, reused 255, downloaded 0, added 0
Progress: resolved 332, reused 266, downloaded 0, added 0
Progress: resolved 332, reused 280, downloaded 0, added 0
Progress: resolved 332, reused 315, downloaded 0, added 0
Progress: resolved 332, reused 327, downloaded 0, added 0
Progress: resolved 332, reused 328, downloaded 0, added 2
Progress: resolved 332, reused 330, downloaded 0, added 2
Progress: resolved 332, reused 331, downloaded 0, added 2
Progress: resolved 332, reused 331, downloaded 0, added 4
Progress: resolved 332, reused 331, downloaded 0, added 8
Progress: resolved 332, reused 331, downloaded 0, added 11
Progress: resolved 332, reused 331, downloaded 0, added 15
Progress: resolved 332, reused 331, downloaded 0, added 21
Progress: resolved 332, reused 331, downloaded 0, added 29
Progress: resolved 332, reused 331, downloaded 0, added 31
Progress: resolved 332, reused 331, downloaded 0, added 34
Progress: resolved 332, reused 331, downloaded 0, added 49
Progress: resolved 332, reused 331, downloaded 0, added 53
Progress: resolved 332, reused 331, downloaded 0, added 54
Progress: resolved 332, reused 331, downloaded 0, added 55
Progress: resolved 332, reused 332, downloaded 0, added 59
Progress: resolved 332, reused 332, downloaded 0, added 67
Progress: resolved 332, reused 332, downloaded 0, added 68
Progress: resolved 332, reused 332, downloaded 0, added 71
Progress: resolved 332, reused 332, downloaded 0, added 76
Progress: resolved 332, reused 332, downloaded 0, added 77
Progress: resolved 332, reused 332, downloaded 0, added 79
Progress: resolved 332, reused 332, downloaded 0, added 82
Progress: resolved 332, reused 332, downloaded 0, added 85
Progress: resolved 332, reused 332, downloaded 0, added 86
Progress: resolved 332, reused 332, downloaded 0, added 88
Progress: resolved 332, reused 332, downloaded 0, added 96
Progress: resolved 332, reused 332, downloaded 0, added 101
Progress: resolved 332, reused 332, downloaded 0, added 102
Progress: resolved 332, reused 332, downloaded 0, added 105
Progress: resolved 332, reused 332, downloaded 0, added 114
Progress: resolved 332, reused 332, downloaded 0, added 117
Progress: resolved 332, reused 332, downloaded 0, added 120
Progress: resolved 332, reused 332, downloaded 0, added 125
Progress: resolved 332, reused 332, downloaded 0, added 126
Progress: resolved 332, reused 332, downloaded 0, added 131
Progress: resolved 332, reused 332, downloaded 0, added 132
Progress: resolved 332, reused 332, downloaded 0, added 138
Progress: resolved 332, reused 332, downloaded 0, added 146
Progress: resolved 332, reused 332, downloaded 0, added 150
Progress: resolved 332, reused 332, downloaded 0, added 155
Progress: resolved 332, reused 332, downloaded 0, added 162
Progress: resolved 332, reused 332, downloaded 0, added 165
Progress: resolved 332, reused 332, downloaded 0, added 177
Progress: resolved 332, reused 332, downloaded 0, added 182
Progress: resolved 332, reused 332, downloaded 0, added 195
Progress: resolved 332, reused 332, downloaded 0, added 201
Progress: resolved 332, reused 332, downloaded 0, added 215
Progress: resolved 332, reused 332, downloaded 0, added 220
Progress: resolved 332, reused 332, downloaded 0, added 225
Progress: resolved 332, reused 332, downloaded 0, added 229
Progress: resolved 332, reused 332, downloaded 0, added 230
Progress: resolved 332, reused 332, downloaded 0, added 231
Progress: resolved 332, reused 332, downloaded 0, added 233
Progress: resolved 332, reused 332, downloaded 0, added 234
Progress: resolved 332, reused 332, downloaded 0, added 235
Progress: resolved 332, reused 332, downloaded 0, added 241
Progress: resolved 332, reused 332, downloaded 0, added 249
Progress: resolved 332, reused 332, downloaded 0, added 254
Progress: resolved 332, reused 332, downloaded 0, added 256
Progress: resolved 332, reused 332, downloaded 0, added 257
Progress: resolved 332, reused 332, downloaded 0, added 259
Progress: resolved 332, reused 332, downloaded 0, added 261
Progress: resolved 332, reused 332, downloaded 0, added 265
Progress: resolved 332, reused 332, downloaded 0, added 268
Progress: resolved 332, reused 332, downloaded 0, added 269
Progress: resolved 332, reused 332, downloaded 0, added 271
Progress: resolved 332, reused 332, downloaded 0, added 274
Progress: resolved 332, reused 332, downloaded 0, added 277
Progress: resolved 332, reused 332, downloaded 0, added 281
Progress: resolved 332, reused 332, downloaded 0, added 314
Progress: resolved 332, reused 332, downloaded 0, added 315
Progress: resolved 332, reused 332, downloaded 0, added 316
Progress: resolved 332, reused 332, downloaded 0, added 322
Progress: resolved 332, reused 332, downloaded 0, added 324
Progress: resolved 332, reused 332, downloaded 0, added 327
Progress: resolved 332, reused 332, downloaded 0, added 328
Progress: resolved 332, reused 332, downloaded 0, added 329
Progress: resolved 332, reused 332, downloaded 0, added 330
Progress: resolved 332, reused 332, downloaded 0, added 331
Progress: resolved 332, reused 332, downloaded 0, added 332
Progress: resolved 332, reused 332, downloaded 0, added 332, done

dependencies:
+ @tailwindcss/vite 4.2.1
+ clsx 2.1.1
+ framer-motion 12.34.3
+ lucide-react 0.575.0
+ react 19.2.4
+ react-dom 19.2.4
+ tailwind-merge 3.5.0
+ tailwindcss 4.2.1

devDependencies:
+ @eslint/js 9.39.3
+ @testing-library/jest-dom 6.9.1
+ @testing-library/react 16.3.2
+ @testing-library/user-event 14.6.1
+ @types/node 24.10.13
+ @types/react 19.2.14
+ @types/react-dom 19.2.3
+ @vitejs/plugin-react 5.1.4
+ @vitest/coverage-v8 3.2.4
+ @vitest/ui 3.2.4
+ eslint 9.39.3
+ eslint-plugin-react-hooks 7.0.1
+ eslint-plugin-react-refresh 0.4.26
+ globals 16.5.0
+ jsdom 26.1.0
+ typescript 5.9.3
+ typescript-eslint 8.56.0
+ vite 7.3.1
+ vitest 3.2.4

╭ Warning ─────────────────────────────────────────────────────────────────────╮
│                                                                              │
│   Ignored build scripts: esbuild@0.27.3.                                     │
│   Run "pnpm approve-builds" to pick which dependencies should be allowed     │
│   to run scripts.                                                            │
│                                                                              │
╰──────────────────────────────────────────────────────────────────────────────╯
Done in 3m 55.8s using pnpm v10.32.1
