[156] Installing: master-thumbnail-catalog
Lockfile is up to date, resolution step is skipped
Progress: resolved 1, reused 0, downloaded 0, added 0
Packages: +465
++++++++++++++++++++++++++++++++++++++++++++++++++++++++++++++++++++++++++++++++
Progress: resolved 465, reused 21, downloaded 0, added 0
Progress: resolved 465, reused 93, downloaded 0, added 0
Progress: resolved 465, reused 146, downloaded 0, added 0
Progress: resolved 465, reused 215, downloaded 0, added 0
Progress: resolved 465, reused 276, downloaded 0, added 0
Progress: resolved 465, reused 353, downloaded 0, added 0
Progress: resolved 465, reused 386, downloaded 0, added 0
Progress: resolved 465, reused 400, downloaded 0, added 0
Progress: resolved 465, reused 401, downloaded 0, added 0
Progress: resolved 465, reused 421, downloaded 0, added 0
Progress: resolved 465, reused 423, downloaded 0, added 0
Progress: resolved 465, reused 452, downloaded 0, added 0
Progress: resolved 465, reused 461, downloaded 0, added 0
Progress: resolved 465, reused 462, downloaded 0, added 3
Progress: resolved 465, reused 464, downloaded 0, added 12
Progress: resolved 465, reused 464, downloaded 0, added 17
Progress: resolved 465, reused 464, downloaded 0, added 21
Progress: resolved 465, reused 464, downloaded 0, added 27
Progress: resolved 465, reused 465, downloaded 0, added 34
Progress: resolved 465, reused 465, downloaded 0, added 45
Progress: resolved 465, reused 465, downloaded 0, added 54
Progress: resolved 465, reused 465, downloaded 0, added 61
Progress: resolved 465, reused 465, downloaded 0, added 77
Progress: resolved 465, reused 465, downloaded 0, added 78
Progress: resolved 465, reused 465, downloaded 0, added 87
Progress: resolved 465, reused 465, downloaded 0, added 90
Progress: resolved 465, reused 465, downloaded 0, added 102
Progress: resolved 465, reused 465, downloaded 0, added 114
Progress: resolved 465, reused 465, downloaded 0, added 120
Progress: resolved 465, reused 465, downloaded 0, added 126
Progress: resolved 465, reused 465, downloaded 0, added 136
Progress: resolved 465, reused 465, downloaded 0, added 151
Progress: resolved 465, reused 465, downloaded 0, added 156
Progress: resolved 465, reused 465, downloaded 0, added 170
Progress: resolved 465, reused 465, downloaded 0, added 184
Progress: resolved 465, reused 465, downloaded 0, added 194
Progress: resolved 465, reused 465, downloaded 0, added 206
Progress: resolved 465, reused 465, downloaded 0, added 215
Progress: resolved 465, reused 465, downloaded 0, added 217
Progress: resolved 465, reused 465, downloaded 0, added 231
Progress: resolved 465, reused 465, downloaded 0, added 241
Progress: resolved 465, reused 465, downloaded 0, added 255
Progress: resolved 465, reused 465, downloaded 0, added 262
Progress: resolved 465, reused 465, downloaded 0, added 266
Progress: resolved 465, reused 465, downloaded 0, added 270
Progress: resolved 465, reused 465, downloaded 0, added 272
Progress: resolved 465, reused 465, downloaded 0, added 276
Progress: resolved 465, reused 465, downloaded 0, added 282
Progress: resolved 465, reused 465, downloaded 0, added 289
Progress: resolved 465, reused 465, downloaded 0, added 295
Progress: resolved 465, reused 465, downloaded 0, added 297
Progress: resolved 465, reused 465, downloaded 0, added 307
Progress: resolved 465, reused 465, downloaded 0, added 312
Progress: resolved 465, reused 465, downloaded 0, added 318
Progress: resolved 465, reused 465, downloaded 0, added 321
Progress: resolved 465, reused 465, downloaded 0, added 325
Progress: resolved 465, reused 465, downloaded 0, added 328
Progress: resolved 465, reused 465, downloaded 0, added 339
Progress: resolved 465, reused 465, downloaded 0, added 344
Progress: resolved 465, reused 465, downloaded 0, added 356
Progress: resolved 465, reused 465, downloaded 0, added 364
Progress: resolved 465, reused 465, downloaded 0, added 371
Progress: resolved 465, reused 465, downloaded 0, added 372
Progress: resolved 465, reused 465, downloaded 0, added 377
Progress: resolved 465, reused 465, downloaded 0, added 382
Progress: resolved 465, reused 465, downloaded 0, added 386
Progress: resolved 465, reused 465, downloaded 0, added 387
Progress: resolved 465, reused 465, downloaded 0, added 393
Progress: resolved 465, reused 465, downloaded 0, added 394
Progress: resolved 465, reused 465, downloaded 0, added 398
Progress: resolved 465, reused 465, downloaded 0, added 409
Progress: resolved 465, reused 465, downloaded 0, added 413
Progress: resolved 465, reused 465, downloaded 0, added 419
Progress: resolved 465, reused 465, downloaded 0, added 439
Progress: resolved 465, reused 465, downloaded 0, added 441
Progress: resolved 465, reused 465, downloaded 0, added 452
Progress: resolved 465, reused 465, downloaded 0, added 457
Progress: resolved 465, reused 465, downloaded 0, added 459
Progress: resolved 465, reused 465, downloaded 0, added 460
Progress: resolved 465, reused 465, downloaded 0, added 461
Progress: resolved 465, reused 465, downloaded 0, added 462
Progress: resolved 465, reused 465, downloaded 0, added 463
Progress: resolved 465, reused 465, downloaded 0, added 464
Progress: resolved 465, reused 465, downloaded 0, added 465
Progress: resolved 465, reused 465, downloaded 0, added 465, done

dependencies:
+ @google/genai 1.44.0
+ @tailwindcss/vite 4.2.1
+ @vitejs/plugin-react 5.1.4
+ better-sqlite3 12.6.2
+ dotenv 17.3.1
+ express 4.22.1
+ html-to-image 1.11.13
+ lucide-react 0.546.0
+ motion 12.35.2
+ react 19.2.4
+ react-dom 19.2.4
+ vite 6.4.1

devDependencies:
+ @testing-library/jest-dom 6.9.1
+ @testing-library/react 16.3.2
+ @testing-library/user-event 14.6.1
+ @types/express 4.17.25
+ @types/node 22.19.15
+ @vitest/coverage-v8 3.2.4
+ @vitest/ui 3.2.4
+ autoprefixer 10.4.27
+ jsdom 26.1.0
+ puppeteer 24.38.0
+ tailwindcss 4.2.1
+ tsx 4.21.0
+ typescript 5.8.3
+ vitest 3.2.4

╭ Warning ─────────────────────────────────────────────────────────────────────╮
│                                                                              │
│   Ignored build scripts: better-sqlite3@12.6.2, esbuild@0.25.12,             │
│   esbuild@0.27.3, protobufjs@7.5.4, puppeteer@24.38.0.                       │
│   Run "pnpm approve-builds" to pick which dependencies should be allowed     │
│   to run scripts.                                                            │
│                                                                              │
╰──────────────────────────────────────────────────────────────────────────────╯
Done in 2m 12.9s using pnpm v10.30.1
