[158] Installing: mature-students-exam-app
Lockfile is up to date, resolution step is skipped
Progress: resolved 1, reused 0, downloaded 0, added 0
Packages: +478
++++++++++++++++++++++++++++++++++++++++++++++++++++++++++++++++++++++++++++++++
Progress: resolved 478, reused 22, downloaded 0, added 0
Progress: resolved 478, reused 46, downloaded 0, added 0
Progress: resolved 478, reused 63, downloaded 0, added 0
Progress: resolved 478, reused 75, downloaded 0, added 0
Progress: resolved 478, reused 139, downloaded 0, added 0
Progress: resolved 478, reused 220, downloaded 0, added 0
Progress: resolved 478, reused 238, downloaded 0, added 0
Progress: resolved 478, reused 257, downloaded 0, added 0
Progress: resolved 478, reused 268, downloaded 0, added 0
Progress: resolved 478, reused 283, downloaded 0, added 0
Progress: resolved 478, reused 339, downloaded 0, added 0
Progress: resolved 478, reused 359, downloaded 0, added 0
Progress: resolved 478, reused 395, downloaded 0, added 0
Progress: resolved 478, reused 443, downloaded 0, added 0
Progress: resolved 478, reused 475, downloaded 0, added 2
Progress: resolved 478, reused 475, downloaded 0, added 3
Progress: resolved 478, reused 476, downloaded 0, added 7
Progress: resolved 478, reused 477, downloaded 0, added 9
Progress: resolved 478, reused 478, downloaded 0, added 22
Progress: resolved 478, reused 478, downloaded 0, added 30
Progress: resolved 478, reused 478, downloaded 0, added 33
Progress: resolved 478, reused 478, downloaded 0, added 40
Progress: resolved 478, reused 478, downloaded 0, added 44
Progress: resolved 478, reused 478, downloaded 0, added 47
Progress: resolved 478, reused 478, downloaded 0, added 55
Progress: resolved 478, reused 478, downloaded 0, added 58
Progress: resolved 478, reused 478, downloaded 0, added 59
Progress: resolved 478, reused 478, downloaded 0, added 60
Progress: resolved 478, reused 478, downloaded 0, added 62
Progress: resolved 478, reused 478, downloaded 0, added 63
Progress: resolved 478, reused 478, downloaded 0, added 68
Progress: resolved 478, reused 478, downloaded 0, added 74
Progress: resolved 478, reused 478, downloaded 0, added 77
Progress: resolved 478, reused 478, downloaded 0, added 87
Progress: resolved 478, reused 478, downloaded 0, added 89
Progress: resolved 478, reused 478, downloaded 0, added 103
Progress: resolved 478, reused 478, downloaded 0, added 104
Progress: resolved 478, reused 478, downloaded 0, added 109
Progress: resolved 478, reused 478, downloaded 0, added 110
Progress: resolved 478, reused 478, downloaded 0, added 128
Progress: resolved 478, reused 478, downloaded 0, added 131
Progress: resolved 478, reused 478, downloaded 0, added 136
Progress: resolved 478, reused 478, downloaded 0, added 138
Progress: resolved 478, reused 478, downloaded 0, added 139
Progress: resolved 478, reused 478, downloaded 0, added 143
Progress: resolved 478, reused 478, downloaded 0, added 158
Progress: resolved 478, reused 478, downloaded 0, added 159
Progress: resolved 478, reused 478, downloaded 0, added 162
Progress: resolved 478, reused 478, downloaded 0, added 169
Progress: resolved 478, reused 478, downloaded 0, added 170
Progress: resolved 478, reused 478, downloaded 0, added 179
Progress: resolved 478, reused 478, downloaded 0, added 183
Progress: resolved 478, reused 478, downloaded 0, added 190
Progress: resolved 478, reused 478, downloaded 0, added 199
Progress: resolved 478, reused 478, downloaded 0, added 203
Progress: resolved 478, reused 478, downloaded 0, added 210
Progress: resolved 478, reused 478, downloaded 0, added 217
Progress: resolved 478, reused 478, downloaded 0, added 224
Progress: resolved 478, reused 478, downloaded 0, added 231
Progress: resolved 478, reused 478, downloaded 0, added 238
Progress: resolved 478, reused 478, downloaded 0, added 245
Progress: resolved 478, reused 478, downloaded 0, added 246
Progress: resolved 478, reused 478, downloaded 0, added 247
Progress: resolved 478, reused 478, downloaded 0, added 249
Progress: resolved 478, reused 478, downloaded 0, added 263
Progress: resolved 478, reused 478, downloaded 0, added 268
Progress: resolved 478, reused 478, downloaded 0, added 276
Progress: resolved 478, reused 478, downloaded 0, added 277
Progress: resolved 478, reused 478, downloaded 0, added 284
Progress: resolved 478, reused 478, downloaded 0, added 290
Progress: resolved 478, reused 478, downloaded 0, added 296
Progress: resolved 478, reused 478, downloaded 0, added 301
Progress: resolved 478, reused 478, downloaded 0, added 309
Progress: resolved 478, reused 478, downloaded 0, added 319
Progress: resolved 478, reused 478, downloaded 0, added 324
Progress: resolved 478, reused 478, downloaded 0, added 328
Progress: resolved 478, reused 478, downloaded 0, added 330
Progress: resolved 478, reused 478, downloaded 0, added 333
Progress: resolved 478, reused 478, downloaded 0, added 340
Progress: resolved 478, reused 478, downloaded 0, added 347
Progress: resolved 478, reused 478, downloaded 0, added 349
Progress: resolved 478, reused 478, downloaded 0, added 355
Progress: resolved 478, reused 478, downloaded 0, added 360
Progress: resolved 478, reused 478, downloaded 0, added 366
Progress: resolved 478, reused 478, downloaded 0, added 373
Progress: resolved 478, reused 478, downloaded 0, added 384
Progress: resolved 478, reused 478, downloaded 0, added 397
Progress: resolved 478, reused 478, downloaded 0, added 406
Progress: resolved 478, reused 478, downloaded 0, added 410
Progress: resolved 478, reused 478, downloaded 0, added 416
Progress: resolved 478, reused 478, downloaded 0, added 425
Progress: resolved 478, reused 478, downloaded 0, added 432
Progress: resolved 478, reused 478, downloaded 0, added 447
Progress: resolved 478, reused 478, downloaded 0, added 468
Progress: resolved 478, reused 478, downloaded 0, added 472
Progress: resolved 478, reused 478, downloaded 0, added 473
Progress: resolved 478, reused 478, downloaded 0, added 474
Progress: resolved 478, reused 478, downloaded 0, added 475
Progress: resolved 478, reused 478, downloaded 0, added 477
Progress: resolved 478, reused 478, downloaded 0, added 478
Progress: resolved 478, reused 478, downloaded 0, added 478, done

dependencies:
+ @google/genai 1.14.0
+ chart.js 4.5.0
+ firebase 12.1.0
+ lucide-react 0.539.0
+ mermaid 11.9.0
+ react 19.2.4
+ react-dom 19.2.4
+ react-router-dom 7.13.1

devDependencies:
+ @testing-library/jest-dom 6.9.1
+ @testing-library/react 16.3.2
+ @testing-library/user-event 14.6.1
+ @types/node 24.2.1
+ @vitest/coverage-v8 3.2.4
+ @vitest/ui 3.2.4
+ jsdom 26.1.0
+ serve 14.2.5
+ typescript 5.9.2
+ vite 7.3.1
+ vitest 3.2.4

Done in 2m 3s using pnpm v10.30.1
