[157] Installing: mature-students-exam-app-waec-integrated
Lockfile is up to date, resolution step is skipped
Progress: resolved 1, reused 0, downloaded 0, added 0
Packages: +477
++++++++++++++++++++++++++++++++++++++++++++++++++++++++++++++++++++++++++++++++
Progress: resolved 477, reused 23, downloaded 0, added 0
Progress: resolved 477, reused 44, downloaded 0, added 0
Progress: resolved 477, reused 63, downloaded 0, added 0
Progress: resolved 477, reused 78, downloaded 0, added 0
Progress: resolved 477, reused 140, downloaded 0, added 0
Progress: resolved 477, reused 218, downloaded 0, added 0
Progress: resolved 477, reused 236, downloaded 0, added 0
Progress: resolved 477, reused 260, downloaded 0, added 0
Progress: resolved 477, reused 268, downloaded 0, added 0
Progress: resolved 477, reused 284, downloaded 0, added 0
Progress: resolved 477, reused 338, downloaded 0, added 0
Progress: resolved 477, reused 357, downloaded 0, added 0
Progress: resolved 477, reused 401, downloaded 0, added 0
Progress: resolved 477, reused 448, downloaded 0, added 0
Progress: resolved 477, reused 474, downloaded 0, added 1
Progress: resolved 477, reused 475, downloaded 0, added 1
Progress: resolved 477, reused 475, downloaded 0, added 6
Progress: resolved 477, reused 476, downloaded 0, added 11
Progress: resolved 477, reused 477, downloaded 0, added 22
Progress: resolved 477, reused 477, downloaded 0, added 27
Progress: resolved 477, reused 477, downloaded 0, added 31
Progress: resolved 477, reused 477, downloaded 0, added 47
Progress: resolved 477, reused 477, downloaded 0, added 49
Progress: resolved 477, reused 477, downloaded 0, added 56
Progress: resolved 477, reused 477, downloaded 0, added 57
Progress: resolved 477, reused 477, downloaded 0, added 61
Progress: resolved 477, reused 477, downloaded 0, added 69
Progress: resolved 477, reused 477, downloaded 0, added 74
Progress: resolved 477, reused 477, downloaded 0, added 78
Progress: resolved 477, reused 477, downloaded 0, added 84
Progress: resolved 477, reused 477, downloaded 0, added 87
Progress: resolved 477, reused 477, downloaded 0, added 90
Progress: resolved 477, reused 477, downloaded 0, added 95
Progress: resolved 477, reused 477, downloaded 0, added 100
Progress: resolved 477, reused 477, downloaded 0, added 104
Progress: resolved 477, reused 477, downloaded 0, added 105
Progress: resolved 477, reused 477, downloaded 0, added 109
Progress: resolved 477, reused 477, downloaded 0, added 121
Progress: resolved 477, reused 477, downloaded 0, added 131
Progress: resolved 477, reused 477, downloaded 0, added 134
Progress: resolved 477, reused 477, downloaded 0, added 138
Progress: resolved 477, reused 477, downloaded 0, added 144
Progress: resolved 477, reused 477, downloaded 0, added 150
Progress: resolved 477, reused 477, downloaded 0, added 157
Progress: resolved 477, reused 477, downloaded 0, added 158
Progress: resolved 477, reused 477, downloaded 0, added 164
Progress: resolved 477, reused 477, downloaded 0, added 167
Progress: resolved 477, reused 477, downloaded 0, added 168
Progress: resolved 477, reused 477, downloaded 0, added 178
Progress: resolved 477, reused 477, downloaded 0, added 181
Progress: resolved 477, reused 477, downloaded 0, added 187
Progress: resolved 477, reused 477, downloaded 0, added 193
Progress: resolved 477, reused 477, downloaded 0, added 201
Progress: resolved 477, reused 477, downloaded 0, added 211
Progress: resolved 477, reused 477, downloaded 0, added 213
Progress: resolved 477, reused 477, downloaded 0, added 224
Progress: resolved 477, reused 477, downloaded 0, added 226
Progress: resolved 477, reused 477, downloaded 0, added 230
Progress: resolved 477, reused 477, downloaded 0, added 232
Progress: resolved 477, reused 477, downloaded 0, added 240
Progress: resolved 477, reused 477, downloaded 0, added 242
Progress: resolved 477, reused 477, downloaded 0, added 245
Progress: resolved 477, reused 477, downloaded 0, added 246
Progress: resolved 477, reused 477, downloaded 0, added 248
Progress: resolved 477, reused 477, downloaded 0, added 257
Progress: resolved 477, reused 477, downloaded 0, added 260
Progress: resolved 477, reused 477, downloaded 0, added 270
Progress: resolved 477, reused 477, downloaded 0, added 280
Progress: resolved 477, reused 477, downloaded 0, added 290
Progress: resolved 477, reused 477, downloaded 0, added 300
Progress: resolved 477, reused 477, downloaded 0, added 301
Progress: resolved 477, reused 477, downloaded 0, added 310
Progress: resolved 477, reused 477, downloaded 0, added 319
Progress: resolved 477, reused 477, downloaded 0, added 326
Progress: resolved 477, reused 477, downloaded 0, added 336
Progress: resolved 477, reused 477, downloaded 0, added 339
Progress: resolved 477, reused 477, downloaded 0, added 344
Progress: resolved 477, reused 477, downloaded 0, added 345
Progress: resolved 477, reused 477, downloaded 0, added 350
Progress: resolved 477, reused 477, downloaded 0, added 354
Progress: resolved 477, reused 477, downloaded 0, added 355
Progress: resolved 477, reused 477, downloaded 0, added 366
Progress: resolved 477, reused 477, downloaded 0, added 371
Progress: resolved 477, reused 477, downloaded 0, added 385
Progress: resolved 477, reused 477, downloaded 0, added 396
Progress: resolved 477, reused 477, downloaded 0, added 402
Progress: resolved 477, reused 477, downloaded 0, added 412
Progress: resolved 477, reused 477, downloaded 0, added 418
Progress: resolved 477, reused 477, downloaded 0, added 426
Progress: resolved 477, reused 477, downloaded 0, added 444
Progress: resolved 477, reused 477, downloaded 0, added 455
Progress: resolved 477, reused 477, downloaded 0, added 465
Progress: resolved 477, reused 477, downloaded 0, added 469
Progress: resolved 477, reused 477, downloaded 0, added 472
Progress: resolved 477, reused 477, downloaded 0, added 473
Progress: resolved 477, reused 477, downloaded 0, added 474
Progress: resolved 477, reused 477, downloaded 0, added 475
Progress: resolved 477, reused 477, downloaded 0, added 476
Progress: resolved 477, reused 477, downloaded 0, added 477
Progress: resolved 477, reused 477, downloaded 0, added 477, done

dependencies:
+ @google/genai 1.13.0
+ firebase 11.10.0
+ lucide-react 0.525.0
+ mermaid 11.9.0
+ react 19.2.4
+ react-dom 19.2.4
+ react-router-dom 7.13.1

devDependencies:
+ @testing-library/jest-dom 6.9.1
+ @testing-library/react 16.3.2
+ @testing-library/user-event 14.6.1
+ @types/node 22.17.1
+ @vitest/coverage-v8 3.2.4
+ @vitest/ui 3.2.4
+ jsdom 26.1.0
+ serve 14.2.5
+ typescript 5.7.3
+ vite 7.3.1
+ vitest 3.2.4

Done in 1m 57.8s using pnpm v10.30.1
