[161] Installing: microcredit-risk-scorer
Lockfile is up to date, resolution step is skipped
Progress: resolved 1, reused 0, downloaded 0, added 0
Packages: +454
++++++++++++++++++++++++++++++++++++++++++++++++++++++++++++++++++++++++++++++++
Progress: resolved 454, reused 15, downloaded 0, added 0
Progress: resolved 454, reused 101, downloaded 0, added 0
Progress: resolved 454, reused 156, downloaded 0, added 0
Progress: resolved 454, reused 274, downloaded 0, added 0
Progress: resolved 454, reused 295, downloaded 0, added 0
Progress: resolved 454, reused 311, downloaded 0, added 0
Progress: resolved 454, reused 319, downloaded 0, added 0
Progress: resolved 454, reused 450, downloaded 0, added 0
Progress: resolved 454, reused 452, downloaded 0, added 10
Progress: resolved 454, reused 453, downloaded 0, added 18
Progress: resolved 454, reused 453, downloaded 0, added 25
Progress: resolved 454, reused 453, downloaded 0, added 43
Progress: resolved 454, reused 453, downloaded 0, added 53
Progress: resolved 454, reused 453, downloaded 0, added 67
Progress: resolved 454, reused 453, downloaded 0, added 74
Progress: resolved 454, reused 453, downloaded 0, added 79
Progress: resolved 454, reused 453, downloaded 0, added 81
Progress: resolved 454, reused 453, downloaded 0, added 88
Progress: resolved 454, reused 453, downloaded 0, added 96
Progress: resolved 454, reused 453, downloaded 0, added 104
Progress: resolved 454, reused 453, downloaded 0, added 108
Progress: resolved 454, reused 453, downloaded 0, added 114
Progress: resolved 454, reused 453, downloaded 0, added 123
Progress: resolved 454, reused 453, downloaded 0, added 130
Progress: resolved 454, reused 453, downloaded 0, added 137
Progress: resolved 454, reused 453, downloaded 0, added 142
Progress: resolved 454, reused 453, downloaded 0, added 146
Progress: resolved 454, reused 453, downloaded 0, added 149
Progress: resolved 454, reused 453, downloaded 0, added 153
Progress: resolved 454, reused 453, downloaded 0, added 158
Progress: resolved 454, reused 453, downloaded 0, added 159
Progress: resolved 454, reused 453, downloaded 0, added 160
Progress: resolved 454, reused 453, downloaded 0, added 163
Progress: resolved 454, reused 453, downloaded 0, added 165
Progress: resolved 454, reused 453, downloaded 0, added 166
Progress: resolved 454, reused 453, downloaded 0, added 170
Progress: resolved 454, reused 453, downloaded 0, added 174
Progress: resolved 454, reused 453, downloaded 0, added 182
Progress: resolved 454, reused 453, downloaded 0, added 187
Progress: resolved 454, reused 453, downloaded 0, added 192
Progress: resolved 454, reused 453, downloaded 0, added 196
Progress: resolved 454, reused 453, downloaded 0, added 199
Progress: resolved 454, reused 453, downloaded 0, added 204
Progress: resolved 454, reused 453, downloaded 0, added 208
Progress: resolved 454, reused 453, downloaded 0, added 214
Progress: resolved 454, reused 453, downloaded 0, added 223
Progress: resolved 454, reused 453, downloaded 0, added 233
Progress: resolved 454, reused 453, downloaded 0, added 242
Progress: resolved 454, reused 453, downloaded 0, added 252
Progress: resolved 454, reused 454, downloaded 0, added 266
Progress: resolved 454, reused 454, downloaded 0, added 269
Progress: resolved 454, reused 454, downloaded 0, added 274
Progress: resolved 454, reused 454, downloaded 0, added 275
Progress: resolved 454, reused 454, downloaded 0, added 278
Progress: resolved 454, reused 454, downloaded 0, added 281
Progress: resolved 454, reused 454, downloaded 0, added 289
Progress: resolved 454, reused 454, downloaded 0, added 296
Progress: resolved 454, reused 454, downloaded 0, added 297
Progress: resolved 454, reused 454, downloaded 0, added 306
Progress: resolved 454, reused 454, downloaded 0, added 311
Progress: resolved 454, reused 454, downloaded 0, added 313
Progress: resolved 454, reused 454, downloaded 0, added 316
Progress: resolved 454, reused 454, downloaded 0, added 318
Progress: resolved 454, reused 454, downloaded 0, added 322
Progress: resolved 454, reused 454, downloaded 0, added 323
Progress: resolved 454, reused 454, downloaded 0, added 325
Progress: resolved 454, reused 454, downloaded 0, added 326
Progress: resolved 454, reused 454, downloaded 0, added 327
Progress: resolved 454, reused 454, downloaded 0, added 329
Progress: resolved 454, reused 454, downloaded 0, added 331
Progress: resolved 454, reused 454, downloaded 0, added 332
Progress: resolved 454, reused 454, downloaded 0, added 333
Progress: resolved 454, reused 454, downloaded 0, added 334
Progress: resolved 454, reused 454, downloaded 0, added 336
Progress: resolved 454, reused 454, downloaded 0, added 344
Progress: resolved 454, reused 454, downloaded 0, added 345
Progress: resolved 454, reused 454, downloaded 0, added 349
Progress: resolved 454, reused 454, downloaded 0, added 354
Progress: resolved 454, reused 454, downloaded 0, added 361
Progress: resolved 454, reused 454, downloaded 0, added 365
Progress: resolved 454, reused 454, downloaded 0, added 371
Progress: resolved 454, reused 454, downloaded 0, added 375
Progress: resolved 454, reused 454, downloaded 0, added 383
Progress: resolved 454, reused 454, downloaded 0, added 386
Progress: resolved 454, reused 454, downloaded 0, added 392
Progress: resolved 454, reused 454, downloaded 0, added 397
Progress: resolved 454, reused 454, downloaded 0, added 402
Progress: resolved 454, reused 454, downloaded 0, added 409
Progress: resolved 454, reused 454, downloaded 0, added 414
Progress: resolved 454, reused 454, downloaded 0, added 419
Progress: resolved 454, reused 454, downloaded 0, added 420
Progress: resolved 454, reused 454, downloaded 0, added 424
Progress: resolved 454, reused 454, downloaded 0, added 429
Progress: resolved 454, reused 454, downloaded 0, added 431
Progress: resolved 454, reused 454, downloaded 0, added 435
Progress: resolved 454, reused 454, downloaded 0, added 438
Progress: resolved 454, reused 454, downloaded 0, added 439
Progress: resolved 454, reused 454, downloaded 0, added 443
Progress: resolved 454, reused 454, downloaded 0, added 446
Progress: resolved 454, reused 454, downloaded 0, added 447
Progress: resolved 454, reused 454, downloaded 0, added 448
Progress: resolved 454, reused 454, downloaded 0, added 449
Progress: resolved 454, reused 454, downloaded 0, added 450
Progress: resolved 454, reused 454, downloaded 0, added 451
Progress: resolved 454, reused 454, downloaded 0, added 452
Progress: resolved 454, reused 454, downloaded 0, added 453
Progress: resolved 454, reused 454, downloaded 0, added 454
Progress: resolved 454, reused 454, downloaded 0, added 454, done

dependencies:
+ @google/genai 1.44.0
+ @tailwindcss/vite 4.2.1
+ @vitejs/plugin-react 5.1.4
+ axios 1.13.6
+ better-sqlite3 12.6.2
+ clsx 2.1.1
+ date-fns 4.1.0
+ dotenv 17.3.1
+ express 4.22.1
+ framer-motion 12.35.2
+ lucide-react 0.546.0
+ motion 12.35.2
+ react 19.2.4
+ react-dom 19.2.4
+ react-router-dom 7.13.1
+ recharts 3.8.0
+ tailwind-merge 3.5.0
+ vite 6.4.1
+ zustand 5.0.11

devDependencies:
+ @testing-library/jest-dom 6.9.1
+ @testing-library/react 16.3.2
+ @testing-library/user-event 14.6.1
+ @types/express 4.17.25
+ @types/node 22.19.15
+ @types/react-router-dom 5.3.3
+ @vitest/coverage-v8 3.2.4
+ @vitest/ui 3.2.4
+ autoprefixer 10.4.27
+ jsdom 26.1.0
+ tailwindcss 4.2.1
+ tsx 4.21.0
+ typescript 5.8.3
+ vitest 3.2.4

╭ Warning ─────────────────────────────────────────────────────────────────────╮
│                                                                              │
│   Ignored build scripts: better-sqlite3@12.6.2, esbuild@0.25.12,             │
│   esbuild@0.27.3, protobufjs@7.5.4.                                          │
│   Run "pnpm approve-builds" to pick which dependencies should be allowed     │
│   to run scripts.                                                            │
│                                                                              │
╰──────────────────────────────────────────────────────────────────────────────╯
Done in 4m 49.1s using pnpm v10.32.1
