[162] Installing: midjourney-prompt-helper
Lockfile is up to date, resolution step is skipped
Progress: resolved 1, reused 0, downloaded 0, added 0
Packages: +393
++++++++++++++++++++++++++++++++++++++++++++++++++++++++++++++++++++++++++++++++
Progress: resolved 393, reused 60, downloaded 0, added 0
Progress: resolved 393, reused 61, downloaded 0, added 0
Progress: resolved 393, reused 62, downloaded 0, added 0
Progress: resolved 393, reused 156, downloaded 0, added 0
Progress: resolved 393, reused 249, downloaded 0, added 0
Progress: resolved 393, reused 283, downloaded 0, added 0
Progress: resolved 393, reused 287, downloaded 0, added 0
Progress: resolved 393, reused 299, downloaded 0, added 0
Progress: resolved 393, reused 388, downloaded 0, added 0
Progress: resolved 393, reused 392, downloaded 0, added 2
Progress: resolved 393, reused 393, downloaded 0, added 11
Progress: resolved 393, reused 393, downloaded 0, added 18
Progress: resolved 393, reused 393, downloaded 0, added 25
Progress: resolved 393, reused 393, downloaded 0, added 44
Progress: resolved 393, reused 393, downloaded 0, added 56
Progress: resolved 393, reused 393, downloaded 0, added 69
Progress: resolved 393, reused 393, downloaded 0, added 80
Progress: resolved 393, reused 393, downloaded 0, added 89
Progress: resolved 393, reused 393, downloaded 0, added 99
Progress: resolved 393, reused 393, downloaded 0, added 107
Progress: resolved 393, reused 393, downloaded 0, added 119
Progress: resolved 393, reused 393, downloaded 0, added 127
Progress: resolved 393, reused 393, downloaded 0, added 135
Progress: resolved 393, reused 393, downloaded 0, added 141
Progress: resolved 393, reused 393, downloaded 0, added 147
Progress: resolved 393, reused 393, downloaded 0, added 152
Progress: resolved 393, reused 393, downloaded 0, added 157
Progress: resolved 393, reused 393, downloaded 0, added 166
Progress: resolved 393, reused 393, downloaded 0, added 172
Progress: resolved 393, reused 393, downloaded 0, added 181
Progress: resolved 393, reused 393, downloaded 0, added 185
Progress: resolved 393, reused 393, downloaded 0, added 202
Progress: resolved 393, reused 393, downloaded 0, added 214
Progress: resolved 393, reused 393, downloaded 0, added 217
Progress: resolved 393, reused 393, downloaded 0, added 227
Progress: resolved 393, reused 393, downloaded 0, added 251
Progress: resolved 393, reused 393, downloaded 0, added 256
Progress: resolved 393, reused 393, downloaded 0, added 258
Progress: resolved 393, reused 393, downloaded 0, added 266
Progress: resolved 393, reused 393, downloaded 0, added 268
Progress: resolved 393, reused 393, downloaded 0, added 270
Progress: resolved 393, reused 393, downloaded 0, added 274
Progress: resolved 393, reused 393, downloaded 0, added 277
Progress: resolved 393, reused 393, downloaded 0, added 285
Progress: resolved 393, reused 393, downloaded 0, added 294
Progress: resolved 393, reused 393, downloaded 0, added 303
Progress: resolved 393, reused 393, downloaded 0, added 311
Progress: resolved 393, reused 393, downloaded 0, added 319
Progress: resolved 393, reused 393, downloaded 0, added 327
Progress: resolved 393, reused 393, downloaded 0, added 329
Progress: resolved 393, reused 393, downloaded 0, added 339
Progress: resolved 393, reused 393, downloaded 0, added 347
Progress: resolved 393, reused 393, downloaded 0, added 357
Progress: resolved 393, reused 393, downloaded 0, added 365
Progress: resolved 393, reused 393, downloaded 0, added 376
Progress: resolved 393, reused 393, downloaded 0, added 380
Progress: resolved 393, reused 393, downloaded 0, added 385
Progress: resolved 393, reused 393, downloaded 0, added 388
Progress: resolved 393, reused 393, downloaded 0, added 389
Progress: resolved 393, reused 393, downloaded 0, added 391
Progress: resolved 393, reused 393, downloaded 0, added 392
Progress: resolved 393, reused 393, downloaded 0, added 393
Progress: resolved 393, reused 393, downloaded 0, added 393, done

dependencies:
+ @google/genai 1.44.0
+ @tailwindcss/vite 4.2.1
+ @vitejs/plugin-react 5.1.4
+ better-sqlite3 12.6.2
+ dotenv 17.3.1
+ express 4.22.1
+ lucide-react 0.546.0
+ motion 12.35.2
+ react 19.2.4
+ react-dom 19.2.4
+ vite 6.4.1

devDependencies:
+ @testing-library/jest-dom 6.9.1
+ @testing-library/react 16.3.2
+ @testing-library/user-event 14.6.1
+ @types/express 4.17.25
+ @types/node 22.19.15
+ @vitest/coverage-v8 3.2.4
+ @vitest/ui 3.2.4
+ autoprefixer 10.4.27
+ jsdom 26.1.0
+ tailwindcss 4.2.1
+ tsx 4.21.0
+ typescript 5.8.3
+ vitest 3.2.4

╭ Warning ─────────────────────────────────────────────────────────────────────╮
│                                                                              │
│   Ignored build scripts: better-sqlite3@12.6.2, esbuild@0.25.12,             │
│   esbuild@0.27.3, protobufjs@7.5.4.                                          │
│   Run "pnpm approve-builds" to pick which dependencies should be allowed     │
│   to run scripts.                                                            │
│                                                                              │
╰──────────────────────────────────────────────────────────────────────────────╯
Done in 4m 21.5s using pnpm v10.32.1
