[163] Installing: mirror-truth---thumbnail-designer
Lockfile is up to date, resolution step is skipped
Progress: resolved 1, reused 0, downloaded 0, added 0
Packages: +288
++++++++++++++++++++++++++++++++++++++++++++++++++++++++++++++++++++++++++++++++
Progress: resolved 288, reused 1, downloaded 0, added 0
Progress: resolved 288, reused 4, downloaded 0, added 0
Progress: resolved 288, reused 30, downloaded 0, added 0
Progress: resolved 288, reused 31, downloaded 0, added 0
Progress: resolved 288, reused 32, downloaded 0, added 0
Progress: resolved 288, reused 33, downloaded 0, added 0
Progress: resolved 288, reused 63, downloaded 0, added 0
Progress: resolved 288, reused 65, downloaded 0, added 0
Progress: resolved 288, reused 73, downloaded 0, added 0
Progress: resolved 288, reused 113, downloaded 0, added 0
Progress: resolved 288, reused 153, downloaded 0, added 0
Progress: resolved 288, reused 186, downloaded 0, added 0
Progress: resolved 288, reused 187, downloaded 0, added 0
Progress: resolved 288, reused 188, downloaded 0, added 0
Progress: resolved 288, reused 250, downloaded 0, added 0
Progress: resolved 288, reused 285, downloaded 0, added 1
Progress: resolved 288, reused 285, downloaded 0, added 3
Progress: resolved 288, reused 285, downloaded 0, added 4
Progress: resolved 288, reused 286, downloaded 0, added 7
Progress: resolved 288, reused 288, downloaded 0, added 17
Progress: resolved 288, reused 288, downloaded 0, added 21
Progress: resolved 288, reused 288, downloaded 0, added 32
Progress: resolved 288, reused 288, downloaded 0, added 34
Progress: resolved 288, reused 288, downloaded 0, added 36
Progress: resolved 288, reused 288, downloaded 0, added 37
Progress: resolved 288, reused 288, downloaded 0, added 39
Progress: resolved 288, reused 288, downloaded 0, added 44
Progress: resolved 288, reused 288, downloaded 0, added 54
Progress: resolved 288, reused 288, downloaded 0, added 62
Progress: resolved 288, reused 288, downloaded 0, added 65
Progress: resolved 288, reused 288, downloaded 0, added 72
Progress: resolved 288, reused 288, downloaded 0, added 78
Progress: resolved 288, reused 288, downloaded 0, added 80
Progress: resolved 288, reused 288, downloaded 0, added 87
Progress: resolved 288, reused 288, downloaded 0, added 91
Progress: resolved 288, reused 288, downloaded 0, added 98
Progress: resolved 288, reused 288, downloaded 0, added 103
Progress: resolved 288, reused 288, downloaded 0, added 108
Progress: resolved 288, reused 288, downloaded 0, added 110
Progress: resolved 288, reused 288, downloaded 0, added 116
Progress: resolved 288, reused 288, downloaded 0, added 119
Progress: resolved 288, reused 288, downloaded 0, added 131
Progress: resolved 288, reused 288, downloaded 0, added 143
Progress: resolved 288, reused 288, downloaded 0, added 148
Progress: resolved 288, reused 288, downloaded 0, added 151
Progress: resolved 288, reused 288, downloaded 0, added 163
Progress: resolved 288, reused 288, downloaded 0, added 170
Progress: resolved 288, reused 288, downloaded 0, added 171
Progress: resolved 288, reused 288, downloaded 0, added 184
Progress: resolved 288, reused 288, downloaded 0, added 186
Progress: resolved 288, reused 288, downloaded 0, added 190
Progress: resolved 288, reused 288, downloaded 0, added 196
Progress: resolved 288, reused 288, downloaded 0, added 202
Progress: resolved 288, reused 288, downloaded 0, added 208
Progress: resolved 288, reused 288, downloaded 0, added 215
Progress: resolved 288, reused 288, downloaded 0, added 217
Progress: resolved 288, reused 288, downloaded 0, added 227
Progress: resolved 288, reused 288, downloaded 0, added 240
Progress: resolved 288, reused 288, downloaded 0, added 251
Progress: resolved 288, reused 288, downloaded 0, added 283
Progress: resolved 288, reused 288, downloaded 0, added 285
Progress: resolved 288, reused 288, downloaded 0, added 286
Progress: resolved 288, reused 288, downloaded 0, added 287
Progress: resolved 288, reused 288, downloaded 0, added 288
Progress: resolved 288, reused 288, downloaded 0, added 288, done

dependencies:
+ html-to-image 1.11.11
+ lucide-react 0.564.0
+ react 19.2.4
+ react-dom 19.2.4
+ react-router-dom 7.13.1

devDependencies:
+ @testing-library/jest-dom 6.9.1
+ @testing-library/react 16.3.2
+ @testing-library/user-event 14.6.1
+ @types/node 22.19.15
+ @vitejs/plugin-react 5.1.4
+ @vitest/coverage-v8 3.2.4
+ @vitest/ui 3.2.4
+ jsdom 26.1.0
+ serve 14.2.5
+ typescript 5.8.3
+ vite 7.3.1
+ vitest 3.2.4

╭ Warning ─────────────────────────────────────────────────────────────────────╮
│                                                                              │
│   Ignored build scripts: esbuild@0.27.3.                                     │
│   Run "pnpm approve-builds" to pick which dependencies should be allowed     │
│   to run scripts.                                                            │
│                                                                              │
╰──────────────────────────────────────────────────────────────────────────────╯
Done in 3m 51.9s using pnpm v10.30.1
