[166] Installing: model-version-registry
Lockfile is up to date, resolution step is skipped
Progress: resolved 1, reused 0, downloaded 0, added 0
Packages: +454
++++++++++++++++++++++++++++++++++++++++++++++++++++++++++++++++++++++++++++++++
Progress: resolved 454, reused 0, downloaded 0, added 0
Progress: resolved 454, reused 1, downloaded 0, added 0
Progress: resolved 454, reused 6, downloaded 0, added 0
Progress: resolved 454, reused 7, downloaded 0, added 0
Progress: resolved 454, reused 8, downloaded 0, added 0
Progress: resolved 454, reused 11, downloaded 0, added 0
Progress: resolved 454, reused 12, downloaded 0, added 0
Progress: resolved 454, reused 13, downloaded 0, added 0
Progress: resolved 454, reused 14, downloaded 0, added 0
Progress: resolved 454, reused 22, downloaded 0, added 0
Progress: resolved 454, reused 25, downloaded 0, added 0
Progress: resolved 454, reused 30, downloaded 0, added 0
Progress: resolved 454, reused 44, downloaded 0, added 0
Progress: resolved 454, reused 46, downloaded 0, added 0
Progress: resolved 454, reused 48, downloaded 0, added 0
Progress: resolved 454, reused 50, downloaded 0, added 0
Progress: resolved 454, reused 53, downloaded 0, added 0
Progress: resolved 454, reused 58, downloaded 0, added 0
Progress: resolved 454, reused 66, downloaded 0, added 0
Progress: resolved 454, reused 73, downloaded 0, added 0
Progress: resolved 454, reused 80, downloaded 0, added 0
Progress: resolved 454, reused 84, downloaded 0, added 0
Progress: resolved 454, reused 89, downloaded 0, added 0
Progress: resolved 454, reused 102, downloaded 0, added 0
Progress: resolved 454, reused 112, downloaded 0, added 0
Progress: resolved 454, reused 118, downloaded 0, added 0
Progress: resolved 454, reused 124, downloaded 0, added 0
Progress: resolved 454, reused 134, downloaded 0, added 0
Progress: resolved 454, reused 152, downloaded 0, added 0
Progress: resolved 454, reused 154, downloaded 0, added 0
Progress: resolved 454, reused 160, downloaded 0, added 0
Progress: resolved 454, reused 165, downloaded 0, added 0
Progress: resolved 454, reused 169, downloaded 0, added 0
Progress: resolved 454, reused 175, downloaded 0, added 0
Progress: resolved 454, reused 180, downloaded 0, added 0
Progress: resolved 454, reused 183, downloaded 0, added 0
Progress: resolved 454, reused 190, downloaded 0, added 0
Progress: resolved 454, reused 205, downloaded 0, added 0
Progress: resolved 454, reused 215, downloaded 0, added 0
Progress: resolved 454, reused 226, downloaded 0, added 0
Progress: resolved 454, reused 243, downloaded 0, added 0
Progress: resolved 454, reused 253, downloaded 0, added 0
Progress: resolved 454, reused 264, downloaded 0, added 0
Progress: resolved 454, reused 267, downloaded 0, added 0
Progress: resolved 454, reused 268, downloaded 0, added 0
Progress: resolved 454, reused 270, downloaded 0, added 0
Progress: resolved 454, reused 271, downloaded 0, added 0
Progress: resolved 454, reused 273, downloaded 0, added 0
Progress: resolved 454, reused 276, downloaded 0, added 0
Progress: resolved 454, reused 280, downloaded 0, added 0
Progress: resolved 454, reused 281, downloaded 0, added 0
Progress: resolved 454, reused 283, downloaded 0, added 0
Progress: resolved 454, reused 284, downloaded 0, added 0
Progress: resolved 454, reused 291, downloaded 0, added 0
Progress: resolved 454, reused 292, downloaded 0, added 0
Progress: resolved 454, reused 294, downloaded 0, added 0
Progress: resolved 454, reused 297, downloaded 0, added 0
Progress: resolved 454, reused 298, downloaded 0, added 0
Progress: resolved 454, reused 300, downloaded 0, added 0
Progress: resolved 454, reused 302, downloaded 0, added 0
Progress: resolved 454, reused 305, downloaded 0, added 0
Progress: resolved 454, reused 306, downloaded 0, added 0
Progress: resolved 454, reused 310, downloaded 0, added 0
Progress: resolved 454, reused 313, downloaded 0, added 0
Progress: resolved 454, reused 316, downloaded 0, added 0
Progress: resolved 454, reused 319, downloaded 0, added 0
Progress: resolved 454, reused 320, downloaded 0, added 0
Progress: resolved 454, reused 321, downloaded 0, added 0
Progress: resolved 454, reused 322, downloaded 0, added 0
Progress: resolved 454, reused 323, downloaded 0, added 0
Progress: resolved 454, reused 325, downloaded 0, added 0
Progress: resolved 454, reused 327, downloaded 0, added 0
Progress: resolved 454, reused 328, downloaded 0, added 0
Progress: resolved 454, reused 329, downloaded 0, added 0
Progress: resolved 454, reused 330, downloaded 0, added 0
Progress: resolved 454, reused 331, downloaded 0, added 0
Progress: resolved 454, reused 332, downloaded 0, added 0
Progress: resolved 454, reused 333, downloaded 0, added 0
Progress: resolved 454, reused 334, downloaded 0, added 0
Progress: resolved 454, reused 335, downloaded 0, added 0
Progress: resolved 454, reused 336, downloaded 0, added 0
Progress: resolved 454, reused 337, downloaded 0, added 0
Progress: resolved 454, reused 338, downloaded 0, added 0
Progress: resolved 454, reused 339, downloaded 0, added 0
Progress: resolved 454, reused 342, downloaded 0, added 0
Progress: resolved 454, reused 345, downloaded 0, added 0
Progress: resolved 454, reused 347, downloaded 0, added 0
Progress: resolved 454, reused 350, downloaded 0, added 0
Progress: resolved 454, reused 351, downloaded 0, added 0
Progress: resolved 454, reused 353, downloaded 0, added 0
Progress: resolved 454, reused 354, downloaded 0, added 0
Progress: resolved 454, reused 355, downloaded 0, added 0
Progress: resolved 454, reused 356, downloaded 0, added 0
Progress: resolved 454, reused 357, downloaded 0, added 0
Progress: resolved 454, reused 359, downloaded 0, added 0
Progress: resolved 454, reused 360, downloaded 0, added 0
Progress: resolved 454, reused 364, downloaded 0, added 0
Progress: resolved 454, reused 366, downloaded 0, added 0
Progress: resolved 454, reused 367, downloaded 0, added 0
Progress: resolved 454, reused 368, downloaded 0, added 0
Progress: resolved 454, reused 369, downloaded 0, added 0
Progress: resolved 454, reused 372, downloaded 0, added 0
Progress: resolved 454, reused 373, downloaded 0, added 0
Progress: resolved 454, reused 374, downloaded 0, added 0
Progress: resolved 454, reused 375, downloaded 0, added 0
Progress: resolved 454, reused 376, downloaded 0, added 0
Progress: resolved 454, reused 379, downloaded 0, added 0
Progress: resolved 454, reused 381, downloaded 0, added 0
Progress: resolved 454, reused 383, downloaded 0, added 0
Progress: resolved 454, reused 384, downloaded 0, added 0
Progress: resolved 454, reused 385, downloaded 0, added 0
Progress: resolved 454, reused 386, downloaded 0, added 0
Progress: resolved 454, reused 387, downloaded 0, added 0
Progress: resolved 454, reused 390, downloaded 0, added 0
Progress: resolved 454, reused 392, downloaded 0, added 0
Progress: resolved 454, reused 394, downloaded 0, added 0
Progress: resolved 454, reused 397, downloaded 0, added 0
Progress: resolved 454, reused 401, downloaded 0, added 0
Progress: resolved 454, reused 405, downloaded 0, added 0
Progress: resolved 454, reused 414, downloaded 0, added 0
Progress: resolved 454, reused 416, downloaded 0, added 0
Progress: resolved 454, reused 417, downloaded 0, added 0
Progress: resolved 454, reused 418, downloaded 0, added 0
Progress: resolved 454, reused 419, downloaded 0, added 0
Progress: resolved 454, reused 420, downloaded 0, added 0
Progress: resolved 454, reused 421, downloaded 0, added 0
Progress: resolved 454, reused 424, downloaded 0, added 0
Progress: resolved 454, reused 425, downloaded 0, added 0
Progress: resolved 454, reused 428, downloaded 0, added 0
Progress: resolved 454, reused 433, downloaded 0, added 0
Progress: resolved 454, reused 435, downloaded 0, added 0
Progress: resolved 454, reused 438, downloaded 0, added 0
Progress: resolved 454, reused 439, downloaded 0, added 0
Progress: resolved 454, reused 440, downloaded 0, added 0
Progress: resolved 454, reused 441, downloaded 0, added 0
Progress: resolved 454, reused 442, downloaded 0, added 0
Progress: resolved 454, reused 445, downloaded 0, added 0
Progress: resolved 454, reused 447, downloaded 0, added 0
Progress: resolved 454, reused 448, downloaded 0, added 0
Progress: resolved 454, reused 449, downloaded 0, added 0
Progress: resolved 454, reused 450, downloaded 0, added 0
Progress: resolved 454, reused 450, downloaded 0, added 1
Progress: resolved 454, reused 450, downloaded 0, added 2
Progress: resolved 454, reused 450, downloaded 0, added 3
Progress: resolved 454, reused 450, downloaded 0, added 4
Progress: resolved 454, reused 450, downloaded 0, added 5
Progress: resolved 454, reused 451, downloaded 0, added 5
Progress: resolved 454, reused 451, downloaded 0, added 6
Progress: resolved 454, reused 451, downloaded 0, added 7
Progress: resolved 454, reused 451, downloaded 0, added 8
Progress: resolved 454, reused 451, downloaded 0, added 9
Progress: resolved 454, reused 451, downloaded 0, added 10
Progress: resolved 454, reused 451, downloaded 0, added 11
Progress: resolved 454, reused 451, downloaded 0, added 13
Progress: resolved 454, reused 451, downloaded 0, added 14
Progress: resolved 454, reused 451, downloaded 0, added 15
Progress: resolved 454, reused 451, downloaded 0, added 16
Progress: resolved 454, reused 451, downloaded 0, added 19
Progress: resolved 454, reused 451, downloaded 0, added 20
Progress: resolved 454, reused 451, downloaded 0, added 22
Progress: resolved 454, reused 451, downloaded 0, added 23
Progress: resolved 454, reused 451, downloaded 0, added 26
Progress: resolved 454, reused 451, downloaded 0, added 29
Progress: resolved 454, reused 451, downloaded 0, added 30
Progress: resolved 454, reused 451, downloaded 0, added 32
Progress: resolved 454, reused 451, downloaded 0, added 33
Progress: resolved 454, reused 451, downloaded 0, added 36
Progress: resolved 454, reused 451, downloaded 0, added 38
Progress: resolved 454, reused 452, downloaded 0, added 41
Progress: resolved 454, reused 452, downloaded 0, added 43
Progress: resolved 454, reused 452, downloaded 0, added 45
Progress: resolved 454, reused 452, downloaded 0, added 46
Progress: resolved 454, reused 452, downloaded 0, added 47
Progress: resolved 454, reused 452, downloaded 0, added 48
Progress: resolved 454, reused 452, downloaded 0, added 49
Progress: resolved 454, reused 452, downloaded 0, added 50
Progress: resolved 454, reused 452, downloaded 0, added 51
Progress: resolved 454, reused 452, downloaded 0, added 55
Progress: resolved 454, reused 452, downloaded 0, added 59
Progress: resolved 454, reused 452, downloaded 0, added 60
Progress: resolved 454, reused 452, downloaded 0, added 61
Progress: resolved 454, reused 452, downloaded 0, added 63
Progress: resolved 454, reused 452, downloaded 0, added 64
Progress: resolved 454, reused 452, downloaded 0, added 65
Progress: resolved 454, reused 452, downloaded 0, added 66
Progress: resolved 454, reused 452, downloaded 0, added 68
Progress: resolved 454, reused 452, downloaded 0, added 70
Progress: resolved 454, reused 452, downloaded 0, added 71
Progress: resolved 454, reused 452, downloaded 0, added 72
Progress: resolved 454, reused 452, downloaded 0, added 73
Progress: resolved 454, reused 453, downloaded 0, added 73
Progress: resolved 454, reused 453, downloaded 0, added 75
Progress: resolved 454, reused 453, downloaded 0, added 76
Progress: resolved 454, reused 453, downloaded 0, added 77
Progress: resolved 454, reused 453, downloaded 0, added 78
Progress: resolved 454, reused 453, downloaded 0, added 79
Progress: resolved 454, reused 453, downloaded 0, added 81
Progress: resolved 454, reused 453, downloaded 0, added 84
Progress: resolved 454, reused 453, downloaded 0, added 87
Progress: resolved 454, reused 453, downloaded 0, added 88
Progress: resolved 454, reused 453, downloaded 0, added 91
Progress: resolved 454, reused 453, downloaded 0, added 93
Progress: resolved 454, reused 453, downloaded 0, added 97
Progress: resolved 454, reused 453, downloaded 0, added 98
Progress: resolved 454, reused 453, downloaded 0, added 102
Progress: resolved 454, reused 453, downloaded 0, added 106
Progress: resolved 454, reused 453, downloaded 0, added 107
Progress: resolved 454, reused 453, downloaded 0, added 110
Progress: resolved 454, reused 453, downloaded 0, added 112
Progress: resolved 454, reused 453, downloaded 0, added 116
Progress: resolved 454, reused 453, downloaded 0, added 119
Progress: resolved 454, reused 453, downloaded 0, added 120
Progress: resolved 454, reused 453, downloaded 0, added 121
Progress: resolved 454, reused 453, downloaded 0, added 123
Progress: resolved 454, reused 453, downloaded 0, added 124
Progress: resolved 454, reused 453, downloaded 0, added 126
Progress: resolved 454, reused 453, downloaded 0, added 127
Progress: resolved 454, reused 453, downloaded 0, added 129
Progress: resolved 454, reused 453, downloaded 0, added 131
Progress: resolved 454, reused 453, downloaded 0, added 132
Progress: resolved 454, reused 453, downloaded 0, added 133
Progress: resolved 454, reused 453, downloaded 0, added 134
Progress: resolved 454, reused 453, downloaded 0, added 136
Progress: resolved 454, reused 453, downloaded 0, added 137
Progress: resolved 454, reused 453, downloaded 0, added 138
Progress: resolved 454, reused 453, downloaded 0, added 139
Progress: resolved 454, reused 453, downloaded 0, added 140
Progress: resolved 454, reused 453, downloaded 0, added 141
Progress: resolved 454, reused 453, downloaded 0, added 142
Progress: resolved 454, reused 453, downloaded 0, added 144
Progress: resolved 454, reused 453, downloaded 0, added 147
Progress: resolved 454, reused 453, downloaded 0, added 148
Progress: resolved 454, reused 453, downloaded 0, added 149
Progress: resolved 454, reused 453, downloaded 0, added 152
Progress: resolved 454, reused 453, downloaded 0, added 153
Progress: resolved 454, reused 453, downloaded 0, added 155
Progress: resolved 454, reused 453, downloaded 0, added 157
Progress: resolved 454, reused 453, downloaded 0, added 160
Progress: resolved 454, reused 453, downloaded 0, added 162
Progress: resolved 454, reused 453, downloaded 0, added 163
Progress: resolved 454, reused 453, downloaded 0, added 164
Progress: resolved 454, reused 453, downloaded 0, added 165
Progress: resolved 454, reused 453, downloaded 0, added 166
Progress: resolved 454, reused 453, downloaded 0, added 168
Progress: resolved 454, reused 453, downloaded 0, added 170
Progress: resolved 454, reused 453, downloaded 0, added 172
Progress: resolved 454, reused 453, downloaded 0, added 176
Progress: resolved 454, reused 453, downloaded 0, added 177
Progress: resolved 454, reused 453, downloaded 0, added 179
Progress: resolved 454, reused 453, downloaded 0, added 180
Progress: resolved 454, reused 453, downloaded 0, added 181
Progress: resolved 454, reused 453, downloaded 0, added 183
Progress: resolved 454, reused 453, downloaded 0, added 184
Progress: resolved 454, reused 453, downloaded 0, added 187
Progress: resolved 454, reused 453, downloaded 0, added 190
Progress: resolved 454, reused 453, downloaded 0, added 191
Progress: resolved 454, reused 453, downloaded 0, added 192
Progress: resolved 454, reused 453, downloaded 0, added 194
Progress: resolved 454, reused 453, downloaded 0, added 195
Progress: resolved 454, reused 453, downloaded 0, added 197
Progress: resolved 454, reused 453, downloaded 0, added 202
Progress: resolved 454, reused 453, downloaded 0, added 206
Progress: resolved 454, reused 453, downloaded 0, added 211
Progress: resolved 454, reused 453, downloaded 0, added 215
Progress: resolved 454, reused 453, downloaded 0, added 219
Progress: resolved 454, reused 453, downloaded 0, added 221
Progress: resolved 454, reused 453, downloaded 0, added 228
Progress: resolved 454, reused 453, downloaded 0, added 233
Progress: resolved 454, reused 453, downloaded 0, added 238
Progress: resolved 454, reused 453, downloaded 0, added 242
Progress: resolved 454, reused 453, downloaded 0, added 246
Progress: resolved 454, reused 453, downloaded 0, added 253
Progress: resolved 454, reused 453, downloaded 0, added 264
Progress: resolved 454, reused 453, downloaded 0, added 266
Progress: resolved 454, reused 453, downloaded 0, added 267
Progress: resolved 454, reused 453, downloaded 0, added 268
Progress: resolved 454, reused 453, downloaded 0, added 269
Progress: resolved 454, reused 453, downloaded 0, added 270
Progress: resolved 454, reused 453, downloaded 0, added 272
Progress: resolved 454, reused 453, downloaded 0, added 273
Progress: resolved 454, reused 453, downloaded 0, added 274
Progress: resolved 454, reused 453, downloaded 0, added 275
Progress: resolved 454, reused 453, downloaded 0, added 276
Progress: resolved 454, reused 453, downloaded 0, added 277
Progress: resolved 454, reused 453, downloaded 0, added 280
Progress: resolved 454, reused 453, downloaded 0, added 281
Progress: resolved 454, reused 453, downloaded 0, added 282
Progress: resolved 454, reused 453, downloaded 0, added 283
Progress: resolved 454, reused 453, downloaded 0, added 284
Progress: resolved 454, reused 453, downloaded 0, added 285
Progress: resolved 454, reused 453, downloaded 0, added 286
Progress: resolved 454, reused 453, downloaded 0, added 287
Progress: resolved 454, reused 453, downloaded 0, added 288
Progress: resolved 454, reused 453, downloaded 0, added 289
Progress: resolved 454, reused 453, downloaded 0, added 290
Progress: resolved 454, reused 453, downloaded 0, added 291
Progress: resolved 454, reused 453, downloaded 0, added 292
Progress: resolved 454, reused 453, downloaded 0, added 294
Progress: resolved 454, reused 453, downloaded 0, added 297
Progress: resolved 454, reused 453, downloaded 0, added 298
Progress: resolved 454, reused 453, downloaded 0, added 301
Progress: resolved 454, reused 453, downloaded 0, added 302
Progress: resolved 454, reused 453, downloaded 0, added 303
Progress: resolved 454, reused 453, downloaded 0, added 304
Progress: resolved 454, reused 453, downloaded 0, added 305
Progress: resolved 454, reused 453, downloaded 0, added 308
Progress: resolved 454, reused 453, downloaded 0, added 309
Progress: resolved 454, reused 453, downloaded 0, added 310
Progress: resolved 454, reused 453, downloaded 0, added 311
Progress: resolved 454, reused 453, downloaded 0, added 313
Progress: resolved 454, reused 453, downloaded 0, added 314
Progress: resolved 454, reused 453, downloaded 0, added 315
Progress: resolved 454, reused 453, downloaded 0, added 316
Progress: resolved 454, reused 453, downloaded 0, added 317
Progress: resolved 454, reused 453, downloaded 0, added 318
Progress: resolved 454, reused 453, downloaded 0, added 319
Progress: resolved 454, reused 453, downloaded 0, added 320
Progress: resolved 454, reused 453, downloaded 0, added 321
Progress: resolved 454, reused 453, downloaded 0, added 322
Progress: resolved 454, reused 453, downloaded 0, added 325
Progress: resolved 454, reused 453, downloaded 0, added 326
Progress: resolved 454, reused 453, downloaded 0, added 327
Progress: resolved 454, reused 453, downloaded 0, added 328
Progress: resolved 454, reused 453, downloaded 0, added 329
Progress: resolved 454, reused 453, downloaded 0, added 330
Progress: resolved 454, reused 453, downloaded 0, added 331
Progress: resolved 454, reused 453, downloaded 0, added 332
Progress: resolved 454, reused 453, downloaded 0, added 333
Progress: resolved 454, reused 453, downloaded 0, added 335
Progress: resolved 454, reused 453, downloaded 0, added 340
Progress: resolved 454, reused 453, downloaded 0, added 344
Progress: resolved 454, reused 453, downloaded 0, added 346
Progress: resolved 454, reused 453, downloaded 0, added 350
Progress: resolved 454, reused 453, downloaded 0, added 353
Progress: resolved 454, reused 453, downloaded 0, added 356
Progress: resolved 454, reused 453, downloaded 0, added 359
Progress: resolved 454, reused 453, downloaded 0, added 361
Progress: resolved 454, reused 453, downloaded 0, added 364
Progress: resolved 454, reused 453, downloaded 0, added 367
Progress: resolved 454, reused 453, downloaded 0, added 368
Progress: resolved 454, reused 453, downloaded 0, added 370
Progress: resolved 454, reused 453, downloaded 0, added 372
Progress: resolved 454, reused 453, downloaded 0, added 374
Progress: resolved 454, reused 453, downloaded 0, added 375
Progress: resolved 454, reused 453, downloaded 0, added 377
Progress: resolved 454, reused 453, downloaded 0, added 378
Progress: resolved 454, reused 453, downloaded 0, added 382
Progress: resolved 454, reused 453, downloaded 0, added 383
Progress: resolved 454, reused 453, downloaded 0, added 384
Progress: resolved 454, reused 453, downloaded 0, added 386
Progress: resolved 454, reused 453, downloaded 0, added 389
Progress: resolved 454, reused 453, downloaded 0, added 390
Progress: resolved 454, reused 453, downloaded 0, added 392
Progress: resolved 454, reused 453, downloaded 0, added 395
Progress: resolved 454, reused 453, downloaded 0, added 397
Progress: resolved 454, reused 453, downloaded 0, added 398
Progress: resolved 454, reused 453, downloaded 0, added 399
Progress: resolved 454, reused 453, downloaded 0, added 401
Progress: resolved 454, reused 453, downloaded 0, added 403
Progress: resolved 454, reused 453, downloaded 0, added 405
Progress: resolved 454, reused 453, downloaded 0, added 407
Progress: resolved 454, reused 453, downloaded 0, added 411
Progress: resolved 454, reused 453, downloaded 0, added 412
Progress: resolved 454, reused 453, downloaded 0, added 413
Progress: resolved 454, reused 453, downloaded 0, added 416
Progress: resolved 454, reused 453, downloaded 0, added 417
Progress: resolved 454, reused 453, downloaded 0, added 418
Progress: resolved 454, reused 453, downloaded 0, added 420
Progress: resolved 454, reused 453, downloaded 0, added 422
Progress: resolved 454, reused 453, downloaded 0, added 428
Progress: resolved 454, reused 453, downloaded 0, added 432
Progress: resolved 454, reused 453, downloaded 0, added 434
Progress: resolved 454, reused 453, downloaded 0, added 435
Progress: resolved 454, reused 453, downloaded 0, added 436
Progress: resolved 454, reused 453, downloaded 0, added 437
Progress: resolved 454, reused 453, downloaded 0, added 438
Progress: resolved 454, reused 453, downloaded 0, added 439
Progress: resolved 454, reused 453, downloaded 0, added 440
Progress: resolved 454, reused 453, downloaded 0, added 442
Progress: resolved 454, reused 453, downloaded 0, added 446
Progress: resolved 454, reused 453, downloaded 0, added 447
Progress: resolved 454, reused 453, downloaded 0, added 448
Progress: resolved 454, reused 453, downloaded 0, added 449
Progress: resolved 454, reused 454, downloaded 0, added 449
Progress: resolved 454, reused 454, downloaded 0, added 450
Progress: resolved 454, reused 454, downloaded 0, added 451
Progress: resolved 454, reused 454, downloaded 0, added 452
Progress: resolved 454, reused 454, downloaded 0, added 453
Progress: resolved 454, reused 454, downloaded 0, added 454
Progress: resolved 454, reused 454, downloaded 0, added 454, done

dependencies:
+ @google/genai 1.44.0
+ @tailwindcss/vite 4.2.1
+ @vitejs/plugin-react 5.1.4
+ axios 1.13.6
+ better-sqlite3 12.6.2
+ clsx 2.1.1
+ date-fns 4.1.0
+ dotenv 17.3.1
+ express 4.22.1
+ framer-motion 12.35.2
+ lucide-react 0.546.0
+ motion 12.35.2
+ react 19.2.4
+ react-dom 19.2.4
+ react-router-dom 7.13.1
+ recharts 3.8.0
+ tailwind-merge 3.5.0
+ vite 6.4.1
+ zustand 5.0.11

devDependencies:
+ @testing-library/jest-dom 6.9.1
+ @testing-library/react 16.3.2
+ @testing-library/user-event 14.6.1
+ @types/express 4.17.25
+ @types/node 22.19.15
+ @types/react-router-dom 5.3.3
+ @vitest/coverage-v8 3.2.4
+ @vitest/ui 3.2.4
+ autoprefixer 10.4.27
+ jsdom 26.1.0
+ tailwindcss 4.2.1
+ tsx 4.21.0
+ typescript 5.8.3
+ vitest 3.2.4

╭ Warning ─────────────────────────────────────────────────────────────────────╮
│                                                                              │
│   Ignored build scripts: better-sqlite3@12.6.2, esbuild@0.25.12,             │
│   esbuild@0.27.3, protobufjs@7.5.4.                                          │
│   Run "pnpm approve-builds" to pick which dependencies should be allowed     │
│   to run scripts.                                                            │
│                                                                              │
╰──────────────────────────────────────────────────────────────────────────────╯
Done in 11m 46.8s using pnpm v10.32.1
