[170] Installing: myvbci-camper-app
Lockfile is up to date, resolution step is skipped
Progress: resolved 1, reused 0, downloaded 0, added 0
Packages: +283
++++++++++++++++++++++++++++++++++++++++++++++++++++++++++++++++++++++++++++++++
Progress: resolved 283, reused 0, downloaded 0, added 0
Progress: resolved 283, reused 58, downloaded 0, added 0
Progress: resolved 283, reused 74, downloaded 0, added 0
Progress: resolved 283, reused 89, downloaded 0, added 0
Progress: resolved 283, reused 95, downloaded 0, added 0
Progress: resolved 283, reused 106, downloaded 0, added 0
Progress: resolved 283, reused 125, downloaded 0, added 0
Progress: resolved 283, reused 134, downloaded 0, added 0
Progress: resolved 283, reused 156, downloaded 0, added 0
Progress: resolved 283, reused 171, downloaded 0, added 0
Progress: resolved 283, reused 201, downloaded 0, added 0
Progress: resolved 283, reused 226, downloaded 0, added 0
Progress: resolved 283, reused 279, downloaded 0, added 0
Progress: resolved 283, reused 280, downloaded 0, added 2
Progress: resolved 283, reused 282, downloaded 0, added 3
Progress: resolved 283, reused 282, downloaded 0, added 7
Progress: resolved 283, reused 282, downloaded 0, added 11
Progress: resolved 283, reused 282, downloaded 0, added 13
Progress: resolved 283, reused 282, downloaded 0, added 16
Progress: resolved 283, reused 282, downloaded 0, added 20
Progress: resolved 283, reused 282, downloaded 0, added 24
Progress: resolved 283, reused 282, downloaded 0, added 30
Progress: resolved 283, reused 282, downloaded 0, added 38
Progress: resolved 283, reused 282, downloaded 0, added 40
Progress: resolved 283, reused 282, downloaded 0, added 45
Progress: resolved 283, reused 282, downloaded 0, added 47
Progress: resolved 283, reused 282, downloaded 0, added 49
Progress: resolved 283, reused 282, downloaded 0, added 51
Progress: resolved 283, reused 282, downloaded 0, added 55
Progress: resolved 283, reused 282, downloaded 0, added 57
Progress: resolved 283, reused 282, downloaded 0, added 60
Progress: resolved 283, reused 282, downloaded 0, added 61
Progress: resolved 283, reused 282, downloaded 0, added 62
Progress: resolved 283, reused 282, downloaded 0, added 63
Progress: resolved 283, reused 282, downloaded 0, added 64
Progress: resolved 283, reused 282, downloaded 0, added 66
Progress: resolved 283, reused 282, downloaded 0, added 67
Progress: resolved 283, reused 282, downloaded 0, added 68
Progress: resolved 283, reused 282, downloaded 0, added 69
Progress: resolved 283, reused 282, downloaded 0, added 70
Progress: resolved 283, reused 282, downloaded 0, added 71
Progress: resolved 283, reused 282, downloaded 0, added 72
Progress: resolved 283, reused 282, downloaded 0, added 73
Progress: resolved 283, reused 282, downloaded 0, added 75
Progress: resolved 283, reused 282, downloaded 0, added 78
Progress: resolved 283, reused 282, downloaded 0, added 81
Progress: resolved 283, reused 282, downloaded 0, added 86
Progress: resolved 283, reused 282, downloaded 0, added 87
Progress: resolved 283, reused 282, downloaded 0, added 89
Progress: resolved 283, reused 282, downloaded 0, added 90
Progress: resolved 283, reused 282, downloaded 0, added 91
Progress: resolved 283, reused 282, downloaded 0, added 92
Progress: resolved 283, reused 282, downloaded 0, added 93
Progress: resolved 283, reused 282, downloaded 0, added 94
Progress: resolved 283, reused 282, downloaded 0, added 95
Progress: resolved 283, reused 282, downloaded 0, added 96
Progress: resolved 283, reused 282, downloaded 0, added 97
Progress: resolved 283, reused 282, downloaded 0, added 98
Progress: resolved 283, reused 282, downloaded 0, added 99
Progress: resolved 283, reused 282, downloaded 0, added 100
Progress: resolved 283, reused 282, downloaded 0, added 101
Progress: resolved 283, reused 282, downloaded 0, added 102
Progress: resolved 283, reused 282, downloaded 0, added 103
Progress: resolved 283, reused 282, downloaded 0, added 104
Progress: resolved 283, reused 282, downloaded 0, added 105
Progress: resolved 283, reused 282, downloaded 0, added 107
Progress: resolved 283, reused 282, downloaded 0, added 108
Progress: resolved 283, reused 282, downloaded 0, added 109
Progress: resolved 283, reused 282, downloaded 0, added 110
Progress: resolved 283, reused 282, downloaded 0, added 111
Progress: resolved 283, reused 282, downloaded 0, added 112
Progress: resolved 283, reused 282, downloaded 0, added 113
Progress: resolved 283, reused 282, downloaded 0, added 114
Progress: resolved 283, reused 282, downloaded 0, added 115
Progress: resolved 283, reused 282, downloaded 0, added 116
Progress: resolved 283, reused 282, downloaded 0, added 117
Progress: resolved 283, reused 282, downloaded 0, added 118
Progress: resolved 283, reused 282, downloaded 0, added 119
Progress: resolved 283, reused 282, downloaded 0, added 120
Progress: resolved 283, reused 282, downloaded 0, added 122
Progress: resolved 283, reused 283, downloaded 0, added 122
Progress: resolved 283, reused 283, downloaded 0, added 123
Progress: resolved 283, reused 283, downloaded 0, added 124
Progress: resolved 283, reused 283, downloaded 0, added 125
Progress: resolved 283, reused 283, downloaded 0, added 126
Progress: resolved 283, reused 283, downloaded 0, added 127
Progress: resolved 283, reused 283, downloaded 0, added 128
Progress: resolved 283, reused 283, downloaded 0, added 129
Progress: resolved 283, reused 283, downloaded 0, added 130
Progress: resolved 283, reused 283, downloaded 0, added 131
Progress: resolved 283, reused 283, downloaded 0, added 132
Progress: resolved 283, reused 283, downloaded 0, added 134
Progress: resolved 283, reused 283, downloaded 0, added 135
Progress: resolved 283, reused 283, downloaded 0, added 137
Progress: resolved 283, reused 283, downloaded 0, added 138
Progress: resolved 283, reused 283, downloaded 0, added 141
Progress: resolved 283, reused 283, downloaded 0, added 143
Progress: resolved 283, reused 283, downloaded 0, added 144
Progress: resolved 283, reused 283, downloaded 0, added 148
Progress: resolved 283, reused 283, downloaded 0, added 151
Progress: resolved 283, reused 283, downloaded 0, added 154
Progress: resolved 283, reused 283, downloaded 0, added 156
Progress: resolved 283, reused 283, downloaded 0, added 159
Progress: resolved 283, reused 283, downloaded 0, added 162
Progress: resolved 283, reused 283, downloaded 0, added 167
Progress: resolved 283, reused 283, downloaded 0, added 171
Progress: resolved 283, reused 283, downloaded 0, added 172
Progress: resolved 283, reused 283, downloaded 0, added 173
Progress: resolved 283, reused 283, downloaded 0, added 174
Progress: resolved 283, reused 283, downloaded 0, added 177
Progress: resolved 283, reused 283, downloaded 0, added 182
Progress: resolved 283, reused 283, downloaded 0, added 185
Progress: resolved 283, reused 283, downloaded 0, added 188
Progress: resolved 283, reused 283, downloaded 0, added 193
Progress: resolved 283, reused 283, downloaded 0, added 194
Progress: resolved 283, reused 283, downloaded 0, added 196
Progress: resolved 283, reused 283, downloaded 0, added 197
Progress: resolved 283, reused 283, downloaded 0, added 198
Progress: resolved 283, reused 283, downloaded 0, added 201
Progress: resolved 283, reused 283, downloaded 0, added 203
Progress: resolved 283, reused 283, downloaded 0, added 205
Progress: resolved 283, reused 283, downloaded 0, added 209
Progress: resolved 283, reused 283, downloaded 0, added 211
Progress: resolved 283, reused 283, downloaded 0, added 213
Progress: resolved 283, reused 283, downloaded 0, added 214
Progress: resolved 283, reused 283, downloaded 0, added 216
Progress: resolved 283, reused 283, downloaded 0, added 217
Progress: resolved 283, reused 283, downloaded 0, added 219
Progress: resolved 283, reused 283, downloaded 0, added 220
Progress: resolved 283, reused 283, downloaded 0, added 221
Progress: resolved 283, reused 283, downloaded 0, added 222
Progress: resolved 283, reused 283, downloaded 0, added 227
Progress: resolved 283, reused 283, downloaded 0, added 230
Progress: resolved 283, reused 283, downloaded 0, added 231
Progress: resolved 283, reused 283, downloaded 0, added 236
Progress: resolved 283, reused 283, downloaded 0, added 237
Progress: resolved 283, reused 283, downloaded 0, added 245
Progress: resolved 283, reused 283, downloaded 0, added 246
Progress: resolved 283, reused 283, downloaded 0, added 248
Progress: resolved 283, reused 283, downloaded 0, added 249
Progress: resolved 283, reused 283, downloaded 0, added 250
Progress: resolved 283, reused 283, downloaded 0, added 252
Progress: resolved 283, reused 283, downloaded 0, added 253
Progress: resolved 283, reused 283, downloaded 0, added 255
Progress: resolved 283, reused 283, downloaded 0, added 256
Progress: resolved 283, reused 283, downloaded 0, added 262
Progress: resolved 283, reused 283, downloaded 0, added 264
Progress: resolved 283, reused 283, downloaded 0, added 267
Progress: resolved 283, reused 283, downloaded 0, added 268
Progress: resolved 283, reused 283, downloaded 0, added 269
Progress: resolved 283, reused 283, downloaded 0, added 270
Progress: resolved 283, reused 283, downloaded 0, added 271
Progress: resolved 283, reused 283, downloaded 0, added 272
Progress: resolved 283, reused 283, downloaded 0, added 275
Progress: resolved 283, reused 283, downloaded 0, added 276
Progress: resolved 283, reused 283, downloaded 0, added 277
Progress: resolved 283, reused 283, downloaded 0, added 278
Progress: resolved 283, reused 283, downloaded 0, added 279
Progress: resolved 283, reused 283, downloaded 0, added 280
Progress: resolved 283, reused 283, downloaded 0, added 281
Progress: resolved 283, reused 283, downloaded 0, added 282
Progress: resolved 283, reused 283, downloaded 0, added 283
Progress: resolved 283, reused 283, downloaded 0, added 283, done

dependencies:
+ @google/genai 1.29.0
+ lucide-react 0.553.0
+ react 19.2.4
+ react-dom 19.2.4
+ recharts 3.4.1

devDependencies:
+ @testing-library/jest-dom 6.9.1
+ @testing-library/react 16.3.2
+ @testing-library/user-event 14.6.1
+ @types/node 24.10.1
+ @vitejs/plugin-react 5.1.1
+ @vitest/coverage-v8 3.2.4
+ @vitest/ui 3.2.4
+ jsdom 26.1.0
+ typescript 5.9.3
+ vite 7.2.2
+ vitest 3.2.4

Done in 12m 50.2s using pnpm v10.32.1
