[171] Installing: narrative-intelligence-engine
Lockfile is up to date, resolution step is skipped
Progress: resolved 1, reused 0, downloaded 0, added 0
Packages: +454
++++++++++++++++++++++++++++++++++++++++++++++++++++++++++++++++++++++++++++++++
Progress: resolved 454, reused 0, downloaded 0, added 0
Progress: resolved 454, reused 69, downloaded 0, added 0
Progress: resolved 454, reused 138, downloaded 0, added 0
Progress: resolved 454, reused 215, downloaded 0, added 0
Progress: resolved 454, reused 277, downloaded 0, added 0
Progress: resolved 454, reused 297, downloaded 0, added 0
Progress: resolved 454, reused 345, downloaded 0, added 0
Progress: resolved 454, reused 451, downloaded 0, added 0
Progress: resolved 454, reused 451, downloaded 0, added 5
Progress: resolved 454, reused 454, downloaded 0, added 10
Progress: resolved 454, reused 454, downloaded 0, added 16
Progress: resolved 454, reused 454, downloaded 0, added 24
Progress: resolved 454, reused 454, downloaded 0, added 49
Progress: resolved 454, reused 454, downloaded 0, added 71
Progress: resolved 454, reused 454, downloaded 0, added 78
Progress: resolved 454, reused 454, downloaded 0, added 88
Progress: resolved 454, reused 454, downloaded 0, added 105
Progress: resolved 454, reused 454, downloaded 0, added 129
Progress: resolved 454, reused 454, downloaded 0, added 140
Progress: resolved 454, reused 454, downloaded 0, added 149
Progress: resolved 454, reused 454, downloaded 0, added 160
Progress: resolved 454, reused 454, downloaded 0, added 165
Progress: resolved 454, reused 454, downloaded 0, added 174
Progress: resolved 454, reused 454, downloaded 0, added 191
Progress: resolved 454, reused 454, downloaded 0, added 202
Progress: resolved 454, reused 454, downloaded 0, added 230
Progress: resolved 454, reused 454, downloaded 0, added 231
Progress: resolved 454, reused 454, downloaded 0, added 241
Progress: resolved 454, reused 454, downloaded 0, added 272
Progress: resolved 454, reused 454, downloaded 0, added 274
Progress: resolved 454, reused 454, downloaded 0, added 284
Progress: resolved 454, reused 454, downloaded 0, added 292
Progress: resolved 454, reused 454, downloaded 0, added 306
Progress: resolved 454, reused 454, downloaded 0, added 307
Progress: resolved 454, reused 454, downloaded 0, added 310
Progress: resolved 454, reused 454, downloaded 0, added 318
Progress: resolved 454, reused 454, downloaded 0, added 319
Progress: resolved 454, reused 454, downloaded 0, added 330
Progress: resolved 454, reused 454, downloaded 0, added 335
Progress: resolved 454, reused 454, downloaded 0, added 336
Progress: resolved 454, reused 454, downloaded 0, added 369
Progress: resolved 454, reused 454, downloaded 0, added 381
Progress: resolved 454, reused 454, downloaded 0, added 383
Progress: resolved 454, reused 454, downloaded 0, added 392
Progress: resolved 454, reused 454, downloaded 0, added 415
Progress: resolved 454, reused 454, downloaded 0, added 417
Progress: resolved 454, reused 454, downloaded 0, added 438
Progress: resolved 454, reused 454, downloaded 0, added 443
Progress: resolved 454, reused 454, downloaded 0, added 444
Progress: resolved 454, reused 454, downloaded 0, added 447
Progress: resolved 454, reused 454, downloaded 0, added 448
Progress: resolved 454, reused 454, downloaded 0, added 449
Progress: resolved 454, reused 454, downloaded 0, added 450
Progress: resolved 454, reused 454, downloaded 0, added 451
Progress: resolved 454, reused 454, downloaded 0, added 452
Progress: resolved 454, reused 454, downloaded 0, added 453
Progress: resolved 454, reused 454, downloaded 0, added 454
Progress: resolved 454, reused 454, downloaded 0, added 454, done

dependencies:
+ @google/genai 1.44.0
+ @tailwindcss/vite 4.2.1
+ @vitejs/plugin-react 5.1.4
+ axios 1.13.6
+ better-sqlite3 12.6.2
+ clsx 2.1.1
+ date-fns 4.1.0
+ dotenv 17.3.1
+ express 4.22.1
+ framer-motion 12.35.2
+ lucide-react 0.546.0
+ motion 12.35.2
+ react 19.2.4
+ react-dom 19.2.4
+ react-router-dom 7.13.1
+ recharts 3.8.0
+ tailwind-merge 3.5.0
+ vite 6.4.1
+ zustand 5.0.11

devDependencies:
+ @testing-library/jest-dom 6.9.1
+ @testing-library/react 16.3.2
+ @testing-library/user-event 14.6.1
+ @types/express 4.17.25
+ @types/node 22.19.15
+ @types/react-router-dom 5.3.3
+ @vitest/coverage-v8 3.2.4
+ @vitest/ui 3.2.4
+ autoprefixer 10.4.27
+ jsdom 26.1.0
+ tailwindcss 4.2.1
+ tsx 4.21.0
+ typescript 5.8.3
+ vitest 3.2.4

╭ Warning ─────────────────────────────────────────────────────────────────────╮
│                                                                              │
│   Ignored build scripts: better-sqlite3@12.6.2, esbuild@0.25.12,             │
│   esbuild@0.27.3, protobufjs@7.5.4.                                          │
│   Run "pnpm approve-builds" to pick which dependencies should be allowed     │
│   to run scripts.                                                            │
│                                                                              │
╰──────────────────────────────────────────────────────────────────────────────╯
Done in 2m 12.9s using pnpm v10.32.1
