[173] Installing: omniextract
Lockfile is up to date, resolution step is skipped
Progress: resolved 1, reused 0, downloaded 0, added 0
Packages: +290
++++++++++++++++++++++++++++++++++++++++++++++++++++++++++++++++++++++++++++++++
Progress: resolved 290, reused 0, downloaded 0, added 0
Progress: resolved 290, reused 17, downloaded 0, added 0
Progress: resolved 290, reused 40, downloaded 0, added 0
Progress: resolved 290, reused 74, downloaded 0, added 0
Progress: resolved 290, reused 102, downloaded 0, added 0
Progress: resolved 290, reused 209, downloaded 0, added 0
Progress: resolved 290, reused 247, downloaded 0, added 0
Progress: resolved 290, reused 288, downloaded 0, added 4
Progress: resolved 290, reused 288, downloaded 0, added 20
Progress: resolved 290, reused 288, downloaded 0, added 35
Progress: resolved 290, reused 288, downloaded 0, added 39
Progress: resolved 290, reused 288, downloaded 0, added 46
Progress: resolved 290, reused 288, downloaded 0, added 50
Progress: resolved 290, reused 288, downloaded 0, added 57
Progress: resolved 290, reused 288, downloaded 0, added 63
Progress: resolved 290, reused 288, downloaded 0, added 64
Progress: resolved 290, reused 288, downloaded 0, added 71
Progress: resolved 290, reused 288, downloaded 0, added 73
Progress: resolved 290, reused 288, downloaded 0, added 77
Progress: resolved 290, reused 288, downloaded 0, added 85
Progress: resolved 290, reused 288, downloaded 0, added 96
Progress: resolved 290, reused 289, downloaded 0, added 98
Progress: resolved 290, reused 289, downloaded 0, added 104
Progress: resolved 290, reused 290, downloaded 0, added 107
Progress: resolved 290, reused 290, downloaded 0, added 121
Progress: resolved 290, reused 290, downloaded 0, added 135
Progress: resolved 290, reused 290, downloaded 0, added 139
Progress: resolved 290, reused 290, downloaded 0, added 141
Progress: resolved 290, reused 290, downloaded 0, added 147
Progress: resolved 290, reused 290, downloaded 0, added 153
Progress: resolved 290, reused 290, downloaded 0, added 157
Progress: resolved 290, reused 290, downloaded 0, added 162
Progress: resolved 290, reused 290, downloaded 0, added 172
Progress: resolved 290, reused 290, downloaded 0, added 184
Progress: resolved 290, reused 290, downloaded 0, added 202
Progress: resolved 290, reused 290, downloaded 0, added 222
Progress: resolved 290, reused 290, downloaded 0, added 236
Progress: resolved 290, reused 290, downloaded 0, added 255
Progress: resolved 290, reused 290, downloaded 0, added 262
Progress: resolved 290, reused 290, downloaded 0, added 285
Progress: resolved 290, reused 290, downloaded 0, added 286
Progress: resolved 290, reused 290, downloaded 0, added 287
Progress: resolved 290, reused 290, downloaded 0, added 288
Progress: resolved 290, reused 290, downloaded 0, added 289
Progress: resolved 290, reused 290, downloaded 0, added 290
Progress: resolved 290, reused 290, downloaded 0, added 290, done

dependencies:
+ @google/genai 1.13.0
+ jspdf 2.5.1
+ lucide-react 0.400.0
+ react 19.2.4
+ react-dom 19.2.4
+ react-router-dom 7.13.1

devDependencies:
+ @testing-library/jest-dom 6.9.1
+ @testing-library/react 16.3.2
+ @testing-library/user-event 14.6.1
+ @types/node 22.17.1
+ @vitest/coverage-v8 3.2.4
+ @vitest/ui 3.2.4
+ jsdom 26.1.0
+ serve 14.2.5
+ typescript 5.8.3
+ vite 7.3.1
+ vitest 3.2.4

Done in 1m 24.2s using pnpm v10.30.1
