[174] Installing: organizational-design-recommender
Lockfile is up to date, resolution step is skipped
Progress: resolved 1, reused 0, downloaded 0, added 0
Packages: +454
++++++++++++++++++++++++++++++++++++++++++++++++++++++++++++++++++++++++++++++++
Progress: resolved 454, reused 0, downloaded 0, added 0
Progress: resolved 454, reused 83, downloaded 0, added 0
Progress: resolved 454, reused 157, downloaded 0, added 0
Progress: resolved 454, reused 249, downloaded 0, added 0
Progress: resolved 454, reused 284, downloaded 0, added 0
Progress: resolved 454, reused 306, downloaded 0, added 0
Progress: resolved 454, reused 384, downloaded 0, added 0
Progress: resolved 454, reused 451, downloaded 0, added 4
Progress: resolved 454, reused 452, downloaded 0, added 13
Progress: resolved 454, reused 454, downloaded 0, added 14
Progress: resolved 454, reused 454, downloaded 0, added 18
Progress: resolved 454, reused 454, downloaded 0, added 36
Progress: resolved 454, reused 454, downloaded 0, added 55
Progress: resolved 454, reused 454, downloaded 0, added 74
Progress: resolved 454, reused 454, downloaded 0, added 82
Progress: resolved 454, reused 454, downloaded 0, added 99
Progress: resolved 454, reused 454, downloaded 0, added 116
Progress: resolved 454, reused 454, downloaded 0, added 128
Progress: resolved 454, reused 454, downloaded 0, added 139
Progress: resolved 454, reused 454, downloaded 0, added 149
Progress: resolved 454, reused 454, downloaded 0, added 160
Progress: resolved 454, reused 454, downloaded 0, added 169
Progress: resolved 454, reused 454, downloaded 0, added 174
Progress: resolved 454, reused 454, downloaded 0, added 197
Progress: resolved 454, reused 454, downloaded 0, added 215
Progress: resolved 454, reused 454, downloaded 0, added 232
Progress: resolved 454, reused 454, downloaded 0, added 235
Progress: resolved 454, reused 454, downloaded 0, added 266
Progress: resolved 454, reused 454, downloaded 0, added 272
Progress: resolved 454, reused 454, downloaded 0, added 283
Progress: resolved 454, reused 454, downloaded 0, added 298
Progress: resolved 454, reused 454, downloaded 0, added 303
Progress: resolved 454, reused 454, downloaded 0, added 307
Progress: resolved 454, reused 454, downloaded 0, added 308
Progress: resolved 454, reused 454, downloaded 0, added 315
Progress: resolved 454, reused 454, downloaded 0, added 318
Progress: resolved 454, reused 454, downloaded 0, added 326
Progress: resolved 454, reused 454, downloaded 0, added 338
Progress: resolved 454, reused 454, downloaded 0, added 340
Progress: resolved 454, reused 454, downloaded 0, added 359
Progress: resolved 454, reused 454, downloaded 0, added 382
Progress: resolved 454, reused 454, downloaded 0, added 384
Progress: resolved 454, reused 454, downloaded 0, added 390
Progress: resolved 454, reused 454, downloaded 0, added 411
Progress: resolved 454, reused 454, downloaded 0, added 418
Progress: resolved 454, reused 454, downloaded 0, added 429
Progress: resolved 454, reused 454, downloaded 0, added 440
Progress: resolved 454, reused 454, downloaded 0, added 443
Progress: resolved 454, reused 454, downloaded 0, added 447
Progress: resolved 454, reused 454, downloaded 0, added 448
Progress: resolved 454, reused 454, downloaded 0, added 449
Progress: resolved 454, reused 454, downloaded 0, added 450
Progress: resolved 454, reused 454, downloaded 0, added 451
Progress: resolved 454, reused 454, downloaded 0, added 452
Progress: resolved 454, reused 454, downloaded 0, added 453
Progress: resolved 454, reused 454, downloaded 0, added 454
Progress: resolved 454, reused 454, downloaded 0, added 454, done

dependencies:
+ @google/genai 1.44.0
+ @tailwindcss/vite 4.2.1
+ @vitejs/plugin-react 5.1.4
+ axios 1.13.6
+ better-sqlite3 12.6.2
+ clsx 2.1.1
+ date-fns 4.1.0
+ dotenv 17.3.1
+ express 4.22.1
+ framer-motion 12.35.2
+ lucide-react 0.546.0
+ motion 12.35.2
+ react 19.2.4
+ react-dom 19.2.4
+ react-router-dom 7.13.1
+ recharts 3.8.0
+ tailwind-merge 3.5.0
+ vite 6.4.1
+ zustand 5.0.11

devDependencies:
+ @testing-library/jest-dom 6.9.1
+ @testing-library/react 16.3.2
+ @testing-library/user-event 14.6.1
+ @types/express 4.17.25
+ @types/node 22.19.15
+ @types/react-router-dom 5.3.3
+ @vitest/coverage-v8 3.2.4
+ @vitest/ui 3.2.4
+ autoprefixer 10.4.27
+ jsdom 26.1.0
+ tailwindcss 4.2.1
+ tsx 4.21.0
+ typescript 5.8.3
+ vitest 3.2.4

╭ Warning ─────────────────────────────────────────────────────────────────────╮
│                                                                              │
│   Ignored build scripts: better-sqlite3@12.6.2, esbuild@0.25.12,             │
│   esbuild@0.27.3, protobufjs@7.5.4.                                          │
│   Run "pnpm approve-builds" to pick which dependencies should be allowed     │
│   to run scripts.                                                            │
│                                                                              │
╰──────────────────────────────────────────────────────────────────────────────╯
Done in 2m 13.5s using pnpm v10.32.1
