[175] Installing: pama-realtor
Lockfile is up to date, resolution step is skipped
Progress: resolved 1, reused 0, downloaded 0, added 0
Packages: +327
++++++++++++++++++++++++++++++++++++++++++++++++++++++++++++++++++++++++++++++++
Progress: resolved 327, reused 0, downloaded 0, added 0
Progress: resolved 327, reused 22, downloaded 0, added 0
Progress: resolved 327, reused 75, downloaded 0, added 0
Progress: resolved 327, reused 97, downloaded 0, added 0
Progress: resolved 327, reused 122, downloaded 0, added 0
Progress: resolved 327, reused 193, downloaded 0, added 0
Progress: resolved 327, reused 273, downloaded 0, added 0
Progress: resolved 327, reused 324, downloaded 0, added 0
Progress: resolved 327, reused 326, downloaded 0, added 6
Progress: resolved 327, reused 326, downloaded 0, added 13
Progress: resolved 327, reused 326, downloaded 0, added 16
Progress: resolved 327, reused 326, downloaded 0, added 19
Progress: resolved 327, reused 326, downloaded 0, added 29
Progress: resolved 327, reused 326, downloaded 0, added 44
Progress: resolved 327, reused 326, downloaded 0, added 65
Progress: resolved 327, reused 326, downloaded 0, added 69
Progress: resolved 327, reused 326, downloaded 0, added 77
Progress: resolved 327, reused 327, downloaded 0, added 81
Progress: resolved 327, reused 327, downloaded 0, added 85
Progress: resolved 327, reused 327, downloaded 0, added 94
Progress: resolved 327, reused 327, downloaded 0, added 102
Progress: resolved 327, reused 327, downloaded 0, added 103
Progress: resolved 327, reused 327, downloaded 0, added 104
Progress: resolved 327, reused 327, downloaded 0, added 109
Progress: resolved 327, reused 327, downloaded 0, added 113
Progress: resolved 327, reused 327, downloaded 0, added 117
Progress: resolved 327, reused 327, downloaded 0, added 122
Progress: resolved 327, reused 327, downloaded 0, added 125
Progress: resolved 327, reused 327, downloaded 0, added 130
Progress: resolved 327, reused 327, downloaded 0, added 134
Progress: resolved 327, reused 327, downloaded 0, added 136
Progress: resolved 327, reused 327, downloaded 0, added 137
Progress: resolved 327, reused 327, downloaded 0, added 138
Progress: resolved 327, reused 327, downloaded 0, added 141
Progress: resolved 327, reused 327, downloaded 0, added 148
Progress: resolved 327, reused 327, downloaded 0, added 155
Progress: resolved 327, reused 327, downloaded 0, added 164
Progress: resolved 327, reused 327, downloaded 0, added 173
Progress: resolved 327, reused 327, downloaded 0, added 179
Progress: resolved 327, reused 327, downloaded 0, added 181
Progress: resolved 327, reused 327, downloaded 0, added 200
Progress: resolved 327, reused 327, downloaded 0, added 206
Progress: resolved 327, reused 327, downloaded 0, added 235
Progress: resolved 327, reused 327, downloaded 0, added 237
Progress: resolved 327, reused 327, downloaded 0, added 254
Progress: resolved 327, reused 327, downloaded 0, added 261
Progress: resolved 327, reused 327, downloaded 0, added 284
Progress: resolved 327, reused 327, downloaded 0, added 307
Progress: resolved 327, reused 327, downloaded 0, added 322
Progress: resolved 327, reused 327, downloaded 0, added 323
Progress: resolved 327, reused 327, downloaded 0, added 324
Progress: resolved 327, reused 327, downloaded 0, added 326
Progress: resolved 327, reused 327, downloaded 0, added 327
Progress: resolved 327, reused 327, downloaded 0, added 327, done

dependencies:
+ @google/genai 1.45.0
+ html2canvas 1.4.1
+ lucide-react 0.263.1
+ react 19.2.4
+ react-dom 19.2.4
+ react-router-dom 7.13.1

devDependencies:
+ @testing-library/jest-dom 6.9.1
+ @testing-library/react 16.3.2
+ @testing-library/user-event 14.6.1
+ @types/node 22.19.15
+ @vitejs/plugin-react 5.1.4
+ @vitest/coverage-v8 3.2.4
+ @vitest/ui 3.2.4
+ jsdom 26.1.0
+ serve 14.2.5
+ typescript 5.8.3
+ vite 7.3.1
+ vitest 3.2.4

╭ Warning ─────────────────────────────────────────────────────────────────────╮
│                                                                              │
│   Ignored build scripts: esbuild@0.27.3, protobufjs@7.5.4.                   │
│   Run "pnpm approve-builds" to pick which dependencies should be allowed     │
│   to run scripts.                                                            │
│                                                                              │
╰──────────────────────────────────────────────────────────────────────────────╯
Done in 1m 17.6s using pnpm v10.30.1
