[154] Installing: patois-app
Lockfile is up to date, resolution step is skipped
Progress: resolved 1, reused 0, downloaded 0, added 0
Packages: +280
++++++++++++++++++++++++++++++++++++++++++++++++++++++++++++++++++++++++++++++++
Progress: resolved 280, reused 63, downloaded 0, added 0
Progress: resolved 280, reused 248, downloaded 0, added 0
Progress: resolved 280, reused 279, downloaded 0, added 2
Progress: resolved 280, reused 280, downloaded 0, added 33
Progress: resolved 280, reused 280, downloaded 0, added 72
Progress: resolved 280, reused 280, downloaded 0, added 92
Progress: resolved 280, reused 280, downloaded 0, added 109
Progress: resolved 280, reused 280, downloaded 0, added 126
Progress: resolved 280, reused 280, downloaded 0, added 132
Progress: resolved 280, reused 280, downloaded 0, added 144
Progress: resolved 280, reused 280, downloaded 0, added 150
Progress: resolved 280, reused 280, downloaded 0, added 159
Progress: resolved 280, reused 280, downloaded 0, added 167
Progress: resolved 280, reused 280, downloaded 0, added 177
Progress: resolved 280, reused 280, downloaded 0, added 182
Progress: resolved 280, reused 280, downloaded 0, added 199
Progress: resolved 280, reused 280, downloaded 0, added 220
Progress: resolved 280, reused 280, downloaded 0, added 252
Progress: resolved 280, reused 280, downloaded 0, added 269
Progress: resolved 280, reused 280, downloaded 0, added 275
Progress: resolved 280, reused 280, downloaded 0, added 278
Progress: resolved 280, reused 280, downloaded 0, added 279
Progress: resolved 280, reused 280, downloaded 0, added 280
Progress: resolved 280, reused 280, downloaded 0, added 280, done

dependencies:
+ @google/genai 1.44.0
+ html2canvas 1.4.1
+ jspdf 2.5.2
+ lucide-react 0.400.0
+ react 19.2.4
+ react-dom 19.2.4
+ react-router-dom 7.13.1

devDependencies:
+ @testing-library/jest-dom 6.9.1
+ @testing-library/react 16.3.2
+ @testing-library/user-event 14.6.1
+ @types/node 22.19.15
+ @vitejs/plugin-react 5.1.4
+ @vitest/coverage-v8 3.2.4
+ @vitest/ui 3.2.4
+ jsdom 26.1.0
+ typescript 5.8.3
+ vite 6.4.1
+ vitest 3.2.4

╭ Warning ─────────────────────────────────────────────────────────────────────╮
│                                                                              │
│   Ignored build scripts: core-js@3.48.0, esbuild@0.25.12,                    │
│   protobufjs@7.5.4.                                                          │
│   Run "pnpm approve-builds" to pick which dependencies should be allowed     │
│   to run scripts.                                                            │
│                                                                              │
╰──────────────────────────────────────────────────────────────────────────────╯
Done in 40.7s using pnpm v10.30.3
