[176] Installing: patois-lyricist-v1.8
Lockfile is up to date, resolution step is skipped
Progress: resolved 1, reused 0, downloaded 0, added 0
Packages: +210
++++++++++++++++++++++++++++++++++++++++++++++++++++++++++++++++++++++++++++++++
Progress: resolved 210, reused 2, downloaded 0, added 0
Progress: resolved 210, reused 91, downloaded 0, added 0
Progress: resolved 210, reused 196, downloaded 0, added 0
Progress: resolved 210, reused 208, downloaded 0, added 8
Progress: resolved 210, reused 209, downloaded 0, added 29
Progress: resolved 210, reused 209, downloaded 0, added 53
Progress: resolved 210, reused 210, downloaded 0, added 57
Progress: resolved 210, reused 210, downloaded 0, added 60
Progress: resolved 210, reused 210, downloaded 0, added 66
Progress: resolved 210, reused 210, downloaded 0, added 72
Progress: resolved 210, reused 210, downloaded 0, added 78
Progress: resolved 210, reused 210, downloaded 0, added 87
Progress: resolved 210, reused 210, downloaded 0, added 90
Progress: resolved 210, reused 210, downloaded 0, added 91
Progress: resolved 210, reused 210, downloaded 0, added 97
Progress: resolved 210, reused 210, downloaded 0, added 100
Progress: resolved 210, reused 210, downloaded 0, added 110
Progress: resolved 210, reused 210, downloaded 0, added 112
Progress: resolved 210, reused 210, downloaded 0, added 119
Progress: resolved 210, reused 210, downloaded 0, added 122
Progress: resolved 210, reused 210, downloaded 0, added 144
Progress: resolved 210, reused 210, downloaded 0, added 148
Progress: resolved 210, reused 210, downloaded 0, added 162
Progress: resolved 210, reused 210, downloaded 0, added 185
Progress: resolved 210, reused 210, downloaded 0, added 190
Progress: resolved 210, reused 210, downloaded 0, added 205
Progress: resolved 210, reused 210, downloaded 0, added 206
Progress: resolved 210, reused 210, downloaded 0, added 207
Progress: resolved 210, reused 210, downloaded 0, added 208
Progress: resolved 210, reused 210, downloaded 0, added 209
Progress: resolved 210, reused 210, downloaded 0, added 210
Progress: resolved 210, reused 210, downloaded 0, added 210, done

dependencies:
+ @google/genai 1.46.0
+ html2canvas 1.4.1
+ jspdf 2.5.2
+ react 19.2.4
+ react-dom 19.2.4

devDependencies:
+ @types/node 22.19.15
+ @vitejs/plugin-react 5.2.0
+ serve 14.2.6
+ typescript 5.8.3
+ vite 6.4.1

╭ Warning ─────────────────────────────────────────────────────────────────────╮
│                                                                              │
│   Ignored build scripts: core-js@3.49.0, esbuild@0.25.12,                    │
│   protobufjs@7.5.4.                                                          │
│   Run "pnpm approve-builds" to pick which dependencies should be allowed     │
│   to run scripts.                                                            │
│                                                                              │
╰──────────────────────────────────────────────────────────────────────────────╯
Done in 1m 33.1s using pnpm v10.32.1
