[177] Installing: pdf-extractor-app
Lockfile is up to date, resolution step is skipped
Progress: resolved 1, reused 0, downloaded 0, added 0
Packages: +301
++++++++++++++++++++++++++++++++++++++++++++++++++++++++++++++++++++++++++++++++
Progress: resolved 301, reused 0, downloaded 0, added 0
Progress: resolved 301, reused 64, downloaded 0, added 0
Progress: resolved 301, reused 207, downloaded 0, added 0
Progress: resolved 301, reused 301, downloaded 0, added 2
Progress: resolved 301, reused 301, downloaded 0, added 13
Progress: resolved 301, reused 301, downloaded 0, added 22
Progress: resolved 301, reused 301, downloaded 0, added 34
Progress: resolved 301, reused 301, downloaded 0, added 36
Progress: resolved 301, reused 301, downloaded 0, added 44
Progress: resolved 301, reused 301, downloaded 0, added 45
Progress: resolved 301, reused 301, downloaded 0, added 54
Progress: resolved 301, reused 301, downloaded 0, added 56
Progress: resolved 301, reused 301, downloaded 0, added 70
Progress: resolved 301, reused 301, downloaded 0, added 73
Progress: resolved 301, reused 301, downloaded 0, added 81
Progress: resolved 301, reused 301, downloaded 0, added 87
Progress: resolved 301, reused 301, downloaded 0, added 93
Progress: resolved 301, reused 301, downloaded 0, added 99
Progress: resolved 301, reused 301, downloaded 0, added 101
Progress: resolved 301, reused 301, downloaded 0, added 120
Progress: resolved 301, reused 301, downloaded 0, added 127
Progress: resolved 301, reused 301, downloaded 0, added 135
Progress: resolved 301, reused 301, downloaded 0, added 164
Progress: resolved 301, reused 301, downloaded 0, added 174
Progress: resolved 301, reused 301, downloaded 0, added 182
Progress: resolved 301, reused 301, downloaded 0, added 205
Progress: resolved 301, reused 301, downloaded 0, added 207
Progress: resolved 301, reused 301, downloaded 0, added 214
Progress: resolved 301, reused 301, downloaded 0, added 227
Progress: resolved 301, reused 301, downloaded 0, added 228
Progress: resolved 301, reused 301, downloaded 0, added 238
Progress: resolved 301, reused 301, downloaded 0, added 244
Progress: resolved 301, reused 301, downloaded 0, added 248
Progress: resolved 301, reused 301, downloaded 0, added 266
Progress: resolved 301, reused 301, downloaded 0, added 277
Progress: resolved 301, reused 301, downloaded 0, added 292
Progress: resolved 301, reused 301, downloaded 0, added 293
Progress: resolved 301, reused 301, downloaded 0, added 297
Progress: resolved 301, reused 301, downloaded 0, added 299
Progress: resolved 301, reused 301, downloaded 0, added 300
Progress: resolved 301, reused 301, downloaded 0, added 301
Progress: resolved 301, reused 301, downloaded 0, added 301, done

dependencies:
+ @tailwindcss/vite 4.2.1
+ @testing-library/dom 10.4.1
+ @testing-library/jest-dom 6.9.1
+ @testing-library/react 16.3.2
+ @testing-library/user-event 13.5.0
+ lucide-react 0.400.0
+ react 19.2.4
+ react-dom 19.2.4
+ react-router-dom 7.13.1
+ tailwindcss 4.2.1
+ web-vitals 2.1.4

devDependencies:
+ @types/react 19.2.14
+ @types/react-dom 19.2.3
+ @vitejs/plugin-react 5.1.4
+ @vitest/coverage-v8 3.2.4
+ @vitest/ui 3.2.4
+ jsdom 26.1.0
+ serve 14.2.5
+ typescript 5.9.3
+ vite 7.3.1
+ vitest 3.2.4

╭ Warning ─────────────────────────────────────────────────────────────────────╮
│                                                                              │
│   Ignored build scripts: esbuild@0.27.3.                                     │
│   Run "pnpm approve-builds" to pick which dependencies should be allowed     │
│   to run scripts.                                                            │
│                                                                              │
╰──────────────────────────────────────────────────────────────────────────────╯
Done in 1m 24s using pnpm v10.30.1
