[179] Installing: playgrow-smart-fun-for-bright-minds
Lockfile is up to date, resolution step is skipped
Progress: resolved 1, reused 0, downloaded 0, added 0
Packages: +221
++++++++++++++++++++++++++++++++++++++++++++++++++++++++++++++++++++++++++++++++
Progress: resolved 221, reused 29, downloaded 0, added 0
Progress: resolved 221, reused 220, downloaded 0, added 2
Progress: resolved 221, reused 220, downloaded 0, added 10
Progress: resolved 221, reused 220, downloaded 0, added 23
Progress: resolved 221, reused 221, downloaded 0, added 31
Progress: resolved 221, reused 221, downloaded 0, added 35
Progress: resolved 221, reused 221, downloaded 0, added 46
Progress: resolved 221, reused 221, downloaded 0, added 60
Progress: resolved 221, reused 221, downloaded 0, added 65
Progress: resolved 221, reused 221, downloaded 0, added 76
Progress: resolved 221, reused 221, downloaded 0, added 87
Progress: resolved 221, reused 221, downloaded 0, added 100
Progress: resolved 221, reused 221, downloaded 0, added 109
Progress: resolved 221, reused 221, downloaded 0, added 115
Progress: resolved 221, reused 221, downloaded 0, added 138
Progress: resolved 221, reused 221, downloaded 0, added 144
Progress: resolved 221, reused 221, downloaded 0, added 158
Progress: resolved 221, reused 221, downloaded 0, added 163
Progress: resolved 221, reused 221, downloaded 0, added 179
Progress: resolved 221, reused 221, downloaded 0, added 191
Progress: resolved 221, reused 221, downloaded 0, added 202
Progress: resolved 221, reused 221, downloaded 0, added 212
Progress: resolved 221, reused 221, downloaded 0, added 215
Progress: resolved 221, reused 221, downloaded 0, added 218
Progress: resolved 221, reused 221, downloaded 0, added 219
Progress: resolved 221, reused 221, downloaded 0, added 220
Progress: resolved 221, reused 221, downloaded 0, added 221
Progress: resolved 221, reused 221, downloaded 0, added 221, done

dependencies:
+ react 19.2.4
+ react-dom 19.2.4

devDependencies:
+ @testing-library/jest-dom 6.9.1
+ @testing-library/react 16.3.2
+ @testing-library/user-event 14.6.1
+ @types/node 24.10.1
+ @vitejs/plugin-react 5.1.1
+ @vitest/coverage-v8 3.2.4
+ @vitest/ui 3.2.4
+ jsdom 26.1.0
+ typescript 5.9.3
+ vite 7.2.2
+ vitest 3.2.4

Done in 45.1s using pnpm v10.32.1
