[181] Installing: predictive-maintenance-ai
Lockfile is up to date, resolution step is skipped
Progress: resolved 1, reused 0, downloaded 0, added 0
Packages: +454
++++++++++++++++++++++++++++++++++++++++++++++++++++++++++++++++++++++++++++++++
Progress: resolved 454, reused 0, downloaded 0, added 0
Progress: resolved 454, reused 65, downloaded 0, added 0
Progress: resolved 454, reused 96, downloaded 0, added 0
Progress: resolved 454, reused 126, downloaded 0, added 0
Progress: resolved 454, reused 251, downloaded 0, added 0
Progress: resolved 454, reused 310, downloaded 0, added 0
Progress: resolved 454, reused 399, downloaded 0, added 0
Progress: resolved 454, reused 452, downloaded 0, added 4
Progress: resolved 454, reused 453, downloaded 0, added 4
Progress: resolved 454, reused 453, downloaded 0, added 8
Progress: resolved 454, reused 453, downloaded 0, added 12
Progress: resolved 454, reused 454, downloaded 0, added 16
Progress: resolved 454, reused 454, downloaded 0, added 17
Progress: resolved 454, reused 454, downloaded 0, added 22
Progress: resolved 454, reused 454, downloaded 0, added 23
Progress: resolved 454, reused 454, downloaded 0, added 26
Progress: resolved 454, reused 454, downloaded 0, added 42
Progress: resolved 454, reused 454, downloaded 0, added 46
Progress: resolved 454, reused 454, downloaded 0, added 56
Progress: resolved 454, reused 454, downloaded 0, added 64
Progress: resolved 454, reused 454, downloaded 0, added 68
Progress: resolved 454, reused 454, downloaded 0, added 78
Progress: resolved 454, reused 454, downloaded 0, added 88
Progress: resolved 454, reused 454, downloaded 0, added 102
Progress: resolved 454, reused 454, downloaded 0, added 116
Progress: resolved 454, reused 454, downloaded 0, added 124
Progress: resolved 454, reused 454, downloaded 0, added 141
Progress: resolved 454, reused 454, downloaded 0, added 148
Progress: resolved 454, reused 454, downloaded 0, added 157
Progress: resolved 454, reused 454, downloaded 0, added 166
Progress: resolved 454, reused 454, downloaded 0, added 180
Progress: resolved 454, reused 454, downloaded 0, added 182
Progress: resolved 454, reused 454, downloaded 0, added 196
Progress: resolved 454, reused 454, downloaded 0, added 205
Progress: resolved 454, reused 454, downloaded 0, added 219
Progress: resolved 454, reused 454, downloaded 0, added 234
Progress: resolved 454, reused 454, downloaded 0, added 235
Progress: resolved 454, reused 454, downloaded 0, added 265
Progress: resolved 454, reused 454, downloaded 0, added 276
Progress: resolved 454, reused 454, downloaded 0, added 277
Progress: resolved 454, reused 454, downloaded 0, added 283
Progress: resolved 454, reused 454, downloaded 0, added 288
Progress: resolved 454, reused 454, downloaded 0, added 289
Progress: resolved 454, reused 454, downloaded 0, added 304
Progress: resolved 454, reused 454, downloaded 0, added 306
Progress: resolved 454, reused 454, downloaded 0, added 309
Progress: resolved 454, reused 454, downloaded 0, added 310
Progress: resolved 454, reused 454, downloaded 0, added 317
Progress: resolved 454, reused 454, downloaded 0, added 320
Progress: resolved 454, reused 454, downloaded 0, added 331
Progress: resolved 454, reused 454, downloaded 0, added 334
Progress: resolved 454, reused 454, downloaded 0, added 337
Progress: resolved 454, reused 454, downloaded 0, added 356
Progress: resolved 454, reused 454, downloaded 0, added 363
Progress: resolved 454, reused 454, downloaded 0, added 373
Progress: resolved 454, reused 454, downloaded 0, added 379
Progress: resolved 454, reused 454, downloaded 0, added 391
Progress: resolved 454, reused 454, downloaded 0, added 412
Progress: resolved 454, reused 454, downloaded 0, added 424
Progress: resolved 454, reused 454, downloaded 0, added 445
Progress: resolved 454, reused 454, downloaded 0, added 447
Progress: resolved 454, reused 454, downloaded 0, added 449
Progress: resolved 454, reused 454, downloaded 0, added 450
Progress: resolved 454, reused 454, downloaded 0, added 451
Progress: resolved 454, reused 454, downloaded 0, added 452
Progress: resolved 454, reused 454, downloaded 0, added 453
Progress: resolved 454, reused 454, downloaded 0, added 454
Progress: resolved 454, reused 454, downloaded 0, added 454, done

dependencies:
+ @google/genai 1.44.0
+ @tailwindcss/vite 4.2.1
+ @vitejs/plugin-react 5.1.4
+ axios 1.13.6
+ better-sqlite3 12.6.2
+ clsx 2.1.1
+ date-fns 4.1.0
+ dotenv 17.3.1
+ express 4.22.1
+ framer-motion 12.35.2
+ lucide-react 0.546.0
+ motion 12.35.2
+ react 19.2.4
+ react-dom 19.2.4
+ react-router-dom 7.13.1
+ recharts 3.8.0
+ tailwind-merge 3.5.0
+ vite 6.4.1
+ zustand 5.0.11

devDependencies:
+ @testing-library/jest-dom 6.9.1
+ @testing-library/react 16.3.2
+ @testing-library/user-event 14.6.1
+ @types/express 4.17.25
+ @types/node 22.19.15
+ @types/react-router-dom 5.3.3
+ @vitest/coverage-v8 3.2.4
+ @vitest/ui 3.2.4
+ autoprefixer 10.4.27
+ jsdom 26.1.0
+ tailwindcss 4.2.1
+ tsx 4.21.0
+ typescript 5.8.3
+ vitest 3.2.4

╭ Warning ─────────────────────────────────────────────────────────────────────╮
│                                                                              │
│   Ignored build scripts: better-sqlite3@12.6.2, esbuild@0.25.12,             │
│   esbuild@0.27.3, protobufjs@7.5.4.                                          │
│   Run "pnpm approve-builds" to pick which dependencies should be allowed     │
│   to run scripts.                                                            │
│                                                                              │
╰──────────────────────────────────────────────────────────────────────────────╯
Done in 2m 29.7s using pnpm v10.32.1
