[182] Installing: predictive-policy-engine
Lockfile is up to date, resolution step is skipped
Progress: resolved 1, reused 0, downloaded 0, added 0
Packages: +454
++++++++++++++++++++++++++++++++++++++++++++++++++++++++++++++++++++++++++++++++
Progress: resolved 454, reused 0, downloaded 0, added 0
Progress: resolved 454, reused 96, downloaded 0, added 0
Progress: resolved 454, reused 128, downloaded 0, added 0
Progress: resolved 454, reused 267, downloaded 0, added 0
Progress: resolved 454, reused 311, downloaded 0, added 0
Progress: resolved 454, reused 412, downloaded 0, added 0
Progress: resolved 454, reused 452, downloaded 0, added 2
Progress: resolved 454, reused 453, downloaded 0, added 2
Progress: resolved 454, reused 453, downloaded 0, added 8
Progress: resolved 454, reused 453, downloaded 0, added 13
Progress: resolved 454, reused 454, downloaded 0, added 17
Progress: resolved 454, reused 454, downloaded 0, added 18
Progress: resolved 454, reused 454, downloaded 0, added 24
Progress: resolved 454, reused 454, downloaded 0, added 25
Progress: resolved 454, reused 454, downloaded 0, added 38
Progress: resolved 454, reused 454, downloaded 0, added 45
Progress: resolved 454, reused 454, downloaded 0, added 48
Progress: resolved 454, reused 454, downloaded 0, added 61
Progress: resolved 454, reused 454, downloaded 0, added 65
Progress: resolved 454, reused 454, downloaded 0, added 71
Progress: resolved 454, reused 454, downloaded 0, added 80
Progress: resolved 454, reused 454, downloaded 0, added 92
Progress: resolved 454, reused 454, downloaded 0, added 103
Progress: resolved 454, reused 454, downloaded 0, added 117
Progress: resolved 454, reused 454, downloaded 0, added 123
Progress: resolved 454, reused 454, downloaded 0, added 133
Progress: resolved 454, reused 454, downloaded 0, added 140
Progress: resolved 454, reused 454, downloaded 0, added 145
Progress: resolved 454, reused 454, downloaded 0, added 156
Progress: resolved 454, reused 454, downloaded 0, added 169
Progress: resolved 454, reused 454, downloaded 0, added 170
Progress: resolved 454, reused 454, downloaded 0, added 192
Progress: resolved 454, reused 454, downloaded 0, added 211
Progress: resolved 454, reused 454, downloaded 0, added 233
Progress: resolved 454, reused 454, downloaded 0, added 237
Progress: resolved 454, reused 454, downloaded 0, added 258
Progress: resolved 454, reused 454, downloaded 0, added 270
Progress: resolved 454, reused 454, downloaded 0, added 278
Progress: resolved 454, reused 454, downloaded 0, added 281
Progress: resolved 454, reused 454, downloaded 0, added 285
Progress: resolved 454, reused 454, downloaded 0, added 289
Progress: resolved 454, reused 454, downloaded 0, added 290
Progress: resolved 454, reused 454, downloaded 0, added 304
Progress: resolved 454, reused 454, downloaded 0, added 308
Progress: resolved 454, reused 454, downloaded 0, added 309
Progress: resolved 454, reused 454, downloaded 0, added 310
Progress: resolved 454, reused 454, downloaded 0, added 316
Progress: resolved 454, reused 454, downloaded 0, added 317
Progress: resolved 454, reused 454, downloaded 0, added 329
Progress: resolved 454, reused 454, downloaded 0, added 330
Progress: resolved 454, reused 454, downloaded 0, added 343
Progress: resolved 454, reused 454, downloaded 0, added 358
Progress: resolved 454, reused 454, downloaded 0, added 369
Progress: resolved 454, reused 454, downloaded 0, added 386
Progress: resolved 454, reused 454, downloaded 0, added 387
Progress: resolved 454, reused 454, downloaded 0, added 402
Progress: resolved 454, reused 454, downloaded 0, added 419
Progress: resolved 454, reused 454, downloaded 0, added 437
Progress: resolved 454, reused 454, downloaded 0, added 447
Progress: resolved 454, reused 454, downloaded 0, added 448
Progress: resolved 454, reused 454, downloaded 0, added 449
Progress: resolved 454, reused 454, downloaded 0, added 450
Progress: resolved 454, reused 454, downloaded 0, added 451
Progress: resolved 454, reused 454, downloaded 0, added 452
Progress: resolved 454, reused 454, downloaded 0, added 453
Progress: resolved 454, reused 454, downloaded 0, added 454
Progress: resolved 454, reused 454, downloaded 0, added 454, done

dependencies:
+ @google/genai 1.44.0
+ @tailwindcss/vite 4.2.1
+ @vitejs/plugin-react 5.1.4
+ axios 1.13.6
+ better-sqlite3 12.6.2
+ clsx 2.1.1
+ date-fns 4.1.0
+ dotenv 17.3.1
+ express 4.22.1
+ framer-motion 12.35.2
+ lucide-react 0.546.0
+ motion 12.35.2
+ react 19.2.4
+ react-dom 19.2.4
+ react-router-dom 7.13.1
+ recharts 3.8.0
+ tailwind-merge 3.5.0
+ vite 6.4.1
+ zustand 5.0.11

devDependencies:
+ @testing-library/jest-dom 6.9.1
+ @testing-library/react 16.3.2
+ @testing-library/user-event 14.6.1
+ @types/express 4.17.25
+ @types/node 22.19.15
+ @types/react-router-dom 5.3.3
+ @vitest/coverage-v8 3.2.4
+ @vitest/ui 3.2.4
+ autoprefixer 10.4.27
+ jsdom 26.1.0
+ tailwindcss 4.2.1
+ tsx 4.21.0
+ typescript 5.8.3
+ vitest 3.2.4

╭ Warning ─────────────────────────────────────────────────────────────────────╮
│                                                                              │
│   Ignored build scripts: better-sqlite3@12.6.2, esbuild@0.25.12,             │
│   esbuild@0.27.3, protobufjs@7.5.4.                                          │
│   Run "pnpm approve-builds" to pick which dependencies should be allowed     │
│   to run scripts.                                                            │
│                                                                              │
╰──────────────────────────────────────────────────────────────────────────────╯
Done in 2m 29.6s using pnpm v10.32.1
