[184] Installing: primevaluer-pro
Lockfile is up to date, resolution step is skipped
Progress: resolved 1, reused 0, downloaded 0, added 0
Packages: +274
++++++++++++++++++++++++++++++++++++++++++++++++++++++++++++++++++++++++++++++++
Progress: resolved 274, reused 18, downloaded 0, added 0
Progress: resolved 274, reused 138, downloaded 0, added 0
Progress: resolved 274, reused 259, downloaded 0, added 0
Progress: resolved 274, reused 273, downloaded 0, added 7
Progress: resolved 274, reused 273, downloaded 0, added 13
Progress: resolved 274, reused 273, downloaded 0, added 17
Progress: resolved 274, reused 273, downloaded 0, added 18
Progress: resolved 274, reused 273, downloaded 0, added 23
Progress: resolved 274, reused 273, downloaded 0, added 26
Progress: resolved 274, reused 273, downloaded 0, added 34
Progress: resolved 274, reused 273, downloaded 0, added 36
Progress: resolved 274, reused 274, downloaded 0, added 50
Progress: resolved 274, reused 274, downloaded 0, added 51
Progress: resolved 274, reused 274, downloaded 0, added 56
Progress: resolved 274, reused 274, downloaded 0, added 57
Progress: resolved 274, reused 274, downloaded 0, added 69
Progress: resolved 274, reused 274, downloaded 0, added 77
Progress: resolved 274, reused 274, downloaded 0, added 78
Progress: resolved 274, reused 274, downloaded 0, added 94
Progress: resolved 274, reused 274, downloaded 0, added 109
Progress: resolved 274, reused 274, downloaded 0, added 117
Progress: resolved 274, reused 274, downloaded 0, added 128
Progress: resolved 274, reused 274, downloaded 0, added 138
Progress: resolved 274, reused 274, downloaded 0, added 141
Progress: resolved 274, reused 274, downloaded 0, added 144
Progress: resolved 274, reused 274, downloaded 0, added 156
Progress: resolved 274, reused 274, downloaded 0, added 162
Progress: resolved 274, reused 274, downloaded 0, added 178
Progress: resolved 274, reused 274, downloaded 0, added 188
Progress: resolved 274, reused 274, downloaded 0, added 201
Progress: resolved 274, reused 274, downloaded 0, added 217
Progress: resolved 274, reused 274, downloaded 0, added 222
Progress: resolved 274, reused 274, downloaded 0, added 237
Progress: resolved 274, reused 274, downloaded 0, added 244
Progress: resolved 274, reused 274, downloaded 0, added 253
Progress: resolved 274, reused 274, downloaded 0, added 254
Progress: resolved 274, reused 274, downloaded 0, added 261
Progress: resolved 274, reused 274, downloaded 0, added 266
Progress: resolved 274, reused 274, downloaded 0, added 270
Progress: resolved 274, reused 274, downloaded 0, added 271
Progress: resolved 274, reused 274, downloaded 0, added 272
Progress: resolved 274, reused 274, downloaded 0, added 273
Progress: resolved 274, reused 274, downloaded 0, added 274
Progress: resolved 274, reused 274, downloaded 0, added 274, done

dependencies:
+ html2canvas 1.4.1
+ jspdf 3.0.1
+ lucide-react 0.536.0
+ pnpm 10.14.0
+ react 19.2.4
+ react-dom 19.2.4
+ react-router-dom 7.13.1

devDependencies:
+ @testing-library/jest-dom 6.9.1
+ @testing-library/react 16.3.2
+ @testing-library/user-event 14.6.1
+ @types/html2canvas 1.0.0
+ @types/jspdf 2.0.0
+ @types/node 22.17.0
+ @vitest/coverage-v8 3.2.4
+ @vitest/ui 3.2.4
+ jsdom 26.1.0
+ serve 14.2.5
+ typescript 5.8.3
+ vite 7.3.1
+ vitest 3.2.4

Done in 1m 28.7s using pnpm v10.30.1
