[186] Installing: prompt-optimization-engine
Lockfile is up to date, resolution step is skipped
Progress: resolved 1, reused 0, downloaded 0, added 0
Packages: +454
++++++++++++++++++++++++++++++++++++++++++++++++++++++++++++++++++++++++++++++++
Progress: resolved 454, reused 0, downloaded 0, added 0
Progress: resolved 454, reused 127, downloaded 0, added 0
Progress: resolved 454, reused 327, downloaded 0, added 0
Progress: resolved 454, reused 452, downloaded 0, added 0
Progress: resolved 454, reused 454, downloaded 0, added 7
Progress: resolved 454, reused 454, downloaded 0, added 16
Progress: resolved 454, reused 454, downloaded 0, added 22
Progress: resolved 454, reused 454, downloaded 0, added 31
Progress: resolved 454, reused 454, downloaded 0, added 51
Progress: resolved 454, reused 454, downloaded 0, added 74
Progress: resolved 454, reused 454, downloaded 0, added 80
Progress: resolved 454, reused 454, downloaded 0, added 96
Progress: resolved 454, reused 454, downloaded 0, added 99
Progress: resolved 454, reused 454, downloaded 0, added 101
Progress: resolved 454, reused 454, downloaded 0, added 108
Progress: resolved 454, reused 454, downloaded 0, added 114
Progress: resolved 454, reused 454, downloaded 0, added 119
Progress: resolved 454, reused 454, downloaded 0, added 121
Progress: resolved 454, reused 454, downloaded 0, added 122
Progress: resolved 454, reused 454, downloaded 0, added 123
Progress: resolved 454, reused 454, downloaded 0, added 124
Progress: resolved 454, reused 454, downloaded 0, added 125
Progress: resolved 454, reused 454, downloaded 0, added 128
Progress: resolved 454, reused 454, downloaded 0, added 130
Progress: resolved 454, reused 454, downloaded 0, added 135
Progress: resolved 454, reused 454, downloaded 0, added 138
Progress: resolved 454, reused 454, downloaded 0, added 141
Progress: resolved 454, reused 454, downloaded 0, added 142
Progress: resolved 454, reused 454, downloaded 0, added 146
Progress: resolved 454, reused 454, downloaded 0, added 150
Progress: resolved 454, reused 454, downloaded 0, added 156
Progress: resolved 454, reused 454, downloaded 0, added 159
Progress: resolved 454, reused 454, downloaded 0, added 161
Progress: resolved 454, reused 454, downloaded 0, added 162
Progress: resolved 454, reused 454, downloaded 0, added 163
Progress: resolved 454, reused 454, downloaded 0, added 164
Progress: resolved 454, reused 454, downloaded 0, added 165
Progress: resolved 454, reused 454, downloaded 0, added 166
Progress: resolved 454, reused 454, downloaded 0, added 168
Progress: resolved 454, reused 454, downloaded 0, added 169
Progress: resolved 454, reused 454, downloaded 0, added 171
Progress: resolved 454, reused 454, downloaded 0, added 174
Progress: resolved 454, reused 454, downloaded 0, added 177
Progress: resolved 454, reused 454, downloaded 0, added 179
Progress: resolved 454, reused 454, downloaded 0, added 181
Progress: resolved 454, reused 454, downloaded 0, added 184
Progress: resolved 454, reused 454, downloaded 0, added 185
Progress: resolved 454, reused 454, downloaded 0, added 191
Progress: resolved 454, reused 454, downloaded 0, added 193
Progress: resolved 454, reused 454, downloaded 0, added 194
Progress: resolved 454, reused 454, downloaded 0, added 201
Progress: resolved 454, reused 454, downloaded 0, added 203
Progress: resolved 454, reused 454, downloaded 0, added 209
Progress: resolved 454, reused 454, downloaded 0, added 214
Progress: resolved 454, reused 454, downloaded 0, added 227
Progress: resolved 454, reused 454, downloaded 0, added 233
Progress: resolved 454, reused 454, downloaded 0, added 234
Progress: resolved 454, reused 454, downloaded 0, added 256
Progress: resolved 454, reused 454, downloaded 0, added 264
Progress: resolved 454, reused 454, downloaded 0, added 267
Progress: resolved 454, reused 454, downloaded 0, added 268
Progress: resolved 454, reused 454, downloaded 0, added 269
Progress: resolved 454, reused 454, downloaded 0, added 271
Progress: resolved 454, reused 454, downloaded 0, added 272
Progress: resolved 454, reused 454, downloaded 0, added 274
Progress: resolved 454, reused 454, downloaded 0, added 275
Progress: resolved 454, reused 454, downloaded 0, added 276
Progress: resolved 454, reused 454, downloaded 0, added 277
Progress: resolved 454, reused 454, downloaded 0, added 278
Progress: resolved 454, reused 454, downloaded 0, added 284
Progress: resolved 454, reused 454, downloaded 0, added 290
Progress: resolved 454, reused 454, downloaded 0, added 295
Progress: resolved 454, reused 454, downloaded 0, added 305
Progress: resolved 454, reused 454, downloaded 0, added 309
Progress: resolved 454, reused 454, downloaded 0, added 313
Progress: resolved 454, reused 454, downloaded 0, added 315
Progress: resolved 454, reused 454, downloaded 0, added 320
Progress: resolved 454, reused 454, downloaded 0, added 326
Progress: resolved 454, reused 454, downloaded 0, added 328
Progress: resolved 454, reused 454, downloaded 0, added 331
Progress: resolved 454, reused 454, downloaded 0, added 336
Progress: resolved 454, reused 454, downloaded 0, added 351
Progress: resolved 454, reused 454, downloaded 0, added 352
Progress: resolved 454, reused 454, downloaded 0, added 365
Progress: resolved 454, reused 454, downloaded 0, added 374
Progress: resolved 454, reused 454, downloaded 0, added 381
Progress: resolved 454, reused 454, downloaded 0, added 388
Progress: resolved 454, reused 454, downloaded 0, added 398
Progress: resolved 454, reused 454, downloaded 0, added 414
Progress: resolved 454, reused 454, downloaded 0, added 422
Progress: resolved 454, reused 454, downloaded 0, added 435
Progress: resolved 454, reused 454, downloaded 0, added 440
Progress: resolved 454, reused 454, downloaded 0, added 448
Progress: resolved 454, reused 454, downloaded 0, added 449
Progress: resolved 454, reused 454, downloaded 0, added 450
Progress: resolved 454, reused 454, downloaded 0, added 451
Progress: resolved 454, reused 454, downloaded 0, added 452
Progress: resolved 454, reused 454, downloaded 0, added 453
Progress: resolved 454, reused 454, downloaded 0, added 454
Progress: resolved 454, reused 454, downloaded 0, added 454, done

dependencies:
+ @google/genai 1.44.0
+ @tailwindcss/vite 4.2.1
+ @vitejs/plugin-react 5.1.4
+ axios 1.13.6
+ better-sqlite3 12.6.2
+ clsx 2.1.1
+ date-fns 4.1.0
+ dotenv 17.3.1
+ express 4.22.1
+ framer-motion 12.35.2
+ lucide-react 0.546.0
+ motion 12.35.2
+ react 19.2.4
+ react-dom 19.2.4
+ react-router-dom 7.13.1
+ recharts 3.8.0
+ tailwind-merge 3.5.0
+ vite 6.4.1
+ zustand 5.0.11

devDependencies:
+ @testing-library/jest-dom 6.9.1
+ @testing-library/react 16.3.2
+ @testing-library/user-event 14.6.1
+ @types/express 4.17.25
+ @types/node 22.19.15
+ @types/react-router-dom 5.3.3
+ @vitest/coverage-v8 3.2.4
+ @vitest/ui 3.2.4
+ autoprefixer 10.4.27
+ jsdom 26.1.0
+ tailwindcss 4.2.1
+ tsx 4.21.0
+ typescript 5.8.3
+ vitest 3.2.4

╭ Warning ─────────────────────────────────────────────────────────────────────╮
│                                                                              │
│   Ignored build scripts: better-sqlite3@12.6.2, esbuild@0.25.12,             │
│   esbuild@0.27.3, protobufjs@7.5.4.                                          │
│   Run "pnpm approve-builds" to pick which dependencies should be allowed     │
│   to run scripts.                                                            │
│                                                                              │
╰──────────────────────────────────────────────────────────────────────────────╯
Done in 4h 17m 56.2s using pnpm v10.32.1
