[187] Installing: public-health-surveillance-ai
Lockfile is up to date, resolution step is skipped
Progress: resolved 1, reused 0, downloaded 0, added 0
Packages: +454
++++++++++++++++++++++++++++++++++++++++++++++++++++++++++++++++++++++++++++++++
Progress: resolved 454, reused 57, downloaded 0, added 0
Progress: resolved 454, reused 270, downloaded 0, added 0
Progress: resolved 454, reused 349, downloaded 0, added 0
Progress: resolved 454, reused 452, downloaded 0, added 0
Progress: resolved 454, reused 454, downloaded 0, added 6
Progress: resolved 454, reused 454, downloaded 0, added 16
Progress: resolved 454, reused 454, downloaded 0, added 27
Progress: resolved 454, reused 454, downloaded 0, added 45
Progress: resolved 454, reused 454, downloaded 0, added 52
Progress: resolved 454, reused 454, downloaded 0, added 74
Progress: resolved 454, reused 454, downloaded 0, added 80
Progress: resolved 454, reused 454, downloaded 0, added 87
Progress: resolved 454, reused 454, downloaded 0, added 103
Progress: resolved 454, reused 454, downloaded 0, added 115
Progress: resolved 454, reused 454, downloaded 0, added 123
Progress: resolved 454, reused 454, downloaded 0, added 127
Progress: resolved 454, reused 454, downloaded 0, added 128
Progress: resolved 454, reused 454, downloaded 0, added 137
Progress: resolved 454, reused 454, downloaded 0, added 138
Progress: resolved 454, reused 454, downloaded 0, added 139
Progress: resolved 454, reused 454, downloaded 0, added 140
Progress: resolved 454, reused 454, downloaded 0, added 141
Progress: resolved 454, reused 454, downloaded 0, added 142
Progress: resolved 454, reused 454, downloaded 0, added 143
Progress: resolved 454, reused 454, downloaded 0, added 144
Progress: resolved 454, reused 454, downloaded 0, added 145
Progress: resolved 454, reused 454, downloaded 0, added 146
Progress: resolved 454, reused 454, downloaded 0, added 147
Progress: resolved 454, reused 454, downloaded 0, added 149
Progress: resolved 454, reused 454, downloaded 0, added 153
Progress: resolved 454, reused 454, downloaded 0, added 154
Progress: resolved 454, reused 454, downloaded 0, added 155
Progress: resolved 454, reused 454, downloaded 0, added 156
Progress: resolved 454, reused 454, downloaded 0, added 157
Progress: resolved 454, reused 454, downloaded 0, added 159
Progress: resolved 454, reused 454, downloaded 0, added 161
Progress: resolved 454, reused 454, downloaded 0, added 162
Progress: resolved 454, reused 454, downloaded 0, added 163
Progress: resolved 454, reused 454, downloaded 0, added 164
Progress: resolved 454, reused 454, downloaded 0, added 165
Progress: resolved 454, reused 454, downloaded 0, added 166
Progress: resolved 454, reused 454, downloaded 0, added 167
Progress: resolved 454, reused 454, downloaded 0, added 170
Progress: resolved 454, reused 454, downloaded 0, added 171
Progress: resolved 454, reused 454, downloaded 0, added 174
Progress: resolved 454, reused 454, downloaded 0, added 177
Progress: resolved 454, reused 454, downloaded 0, added 179
Progress: resolved 454, reused 454, downloaded 0, added 182
Progress: resolved 454, reused 454, downloaded 0, added 184
Progress: resolved 454, reused 454, downloaded 0, added 186
Progress: resolved 454, reused 454, downloaded 0, added 190
Progress: resolved 454, reused 454, downloaded 0, added 193
Progress: resolved 454, reused 454, downloaded 0, added 196
Progress: resolved 454, reused 454, downloaded 0, added 198
Progress: resolved 454, reused 454, downloaded 0, added 210
Progress: resolved 454, reused 454, downloaded 0, added 213
Progress: resolved 454, reused 454, downloaded 0, added 216
Progress: resolved 454, reused 454, downloaded 0, added 220
Progress: resolved 454, reused 454, downloaded 0, added 230
Progress: resolved 454, reused 454, downloaded 0, added 234
Progress: resolved 454, reused 454, downloaded 0, added 237
Progress: resolved 454, reused 454, downloaded 0, added 262
Progress: resolved 454, reused 454, downloaded 0, added 264
Progress: resolved 454, reused 454, downloaded 0, added 267
Progress: resolved 454, reused 454, downloaded 0, added 268
Progress: resolved 454, reused 454, downloaded 0, added 270
Progress: resolved 454, reused 454, downloaded 0, added 271
Progress: resolved 454, reused 454, downloaded 0, added 273
Progress: resolved 454, reused 454, downloaded 0, added 274
Progress: resolved 454, reused 454, downloaded 0, added 275
Progress: resolved 454, reused 454, downloaded 0, added 276
Progress: resolved 454, reused 454, downloaded 0, added 277
Progress: resolved 454, reused 454, downloaded 0, added 278
Progress: resolved 454, reused 454, downloaded 0, added 279
Progress: resolved 454, reused 454, downloaded 0, added 280
Progress: resolved 454, reused 454, downloaded 0, added 281
Progress: resolved 454, reused 454, downloaded 0, added 282
Progress: resolved 454, reused 454, downloaded 0, added 284
Progress: resolved 454, reused 454, downloaded 0, added 285
Progress: resolved 454, reused 454, downloaded 0, added 289
Progress: resolved 454, reused 454, downloaded 0, added 291
Progress: resolved 454, reused 454, downloaded 0, added 293
Progress: resolved 454, reused 454, downloaded 0, added 296
Progress: resolved 454, reused 454, downloaded 0, added 308
Progress: resolved 454, reused 454, downloaded 0, added 311
Progress: resolved 454, reused 454, downloaded 0, added 314
Progress: resolved 454, reused 454, downloaded 0, added 317
Progress: resolved 454, reused 454, downloaded 0, added 326
Progress: resolved 454, reused 454, downloaded 0, added 327
Progress: resolved 454, reused 454, downloaded 0, added 333
Progress: resolved 454, reused 454, downloaded 0, added 336
Progress: resolved 454, reused 454, downloaded 0, added 353
Progress: resolved 454, reused 454, downloaded 0, added 356
Progress: resolved 454, reused 454, downloaded 0, added 364
Progress: resolved 454, reused 454, downloaded 0, added 371
Progress: resolved 454, reused 454, downloaded 0, added 380
Progress: resolved 454, reused 454, downloaded 0, added 382
Progress: resolved 454, reused 454, downloaded 0, added 394
Progress: resolved 454, reused 454, downloaded 0, added 402
Progress: resolved 454, reused 454, downloaded 0, added 415
Progress: resolved 454, reused 454, downloaded 0, added 416
Progress: resolved 454, reused 454, downloaded 0, added 429
Progress: resolved 454, reused 454, downloaded 0, added 440
Progress: resolved 454, reused 454, downloaded 0, added 448
Progress: resolved 454, reused 454, downloaded 0, added 449
Progress: resolved 454, reused 454, downloaded 0, added 450
Progress: resolved 454, reused 454, downloaded 0, added 451
Progress: resolved 454, reused 454, downloaded 0, added 452
Progress: resolved 454, reused 454, downloaded 0, added 453
Progress: resolved 454, reused 454, downloaded 0, added 454
Progress: resolved 454, reused 454, downloaded 0, added 454, done

dependencies:
+ @google/genai 1.44.0
+ @tailwindcss/vite 4.2.1
+ @vitejs/plugin-react 5.1.4
+ axios 1.13.6
+ better-sqlite3 12.6.2
+ clsx 2.1.1
+ date-fns 4.1.0
+ dotenv 17.3.1
+ express 4.22.1
+ framer-motion 12.35.2
+ lucide-react 0.546.0
+ motion 12.35.2
+ react 19.2.4
+ react-dom 19.2.4
+ react-router-dom 7.13.1
+ recharts 3.8.0
+ tailwind-merge 3.5.0
+ vite 6.4.1
+ zustand 5.0.11

devDependencies:
+ @testing-library/jest-dom 6.9.1
+ @testing-library/react 16.3.2
+ @testing-library/user-event 14.6.1
+ @types/express 4.17.25
+ @types/node 22.19.15
+ @types/react-router-dom 5.3.3
+ @vitest/coverage-v8 3.2.4
+ @vitest/ui 3.2.4
+ autoprefixer 10.4.27
+ jsdom 26.1.0
+ tailwindcss 4.2.1
+ tsx 4.21.0
+ typescript 5.8.3
+ vitest 3.2.4

╭ Warning ─────────────────────────────────────────────────────────────────────╮
│                                                                              │
│   Ignored build scripts: better-sqlite3@12.6.2, esbuild@0.25.12,             │
│   esbuild@0.27.3, protobufjs@7.5.4.                                          │
│   Run "pnpm approve-builds" to pick which dependencies should be allowed     │
│   to run scripts.                                                            │
│                                                                              │
╰──────────────────────────────────────────────────────────────────────────────╯
Done in 4h 17m 55s using pnpm v10.32.1
