[188] Installing: puppeteer
Lockfile is up to date, resolution step is skipped
Progress: resolved 1, reused 0, downloaded 0, added 0
Packages: +98
++++++++++++++++++++++++++++++++++++++++++++++++++++++++++++++++++++++++++++++++
Progress: resolved 98, reused 12, downloaded 0, added 0
Progress: resolved 98, reused 53, downloaded 0, added 0
Progress: resolved 98, reused 95, downloaded 0, added 8
Progress: resolved 98, reused 97, downloaded 0, added 25
Progress: resolved 98, reused 97, downloaded 0, added 29
Progress: resolved 98, reused 97, downloaded 0, added 69
Progress: resolved 98, reused 97, downloaded 0, added 75
Progress: resolved 98, reused 98, downloaded 0, added 94
Progress: resolved 98, reused 98, downloaded 0, added 95
Progress: resolved 98, reused 98, downloaded 0, added 96
Progress: resolved 98, reused 98, downloaded 0, added 97
Progress: resolved 98, reused 98, downloaded 0, added 98
Progress: resolved 98, reused 98, downloaded 0, added 98, done

dependencies:
+ pnpm 10.14.0
+ puppeteer 24.15.0

Done in 27s using pnpm v10.30.1
