[189] Installing: qmd-to-google-slides-converter
Lockfile is up to date, resolution step is skipped
Progress: resolved 1, reused 0, downloaded 0, added 0
Packages: +221
++++++++++++++++++++++++++++++++++++++++++++++++++++++++++++++++++++++++++++++++
Progress: resolved 221, reused 49, downloaded 0, added 0
Progress: resolved 221, reused 221, downloaded 0, added 4
Progress: resolved 221, reused 221, downloaded 0, added 11
Progress: resolved 221, reused 221, downloaded 0, added 20
Progress: resolved 221, reused 221, downloaded 0, added 21
Progress: resolved 221, reused 221, downloaded 0, added 30
Progress: resolved 221, reused 221, downloaded 0, added 37
Progress: resolved 221, reused 221, downloaded 0, added 43
Progress: resolved 221, reused 221, downloaded 0, added 52
Progress: resolved 221, reused 221, downloaded 0, added 59
Progress: resolved 221, reused 221, downloaded 0, added 77
Progress: resolved 221, reused 221, downloaded 0, added 79
Progress: resolved 221, reused 221, downloaded 0, added 104
Progress: resolved 221, reused 221, downloaded 0, added 117
Progress: resolved 221, reused 221, downloaded 0, added 155
Progress: resolved 221, reused 221, downloaded 0, added 171
Progress: resolved 221, reused 221, downloaded 0, added 193
Progress: resolved 221, reused 221, downloaded 0, added 215
Progress: resolved 221, reused 221, downloaded 0, added 216
Progress: resolved 221, reused 221, downloaded 0, added 218
Progress: resolved 221, reused 221, downloaded 0, added 219
Progress: resolved 221, reused 221, downloaded 0, added 220
Progress: resolved 221, reused 221, downloaded 0, added 221, done

dependencies:
+ react 19.2.4
+ react-dom 19.2.4

devDependencies:
+ @testing-library/jest-dom 6.9.1
+ @testing-library/react 16.3.2
+ @testing-library/user-event 14.6.1
+ @types/node 24.10.1
+ @vitejs/plugin-react 5.1.1
+ @vitest/coverage-v8 3.2.4
+ @vitest/ui 3.2.4
+ jsdom 26.1.0
+ typescript 5.9.3
+ vite 7.2.2
+ vitest 3.2.4

Done in 31.8s using pnpm v10.32.1
