[192] Installing: real-time-economic-signal-analyzer
Lockfile is up to date, resolution step is skipped
Progress: resolved 1, reused 0, downloaded 0, added 0
Packages: +454
++++++++++++++++++++++++++++++++++++++++++++++++++++++++++++++++++++++++++++++++
Progress: resolved 454, reused 13, downloaded 0, added 0
Progress: resolved 454, reused 81, downloaded 0, added 0
Progress: resolved 454, reused 145, downloaded 0, added 0
Progress: resolved 454, reused 242, downloaded 0, added 0
Progress: resolved 454, reused 296, downloaded 0, added 0
Progress: resolved 454, reused 322, downloaded 0, added 0
Progress: resolved 454, reused 338, downloaded 0, added 0
Progress: resolved 454, reused 381, downloaded 0, added 0
Progress: resolved 454, reused 416, downloaded 0, added 0
Progress: resolved 454, reused 447, downloaded 0, added 0
Progress: resolved 454, reused 452, downloaded 0, added 2
Progress: resolved 454, reused 452, downloaded 0, added 5
Progress: resolved 454, reused 452, downloaded 0, added 9
Progress: resolved 454, reused 453, downloaded 0, added 16
Progress: resolved 454, reused 453, downloaded 0, added 20
Progress: resolved 454, reused 454, downloaded 0, added 33
Progress: resolved 454, reused 454, downloaded 0, added 60
Progress: resolved 454, reused 454, downloaded 0, added 71
Progress: resolved 454, reused 454, downloaded 0, added 81
Progress: resolved 454, reused 454, downloaded 0, added 94
Progress: resolved 454, reused 454, downloaded 0, added 108
Progress: resolved 454, reused 454, downloaded 0, added 119
Progress: resolved 454, reused 454, downloaded 0, added 132
Progress: resolved 454, reused 454, downloaded 0, added 144
Progress: resolved 454, reused 454, downloaded 0, added 154
Progress: resolved 454, reused 454, downloaded 0, added 159
Progress: resolved 454, reused 454, downloaded 0, added 168
Progress: resolved 454, reused 454, downloaded 0, added 193
Progress: resolved 454, reused 454, downloaded 0, added 208
Progress: resolved 454, reused 454, downloaded 0, added 233
Progress: resolved 454, reused 454, downloaded 0, added 257
Progress: resolved 454, reused 454, downloaded 0, added 265
Progress: resolved 454, reused 454, downloaded 0, added 274
Progress: resolved 454, reused 454, downloaded 0, added 276
Progress: resolved 454, reused 454, downloaded 0, added 277
Progress: resolved 454, reused 454, downloaded 0, added 278
Progress: resolved 454, reused 454, downloaded 0, added 283
Progress: resolved 454, reused 454, downloaded 0, added 295
Progress: resolved 454, reused 454, downloaded 0, added 304
Progress: resolved 454, reused 454, downloaded 0, added 310
Progress: resolved 454, reused 454, downloaded 0, added 317
Progress: resolved 454, reused 454, downloaded 0, added 318
Progress: resolved 454, reused 454, downloaded 0, added 323
Progress: resolved 454, reused 454, downloaded 0, added 324
Progress: resolved 454, reused 454, downloaded 0, added 331
Progress: resolved 454, reused 454, downloaded 0, added 336
Progress: resolved 454, reused 454, downloaded 0, added 349
Progress: resolved 454, reused 454, downloaded 0, added 352
Progress: resolved 454, reused 454, downloaded 0, added 358
Progress: resolved 454, reused 454, downloaded 0, added 359
Progress: resolved 454, reused 454, downloaded 0, added 365
Progress: resolved 454, reused 454, downloaded 0, added 368
Progress: resolved 454, reused 454, downloaded 0, added 369
Progress: resolved 454, reused 454, downloaded 0, added 375
Progress: resolved 454, reused 454, downloaded 0, added 382
Progress: resolved 454, reused 454, downloaded 0, added 383
Progress: resolved 454, reused 454, downloaded 0, added 387
Progress: resolved 454, reused 454, downloaded 0, added 388
Progress: resolved 454, reused 454, downloaded 0, added 395
Progress: resolved 454, reused 454, downloaded 0, added 399
Progress: resolved 454, reused 454, downloaded 0, added 407
Progress: resolved 454, reused 454, downloaded 0, added 411
Progress: resolved 454, reused 454, downloaded 0, added 412
Progress: resolved 454, reused 454, downloaded 0, added 419
Progress: resolved 454, reused 454, downloaded 0, added 427
Progress: resolved 454, reused 454, downloaded 0, added 432
Progress: resolved 454, reused 454, downloaded 0, added 436
Progress: resolved 454, reused 454, downloaded 0, added 438
Progress: resolved 454, reused 454, downloaded 0, added 439
Progress: resolved 454, reused 454, downloaded 0, added 443
Progress: resolved 454, reused 454, downloaded 0, added 445
Progress: resolved 454, reused 454, downloaded 0, added 446
Progress: resolved 454, reused 454, downloaded 0, added 447
Progress: resolved 454, reused 454, downloaded 0, added 448
Progress: resolved 454, reused 454, downloaded 0, added 449
Progress: resolved 454, reused 454, downloaded 0, added 450
Progress: resolved 454, reused 454, downloaded 0, added 451
Progress: resolved 454, reused 454, downloaded 0, added 452
Progress: resolved 454, reused 454, downloaded 0, added 453
Progress: resolved 454, reused 454, downloaded 0, added 454
Progress: resolved 454, reused 454, downloaded 0, added 454, done

dependencies:
+ @google/genai 1.44.0
+ @tailwindcss/vite 4.2.1
+ @vitejs/plugin-react 5.1.4
+ axios 1.13.6
+ better-sqlite3 12.6.2
+ clsx 2.1.1
+ date-fns 4.1.0
+ dotenv 17.3.1
+ express 4.22.1
+ framer-motion 12.35.2
+ lucide-react 0.546.0
+ motion 12.35.2
+ react 19.2.4
+ react-dom 19.2.4
+ react-router-dom 7.13.1
+ recharts 3.8.0
+ tailwind-merge 3.5.0
+ vite 6.4.1
+ zustand 5.0.11

devDependencies:
+ @testing-library/jest-dom 6.9.1
+ @testing-library/react 16.3.2
+ @testing-library/user-event 14.6.1
+ @types/express 4.17.25
+ @types/node 22.19.15
+ @types/react-router-dom 5.3.3
+ @vitest/coverage-v8 3.2.4
+ @vitest/ui 3.2.4
+ autoprefixer 10.4.27
+ jsdom 26.1.0
+ tailwindcss 4.2.1
+ tsx 4.21.0
+ typescript 5.8.3
+ vitest 3.2.4

╭ Warning ─────────────────────────────────────────────────────────────────────╮
│                                                                              │
│   Ignored build scripts: better-sqlite3@12.6.2, esbuild@0.25.12,             │
│   esbuild@0.27.3, protobufjs@7.5.4.                                          │
│   Run "pnpm approve-builds" to pick which dependencies should be allowed     │
│   to run scripts.                                                            │
│                                                                              │
╰──────────────────────────────────────────────────────────────────────────────╯
Done in 2m 11.1s using pnpm v10.32.1
