[194] Installing: real-time-persona-engine
Lockfile is up to date, resolution step is skipped
Progress: resolved 1, reused 0, downloaded 0, added 0
Packages: +454
++++++++++++++++++++++++++++++++++++++++++++++++++++++++++++++++++++++++++++++++
Progress: resolved 454, reused 8, downloaded 0, added 0
Progress: resolved 454, reused 118, downloaded 0, added 0
Progress: resolved 454, reused 167, downloaded 0, added 0
Progress: resolved 454, reused 269, downloaded 0, added 0
Progress: resolved 454, reused 301, downloaded 0, added 0
Progress: resolved 454, reused 329, downloaded 0, added 0
Progress: resolved 454, reused 354, downloaded 0, added 0
Progress: resolved 454, reused 397, downloaded 0, added 0
Progress: resolved 454, reused 430, downloaded 0, added 0
Progress: resolved 454, reused 450, downloaded 0, added 0
Progress: resolved 454, reused 452, downloaded 0, added 3
Progress: resolved 454, reused 452, downloaded 0, added 9
Progress: resolved 454, reused 453, downloaded 0, added 11
Progress: resolved 454, reused 453, downloaded 0, added 17
Progress: resolved 454, reused 453, downloaded 0, added 23
Progress: resolved 454, reused 454, downloaded 0, added 47
Progress: resolved 454, reused 454, downloaded 0, added 61
Progress: resolved 454, reused 454, downloaded 0, added 78
Progress: resolved 454, reused 454, downloaded 0, added 82
Progress: resolved 454, reused 454, downloaded 0, added 95
Progress: resolved 454, reused 454, downloaded 0, added 112
Progress: resolved 454, reused 454, downloaded 0, added 123
Progress: resolved 454, reused 454, downloaded 0, added 135
Progress: resolved 454, reused 454, downloaded 0, added 148
Progress: resolved 454, reused 454, downloaded 0, added 157
Progress: resolved 454, reused 454, downloaded 0, added 162
Progress: resolved 454, reused 454, downloaded 0, added 180
Progress: resolved 454, reused 454, downloaded 0, added 204
Progress: resolved 454, reused 454, downloaded 0, added 214
Progress: resolved 454, reused 454, downloaded 0, added 244
Progress: resolved 454, reused 454, downloaded 0, added 257
Progress: resolved 454, reused 454, downloaded 0, added 267
Progress: resolved 454, reused 454, downloaded 0, added 274
Progress: resolved 454, reused 454, downloaded 0, added 277
Progress: resolved 454, reused 454, downloaded 0, added 278
Progress: resolved 454, reused 454, downloaded 0, added 284
Progress: resolved 454, reused 454, downloaded 0, added 293
Progress: resolved 454, reused 454, downloaded 0, added 303
Progress: resolved 454, reused 454, downloaded 0, added 309
Progress: resolved 454, reused 454, downloaded 0, added 317
Progress: resolved 454, reused 454, downloaded 0, added 318
Progress: resolved 454, reused 454, downloaded 0, added 322
Progress: resolved 454, reused 454, downloaded 0, added 323
Progress: resolved 454, reused 454, downloaded 0, added 331
Progress: resolved 454, reused 454, downloaded 0, added 336
Progress: resolved 454, reused 454, downloaded 0, added 348
Progress: resolved 454, reused 454, downloaded 0, added 352
Progress: resolved 454, reused 454, downloaded 0, added 360
Progress: resolved 454, reused 454, downloaded 0, added 361
Progress: resolved 454, reused 454, downloaded 0, added 365
Progress: resolved 454, reused 454, downloaded 0, added 367
Progress: resolved 454, reused 454, downloaded 0, added 369
Progress: resolved 454, reused 454, downloaded 0, added 372
Progress: resolved 454, reused 454, downloaded 0, added 381
Progress: resolved 454, reused 454, downloaded 0, added 382
Progress: resolved 454, reused 454, downloaded 0, added 387
Progress: resolved 454, reused 454, downloaded 0, added 388
Progress: resolved 454, reused 454, downloaded 0, added 392
Progress: resolved 454, reused 454, downloaded 0, added 397
Progress: resolved 454, reused 454, downloaded 0, added 403
Progress: resolved 454, reused 454, downloaded 0, added 410
Progress: resolved 454, reused 454, downloaded 0, added 412
Progress: resolved 454, reused 454, downloaded 0, added 413
Progress: resolved 454, reused 454, downloaded 0, added 424
Progress: resolved 454, reused 454, downloaded 0, added 428
Progress: resolved 454, reused 454, downloaded 0, added 432
Progress: resolved 454, reused 454, downloaded 0, added 436
Progress: resolved 454, reused 454, downloaded 0, added 438
Progress: resolved 454, reused 454, downloaded 0, added 440
Progress: resolved 454, reused 454, downloaded 0, added 444
Progress: resolved 454, reused 454, downloaded 0, added 445
Progress: resolved 454, reused 454, downloaded 0, added 446
Progress: resolved 454, reused 454, downloaded 0, added 447
Progress: resolved 454, reused 454, downloaded 0, added 448
Progress: resolved 454, reused 454, downloaded 0, added 449
Progress: resolved 454, reused 454, downloaded 0, added 450
Progress: resolved 454, reused 454, downloaded 0, added 451
Progress: resolved 454, reused 454, downloaded 0, added 452
Progress: resolved 454, reused 454, downloaded 0, added 453
Progress: resolved 454, reused 454, downloaded 0, added 454
Progress: resolved 454, reused 454, downloaded 0, added 454, done

dependencies:
+ @google/genai 1.44.0
+ @tailwindcss/vite 4.2.1
+ @vitejs/plugin-react 5.1.4
+ axios 1.13.6
+ better-sqlite3 12.6.2
+ clsx 2.1.1
+ date-fns 4.1.0
+ dotenv 17.3.1
+ express 4.22.1
+ framer-motion 12.35.2
+ lucide-react 0.546.0
+ motion 12.35.2
+ react 19.2.4
+ react-dom 19.2.4
+ react-router-dom 7.13.1
+ recharts 3.8.0
+ tailwind-merge 3.5.0
+ vite 6.4.1
+ zustand 5.0.11

devDependencies:
+ @testing-library/jest-dom 6.9.1
+ @testing-library/react 16.3.2
+ @testing-library/user-event 14.6.1
+ @types/express 4.17.25
+ @types/node 22.19.15
+ @types/react-router-dom 5.3.3
+ @vitest/coverage-v8 3.2.4
+ @vitest/ui 3.2.4
+ autoprefixer 10.4.27
+ jsdom 26.1.0
+ tailwindcss 4.2.1
+ tsx 4.21.0
+ typescript 5.8.3
+ vitest 3.2.4

╭ Warning ─────────────────────────────────────────────────────────────────────╮
│                                                                              │
│   Ignored build scripts: better-sqlite3@12.6.2, esbuild@0.25.12,             │
│   esbuild@0.27.3, protobufjs@7.5.4.                                          │
│   Run "pnpm approve-builds" to pick which dependencies should be allowed     │
│   to run scripts.                                                            │
│                                                                              │
╰──────────────────────────────────────────────────────────────────────────────╯
Done in 2m 18.4s using pnpm v10.32.1
