[197] Installing: renewable-grid-balancer
Lockfile is up to date, resolution step is skipped
Progress: resolved 1, reused 0, downloaded 0, added 0
Packages: +454
++++++++++++++++++++++++++++++++++++++++++++++++++++++++++++++++++++++++++++++++
Progress: resolved 454, reused 4, downloaded 0, added 0
Progress: resolved 454, reused 101, downloaded 0, added 0
Progress: resolved 454, reused 187, downloaded 0, added 0
Progress: resolved 454, reused 297, downloaded 0, added 0
Progress: resolved 454, reused 323, downloaded 0, added 0
Progress: resolved 454, reused 452, downloaded 0, added 0
Progress: resolved 454, reused 452, downloaded 0, added 6
Progress: resolved 454, reused 452, downloaded 0, added 12
Progress: resolved 454, reused 452, downloaded 0, added 14
Progress: resolved 454, reused 452, downloaded 0, added 22
Progress: resolved 454, reused 452, downloaded 0, added 25
Progress: resolved 454, reused 452, downloaded 0, added 45
Progress: resolved 454, reused 452, downloaded 0, added 52
Progress: resolved 454, reused 452, downloaded 0, added 73
Progress: resolved 454, reused 452, downloaded 0, added 79
Progress: resolved 454, reused 452, downloaded 0, added 92
Progress: resolved 454, reused 452, downloaded 0, added 107
Progress: resolved 454, reused 452, downloaded 0, added 116
Progress: resolved 454, reused 452, downloaded 0, added 122
Progress: resolved 454, reused 452, downloaded 0, added 130
Progress: resolved 454, reused 452, downloaded 0, added 135
Progress: resolved 454, reused 452, downloaded 0, added 136
Progress: resolved 454, reused 452, downloaded 0, added 140
Progress: resolved 454, reused 452, downloaded 0, added 143
Progress: resolved 454, reused 452, downloaded 0, added 144
Progress: resolved 454, reused 452, downloaded 0, added 160
Progress: resolved 454, reused 452, downloaded 0, added 173
Progress: resolved 454, reused 452, downloaded 0, added 183
Progress: resolved 454, reused 452, downloaded 0, added 189
Progress: resolved 454, reused 453, downloaded 0, added 218
Progress: resolved 454, reused 453, downloaded 0, added 232
Progress: resolved 454, reused 453, downloaded 0, added 269
Progress: resolved 454, reused 453, downloaded 0, added 275
Progress: resolved 454, reused 453, downloaded 0, added 282
Progress: resolved 454, reused 453, downloaded 0, added 293
Progress: resolved 454, reused 453, downloaded 0, added 302
Progress: resolved 454, reused 453, downloaded 0, added 303
Progress: resolved 454, reused 453, downloaded 0, added 306
Progress: resolved 454, reused 453, downloaded 0, added 314
Progress: resolved 454, reused 453, downloaded 0, added 322
Progress: resolved 454, reused 453, downloaded 0, added 331
Progress: resolved 454, reused 453, downloaded 0, added 332
Progress: resolved 454, reused 453, downloaded 0, added 350
Progress: resolved 454, reused 453, downloaded 0, added 351
Progress: resolved 454, reused 453, downloaded 0, added 358
Progress: resolved 454, reused 453, downloaded 0, added 375
Progress: resolved 454, reused 453, downloaded 0, added 385
Progress: resolved 454, reused 453, downloaded 0, added 386
Progress: resolved 454, reused 453, downloaded 0, added 398
Progress: resolved 454, reused 453, downloaded 0, added 417
Progress: resolved 454, reused 453, downloaded 0, added 418
Progress: resolved 454, reused 453, downloaded 0, added 438
Progress: resolved 454, reused 453, downloaded 0, added 443
Progress: resolved 454, reused 453, downloaded 0, added 448
Progress: resolved 454, reused 453, downloaded 0, added 449
Progress: resolved 454, reused 453, downloaded 0, added 450
Progress: resolved 454, reused 454, downloaded 0, added 450
Progress: resolved 454, reused 454, downloaded 0, added 451
Progress: resolved 454, reused 454, downloaded 0, added 452
Progress: resolved 454, reused 454, downloaded 0, added 453
Progress: resolved 454, reused 454, downloaded 0, added 454
Progress: resolved 454, reused 454, downloaded 0, added 454, done

dependencies:
+ @google/genai 1.44.0
+ @tailwindcss/vite 4.2.1
+ @vitejs/plugin-react 5.1.4
+ axios 1.13.6
+ better-sqlite3 12.6.2
+ clsx 2.1.1
+ date-fns 4.1.0
+ dotenv 17.3.1
+ express 4.22.1
+ framer-motion 12.35.2
+ lucide-react 0.546.0
+ motion 12.35.2
+ react 19.2.4
+ react-dom 19.2.4
+ react-router-dom 7.13.1
+ recharts 3.8.0
+ tailwind-merge 3.5.0
+ vite 6.4.1
+ zustand 5.0.11

devDependencies:
+ @testing-library/jest-dom 6.9.1
+ @testing-library/react 16.3.2
+ @testing-library/user-event 14.6.1
+ @types/express 4.17.25
+ @types/node 22.19.15
+ @types/react-router-dom 5.3.3
+ @vitest/coverage-v8 3.2.4
+ @vitest/ui 3.2.4
+ autoprefixer 10.4.27
+ jsdom 26.1.0
+ tailwindcss 4.2.1
+ tsx 4.21.0
+ typescript 5.8.3
+ vitest 3.2.4

╭ Warning ─────────────────────────────────────────────────────────────────────╮
│                                                                              │
│   Ignored build scripts: better-sqlite3@12.6.2, esbuild@0.25.12,             │
│   esbuild@0.27.3, protobufjs@7.5.4.                                          │
│   Run "pnpm approve-builds" to pick which dependencies should be allowed     │
│   to run scripts.                                                            │
│                                                                              │
╰──────────────────────────────────────────────────────────────────────────────╯
Done in 1m 40.6s using pnpm v10.32.1
