[198] Installing: research-portal
Progress: resolved 0, reused 1, downloaded 0, added 0
Progress: resolved 6, reused 6, downloaded 0, added 0
Progress: resolved 58, reused 35, downloaded 0, added 0
Progress: resolved 98, reused 86, downloaded 0, added 0
Progress: resolved 127, reused 107, downloaded 0, added 0
Progress: resolved 172, reused 118, downloaded 0, added 0
Packages: +130
++++++++++++++++++++++++++++++++++++++++++++++++++++++++++++++++++++++++++++++++
Progress: resolved 179, reused 130, downloaded 0, added 2
Progress: resolved 179, reused 130, downloaded 0, added 6
Progress: resolved 179, reused 130, downloaded 0, added 35
Progress: resolved 179, reused 130, downloaded 0, added 52
Progress: resolved 179, reused 130, downloaded 0, added 77
Progress: resolved 179, reused 130, downloaded 0, added 130, done

dependencies:
+ express 4.22.1 (5.2.1 is available)
+ mysql2 3.19.1

devDependencies:
+ vitest 3.2.4

╭ Warning ─────────────────────────────────────────────────────────────────────╮
│                                                                              │
│   Ignored build scripts: esbuild@0.27.3.                                     │
│   Run "pnpm approve-builds" to pick which dependencies should be allowed     │
│   to run scripts.                                                            │
│                                                                              │
╰──────────────────────────────────────────────────────────────────────────────╯
Done in 14.7s using pnpm v10.32.1
