[200] Installing: retail-ecosystem-twin
Lockfile is up to date, resolution step is skipped
Progress: resolved 1, reused 0, downloaded 0, added 0
Packages: +454
++++++++++++++++++++++++++++++++++++++++++++++++++++++++++++++++++++++++++++++++
Progress: resolved 454, reused 12, downloaded 0, added 0
Progress: resolved 454, reused 101, downloaded 0, added 0
Progress: resolved 454, reused 182, downloaded 0, added 0
Progress: resolved 454, reused 295, downloaded 0, added 0
Progress: resolved 454, reused 322, downloaded 0, added 0
Progress: resolved 454, reused 452, downloaded 0, added 0
Progress: resolved 454, reused 452, downloaded 0, added 5
Progress: resolved 454, reused 452, downloaded 0, added 12
Progress: resolved 454, reused 452, downloaded 0, added 14
Progress: resolved 454, reused 452, downloaded 0, added 22
Progress: resolved 454, reused 452, downloaded 0, added 24
Progress: resolved 454, reused 452, downloaded 0, added 44
Progress: resolved 454, reused 452, downloaded 0, added 52
Progress: resolved 454, reused 452, downloaded 0, added 73
Progress: resolved 454, reused 452, downloaded 0, added 78
Progress: resolved 454, reused 452, downloaded 0, added 90
Progress: resolved 454, reused 452, downloaded 0, added 106
Progress: resolved 454, reused 452, downloaded 0, added 115
Progress: resolved 454, reused 452, downloaded 0, added 127
Progress: resolved 454, reused 452, downloaded 0, added 137
Progress: resolved 454, reused 452, downloaded 0, added 141
Progress: resolved 454, reused 452, downloaded 0, added 142
Progress: resolved 454, reused 452, downloaded 0, added 156
Progress: resolved 454, reused 452, downloaded 0, added 162
Progress: resolved 454, reused 452, downloaded 0, added 166
Progress: resolved 454, reused 452, downloaded 0, added 177
Progress: resolved 454, reused 452, downloaded 0, added 185
Progress: resolved 454, reused 452, downloaded 0, added 189
Progress: resolved 454, reused 452, downloaded 0, added 203
Progress: resolved 454, reused 453, downloaded 0, added 226
Progress: resolved 454, reused 453, downloaded 0, added 234
Progress: resolved 454, reused 453, downloaded 0, added 271
Progress: resolved 454, reused 453, downloaded 0, added 275
Progress: resolved 454, reused 453, downloaded 0, added 285
Progress: resolved 454, reused 453, downloaded 0, added 293
Progress: resolved 454, reused 453, downloaded 0, added 301
Progress: resolved 454, reused 453, downloaded 0, added 302
Progress: resolved 454, reused 453, downloaded 0, added 306
Progress: resolved 454, reused 453, downloaded 0, added 314
Progress: resolved 454, reused 453, downloaded 0, added 323
Progress: resolved 454, reused 453, downloaded 0, added 331
Progress: resolved 454, reused 453, downloaded 0, added 332
Progress: resolved 454, reused 453, downloaded 0, added 350
Progress: resolved 454, reused 453, downloaded 0, added 351
Progress: resolved 454, reused 453, downloaded 0, added 357
Progress: resolved 454, reused 453, downloaded 0, added 373
Progress: resolved 454, reused 453, downloaded 0, added 384
Progress: resolved 454, reused 453, downloaded 0, added 385
Progress: resolved 454, reused 453, downloaded 0, added 397
Progress: resolved 454, reused 453, downloaded 0, added 416
Progress: resolved 454, reused 453, downloaded 0, added 419
Progress: resolved 454, reused 453, downloaded 0, added 439
Progress: resolved 454, reused 453, downloaded 0, added 443
Progress: resolved 454, reused 453, downloaded 0, added 448
Progress: resolved 454, reused 453, downloaded 0, added 449
Progress: resolved 454, reused 453, downloaded 0, added 450
Progress: resolved 454, reused 454, downloaded 0, added 450
Progress: resolved 454, reused 454, downloaded 0, added 451
Progress: resolved 454, reused 454, downloaded 0, added 452
Progress: resolved 454, reused 454, downloaded 0, added 453
Progress: resolved 454, reused 454, downloaded 0, added 454
Progress: resolved 454, reused 454, downloaded 0, added 454, done

dependencies:
+ @google/genai 1.44.0
+ @tailwindcss/vite 4.2.1
+ @vitejs/plugin-react 5.1.4
+ axios 1.13.6
+ better-sqlite3 12.6.2
+ clsx 2.1.1
+ date-fns 4.1.0
+ dotenv 17.3.1
+ express 4.22.1
+ framer-motion 12.35.2
+ lucide-react 0.546.0
+ motion 12.35.2
+ react 19.2.4
+ react-dom 19.2.4
+ react-router-dom 7.13.1
+ recharts 3.8.0
+ tailwind-merge 3.5.0
+ vite 6.4.1
+ zustand 5.0.11

devDependencies:
+ @testing-library/jest-dom 6.9.1
+ @testing-library/react 16.3.2
+ @testing-library/user-event 14.6.1
+ @types/express 4.17.25
+ @types/node 22.19.15
+ @types/react-router-dom 5.3.3
+ @vitest/coverage-v8 3.2.4
+ @vitest/ui 3.2.4
+ autoprefixer 10.4.27
+ jsdom 26.1.0
+ tailwindcss 4.2.1
+ tsx 4.21.0
+ typescript 5.8.3
+ vitest 3.2.4

╭ Warning ─────────────────────────────────────────────────────────────────────╮
│                                                                              │
│   Ignored build scripts: better-sqlite3@12.6.2, esbuild@0.25.12,             │
│   esbuild@0.27.3, protobufjs@7.5.4.                                          │
│   Run "pnpm approve-builds" to pick which dependencies should be allowed     │
│   to run scripts.                                                            │
│                                                                              │
╰──────────────────────────────────────────────────────────────────────────────╯
Done in 1m 40.9s using pnpm v10.32.1
