[202] Installing: rophe-specialist-care-rpms
Lockfile is up to date, resolution step is skipped
Progress: resolved 1, reused 0, downloaded 0, added 0
Packages: +347
++++++++++++++++++++++++++++++++++++++++++++++++++++++++++++++++++++++++++++++++
Progress: resolved 347, reused 76, downloaded 0, added 0
Progress: resolved 347, reused 313, downloaded 0, added 0
Progress: resolved 347, reused 346, downloaded 0, added 18
Progress: resolved 347, reused 346, downloaded 0, added 44
Progress: resolved 347, reused 347, downloaded 0, added 96
Progress: resolved 347, reused 347, downloaded 0, added 122
Progress: resolved 347, reused 347, downloaded 0, added 135
Progress: resolved 347, reused 347, downloaded 0, added 155
Progress: resolved 347, reused 347, downloaded 0, added 172
Progress: resolved 347, reused 347, downloaded 0, added 176
Progress: resolved 347, reused 347, downloaded 0, added 221
Progress: resolved 347, reused 347, downloaded 0, added 238
Progress: resolved 347, reused 347, downloaded 0, added 270
Progress: resolved 347, reused 347, downloaded 0, added 290
Progress: resolved 347, reused 347, downloaded 0, added 327
Progress: resolved 347, reused 347, downloaded 0, added 333
Progress: resolved 347, reused 347, downloaded 0, added 342
Progress: resolved 347, reused 347, downloaded 0, added 344
Progress: resolved 347, reused 347, downloaded 0, added 345
Progress: resolved 347, reused 347, downloaded 0, added 346
Progress: resolved 347, reused 347, downloaded 0, added 347
Progress: resolved 347, reused 347, downloaded 0, added 347, done

dependencies:
+ @google/genai 1.34.0
+ lucide-react 0.400.0
+ react 19.2.4
+ react-dom 19.2.4
+ react-router-dom 7.13.1
+ recharts 2.15.0

devDependencies:
+ @testing-library/jest-dom 6.9.1
+ @testing-library/react 16.3.2
+ @testing-library/user-event 14.6.1
+ @types/node 22.19.5
+ @vitejs/plugin-react 5.1.2
+ @vitest/coverage-v8 3.2.4
+ @vitest/ui 3.2.4
+ jsdom 26.1.0
+ serve 14.2.5
+ typescript 5.8.3
+ vite 7.3.1
+ vitest 3.2.4

Done in 43.5s using pnpm v10.30.1
