[203] Installing: salary-calculator-automation-system
Lockfile is up to date, resolution step is skipped
Progress: resolved 1, reused 0, downloaded 0, added 0
Packages: +221
++++++++++++++++++++++++++++++++++++++++++++++++++++++++++++++++++++++++++++++++
Progress: resolved 221, reused 16, downloaded 0, added 0
Progress: resolved 221, reused 53, downloaded 0, added 0
Progress: resolved 221, reused 173, downloaded 0, added 0
Progress: resolved 221, reused 221, downloaded 0, added 2
Progress: resolved 221, reused 221, downloaded 0, added 16
Progress: resolved 221, reused 221, downloaded 0, added 28
Progress: resolved 221, reused 221, downloaded 0, added 35
Progress: resolved 221, reused 221, downloaded 0, added 41
Progress: resolved 221, reused 221, downloaded 0, added 60
Progress: resolved 221, reused 221, downloaded 0, added 81
Progress: resolved 221, reused 221, downloaded 0, added 98
Progress: resolved 221, reused 221, downloaded 0, added 113
Progress: resolved 221, reused 221, downloaded 0, added 132
Progress: resolved 221, reused 221, downloaded 0, added 144
Progress: resolved 221, reused 221, downloaded 0, added 165
Progress: resolved 221, reused 221, downloaded 0, added 196
Progress: resolved 221, reused 221, downloaded 0, added 209
Progress: resolved 221, reused 221, downloaded 0, added 217
Progress: resolved 221, reused 221, downloaded 0, added 218
Progress: resolved 221, reused 221, downloaded 0, added 219
Progress: resolved 221, reused 221, downloaded 0, added 220
Progress: resolved 221, reused 221, downloaded 0, added 221
Progress: resolved 221, reused 221, downloaded 0, added 221, done

dependencies:
+ react 19.2.4
+ react-dom 19.2.4

devDependencies:
+ @testing-library/jest-dom 6.9.1
+ @testing-library/react 16.3.2
+ @testing-library/user-event 14.6.1
+ @types/node 22.19.0
+ @vitejs/plugin-react 5.1.0
+ @vitest/coverage-v8 3.2.4
+ @vitest/ui 3.2.4
+ jsdom 26.1.0
+ typescript 5.8.3
+ vite 6.4.1
+ vitest 3.2.4

Done in 29.9s using pnpm v10.32.1
