[206] Installing: scholarship-bond-portal-v3
Lockfile is up to date, resolution step is skipped
Progress: resolved 1, reused 0, downloaded 0, added 0
Packages: +323
++++++++++++++++++++++++++++++++++++++++++++++++++++++++++++++++++++++++++++++++
Progress: resolved 323, reused 43, downloaded 0, added 0
Progress: resolved 323, reused 57, downloaded 0, added 0
Progress: resolved 323, reused 65, downloaded 0, added 0
Progress: resolved 323, reused 75, downloaded 0, added 0
Progress: resolved 323, reused 95, downloaded 0, added 0
Progress: resolved 323, reused 131, downloaded 0, added 0
Progress: resolved 323, reused 152, downloaded 0, added 0
Progress: resolved 323, reused 226, downloaded 0, added 0
Progress: resolved 323, reused 253, downloaded 0, added 0
Progress: resolved 323, reused 302, downloaded 0, added 0
Progress: resolved 323, reused 321, downloaded 0, added 7
Progress: resolved 323, reused 321, downloaded 0, added 32
Progress: resolved 323, reused 322, downloaded 0, added 40
Progress: resolved 323, reused 322, downloaded 0, added 42
Progress: resolved 323, reused 322, downloaded 0, added 43
Progress: resolved 323, reused 322, downloaded 0, added 44
Progress: resolved 323, reused 322, downloaded 0, added 45
Progress: resolved 323, reused 322, downloaded 0, added 46
Progress: resolved 323, reused 322, downloaded 0, added 47
Progress: resolved 323, reused 322, downloaded 0, added 50
Progress: resolved 323, reused 322, downloaded 0, added 51
Progress: resolved 323, reused 322, downloaded 0, added 52
Progress: resolved 323, reused 322, downloaded 0, added 53
Progress: resolved 323, reused 323, downloaded 0, added 55
Progress: resolved 323, reused 323, downloaded 0, added 56
Progress: resolved 323, reused 323, downloaded 0, added 57
Progress: resolved 323, reused 323, downloaded 0, added 58
Progress: resolved 323, reused 323, downloaded 0, added 59
Progress: resolved 323, reused 323, downloaded 0, added 62
Progress: resolved 323, reused 323, downloaded 0, added 64
Progress: resolved 323, reused 323, downloaded 0, added 67
Progress: resolved 323, reused 323, downloaded 0, added 71
Progress: resolved 323, reused 323, downloaded 0, added 72
Progress: resolved 323, reused 323, downloaded 0, added 73
Progress: resolved 323, reused 323, downloaded 0, added 75
Progress: resolved 323, reused 323, downloaded 0, added 78
Progress: resolved 323, reused 323, downloaded 0, added 80
Progress: resolved 323, reused 323, downloaded 0, added 81
Progress: resolved 323, reused 323, downloaded 0, added 83
Progress: resolved 323, reused 323, downloaded 0, added 85
Progress: resolved 323, reused 323, downloaded 0, added 89
Progress: resolved 323, reused 323, downloaded 0, added 94
Progress: resolved 323, reused 323, downloaded 0, added 95
Progress: resolved 323, reused 323, downloaded 0, added 96
Progress: resolved 323, reused 323, downloaded 0, added 97
Progress: resolved 323, reused 323, downloaded 0, added 98
Progress: resolved 323, reused 323, downloaded 0, added 99
Progress: resolved 323, reused 323, downloaded 0, added 100
Progress: resolved 323, reused 323, downloaded 0, added 102
Progress: resolved 323, reused 323, downloaded 0, added 103
Progress: resolved 323, reused 323, downloaded 0, added 107
Progress: resolved 323, reused 323, downloaded 0, added 112
Progress: resolved 323, reused 323, downloaded 0, added 117
Progress: resolved 323, reused 323, downloaded 0, added 118
Progress: resolved 323, reused 323, downloaded 0, added 119
Progress: resolved 323, reused 323, downloaded 0, added 120
Progress: resolved 323, reused 323, downloaded 0, added 123
Progress: resolved 323, reused 323, downloaded 0, added 126
Progress: resolved 323, reused 323, downloaded 0, added 127
Progress: resolved 323, reused 323, downloaded 0, added 131
Progress: resolved 323, reused 323, downloaded 0, added 132
Progress: resolved 323, reused 323, downloaded 0, added 135
Progress: resolved 323, reused 323, downloaded 0, added 138
Progress: resolved 323, reused 323, downloaded 0, added 139
Progress: resolved 323, reused 323, downloaded 0, added 140
Progress: resolved 323, reused 323, downloaded 0, added 141
Progress: resolved 323, reused 323, downloaded 0, added 142
Progress: resolved 323, reused 323, downloaded 0, added 144
Progress: resolved 323, reused 323, downloaded 0, added 145
Progress: resolved 323, reused 323, downloaded 0, added 146
Progress: resolved 323, reused 323, downloaded 0, added 150
Progress: resolved 323, reused 323, downloaded 0, added 151
Progress: resolved 323, reused 323, downloaded 0, added 155
Progress: resolved 323, reused 323, downloaded 0, added 159
Progress: resolved 323, reused 323, downloaded 0, added 165
Progress: resolved 323, reused 323, downloaded 0, added 175
Progress: resolved 323, reused 323, downloaded 0, added 180
Progress: resolved 323, reused 323, downloaded 0, added 181
Progress: resolved 323, reused 323, downloaded 0, added 185
Progress: resolved 323, reused 323, downloaded 0, added 191
Progress: resolved 323, reused 323, downloaded 0, added 197
Progress: resolved 323, reused 323, downloaded 0, added 198
Progress: resolved 323, reused 323, downloaded 0, added 199
Progress: resolved 323, reused 323, downloaded 0, added 200
Progress: resolved 323, reused 323, downloaded 0, added 204
Progress: resolved 323, reused 323, downloaded 0, added 207
Progress: resolved 323, reused 323, downloaded 0, added 212
Progress: resolved 323, reused 323, downloaded 0, added 216
Progress: resolved 323, reused 323, downloaded 0, added 224
Progress: resolved 323, reused 323, downloaded 0, added 228
Progress: resolved 323, reused 323, downloaded 0, added 231
Progress: resolved 323, reused 323, downloaded 0, added 235
Progress: resolved 323, reused 323, downloaded 0, added 239
Progress: resolved 323, reused 323, downloaded 0, added 243
Progress: resolved 323, reused 323, downloaded 0, added 249
Progress: resolved 323, reused 323, downloaded 0, added 250
Progress: resolved 323, reused 323, downloaded 0, added 252
Progress: resolved 323, reused 323, downloaded 0, added 255
Progress: resolved 323, reused 323, downloaded 0, added 256
Progress: resolved 323, reused 323, downloaded 0, added 264
Progress: resolved 323, reused 323, downloaded 0, added 271
Progress: resolved 323, reused 323, downloaded 0, added 283
Progress: resolved 323, reused 323, downloaded 0, added 296
Progress: resolved 323, reused 323, downloaded 0, added 309
Progress: resolved 323, reused 323, downloaded 0, added 312
Progress: resolved 323, reused 323, downloaded 0, added 315
Progress: resolved 323, reused 323, downloaded 0, added 317
Progress: resolved 323, reused 323, downloaded 0, added 318
Progress: resolved 323, reused 323, downloaded 0, added 319
Progress: resolved 323, reused 323, downloaded 0, added 320
Progress: resolved 323, reused 323, downloaded 0, added 321
Progress: resolved 323, reused 323, downloaded 0, added 322
Progress: resolved 323, reused 323, downloaded 0, added 323
Progress: resolved 323, reused 323, downloaded 0, added 323, done

dependencies:
+ @google/genai 1.45.0
+ framer-motion 11.11.11
+ lucide-react 0.463.0
+ react 19.2.4
+ react-dom 19.2.4
+ react-router-dom 7.13.1

devDependencies:
+ @testing-library/jest-dom 6.9.1
+ @testing-library/react 16.3.2
+ @testing-library/user-event 14.6.1
+ @types/node 22.19.15
+ @vitejs/plugin-react 5.2.0
+ @vitest/coverage-v8 3.2.4
+ @vitest/ui 3.2.4
+ jsdom 26.1.0
+ serve 14.2.5
+ typescript 5.8.3
+ vite 7.3.1
+ vitest 3.2.4

╭ Warning ─────────────────────────────────────────────────────────────────────╮
│                                                                              │
│   Ignored build scripts: esbuild@0.27.4, protobufjs@7.5.4.                   │
│   Run "pnpm approve-builds" to pick which dependencies should be allowed     │
│   to run scripts.                                                            │
│                                                                              │
╰──────────────────────────────────────────────────────────────────────────────╯
Done in 2m 52.2s using pnpm v10.30.1
