[208] Installing: script-co-writer
Lockfile is up to date, resolution step is skipped
Progress: resolved 1, reused 0, downloaded 0, added 0
Packages: +454
++++++++++++++++++++++++++++++++++++++++++++++++++++++++++++++++++++++++++++++++
Progress: resolved 454, reused 1, downloaded 0, added 0
Progress: resolved 454, reused 23, downloaded 0, added 0
Progress: resolved 454, reused 28, downloaded 0, added 0
Progress: resolved 454, reused 47, downloaded 0, added 0
Progress: resolved 454, reused 58, downloaded 0, added 0
Progress: resolved 454, reused 83, downloaded 0, added 0
Progress: resolved 454, reused 109, downloaded 0, added 0
Progress: resolved 454, reused 110, downloaded 0, added 0
Progress: resolved 454, reused 111, downloaded 0, added 0
Progress: resolved 454, reused 112, downloaded 0, added 0
Progress: resolved 454, reused 113, downloaded 0, added 0
Progress: resolved 454, reused 114, downloaded 0, added 0
Progress: resolved 454, reused 115, downloaded 0, added 0
Progress: resolved 454, reused 157, downloaded 0, added 0
Progress: resolved 454, reused 158, downloaded 0, added 0
Progress: resolved 454, reused 166, downloaded 0, added 0
Progress: resolved 454, reused 214, downloaded 0, added 0
Progress: resolved 454, reused 215, downloaded 0, added 0
Progress: resolved 454, reused 234, downloaded 0, added 0
Progress: resolved 454, reused 247, downloaded 0, added 0
Progress: resolved 454, reused 274, downloaded 0, added 0
Progress: resolved 454, reused 276, downloaded 0, added 0
Progress: resolved 454, reused 280, downloaded 0, added 0
Progress: resolved 454, reused 305, downloaded 0, added 0
Progress: resolved 454, reused 317, downloaded 0, added 0
Progress: resolved 454, reused 326, downloaded 0, added 0
Progress: resolved 454, reused 329, downloaded 0, added 0
Progress: resolved 454, reused 334, downloaded 0, added 0
Progress: resolved 454, reused 354, downloaded 0, added 0
Progress: resolved 454, reused 366, downloaded 0, added 0
Progress: resolved 454, reused 389, downloaded 0, added 0
Progress: resolved 454, reused 434, downloaded 0, added 0
Progress: resolved 454, reused 449, downloaded 0, added 0
Progress: resolved 454, reused 451, downloaded 0, added 5
Progress: resolved 454, reused 452, downloaded 0, added 13
Progress: resolved 454, reused 452, downloaded 0, added 20
Progress: resolved 454, reused 452, downloaded 0, added 32
Progress: resolved 454, reused 452, downloaded 0, added 45
Progress: resolved 454, reused 452, downloaded 0, added 49
Progress: resolved 454, reused 452, downloaded 0, added 63
Progress: resolved 454, reused 452, downloaded 0, added 73
Progress: resolved 454, reused 452, downloaded 0, added 81
Progress: resolved 454, reused 452, downloaded 0, added 90
Progress: resolved 454, reused 452, downloaded 0, added 96
Progress: resolved 454, reused 452, downloaded 0, added 97
Progress: resolved 454, reused 452, downloaded 0, added 103
Progress: resolved 454, reused 452, downloaded 0, added 116
Progress: resolved 454, reused 452, downloaded 0, added 125
Progress: resolved 454, reused 452, downloaded 0, added 139
Progress: resolved 454, reused 452, downloaded 0, added 147
Progress: resolved 454, reused 452, downloaded 0, added 148
Progress: resolved 454, reused 452, downloaded 0, added 152
Progress: resolved 454, reused 452, downloaded 0, added 158
Progress: resolved 454, reused 452, downloaded 0, added 162
Progress: resolved 454, reused 452, downloaded 0, added 164
Progress: resolved 454, reused 452, downloaded 0, added 165
Progress: resolved 454, reused 452, downloaded 0, added 170
Progress: resolved 454, reused 452, downloaded 0, added 182
Progress: resolved 454, reused 453, downloaded 0, added 194
Progress: resolved 454, reused 453, downloaded 0, added 198
Progress: resolved 454, reused 453, downloaded 0, added 213
Progress: resolved 454, reused 453, downloaded 0, added 230
Progress: resolved 454, reused 453, downloaded 0, added 238
Progress: resolved 454, reused 453, downloaded 0, added 252
Progress: resolved 454, reused 453, downloaded 0, added 266
Progress: resolved 454, reused 453, downloaded 0, added 269
Progress: resolved 454, reused 453, downloaded 0, added 274
Progress: resolved 454, reused 453, downloaded 0, added 281
Progress: resolved 454, reused 453, downloaded 0, added 282
Progress: resolved 454, reused 453, downloaded 0, added 283
Progress: resolved 454, reused 453, downloaded 0, added 287
Progress: resolved 454, reused 453, downloaded 0, added 288
Progress: resolved 454, reused 453, downloaded 0, added 291
Progress: resolved 454, reused 453, downloaded 0, added 292
Progress: resolved 454, reused 453, downloaded 0, added 295
Progress: resolved 454, reused 453, downloaded 0, added 303
Progress: resolved 454, reused 453, downloaded 0, added 305
Progress: resolved 454, reused 453, downloaded 0, added 306
Progress: resolved 454, reused 453, downloaded 0, added 311
Progress: resolved 454, reused 453, downloaded 0, added 317
Progress: resolved 454, reused 453, downloaded 0, added 318
Progress: resolved 454, reused 453, downloaded 0, added 323
Progress: resolved 454, reused 453, downloaded 0, added 328
Progress: resolved 454, reused 453, downloaded 0, added 331
Progress: resolved 454, reused 453, downloaded 0, added 336
Progress: resolved 454, reused 453, downloaded 0, added 339
Progress: resolved 454, reused 453, downloaded 0, added 352
Progress: resolved 454, reused 453, downloaded 0, added 361
Progress: resolved 454, reused 453, downloaded 0, added 364
Progress: resolved 454, reused 453, downloaded 0, added 372
Progress: resolved 454, reused 453, downloaded 0, added 375
Progress: resolved 454, reused 453, downloaded 0, added 376
Progress: resolved 454, reused 453, downloaded 0, added 377
Progress: resolved 454, reused 453, downloaded 0, added 381
Progress: resolved 454, reused 454, downloaded 0, added 388
Progress: resolved 454, reused 454, downloaded 0, added 393
Progress: resolved 454, reused 454, downloaded 0, added 395
Progress: resolved 454, reused 454, downloaded 0, added 399
Progress: resolved 454, reused 454, downloaded 0, added 400
Progress: resolved 454, reused 454, downloaded 0, added 401
Progress: resolved 454, reused 454, downloaded 0, added 402
Progress: resolved 454, reused 454, downloaded 0, added 403
Progress: resolved 454, reused 454, downloaded 0, added 404
Progress: resolved 454, reused 454, downloaded 0, added 406
Progress: resolved 454, reused 454, downloaded 0, added 412
Progress: resolved 454, reused 454, downloaded 0, added 416
Progress: resolved 454, reused 454, downloaded 0, added 418
Progress: resolved 454, reused 454, downloaded 0, added 421
Progress: resolved 454, reused 454, downloaded 0, added 425
Progress: resolved 454, reused 454, downloaded 0, added 433
Progress: resolved 454, reused 454, downloaded 0, added 438
Progress: resolved 454, reused 454, downloaded 0, added 442
Progress: resolved 454, reused 454, downloaded 0, added 444
Progress: resolved 454, reused 454, downloaded 0, added 447
Progress: resolved 454, reused 454, downloaded 0, added 449
Progress: resolved 454, reused 454, downloaded 0, added 450
Progress: resolved 454, reused 454, downloaded 0, added 451
Progress: resolved 454, reused 454, downloaded 0, added 452
Progress: resolved 454, reused 454, downloaded 0, added 453
Progress: resolved 454, reused 454, downloaded 0, added 454
Progress: resolved 454, reused 454, downloaded 0, added 454, done

dependencies:
+ @google/genai 1.44.0
+ @tailwindcss/vite 4.2.1
+ @vitejs/plugin-react 5.1.4
+ axios 1.13.6
+ better-sqlite3 12.6.2
+ clsx 2.1.1
+ date-fns 4.1.0
+ dotenv 17.3.1
+ express 4.22.1
+ framer-motion 12.35.2
+ lucide-react 0.546.0
+ motion 12.35.2
+ react 19.2.4
+ react-dom 19.2.4
+ react-router-dom 7.13.1
+ recharts 3.8.0
+ tailwind-merge 3.5.0
+ vite 6.4.1
+ zustand 5.0.11

devDependencies:
+ @testing-library/jest-dom 6.9.1
+ @testing-library/react 16.3.2
+ @testing-library/user-event 14.6.1
+ @types/express 4.17.25
+ @types/node 22.19.15
+ @types/react-router-dom 5.3.3
+ @vitest/coverage-v8 3.2.4
+ @vitest/ui 3.2.4
+ autoprefixer 10.4.27
+ jsdom 26.1.0
+ tailwindcss 4.2.1
+ tsx 4.21.0
+ typescript 5.8.3
+ vitest 3.2.4

╭ Warning ─────────────────────────────────────────────────────────────────────╮
│                                                                              │
│   Ignored build scripts: better-sqlite3@12.6.2, esbuild@0.25.12,             │
│   esbuild@0.27.3, protobufjs@7.5.4.                                          │
│   Run "pnpm approve-builds" to pick which dependencies should be allowed     │
│   to run scripts.                                                            │
│                                                                              │
╰──────────────────────────────────────────────────────────────────────────────╯
Done in 4m 19.7s using pnpm v10.32.1
