[219] Installing: shortcut-master
Lockfile is up to date, resolution step is skipped
Progress: resolved 1, reused 0, downloaded 0, added 0
Packages: +549
++++++++++++++++++++++++++++++++++++++++++++++++++++++++++++++++++++++++++++++++
Progress: resolved 549, reused 0, downloaded 0, added 0
Progress: resolved 549, reused 125, downloaded 0, added 0
Progress: resolved 549, reused 215, downloaded 0, added 0
Progress: resolved 549, reused 267, downloaded 0, added 0
Progress: resolved 549, reused 286, downloaded 0, added 0
Progress: resolved 549, reused 318, downloaded 0, added 0
Progress: resolved 549, reused 345, downloaded 0, added 0
Progress: resolved 549, reused 361, downloaded 0, added 0
Progress: resolved 549, reused 391, downloaded 0, added 0
Progress: resolved 549, reused 414, downloaded 0, added 0
Progress: resolved 549, reused 433, downloaded 0, added 0
Progress: resolved 549, reused 434, downloaded 0, added 0
Progress: resolved 549, reused 435, downloaded 0, added 0
Progress: resolved 549, reused 449, downloaded 0, added 0
Progress: resolved 549, reused 453, downloaded 0, added 0
Progress: resolved 549, reused 455, downloaded 0, added 0
Progress: resolved 549, reused 463, downloaded 0, added 0
Progress: resolved 549, reused 470, downloaded 0, added 0
Progress: resolved 549, reused 471, downloaded 0, added 0
Progress: resolved 549, reused 482, downloaded 0, added 0
Progress: resolved 549, reused 483, downloaded 0, added 0
Progress: resolved 549, reused 488, downloaded 0, added 0
Progress: resolved 549, reused 506, downloaded 0, added 0
Progress: resolved 549, reused 522, downloaded 0, added 0
Progress: resolved 549, reused 533, downloaded 0, added 0
Progress: resolved 549, reused 541, downloaded 0, added 0
Progress: resolved 549, reused 545, downloaded 0, added 0
Progress: resolved 549, reused 546, downloaded 0, added 4
Progress: resolved 549, reused 548, downloaded 0, added 5
Progress: resolved 549, reused 548, downloaded 0, added 10
Progress: resolved 549, reused 548, downloaded 0, added 12
Progress: resolved 549, reused 548, downloaded 0, added 15
Progress: resolved 549, reused 548, downloaded 0, added 20
Progress: resolved 549, reused 548, downloaded 0, added 22
Progress: resolved 549, reused 548, downloaded 0, added 24
Progress: resolved 549, reused 548, downloaded 0, added 35
Progress: resolved 549, reused 548, downloaded 0, added 47
Progress: resolved 549, reused 548, downloaded 0, added 54
Progress: resolved 549, reused 548, downloaded 0, added 63
Progress: resolved 549, reused 549, downloaded 0, added 73
Progress: resolved 549, reused 549, downloaded 0, added 76
Progress: resolved 549, reused 549, downloaded 0, added 79
Progress: resolved 549, reused 549, downloaded 0, added 86
Progress: resolved 549, reused 549, downloaded 0, added 98
Progress: resolved 549, reused 549, downloaded 0, added 107
Progress: resolved 549, reused 549, downloaded 0, added 111
Progress: resolved 549, reused 549, downloaded 0, added 119
Progress: resolved 549, reused 549, downloaded 0, added 122
Progress: resolved 549, reused 549, downloaded 0, added 123
Progress: resolved 549, reused 549, downloaded 0, added 127
Progress: resolved 549, reused 549, downloaded 0, added 130
Progress: resolved 549, reused 549, downloaded 0, added 134
Progress: resolved 549, reused 549, downloaded 0, added 137
Progress: resolved 549, reused 549, downloaded 0, added 139
Progress: resolved 549, reused 549, downloaded 0, added 140
Progress: resolved 549, reused 549, downloaded 0, added 141
Progress: resolved 549, reused 549, downloaded 0, added 142
Progress: resolved 549, reused 549, downloaded 0, added 143
Progress: resolved 549, reused 549, downloaded 0, added 145
Progress: resolved 549, reused 549, downloaded 0, added 149
Progress: resolved 549, reused 549, downloaded 0, added 153
Progress: resolved 549, reused 549, downloaded 0, added 159
Progress: resolved 549, reused 549, downloaded 0, added 161
Progress: resolved 549, reused 549, downloaded 0, added 170
Progress: resolved 549, reused 549, downloaded 0, added 175
Progress: resolved 549, reused 549, downloaded 0, added 185
Progress: resolved 549, reused 549, downloaded 0, added 195
Progress: resolved 549, reused 549, downloaded 0, added 210
Progress: resolved 549, reused 549, downloaded 0, added 211
Progress: resolved 549, reused 549, downloaded 0, added 216
Progress: resolved 549, reused 549, downloaded 0, added 221
Progress: resolved 549, reused 549, downloaded 0, added 227
Progress: resolved 549, reused 549, downloaded 0, added 239
Progress: resolved 549, reused 549, downloaded 0, added 245
Progress: resolved 549, reused 549, downloaded 0, added 259
Progress: resolved 549, reused 549, downloaded 0, added 262
Progress: resolved 549, reused 549, downloaded 0, added 263
Progress: resolved 549, reused 549, downloaded 0, added 269
Progress: resolved 549, reused 549, downloaded 0, added 275
Progress: resolved 549, reused 549, downloaded 0, added 276
Progress: resolved 549, reused 549, downloaded 0, added 277
Progress: resolved 549, reused 549, downloaded 0, added 282
Progress: resolved 549, reused 549, downloaded 0, added 285
Progress: resolved 549, reused 549, downloaded 0, added 294
Progress: resolved 549, reused 549, downloaded 0, added 295
Progress: resolved 549, reused 549, downloaded 0, added 307
Progress: resolved 549, reused 549, downloaded 0, added 309
Progress: resolved 549, reused 549, downloaded 0, added 319
Progress: resolved 549, reused 549, downloaded 0, added 324
Progress: resolved 549, reused 549, downloaded 0, added 334
Progress: resolved 549, reused 549, downloaded 0, added 335
Progress: resolved 549, reused 549, downloaded 0, added 340
Progress: resolved 549, reused 549, downloaded 0, added 343
Progress: resolved 549, reused 549, downloaded 0, added 354
Progress: resolved 549, reused 549, downloaded 0, added 357
Progress: resolved 549, reused 549, downloaded 0, added 365
Progress: resolved 549, reused 549, downloaded 0, added 367
Progress: resolved 549, reused 549, downloaded 0, added 376
Progress: resolved 549, reused 549, downloaded 0, added 385
Progress: resolved 549, reused 549, downloaded 0, added 393
Progress: resolved 549, reused 549, downloaded 0, added 394
Progress: resolved 549, reused 549, downloaded 0, added 400
Progress: resolved 549, reused 549, downloaded 0, added 402
Progress: resolved 549, reused 549, downloaded 0, added 407
Progress: resolved 549, reused 549, downloaded 0, added 413
Progress: resolved 549, reused 549, downloaded 0, added 418
Progress: resolved 549, reused 549, downloaded 0, added 425
Progress: resolved 549, reused 549, downloaded 0, added 429
Progress: resolved 549, reused 549, downloaded 0, added 433
Progress: resolved 549, reused 549, downloaded 0, added 442
Progress: resolved 549, reused 549, downloaded 0, added 454
Progress: resolved 549, reused 549, downloaded 0, added 467
Progress: resolved 549, reused 549, downloaded 0, added 476
Progress: resolved 549, reused 549, downloaded 0, added 487
Progress: resolved 549, reused 549, downloaded 0, added 496
Progress: resolved 549, reused 549, downloaded 0, added 500
Progress: resolved 549, reused 549, downloaded 0, added 506
Progress: resolved 549, reused 549, downloaded 0, added 508
Progress: resolved 549, reused 549, downloaded 0, added 510
Progress: resolved 549, reused 549, downloaded 0, added 514
Progress: resolved 549, reused 549, downloaded 0, added 518
Progress: resolved 549, reused 549, downloaded 0, added 521
Progress: resolved 549, reused 549, downloaded 0, added 522
Progress: resolved 549, reused 549, downloaded 0, added 523
Progress: resolved 549, reused 549, downloaded 0, added 526
Progress: resolved 549, reused 549, downloaded 0, added 528
Progress: resolved 549, reused 549, downloaded 0, added 531
Progress: resolved 549, reused 549, downloaded 0, added 532
Progress: resolved 549, reused 549, downloaded 0, added 533
Progress: resolved 549, reused 549, downloaded 0, added 535
Progress: resolved 549, reused 549, downloaded 0, added 536
Progress: resolved 549, reused 549, downloaded 0, added 539
Progress: resolved 549, reused 549, downloaded 0, added 542
Progress: resolved 549, reused 549, downloaded 0, added 543
Progress: resolved 549, reused 549, downloaded 0, added 544
Progress: resolved 549, reused 549, downloaded 0, added 545
Progress: resolved 549, reused 549, downloaded 0, added 546
Progress: resolved 549, reused 549, downloaded 0, added 547
Progress: resolved 549, reused 549, downloaded 0, added 548
Progress: resolved 549, reused 549, downloaded 0, added 549
Progress: resolved 549, reused 549, downloaded 0, added 549, done

dependencies:
+ @google/genai 1.44.0
+ @tailwindcss/vite 4.2.1
+ @vitejs/plugin-react 5.1.4
+ better-sqlite3 12.6.2
+ cors 2.8.6
+ dotenv 17.3.1
+ express 4.22.1
+ lucide-react 0.546.0
+ motion 12.35.2
+ puppeteer 24.38.0
+ react 19.2.4
+ react-dom 19.2.4
+ react-markdown 10.1.0
+ react-router-dom 7.13.1
+ vite 6.4.1

devDependencies:
+ @testing-library/jest-dom 6.9.1
+ @testing-library/react 16.3.2
+ @testing-library/user-event 14.6.1
+ @types/express 4.17.25
+ @types/node 22.19.15
+ @vitest/coverage-v8 3.2.4
+ @vitest/ui 3.2.4
+ autoprefixer 10.4.27
+ jsdom 26.1.0
+ tailwindcss 4.2.1
+ tsx 4.21.0
+ typescript 5.8.3
+ vitest 3.2.4

╭ Warning ─────────────────────────────────────────────────────────────────────╮
│                                                                              │
│   Ignored build scripts: better-sqlite3@12.6.2, esbuild@0.25.12,             │
│   esbuild@0.27.3, protobufjs@7.5.4, puppeteer@24.38.0.                       │
│   Run "pnpm approve-builds" to pick which dependencies should be allowed     │
│   to run scripts.                                                            │
│                                                                              │
╰──────────────────────────────────────────────────────────────────────────────╯
Done in 3m 47.5s using pnpm v10.32.1
