[222] Installing: smart-contract-executor
Lockfile is up to date, resolution step is skipped
Progress: resolved 1, reused 0, downloaded 0, added 0
Packages: +454
++++++++++++++++++++++++++++++++++++++++++++++++++++++++++++++++++++++++++++++++
Progress: resolved 454, reused 0, downloaded 0, added 0
Progress: resolved 454, reused 29, downloaded 0, added 0
Progress: resolved 454, reused 46, downloaded 0, added 0
Progress: resolved 454, reused 87, downloaded 0, added 0
Progress: resolved 454, reused 141, downloaded 0, added 0
Progress: resolved 454, reused 162, downloaded 0, added 0
Progress: resolved 454, reused 213, downloaded 0, added 0
Progress: resolved 454, reused 268, downloaded 0, added 0
Progress: resolved 454, reused 278, downloaded 0, added 0
Progress: resolved 454, reused 297, downloaded 0, added 0
Progress: resolved 454, reused 310, downloaded 0, added 0
Progress: resolved 454, reused 326, downloaded 0, added 0
Progress: resolved 454, reused 332, downloaded 0, added 0
Progress: resolved 454, reused 341, downloaded 0, added 0
Progress: resolved 454, reused 360, downloaded 0, added 0
Progress: resolved 454, reused 373, downloaded 0, added 0
Progress: resolved 454, reused 387, downloaded 0, added 0
Progress: resolved 454, reused 423, downloaded 0, added 0
Progress: resolved 454, reused 437, downloaded 0, added 0
Progress: resolved 454, reused 452, downloaded 0, added 0
Progress: resolved 454, reused 452, downloaded 0, added 3
Progress: resolved 454, reused 453, downloaded 0, added 5
Progress: resolved 454, reused 453, downloaded 0, added 7
Progress: resolved 454, reused 453, downloaded 0, added 9
Progress: resolved 454, reused 453, downloaded 0, added 11
Progress: resolved 454, reused 453, downloaded 0, added 15
Progress: resolved 454, reused 453, downloaded 0, added 19
Progress: resolved 454, reused 453, downloaded 0, added 22
Progress: resolved 454, reused 453, downloaded 0, added 29
Progress: resolved 454, reused 453, downloaded 0, added 35
Progress: resolved 454, reused 454, downloaded 0, added 42
Progress: resolved 454, reused 454, downloaded 0, added 46
Progress: resolved 454, reused 454, downloaded 0, added 52
Progress: resolved 454, reused 454, downloaded 0, added 58
Progress: resolved 454, reused 454, downloaded 0, added 63
Progress: resolved 454, reused 454, downloaded 0, added 68
Progress: resolved 454, reused 454, downloaded 0, added 74
Progress: resolved 454, reused 454, downloaded 0, added 77
Progress: resolved 454, reused 454, downloaded 0, added 80
Progress: resolved 454, reused 454, downloaded 0, added 82
Progress: resolved 454, reused 454, downloaded 0, added 89
Progress: resolved 454, reused 454, downloaded 0, added 91
Progress: resolved 454, reused 454, downloaded 0, added 97
Progress: resolved 454, reused 454, downloaded 0, added 105
Progress: resolved 454, reused 454, downloaded 0, added 114
Progress: resolved 454, reused 454, downloaded 0, added 117
Progress: resolved 454, reused 454, downloaded 0, added 121
Progress: resolved 454, reused 454, downloaded 0, added 128
Progress: resolved 454, reused 454, downloaded 0, added 134
Progress: resolved 454, reused 454, downloaded 0, added 138
Progress: resolved 454, reused 454, downloaded 0, added 145
Progress: resolved 454, reused 454, downloaded 0, added 150
Progress: resolved 454, reused 454, downloaded 0, added 156
Progress: resolved 454, reused 454, downloaded 0, added 157
Progress: resolved 454, reused 454, downloaded 0, added 164
Progress: resolved 454, reused 454, downloaded 0, added 172
Progress: resolved 454, reused 454, downloaded 0, added 183
Progress: resolved 454, reused 454, downloaded 0, added 189
Progress: resolved 454, reused 454, downloaded 0, added 193
Progress: resolved 454, reused 454, downloaded 0, added 197
Progress: resolved 454, reused 454, downloaded 0, added 209
Progress: resolved 454, reused 454, downloaded 0, added 221
Progress: resolved 454, reused 454, downloaded 0, added 224
Progress: resolved 454, reused 454, downloaded 0, added 234
Progress: resolved 454, reused 454, downloaded 0, added 242
Progress: resolved 454, reused 454, downloaded 0, added 264
Progress: resolved 454, reused 454, downloaded 0, added 266
Progress: resolved 454, reused 454, downloaded 0, added 268
Progress: resolved 454, reused 454, downloaded 0, added 269
Progress: resolved 454, reused 454, downloaded 0, added 273
Progress: resolved 454, reused 454, downloaded 0, added 275
Progress: resolved 454, reused 454, downloaded 0, added 276
Progress: resolved 454, reused 454, downloaded 0, added 278
Progress: resolved 454, reused 454, downloaded 0, added 279
Progress: resolved 454, reused 454, downloaded 0, added 280
Progress: resolved 454, reused 454, downloaded 0, added 283
Progress: resolved 454, reused 454, downloaded 0, added 287
Progress: resolved 454, reused 454, downloaded 0, added 291
Progress: resolved 454, reused 454, downloaded 0, added 292
Progress: resolved 454, reused 454, downloaded 0, added 293
Progress: resolved 454, reused 454, downloaded 0, added 303
Progress: resolved 454, reused 454, downloaded 0, added 304
Progress: resolved 454, reused 454, downloaded 0, added 305
Progress: resolved 454, reused 454, downloaded 0, added 306
Progress: resolved 454, reused 454, downloaded 0, added 308
Progress: resolved 454, reused 454, downloaded 0, added 312
Progress: resolved 454, reused 454, downloaded 0, added 313
Progress: resolved 454, reused 454, downloaded 0, added 315
Progress: resolved 454, reused 454, downloaded 0, added 319
Progress: resolved 454, reused 454, downloaded 0, added 326
Progress: resolved 454, reused 454, downloaded 0, added 327
Progress: resolved 454, reused 454, downloaded 0, added 328
Progress: resolved 454, reused 454, downloaded 0, added 330
Progress: resolved 454, reused 454, downloaded 0, added 333
Progress: resolved 454, reused 454, downloaded 0, added 338
Progress: resolved 454, reused 454, downloaded 0, added 339
Progress: resolved 454, reused 454, downloaded 0, added 351
Progress: resolved 454, reused 454, downloaded 0, added 358
Progress: resolved 454, reused 454, downloaded 0, added 366
Progress: resolved 454, reused 454, downloaded 0, added 369
Progress: resolved 454, reused 454, downloaded 0, added 376
Progress: resolved 454, reused 454, downloaded 0, added 380
Progress: resolved 454, reused 454, downloaded 0, added 381
Progress: resolved 454, reused 454, downloaded 0, added 383
Progress: resolved 454, reused 454, downloaded 0, added 384
Progress: resolved 454, reused 454, downloaded 0, added 385
Progress: resolved 454, reused 454, downloaded 0, added 386
Progress: resolved 454, reused 454, downloaded 0, added 390
Progress: resolved 454, reused 454, downloaded 0, added 392
Progress: resolved 454, reused 454, downloaded 0, added 398
Progress: resolved 454, reused 454, downloaded 0, added 402
Progress: resolved 454, reused 454, downloaded 0, added 405
Progress: resolved 454, reused 454, downloaded 0, added 409
Progress: resolved 454, reused 454, downloaded 0, added 414
Progress: resolved 454, reused 454, downloaded 0, added 421
Progress: resolved 454, reused 454, downloaded 0, added 426
Progress: resolved 454, reused 454, downloaded 0, added 432
Progress: resolved 454, reused 454, downloaded 0, added 436
Progress: resolved 454, reused 454, downloaded 0, added 437
Progress: resolved 454, reused 454, downloaded 0, added 440
Progress: resolved 454, reused 454, downloaded 0, added 443
Progress: resolved 454, reused 454, downloaded 0, added 445
Progress: resolved 454, reused 454, downloaded 0, added 446
Progress: resolved 454, reused 454, downloaded 0, added 447
Progress: resolved 454, reused 454, downloaded 0, added 448
Progress: resolved 454, reused 454, downloaded 0, added 449
Progress: resolved 454, reused 454, downloaded 0, added 450
Progress: resolved 454, reused 454, downloaded 0, added 451
Progress: resolved 454, reused 454, downloaded 0, added 452
Progress: resolved 454, reused 454, downloaded 0, added 453
Progress: resolved 454, reused 454, downloaded 0, added 454
Progress: resolved 454, reused 454, downloaded 0, added 454, done

dependencies:
+ @google/genai 1.44.0
+ @tailwindcss/vite 4.2.1
+ @vitejs/plugin-react 5.1.4
+ axios 1.13.6
+ better-sqlite3 12.6.2
+ clsx 2.1.1
+ date-fns 4.1.0
+ dotenv 17.3.1
+ express 4.22.1
+ framer-motion 12.35.2
+ lucide-react 0.546.0
+ motion 12.35.2
+ react 19.2.4
+ react-dom 19.2.4
+ react-router-dom 7.13.1
+ recharts 3.8.0
+ tailwind-merge 3.5.0
+ vite 6.4.1
+ zustand 5.0.11

devDependencies:
+ @testing-library/jest-dom 6.9.1
+ @testing-library/react 16.3.2
+ @testing-library/user-event 14.6.1
+ @types/express 4.17.25
+ @types/node 22.19.15
+ @types/react-router-dom 5.3.3
+ @vitest/coverage-v8 3.2.4
+ @vitest/ui 3.2.4
+ autoprefixer 10.4.27
+ jsdom 26.1.0
+ tailwindcss 4.2.1
+ tsx 4.21.0
+ typescript 5.8.3
+ vitest 3.2.4

╭ Warning ─────────────────────────────────────────────────────────────────────╮
│                                                                              │
│   Ignored build scripts: better-sqlite3@12.6.2, esbuild@0.25.12,             │
│   esbuild@0.27.3, protobufjs@7.5.4.                                          │
│   Run "pnpm approve-builds" to pick which dependencies should be allowed     │
│   to run scripts.                                                            │
│                                                                              │
╰──────────────────────────────────────────────────────────────────────────────╯
Done in 4m 35.1s using pnpm v10.32.1
