[226] Installing: smartscale-ai-presentation-platform
Lockfile is up to date, resolution step is skipped
Progress: resolved 1, reused 0, downloaded 0, added 0
Packages: +308
++++++++++++++++++++++++++++++++++++++++++++++++++++++++++++++++++++++++++++++++
Progress: resolved 308, reused 0, downloaded 0, added 0
Progress: resolved 308, reused 1, downloaded 0, added 0
Progress: resolved 308, reused 10, downloaded 0, added 0
Progress: resolved 308, reused 21, downloaded 0, added 0
Progress: resolved 308, reused 45, downloaded 0, added 0
Progress: resolved 308, reused 81, downloaded 0, added 0
Progress: resolved 308, reused 93, downloaded 0, added 0
Progress: resolved 308, reused 102, downloaded 0, added 0
Progress: resolved 308, reused 107, downloaded 0, added 0
Progress: resolved 308, reused 115, downloaded 0, added 0
Progress: resolved 308, reused 119, downloaded 0, added 0
Progress: resolved 308, reused 147, downloaded 0, added 0
Progress: resolved 308, reused 161, downloaded 0, added 0
Progress: resolved 308, reused 167, downloaded 0, added 0
Progress: resolved 308, reused 182, downloaded 0, added 0
Progress: resolved 308, reused 199, downloaded 0, added 0
Progress: resolved 308, reused 211, downloaded 0, added 0
Progress: resolved 308, reused 214, downloaded 0, added 0
Progress: resolved 308, reused 215, downloaded 0, added 0
Progress: resolved 308, reused 228, downloaded 0, added 0
Progress: resolved 308, reused 247, downloaded 0, added 0
Progress: resolved 308, reused 264, downloaded 0, added 0
Progress: resolved 308, reused 265, downloaded 0, added 0
Progress: resolved 308, reused 266, downloaded 0, added 0
Progress: resolved 308, reused 267, downloaded 0, added 0
Progress: resolved 308, reused 268, downloaded 0, added 0
Progress: resolved 308, reused 269, downloaded 0, added 0
Progress: resolved 308, reused 270, downloaded 0, added 0
Progress: resolved 308, reused 271, downloaded 0, added 0
Progress: resolved 308, reused 272, downloaded 0, added 0
Progress: resolved 308, reused 273, downloaded 0, added 0
Progress: resolved 308, reused 274, downloaded 0, added 0
Progress: resolved 308, reused 275, downloaded 0, added 0
Progress: resolved 308, reused 276, downloaded 0, added 0
Progress: resolved 308, reused 303, downloaded 0, added 0
Progress: resolved 308, reused 306, downloaded 0, added 6
Progress: resolved 308, reused 307, downloaded 0, added 15
Progress: resolved 308, reused 308, downloaded 0, added 20
Progress: resolved 308, reused 308, downloaded 0, added 23
Progress: resolved 308, reused 308, downloaded 0, added 27
Progress: resolved 308, reused 308, downloaded 0, added 32
Progress: resolved 308, reused 308, downloaded 0, added 37
Progress: resolved 308, reused 308, downloaded 0, added 43
Progress: resolved 308, reused 308, downloaded 0, added 53
Progress: resolved 308, reused 308, downloaded 0, added 61
Progress: resolved 308, reused 308, downloaded 0, added 67
Progress: resolved 308, reused 308, downloaded 0, added 76
Progress: resolved 308, reused 308, downloaded 0, added 88
Progress: resolved 308, reused 308, downloaded 0, added 90
Progress: resolved 308, reused 308, downloaded 0, added 91
Progress: resolved 308, reused 308, downloaded 0, added 99
Progress: resolved 308, reused 308, downloaded 0, added 101
Progress: resolved 308, reused 308, downloaded 0, added 104
Progress: resolved 308, reused 308, downloaded 0, added 115
Progress: resolved 308, reused 308, downloaded 0, added 118
Progress: resolved 308, reused 308, downloaded 0, added 120
Progress: resolved 308, reused 308, downloaded 0, added 123
Progress: resolved 308, reused 308, downloaded 0, added 124
Progress: resolved 308, reused 308, downloaded 0, added 128
Progress: resolved 308, reused 308, downloaded 0, added 131
Progress: resolved 308, reused 308, downloaded 0, added 132
Progress: resolved 308, reused 308, downloaded 0, added 137
Progress: resolved 308, reused 308, downloaded 0, added 144
Progress: resolved 308, reused 308, downloaded 0, added 153
Progress: resolved 308, reused 308, downloaded 0, added 160
Progress: resolved 308, reused 308, downloaded 0, added 165
Progress: resolved 308, reused 308, downloaded 0, added 166
Progress: resolved 308, reused 308, downloaded 0, added 168
Progress: resolved 308, reused 308, downloaded 0, added 169
Progress: resolved 308, reused 308, downloaded 0, added 170
Progress: resolved 308, reused 308, downloaded 0, added 173
Progress: resolved 308, reused 308, downloaded 0, added 178
Progress: resolved 308, reused 308, downloaded 0, added 179
Progress: resolved 308, reused 308, downloaded 0, added 181
Progress: resolved 308, reused 308, downloaded 0, added 182
Progress: resolved 308, reused 308, downloaded 0, added 183
Progress: resolved 308, reused 308, downloaded 0, added 184
Progress: resolved 308, reused 308, downloaded 0, added 185
Progress: resolved 308, reused 308, downloaded 0, added 187
Progress: resolved 308, reused 308, downloaded 0, added 188
Progress: resolved 308, reused 308, downloaded 0, added 189
Progress: resolved 308, reused 308, downloaded 0, added 190
Progress: resolved 308, reused 308, downloaded 0, added 191
Progress: resolved 308, reused 308, downloaded 0, added 192
Progress: resolved 308, reused 308, downloaded 0, added 193
Progress: resolved 308, reused 308, downloaded 0, added 194
Progress: resolved 308, reused 308, downloaded 0, added 195
Progress: resolved 308, reused 308, downloaded 0, added 196
Progress: resolved 308, reused 308, downloaded 0, added 197
Progress: resolved 308, reused 308, downloaded 0, added 198
Progress: resolved 308, reused 308, downloaded 0, added 200
Progress: resolved 308, reused 308, downloaded 0, added 202
Progress: resolved 308, reused 308, downloaded 0, added 203
Progress: resolved 308, reused 308, downloaded 0, added 206
Progress: resolved 308, reused 308, downloaded 0, added 209
Progress: resolved 308, reused 308, downloaded 0, added 213
Progress: resolved 308, reused 308, downloaded 0, added 217
Progress: resolved 308, reused 308, downloaded 0, added 219
Progress: resolved 308, reused 308, downloaded 0, added 225
Progress: resolved 308, reused 308, downloaded 0, added 228
Progress: resolved 308, reused 308, downloaded 0, added 229
Progress: resolved 308, reused 308, downloaded 0, added 230
Progress: resolved 308, reused 308, downloaded 0, added 231
Progress: resolved 308, reused 308, downloaded 0, added 232
Progress: resolved 308, reused 308, downloaded 0, added 233
Progress: resolved 308, reused 308, downloaded 0, added 234
Progress: resolved 308, reused 308, downloaded 0, added 235
Progress: resolved 308, reused 308, downloaded 0, added 236
Progress: resolved 308, reused 308, downloaded 0, added 237
Progress: resolved 308, reused 308, downloaded 0, added 239
Progress: resolved 308, reused 308, downloaded 0, added 240
Progress: resolved 308, reused 308, downloaded 0, added 242
Progress: resolved 308, reused 308, downloaded 0, added 243
Progress: resolved 308, reused 308, downloaded 0, added 249
Progress: resolved 308, reused 308, downloaded 0, added 251
Progress: resolved 308, reused 308, downloaded 0, added 253
Progress: resolved 308, reused 308, downloaded 0, added 257
Progress: resolved 308, reused 308, downloaded 0, added 259
Progress: resolved 308, reused 308, downloaded 0, added 273
Progress: resolved 308, reused 308, downloaded 0, added 282
Progress: resolved 308, reused 308, downloaded 0, added 293
Progress: resolved 308, reused 308, downloaded 0, added 302
Progress: resolved 308, reused 308, downloaded 0, added 303
Progress: resolved 308, reused 308, downloaded 0, added 304
Progress: resolved 308, reused 308, downloaded 0, added 305
Progress: resolved 308, reused 308, downloaded 0, added 306
Progress: resolved 308, reused 308, downloaded 0, added 307
Progress: resolved 308, reused 308, downloaded 0, added 308
Progress: resolved 308, reused 308, downloaded 0, added 308, done

dependencies:
+ @google/genai 1.34.0
+ lucide-react 0.562.0
+ react 19.2.4
+ react-dom 19.2.4
+ react-router-dom 7.13.1

devDependencies:
+ @testing-library/jest-dom 6.9.1
+ @testing-library/react 16.3.2
+ @testing-library/user-event 14.6.1
+ @types/node 25.0.3
+ @vitejs/plugin-react 5.1.2
+ @vitest/coverage-v8 3.2.4
+ @vitest/ui 3.2.4
+ jsdom 26.1.0
+ serve 14.2.5
+ typescript 5.9.3
+ vite 7.3.1
+ vitest 3.2.4

Done in 8m 2.5s using pnpm v10.30.1
