[221] Installing: smart-campus-operations-engine
Lockfile is up to date, resolution step is skipped
Progress: resolved 1, reused 0, downloaded 0, added 0
Packages: +454
++++++++++++++++++++++++++++++++++++++++++++++++++++++++++++++++++++++++++++++++
Progress: resolved 454, reused 0, downloaded 0, added 0
Progress: resolved 454, reused 15, downloaded 0, added 0
Progress: resolved 454, reused 30, downloaded 0, added 0
Progress: resolved 454, reused 45, downloaded 0, added 0
Progress: resolved 454, reused 46, downloaded 0, added 0
Progress: resolved 454, reused 88, downloaded 0, added 0
Progress: resolved 454, reused 158, downloaded 0, added 0
Progress: resolved 454, reused 189, downloaded 0, added 0
Progress: resolved 454, reused 248, downloaded 0, added 0
Progress: resolved 454, reused 276, downloaded 0, added 0
Progress: resolved 454, reused 288, downloaded 0, added 0
Progress: resolved 454, reused 301, downloaded 0, added 0
Progress: resolved 454, reused 322, downloaded 0, added 0
Progress: resolved 454, reused 330, downloaded 0, added 0
Progress: resolved 454, reused 335, downloaded 0, added 0
Progress: resolved 454, reused 354, downloaded 0, added 0
Progress: resolved 454, reused 370, downloaded 0, added 0
Progress: resolved 454, reused 386, downloaded 0, added 0
Progress: resolved 454, reused 409, downloaded 0, added 0
Progress: resolved 454, reused 432, downloaded 0, added 0
Progress: resolved 454, reused 445, downloaded 0, added 0
Progress: resolved 454, reused 452, downloaded 0, added 2
Progress: resolved 454, reused 452, downloaded 0, added 4
Progress: resolved 454, reused 453, downloaded 0, added 6
Progress: resolved 454, reused 453, downloaded 0, added 8
Progress: resolved 454, reused 453, downloaded 0, added 10
Progress: resolved 454, reused 453, downloaded 0, added 12
Progress: resolved 454, reused 453, downloaded 0, added 16
Progress: resolved 454, reused 453, downloaded 0, added 24
Progress: resolved 454, reused 453, downloaded 0, added 29
Progress: resolved 454, reused 453, downloaded 0, added 33
Progress: resolved 454, reused 454, downloaded 0, added 37
Progress: resolved 454, reused 454, downloaded 0, added 43
Progress: resolved 454, reused 454, downloaded 0, added 50
Progress: resolved 454, reused 454, downloaded 0, added 53
Progress: resolved 454, reused 454, downloaded 0, added 60
Progress: resolved 454, reused 454, downloaded 0, added 65
Progress: resolved 454, reused 454, downloaded 0, added 70
Progress: resolved 454, reused 454, downloaded 0, added 75
Progress: resolved 454, reused 454, downloaded 0, added 80
Progress: resolved 454, reused 454, downloaded 0, added 84
Progress: resolved 454, reused 454, downloaded 0, added 87
Progress: resolved 454, reused 454, downloaded 0, added 89
Progress: resolved 454, reused 454, downloaded 0, added 91
Progress: resolved 454, reused 454, downloaded 0, added 97
Progress: resolved 454, reused 454, downloaded 0, added 103
Progress: resolved 454, reused 454, downloaded 0, added 109
Progress: resolved 454, reused 454, downloaded 0, added 115
Progress: resolved 454, reused 454, downloaded 0, added 123
Progress: resolved 454, reused 454, downloaded 0, added 127
Progress: resolved 454, reused 454, downloaded 0, added 132
Progress: resolved 454, reused 454, downloaded 0, added 137
Progress: resolved 454, reused 454, downloaded 0, added 142
Progress: resolved 454, reused 454, downloaded 0, added 150
Progress: resolved 454, reused 454, downloaded 0, added 156
Progress: resolved 454, reused 454, downloaded 0, added 157
Progress: resolved 454, reused 454, downloaded 0, added 168
Progress: resolved 454, reused 454, downloaded 0, added 175
Progress: resolved 454, reused 454, downloaded 0, added 185
Progress: resolved 454, reused 454, downloaded 0, added 190
Progress: resolved 454, reused 454, downloaded 0, added 193
Progress: resolved 454, reused 454, downloaded 0, added 201
Progress: resolved 454, reused 454, downloaded 0, added 213
Progress: resolved 454, reused 454, downloaded 0, added 224
Progress: resolved 454, reused 454, downloaded 0, added 226
Progress: resolved 454, reused 454, downloaded 0, added 235
Progress: resolved 454, reused 454, downloaded 0, added 249
Progress: resolved 454, reused 454, downloaded 0, added 264
Progress: resolved 454, reused 454, downloaded 0, added 267
Progress: resolved 454, reused 454, downloaded 0, added 268
Progress: resolved 454, reused 454, downloaded 0, added 269
Progress: resolved 454, reused 454, downloaded 0, added 273
Progress: resolved 454, reused 454, downloaded 0, added 276
Progress: resolved 454, reused 454, downloaded 0, added 277
Progress: resolved 454, reused 454, downloaded 0, added 278
Progress: resolved 454, reused 454, downloaded 0, added 280
Progress: resolved 454, reused 454, downloaded 0, added 281
Progress: resolved 454, reused 454, downloaded 0, added 286
Progress: resolved 454, reused 454, downloaded 0, added 290
Progress: resolved 454, reused 454, downloaded 0, added 291
Progress: resolved 454, reused 454, downloaded 0, added 292
Progress: resolved 454, reused 454, downloaded 0, added 302
Progress: resolved 454, reused 454, downloaded 0, added 303
Progress: resolved 454, reused 454, downloaded 0, added 305
Progress: resolved 454, reused 454, downloaded 0, added 306
Progress: resolved 454, reused 454, downloaded 0, added 308
Progress: resolved 454, reused 454, downloaded 0, added 311
Progress: resolved 454, reused 454, downloaded 0, added 313
Progress: resolved 454, reused 454, downloaded 0, added 315
Progress: resolved 454, reused 454, downloaded 0, added 319
Progress: resolved 454, reused 454, downloaded 0, added 326
Progress: resolved 454, reused 454, downloaded 0, added 327
Progress: resolved 454, reused 454, downloaded 0, added 328
Progress: resolved 454, reused 454, downloaded 0, added 330
Progress: resolved 454, reused 454, downloaded 0, added 333
Progress: resolved 454, reused 454, downloaded 0, added 338
Progress: resolved 454, reused 454, downloaded 0, added 339
Progress: resolved 454, reused 454, downloaded 0, added 349
Progress: resolved 454, reused 454, downloaded 0, added 357
Progress: resolved 454, reused 454, downloaded 0, added 364
Progress: resolved 454, reused 454, downloaded 0, added 368
Progress: resolved 454, reused 454, downloaded 0, added 377
Progress: resolved 454, reused 454, downloaded 0, added 380
Progress: resolved 454, reused 454, downloaded 0, added 381
Progress: resolved 454, reused 454, downloaded 0, added 383
Progress: resolved 454, reused 454, downloaded 0, added 384
Progress: resolved 454, reused 454, downloaded 0, added 385
Progress: resolved 454, reused 454, downloaded 0, added 386
Progress: resolved 454, reused 454, downloaded 0, added 390
Progress: resolved 454, reused 454, downloaded 0, added 393
Progress: resolved 454, reused 454, downloaded 0, added 398
Progress: resolved 454, reused 454, downloaded 0, added 403
Progress: resolved 454, reused 454, downloaded 0, added 405
Progress: resolved 454, reused 454, downloaded 0, added 408
Progress: resolved 454, reused 454, downloaded 0, added 414
Progress: resolved 454, reused 454, downloaded 0, added 421
Progress: resolved 454, reused 454, downloaded 0, added 427
Progress: resolved 454, reused 454, downloaded 0, added 432
Progress: resolved 454, reused 454, downloaded 0, added 437
Progress: resolved 454, reused 454, downloaded 0, added 438
Progress: resolved 454, reused 454, downloaded 0, added 439
Progress: resolved 454, reused 454, downloaded 0, added 440
Progress: resolved 454, reused 454, downloaded 0, added 444
Progress: resolved 454, reused 454, downloaded 0, added 445
Progress: resolved 454, reused 454, downloaded 0, added 446
Progress: resolved 454, reused 454, downloaded 0, added 447
Progress: resolved 454, reused 454, downloaded 0, added 448
Progress: resolved 454, reused 454, downloaded 0, added 449
Progress: resolved 454, reused 454, downloaded 0, added 450
Progress: resolved 454, reused 454, downloaded 0, added 451
Progress: resolved 454, reused 454, downloaded 0, added 452
Progress: resolved 454, reused 454, downloaded 0, added 453
Progress: resolved 454, reused 454, downloaded 0, added 454
Progress: resolved 454, reused 454, downloaded 0, added 454, done

dependencies:
+ @google/genai 1.44.0
+ @tailwindcss/vite 4.2.1
+ @vitejs/plugin-react 5.1.4
+ axios 1.13.6
+ better-sqlite3 12.6.2
+ clsx 2.1.1
+ date-fns 4.1.0
+ dotenv 17.3.1
+ express 4.22.1
+ framer-motion 12.35.2
+ lucide-react 0.546.0
+ motion 12.35.2
+ react 19.2.4
+ react-dom 19.2.4
+ react-router-dom 7.13.1
+ recharts 3.8.0
+ tailwind-merge 3.5.0
+ vite 6.4.1
+ zustand 5.0.11

devDependencies:
+ @testing-library/jest-dom 6.9.1
+ @testing-library/react 16.3.2
+ @testing-library/user-event 14.6.1
+ @types/express 4.17.25
+ @types/node 22.19.15
+ @types/react-router-dom 5.3.3
+ @vitest/coverage-v8 3.2.4
+ @vitest/ui 3.2.4
+ autoprefixer 10.4.27
+ jsdom 26.1.0
+ tailwindcss 4.2.1
+ tsx 4.21.0
+ typescript 5.8.3
+ vitest 3.2.4

╭ Warning ─────────────────────────────────────────────────────────────────────╮
│                                                                              │
│   Ignored build scripts: better-sqlite3@12.6.2, esbuild@0.25.12,             │
│   esbuild@0.27.3, protobufjs@7.5.4.                                          │
│   Run "pnpm approve-builds" to pick which dependencies should be allowed     │
│   to run scripts.                                                            │
│                                                                              │
╰──────────────────────────────────────────────────────────────────────────────╯
Done in 4m 35.2s using pnpm v10.32.1
