[228] Installing: soil-health-analyzer
Lockfile is up to date, resolution step is skipped
Progress: resolved 1, reused 0, downloaded 0, added 0
Packages: +454
++++++++++++++++++++++++++++++++++++++++++++++++++++++++++++++++++++++++++++++++
Progress: resolved 454, reused 0, downloaded 0, added 0
Progress: resolved 454, reused 2, downloaded 0, added 0
Progress: resolved 454, reused 8, downloaded 0, added 0
Progress: resolved 454, reused 12, downloaded 0, added 0
Progress: resolved 454, reused 17, downloaded 0, added 0
Progress: resolved 454, reused 22, downloaded 0, added 0
Progress: resolved 454, reused 23, downloaded 0, added 0
Progress: resolved 454, reused 29, downloaded 0, added 0
Progress: resolved 454, reused 44, downloaded 0, added 0
Progress: resolved 454, reused 52, downloaded 0, added 0
Progress: resolved 454, reused 53, downloaded 0, added 0
Progress: resolved 454, reused 79, downloaded 0, added 0
Progress: resolved 454, reused 84, downloaded 0, added 0
Progress: resolved 454, reused 103, downloaded 0, added 0
Progress: resolved 454, reused 124, downloaded 0, added 0
Progress: resolved 454, reused 151, downloaded 0, added 0
Progress: resolved 454, reused 158, downloaded 0, added 0
Progress: resolved 454, reused 162, downloaded 0, added 0
Progress: resolved 454, reused 168, downloaded 0, added 0
Progress: resolved 454, reused 182, downloaded 0, added 0
Progress: resolved 454, reused 203, downloaded 0, added 0
Progress: resolved 454, reused 211, downloaded 0, added 0
Progress: resolved 454, reused 231, downloaded 0, added 0
Progress: resolved 454, reused 244, downloaded 0, added 0
Progress: resolved 454, reused 247, downloaded 0, added 0
Progress: resolved 454, reused 248, downloaded 0, added 0
Progress: resolved 454, reused 259, downloaded 0, added 0
Progress: resolved 454, reused 267, downloaded 0, added 0
Progress: resolved 454, reused 270, downloaded 0, added 0
Progress: resolved 454, reused 276, downloaded 0, added 0
Progress: resolved 454, reused 277, downloaded 0, added 0
Progress: resolved 454, reused 280, downloaded 0, added 0
Progress: resolved 454, reused 281, downloaded 0, added 0
Progress: resolved 454, reused 282, downloaded 0, added 0
Progress: resolved 454, reused 283, downloaded 0, added 0
Progress: resolved 454, reused 291, downloaded 0, added 0
Progress: resolved 454, reused 292, downloaded 0, added 0
Progress: resolved 454, reused 294, downloaded 0, added 0
Progress: resolved 454, reused 300, downloaded 0, added 0
Progress: resolved 454, reused 307, downloaded 0, added 0
Progress: resolved 454, reused 313, downloaded 0, added 0
Progress: resolved 454, reused 315, downloaded 0, added 0
Progress: resolved 454, reused 320, downloaded 0, added 0
Progress: resolved 454, reused 321, downloaded 0, added 0
Progress: resolved 454, reused 328, downloaded 0, added 0
Progress: resolved 454, reused 329, downloaded 0, added 0
Progress: resolved 454, reused 330, downloaded 0, added 0
Progress: resolved 454, reused 332, downloaded 0, added 0
Progress: resolved 454, reused 333, downloaded 0, added 0
Progress: resolved 454, reused 334, downloaded 0, added 0
Progress: resolved 454, reused 337, downloaded 0, added 0
Progress: resolved 454, reused 340, downloaded 0, added 0
Progress: resolved 454, reused 344, downloaded 0, added 0
Progress: resolved 454, reused 346, downloaded 0, added 0
Progress: resolved 454, reused 353, downloaded 0, added 0
Progress: resolved 454, reused 354, downloaded 0, added 0
Progress: resolved 454, reused 358, downloaded 0, added 0
Progress: resolved 454, reused 361, downloaded 0, added 0
Progress: resolved 454, reused 365, downloaded 0, added 0
Progress: resolved 454, reused 371, downloaded 0, added 0
Progress: resolved 454, reused 373, downloaded 0, added 0
Progress: resolved 454, reused 374, downloaded 0, added 0
Progress: resolved 454, reused 375, downloaded 0, added 0
Progress: resolved 454, reused 379, downloaded 0, added 0
Progress: resolved 454, reused 384, downloaded 0, added 0
Progress: resolved 454, reused 387, downloaded 0, added 0
Progress: resolved 454, reused 390, downloaded 0, added 0
Progress: resolved 454, reused 401, downloaded 0, added 0
Progress: resolved 454, reused 408, downloaded 0, added 0
Progress: resolved 454, reused 416, downloaded 0, added 0
Progress: resolved 454, reused 420, downloaded 0, added 0
Progress: resolved 454, reused 421, downloaded 0, added 0
Progress: resolved 454, reused 428, downloaded 0, added 0
Progress: resolved 454, reused 431, downloaded 0, added 0
Progress: resolved 454, reused 435, downloaded 0, added 0
Progress: resolved 454, reused 438, downloaded 0, added 0
Progress: resolved 454, reused 441, downloaded 0, added 0
Progress: resolved 454, reused 445, downloaded 0, added 0
Progress: resolved 454, reused 448, downloaded 0, added 0
Progress: resolved 454, reused 450, downloaded 0, added 1
Progress: resolved 454, reused 450, downloaded 0, added 4
Progress: resolved 454, reused 451, downloaded 0, added 5
Progress: resolved 454, reused 451, downloaded 0, added 7
Progress: resolved 454, reused 451, downloaded 0, added 8
Progress: resolved 454, reused 451, downloaded 0, added 10
Progress: resolved 454, reused 451, downloaded 0, added 15
Progress: resolved 454, reused 451, downloaded 0, added 18
Progress: resolved 454, reused 451, downloaded 0, added 19
Progress: resolved 454, reused 451, downloaded 0, added 20
Progress: resolved 454, reused 451, downloaded 0, added 23
Progress: resolved 454, reused 451, downloaded 0, added 25
Progress: resolved 454, reused 451, downloaded 0, added 26
Progress: resolved 454, reused 451, downloaded 0, added 27
Progress: resolved 454, reused 451, downloaded 0, added 28
Progress: resolved 454, reused 451, downloaded 0, added 34
Progress: resolved 454, reused 451, downloaded 0, added 36
Progress: resolved 454, reused 451, downloaded 0, added 37
Progress: resolved 454, reused 451, downloaded 0, added 38
Progress: resolved 454, reused 451, downloaded 0, added 42
Progress: resolved 454, reused 451, downloaded 0, added 43
Progress: resolved 454, reused 451, downloaded 0, added 45
Progress: resolved 454, reused 451, downloaded 0, added 46
Progress: resolved 454, reused 451, downloaded 0, added 49
Progress: resolved 454, reused 451, downloaded 0, added 50
Progress: resolved 454, reused 451, downloaded 0, added 53
Progress: resolved 454, reused 451, downloaded 0, added 54
Progress: resolved 454, reused 451, downloaded 0, added 55
Progress: resolved 454, reused 451, downloaded 0, added 56
Progress: resolved 454, reused 451, downloaded 0, added 58
Progress: resolved 454, reused 451, downloaded 0, added 61
Progress: resolved 454, reused 451, downloaded 0, added 62
Progress: resolved 454, reused 451, downloaded 0, added 65
Progress: resolved 454, reused 451, downloaded 0, added 69
Progress: resolved 454, reused 451, downloaded 0, added 71
Progress: resolved 454, reused 452, downloaded 0, added 71
Progress: resolved 454, reused 452, downloaded 0, added 72
Progress: resolved 454, reused 452, downloaded 0, added 74
Progress: resolved 454, reused 452, downloaded 0, added 76
Progress: resolved 454, reused 452, downloaded 0, added 77
Progress: resolved 454, reused 452, downloaded 0, added 78
Progress: resolved 454, reused 452, downloaded 0, added 82
Progress: resolved 454, reused 453, downloaded 0, added 85
Progress: resolved 454, reused 453, downloaded 0, added 87
Progress: resolved 454, reused 453, downloaded 0, added 92
Progress: resolved 454, reused 453, downloaded 0, added 95
Progress: resolved 454, reused 453, downloaded 0, added 102
Progress: resolved 454, reused 453, downloaded 0, added 108
Progress: resolved 454, reused 453, downloaded 0, added 109
Progress: resolved 454, reused 453, downloaded 0, added 115
Progress: resolved 454, reused 453, downloaded 0, added 120
Progress: resolved 454, reused 453, downloaded 0, added 125
Progress: resolved 454, reused 453, downloaded 0, added 130
Progress: resolved 454, reused 453, downloaded 0, added 133
Progress: resolved 454, reused 453, downloaded 0, added 138
Progress: resolved 454, reused 453, downloaded 0, added 142
Progress: resolved 454, reused 453, downloaded 0, added 145
Progress: resolved 454, reused 453, downloaded 0, added 146
Progress: resolved 454, reused 453, downloaded 0, added 148
Progress: resolved 454, reused 453, downloaded 0, added 149
Progress: resolved 454, reused 453, downloaded 0, added 152
Progress: resolved 454, reused 453, downloaded 0, added 155
Progress: resolved 454, reused 453, downloaded 0, added 157
Progress: resolved 454, reused 453, downloaded 0, added 158
Progress: resolved 454, reused 453, downloaded 0, added 159
Progress: resolved 454, reused 453, downloaded 0, added 160
Progress: resolved 454, reused 453, downloaded 0, added 161
Progress: resolved 454, reused 453, downloaded 0, added 162
Progress: resolved 454, reused 453, downloaded 0, added 163
Progress: resolved 454, reused 453, downloaded 0, added 165
Progress: resolved 454, reused 453, downloaded 0, added 166
Progress: resolved 454, reused 453, downloaded 0, added 168
Progress: resolved 454, reused 453, downloaded 0, added 170
Progress: resolved 454, reused 453, downloaded 0, added 174
Progress: resolved 454, reused 453, downloaded 0, added 177
Progress: resolved 454, reused 453, downloaded 0, added 181
Progress: resolved 454, reused 453, downloaded 0, added 185
Progress: resolved 454, reused 453, downloaded 0, added 187
Progress: resolved 454, reused 453, downloaded 0, added 189
Progress: resolved 454, reused 453, downloaded 0, added 192
Progress: resolved 454, reused 453, downloaded 0, added 194
Progress: resolved 454, reused 453, downloaded 0, added 198
Progress: resolved 454, reused 453, downloaded 0, added 201
Progress: resolved 454, reused 453, downloaded 0, added 210
Progress: resolved 454, reused 453, downloaded 0, added 216
Progress: resolved 454, reused 453, downloaded 0, added 220
Progress: resolved 454, reused 453, downloaded 0, added 228
Progress: resolved 454, reused 453, downloaded 0, added 232
Progress: resolved 454, reused 453, downloaded 0, added 237
Progress: resolved 454, reused 453, downloaded 0, added 247
Progress: resolved 454, reused 453, downloaded 0, added 253
Progress: resolved 454, reused 453, downloaded 0, added 261
Progress: resolved 454, reused 453, downloaded 0, added 264
Progress: resolved 454, reused 453, downloaded 0, added 265
Progress: resolved 454, reused 453, downloaded 0, added 267
Progress: resolved 454, reused 453, downloaded 0, added 268
Progress: resolved 454, reused 453, downloaded 0, added 269
Progress: resolved 454, reused 453, downloaded 0, added 270
Progress: resolved 454, reused 453, downloaded 0, added 272
Progress: resolved 454, reused 453, downloaded 0, added 274
Progress: resolved 454, reused 453, downloaded 0, added 275
Progress: resolved 454, reused 453, downloaded 0, added 276
Progress: resolved 454, reused 453, downloaded 0, added 277
Progress: resolved 454, reused 453, downloaded 0, added 278
Progress: resolved 454, reused 453, downloaded 0, added 279
Progress: resolved 454, reused 453, downloaded 0, added 280
Progress: resolved 454, reused 453, downloaded 0, added 281
Progress: resolved 454, reused 453, downloaded 0, added 282
Progress: resolved 454, reused 453, downloaded 0, added 283
Progress: resolved 454, reused 453, downloaded 0, added 284
Progress: resolved 454, reused 453, downloaded 0, added 286
Progress: resolved 454, reused 453, downloaded 0, added 287
Progress: resolved 454, reused 453, downloaded 0, added 289
Progress: resolved 454, reused 453, downloaded 0, added 290
Progress: resolved 454, reused 453, downloaded 0, added 293
Progress: resolved 454, reused 453, downloaded 0, added 298
Progress: resolved 454, reused 453, downloaded 0, added 303
Progress: resolved 454, reused 453, downloaded 0, added 304
Progress: resolved 454, reused 453, downloaded 0, added 305
Progress: resolved 454, reused 453, downloaded 0, added 307
Progress: resolved 454, reused 453, downloaded 0, added 308
Progress: resolved 454, reused 453, downloaded 0, added 311
Progress: resolved 454, reused 453, downloaded 0, added 313
Progress: resolved 454, reused 453, downloaded 0, added 314
Progress: resolved 454, reused 453, downloaded 0, added 315
Progress: resolved 454, reused 454, downloaded 0, added 315
Progress: resolved 454, reused 454, downloaded 0, added 316
Progress: resolved 454, reused 454, downloaded 0, added 317
Progress: resolved 454, reused 454, downloaded 0, added 318
Progress: resolved 454, reused 454, downloaded 0, added 319
Progress: resolved 454, reused 454, downloaded 0, added 320
Progress: resolved 454, reused 454, downloaded 0, added 321
Progress: resolved 454, reused 454, downloaded 0, added 322
Progress: resolved 454, reused 454, downloaded 0, added 323
Progress: resolved 454, reused 454, downloaded 0, added 324
Progress: resolved 454, reused 454, downloaded 0, added 325
Progress: resolved 454, reused 454, downloaded 0, added 326
Progress: resolved 454, reused 454, downloaded 0, added 327
Progress: resolved 454, reused 454, downloaded 0, added 328
Progress: resolved 454, reused 454, downloaded 0, added 329
Progress: resolved 454, reused 454, downloaded 0, added 330
Progress: resolved 454, reused 454, downloaded 0, added 331
Progress: resolved 454, reused 454, downloaded 0, added 332
Progress: resolved 454, reused 454, downloaded 0, added 334
Progress: resolved 454, reused 454, downloaded 0, added 335
Progress: resolved 454, reused 454, downloaded 0, added 338
Progress: resolved 454, reused 454, downloaded 0, added 341
Progress: resolved 454, reused 454, downloaded 0, added 347
Progress: resolved 454, reused 454, downloaded 0, added 350
Progress: resolved 454, reused 454, downloaded 0, added 352
Progress: resolved 454, reused 454, downloaded 0, added 353
Progress: resolved 454, reused 454, downloaded 0, added 354
Progress: resolved 454, reused 454, downloaded 0, added 355
Progress: resolved 454, reused 454, downloaded 0, added 356
Progress: resolved 454, reused 454, downloaded 0, added 357
Progress: resolved 454, reused 454, downloaded 0, added 359
Progress: resolved 454, reused 454, downloaded 0, added 362
Progress: resolved 454, reused 454, downloaded 0, added 363
Progress: resolved 454, reused 454, downloaded 0, added 364
Progress: resolved 454, reused 454, downloaded 0, added 365
Progress: resolved 454, reused 454, downloaded 0, added 366
Progress: resolved 454, reused 454, downloaded 0, added 367
Progress: resolved 454, reused 454, downloaded 0, added 368
Progress: resolved 454, reused 454, downloaded 0, added 369
Progress: resolved 454, reused 454, downloaded 0, added 370
Progress: resolved 454, reused 454, downloaded 0, added 371
Progress: resolved 454, reused 454, downloaded 0, added 372
Progress: resolved 454, reused 454, downloaded 0, added 373
Progress: resolved 454, reused 454, downloaded 0, added 374
Progress: resolved 454, reused 454, downloaded 0, added 376
Progress: resolved 454, reused 454, downloaded 0, added 378
Progress: resolved 454, reused 454, downloaded 0, added 379
Progress: resolved 454, reused 454, downloaded 0, added 380
Progress: resolved 454, reused 454, downloaded 0, added 381
Progress: resolved 454, reused 454, downloaded 0, added 382
Progress: resolved 454, reused 454, downloaded 0, added 383
Progress: resolved 454, reused 454, downloaded 0, added 384
Progress: resolved 454, reused 454, downloaded 0, added 385
Progress: resolved 454, reused 454, downloaded 0, added 386
Progress: resolved 454, reused 454, downloaded 0, added 387
Progress: resolved 454, reused 454, downloaded 0, added 388
Progress: resolved 454, reused 454, downloaded 0, added 389
Progress: resolved 454, reused 454, downloaded 0, added 391
Progress: resolved 454, reused 454, downloaded 0, added 392
Progress: resolved 454, reused 454, downloaded 0, added 393
Progress: resolved 454, reused 454, downloaded 0, added 394
Progress: resolved 454, reused 454, downloaded 0, added 397
Progress: resolved 454, reused 454, downloaded 0, added 398
Progress: resolved 454, reused 454, downloaded 0, added 399
Progress: resolved 454, reused 454, downloaded 0, added 400
Progress: resolved 454, reused 454, downloaded 0, added 401
Progress: resolved 454, reused 454, downloaded 0, added 402
Progress: resolved 454, reused 454, downloaded 0, added 404
Progress: resolved 454, reused 454, downloaded 0, added 408
Progress: resolved 454, reused 454, downloaded 0, added 410
Progress: resolved 454, reused 454, downloaded 0, added 412
Progress: resolved 454, reused 454, downloaded 0, added 413
Progress: resolved 454, reused 454, downloaded 0, added 414
Progress: resolved 454, reused 454, downloaded 0, added 415
Progress: resolved 454, reused 454, downloaded 0, added 416
Progress: resolved 454, reused 454, downloaded 0, added 418
Progress: resolved 454, reused 454, downloaded 0, added 419
Progress: resolved 454, reused 454, downloaded 0, added 420
Progress: resolved 454, reused 454, downloaded 0, added 422
Progress: resolved 454, reused 454, downloaded 0, added 423
Progress: resolved 454, reused 454, downloaded 0, added 424
Progress: resolved 454, reused 454, downloaded 0, added 425
Progress: resolved 454, reused 454, downloaded 0, added 426
Progress: resolved 454, reused 454, downloaded 0, added 429
Progress: resolved 454, reused 454, downloaded 0, added 430
Progress: resolved 454, reused 454, downloaded 0, added 432
Progress: resolved 454, reused 454, downloaded 0, added 434
Progress: resolved 454, reused 454, downloaded 0, added 435
Progress: resolved 454, reused 454, downloaded 0, added 436
Progress: resolved 454, reused 454, downloaded 0, added 437
Progress: resolved 454, reused 454, downloaded 0, added 438
Progress: resolved 454, reused 454, downloaded 0, added 439
Progress: resolved 454, reused 454, downloaded 0, added 440
Progress: resolved 454, reused 454, downloaded 0, added 441
Progress: resolved 454, reused 454, downloaded 0, added 442
Progress: resolved 454, reused 454, downloaded 0, added 443
Progress: resolved 454, reused 454, downloaded 0, added 444
Progress: resolved 454, reused 454, downloaded 0, added 445
Progress: resolved 454, reused 454, downloaded 0, added 446
Progress: resolved 454, reused 454, downloaded 0, added 447
Progress: resolved 454, reused 454, downloaded 0, added 448
Progress: resolved 454, reused 454, downloaded 0, added 449
Progress: resolved 454, reused 454, downloaded 0, added 450
Progress: resolved 454, reused 454, downloaded 0, added 451
Progress: resolved 454, reused 454, downloaded 0, added 452
Progress: resolved 454, reused 454, downloaded 0, added 453
Progress: resolved 454, reused 454, downloaded 0, added 454
Progress: resolved 454, reused 454, downloaded 0, added 454, done

dependencies:
+ @google/genai 1.44.0
+ @tailwindcss/vite 4.2.1
+ @vitejs/plugin-react 5.1.4
+ axios 1.13.6
+ better-sqlite3 12.6.2
+ clsx 2.1.1
+ date-fns 4.1.0
+ dotenv 17.3.1
+ express 4.22.1
+ framer-motion 12.35.2
+ lucide-react 0.546.0
+ motion 12.35.2
+ react 19.2.4
+ react-dom 19.2.4
+ react-router-dom 7.13.1
+ recharts 3.8.0
+ tailwind-merge 3.5.0
+ vite 6.4.1
+ zustand 5.0.11

devDependencies:
+ @testing-library/jest-dom 6.9.1
+ @testing-library/react 16.3.2
+ @testing-library/user-event 14.6.1
+ @types/express 4.17.25
+ @types/node 22.19.15
+ @types/react-router-dom 5.3.3
+ @vitest/coverage-v8 3.2.4
+ @vitest/ui 3.2.4
+ autoprefixer 10.4.27
+ jsdom 26.1.0
+ tailwindcss 4.2.1
+ tsx 4.21.0
+ typescript 5.8.3
+ vitest 3.2.4

╭ Warning ─────────────────────────────────────────────────────────────────────╮
│                                                                              │
│   Ignored build scripts: better-sqlite3@12.6.2, esbuild@0.25.12,             │
│   esbuild@0.27.3, protobufjs@7.5.4.                                          │
│   Run "pnpm approve-builds" to pick which dependencies should be allowed     │
│   to run scripts.                                                            │
│                                                                              │
╰──────────────────────────────────────────────────────────────────────────────╯
Done in 15m 37.9s using pnpm v10.32.1
