[229] Installing: still_her_baby
Lockfile is up to date, resolution step is skipped
Progress: resolved 1, reused 0, downloaded 0, added 0
Packages: +300
++++++++++++++++++++++++++++++++++++++++++++++++++++++++++++++++++++++++++++++++
Progress: resolved 300, reused 0, downloaded 0, added 0
Progress: resolved 300, reused 1, downloaded 0, added 0
Progress: resolved 300, reused 19, downloaded 0, added 0
Progress: resolved 300, reused 43, downloaded 0, added 0
Progress: resolved 300, reused 52, downloaded 0, added 0
Progress: resolved 300, reused 58, downloaded 0, added 0
Progress: resolved 300, reused 69, downloaded 0, added 0
Progress: resolved 300, reused 74, downloaded 0, added 0
Progress: resolved 300, reused 75, downloaded 0, added 0
Progress: resolved 300, reused 83, downloaded 0, added 0
Progress: resolved 300, reused 86, downloaded 0, added 0
Progress: resolved 300, reused 105, downloaded 0, added 0
Progress: resolved 300, reused 116, downloaded 0, added 0
Progress: resolved 300, reused 156, downloaded 0, added 0
Progress: resolved 300, reused 173, downloaded 0, added 0
Progress: resolved 300, reused 193, downloaded 0, added 0
Progress: resolved 300, reused 200, downloaded 0, added 0
Progress: resolved 300, reused 203, downloaded 0, added 0
Progress: resolved 300, reused 206, downloaded 0, added 0
Progress: resolved 300, reused 221, downloaded 0, added 0
Progress: resolved 300, reused 242, downloaded 0, added 0
Progress: resolved 300, reused 256, downloaded 0, added 0
Progress: resolved 300, reused 257, downloaded 0, added 0
Progress: resolved 300, reused 258, downloaded 0, added 0
Progress: resolved 300, reused 259, downloaded 0, added 0
Progress: resolved 300, reused 260, downloaded 0, added 0
Progress: resolved 300, reused 261, downloaded 0, added 0
Progress: resolved 300, reused 262, downloaded 0, added 0
Progress: resolved 300, reused 263, downloaded 0, added 0
Progress: resolved 300, reused 264, downloaded 0, added 0
Progress: resolved 300, reused 265, downloaded 0, added 0
Progress: resolved 300, reused 266, downloaded 0, added 0
Progress: resolved 300, reused 267, downloaded 0, added 0
Progress: resolved 300, reused 268, downloaded 0, added 0
Progress: resolved 300, reused 296, downloaded 0, added 0
Progress: resolved 300, reused 298, downloaded 0, added 2
Progress: resolved 300, reused 299, downloaded 0, added 7
Progress: resolved 300, reused 300, downloaded 0, added 11
Progress: resolved 300, reused 300, downloaded 0, added 15
Progress: resolved 300, reused 300, downloaded 0, added 17
Progress: resolved 300, reused 300, downloaded 0, added 19
Progress: resolved 300, reused 300, downloaded 0, added 28
Progress: resolved 300, reused 300, downloaded 0, added 32
Progress: resolved 300, reused 300, downloaded 0, added 41
Progress: resolved 300, reused 300, downloaded 0, added 45
Progress: resolved 300, reused 300, downloaded 0, added 48
Progress: resolved 300, reused 300, downloaded 0, added 54
Progress: resolved 300, reused 300, downloaded 0, added 62
Progress: resolved 300, reused 300, downloaded 0, added 68
Progress: resolved 300, reused 300, downloaded 0, added 72
Progress: resolved 300, reused 300, downloaded 0, added 80
Progress: resolved 300, reused 300, downloaded 0, added 82
Progress: resolved 300, reused 300, downloaded 0, added 84
Progress: resolved 300, reused 300, downloaded 0, added 86
Progress: resolved 300, reused 300, downloaded 0, added 88
Progress: resolved 300, reused 300, downloaded 0, added 89
Progress: resolved 300, reused 300, downloaded 0, added 92
Progress: resolved 300, reused 300, downloaded 0, added 95
Progress: resolved 300, reused 300, downloaded 0, added 99
Progress: resolved 300, reused 300, downloaded 0, added 100
Progress: resolved 300, reused 300, downloaded 0, added 101
Progress: resolved 300, reused 300, downloaded 0, added 103
Progress: resolved 300, reused 300, downloaded 0, added 107
Progress: resolved 300, reused 300, downloaded 0, added 112
Progress: resolved 300, reused 300, downloaded 0, added 114
Progress: resolved 300, reused 300, downloaded 0, added 119
Progress: resolved 300, reused 300, downloaded 0, added 124
Progress: resolved 300, reused 300, downloaded 0, added 133
Progress: resolved 300, reused 300, downloaded 0, added 146
Progress: resolved 300, reused 300, downloaded 0, added 152
Progress: resolved 300, reused 300, downloaded 0, added 156
Progress: resolved 300, reused 300, downloaded 0, added 158
Progress: resolved 300, reused 300, downloaded 0, added 162
Progress: resolved 300, reused 300, downloaded 0, added 165
Progress: resolved 300, reused 300, downloaded 0, added 166
Progress: resolved 300, reused 300, downloaded 0, added 167
Progress: resolved 300, reused 300, downloaded 0, added 168
Progress: resolved 300, reused 300, downloaded 0, added 169
Progress: resolved 300, reused 300, downloaded 0, added 173
Progress: resolved 300, reused 300, downloaded 0, added 174
Progress: resolved 300, reused 300, downloaded 0, added 180
Progress: resolved 300, reused 300, downloaded 0, added 182
Progress: resolved 300, reused 300, downloaded 0, added 184
Progress: resolved 300, reused 300, downloaded 0, added 185
Progress: resolved 300, reused 300, downloaded 0, added 186
Progress: resolved 300, reused 300, downloaded 0, added 189
Progress: resolved 300, reused 300, downloaded 0, added 190
Progress: resolved 300, reused 300, downloaded 0, added 191
Progress: resolved 300, reused 300, downloaded 0, added 195
Progress: resolved 300, reused 300, downloaded 0, added 198
Progress: resolved 300, reused 300, downloaded 0, added 202
Progress: resolved 300, reused 300, downloaded 0, added 206
Progress: resolved 300, reused 300, downloaded 0, added 211
Progress: resolved 300, reused 300, downloaded 0, added 214
Progress: resolved 300, reused 300, downloaded 0, added 219
Progress: resolved 300, reused 300, downloaded 0, added 220
Progress: resolved 300, reused 300, downloaded 0, added 221
Progress: resolved 300, reused 300, downloaded 0, added 222
Progress: resolved 300, reused 300, downloaded 0, added 223
Progress: resolved 300, reused 300, downloaded 0, added 224
Progress: resolved 300, reused 300, downloaded 0, added 225
Progress: resolved 300, reused 300, downloaded 0, added 227
Progress: resolved 300, reused 300, downloaded 0, added 228
Progress: resolved 300, reused 300, downloaded 0, added 230
Progress: resolved 300, reused 300, downloaded 0, added 231
Progress: resolved 300, reused 300, downloaded 0, added 233
Progress: resolved 300, reused 300, downloaded 0, added 236
Progress: resolved 300, reused 300, downloaded 0, added 242
Progress: resolved 300, reused 300, downloaded 0, added 243
Progress: resolved 300, reused 300, downloaded 0, added 245
Progress: resolved 300, reused 300, downloaded 0, added 249
Progress: resolved 300, reused 300, downloaded 0, added 253
Progress: resolved 300, reused 300, downloaded 0, added 266
Progress: resolved 300, reused 300, downloaded 0, added 274
Progress: resolved 300, reused 300, downloaded 0, added 289
Progress: resolved 300, reused 300, downloaded 0, added 295
Progress: resolved 300, reused 300, downloaded 0, added 296
Progress: resolved 300, reused 300, downloaded 0, added 297
Progress: resolved 300, reused 300, downloaded 0, added 298
Progress: resolved 300, reused 300, downloaded 0, added 299
Progress: resolved 300, reused 300, downloaded 0, added 300
Progress: resolved 300, reused 300, downloaded 0, added 300, done

dependencies:
+ @tailwindcss/vite 4.2.1
+ lucide-react 0.263.1
+ react 19.2.4
+ react-dom 19.2.4
+ react-router-dom 7.13.1

devDependencies:
+ @testing-library/jest-dom 6.9.1
+ @testing-library/react 16.3.2
+ @testing-library/user-event 14.6.1
+ @types/react 19.2.14
+ @types/react-dom 19.2.3
+ @vitejs/plugin-react 4.7.0
+ @vitest/coverage-v8 3.2.4
+ @vitest/ui 3.2.4
+ jsdom 26.1.0
+ postcss 8.5.6
+ serve 14.2.5
+ tailwindcss 4.2.1
+ typescript 5.9.3
+ vite 7.3.1
+ vitest 3.2.4

Done in 4m 14.3s using pnpm v10.30.1
