[233] Installing: student-performance-predictor
Lockfile is up to date, resolution step is skipped
Progress: resolved 1, reused 0, downloaded 0, added 0
Packages: +454
++++++++++++++++++++++++++++++++++++++++++++++++++++++++++++++++++++++++++++++++
Progress: resolved 454, reused 12, downloaded 0, added 0
Progress: resolved 454, reused 31, downloaded 0, added 0
Progress: resolved 454, reused 75, downloaded 0, added 0
Progress: resolved 454, reused 129, downloaded 0, added 0
Progress: resolved 454, reused 164, downloaded 0, added 0
Progress: resolved 454, reused 223, downloaded 0, added 0
Progress: resolved 454, reused 273, downloaded 0, added 0
Progress: resolved 454, reused 277, downloaded 0, added 0
Progress: resolved 454, reused 291, downloaded 0, added 0
Progress: resolved 454, reused 302, downloaded 0, added 0
Progress: resolved 454, reused 319, downloaded 0, added 0
Progress: resolved 454, reused 328, downloaded 0, added 0
Progress: resolved 454, reused 329, downloaded 0, added 0
Progress: resolved 454, reused 333, downloaded 0, added 0
Progress: resolved 454, reused 358, downloaded 0, added 0
Progress: resolved 454, reused 371, downloaded 0, added 0
Progress: resolved 454, reused 378, downloaded 0, added 0
Progress: resolved 454, reused 385, downloaded 0, added 0
Progress: resolved 454, reused 386, downloaded 0, added 0
Progress: resolved 454, reused 399, downloaded 0, added 0
Progress: resolved 454, reused 420, downloaded 0, added 0
Progress: resolved 454, reused 443, downloaded 0, added 0
Progress: resolved 454, reused 451, downloaded 0, added 1
Progress: resolved 454, reused 452, downloaded 0, added 13
Progress: resolved 454, reused 452, downloaded 0, added 20
Progress: resolved 454, reused 452, downloaded 0, added 27
Progress: resolved 454, reused 452, downloaded 0, added 37
Progress: resolved 454, reused 453, downloaded 0, added 44
Progress: resolved 454, reused 453, downloaded 0, added 57
Progress: resolved 454, reused 453, downloaded 0, added 73
Progress: resolved 454, reused 453, downloaded 0, added 77
Progress: resolved 454, reused 453, downloaded 0, added 81
Progress: resolved 454, reused 453, downloaded 0, added 91
Progress: resolved 454, reused 453, downloaded 0, added 103
Progress: resolved 454, reused 453, downloaded 0, added 113
Progress: resolved 454, reused 453, downloaded 0, added 121
Progress: resolved 454, reused 453, downloaded 0, added 132
Progress: resolved 454, reused 453, downloaded 0, added 139
Progress: resolved 454, reused 453, downloaded 0, added 144
Progress: resolved 454, reused 453, downloaded 0, added 150
Progress: resolved 454, reused 453, downloaded 0, added 151
Progress: resolved 454, reused 453, downloaded 0, added 158
Progress: resolved 454, reused 453, downloaded 0, added 163
Progress: resolved 454, reused 453, downloaded 0, added 184
Progress: resolved 454, reused 453, downloaded 0, added 185
Progress: resolved 454, reused 453, downloaded 0, added 194
Progress: resolved 454, reused 453, downloaded 0, added 203
Progress: resolved 454, reused 453, downloaded 0, added 213
Progress: resolved 454, reused 453, downloaded 0, added 230
Progress: resolved 454, reused 453, downloaded 0, added 240
Progress: resolved 454, reused 453, downloaded 0, added 260
Progress: resolved 454, reused 453, downloaded 0, added 266
Progress: resolved 454, reused 453, downloaded 0, added 270
Progress: resolved 454, reused 453, downloaded 0, added 274
Progress: resolved 454, reused 453, downloaded 0, added 275
Progress: resolved 454, reused 453, downloaded 0, added 276
Progress: resolved 454, reused 453, downloaded 0, added 280
Progress: resolved 454, reused 453, downloaded 0, added 283
Progress: resolved 454, reused 453, downloaded 0, added 284
Progress: resolved 454, reused 453, downloaded 0, added 285
Progress: resolved 454, reused 453, downloaded 0, added 287
Progress: resolved 454, reused 453, downloaded 0, added 288
Progress: resolved 454, reused 453, downloaded 0, added 295
Progress: resolved 454, reused 453, downloaded 0, added 299
Progress: resolved 454, reused 453, downloaded 0, added 300
Progress: resolved 454, reused 454, downloaded 0, added 304
Progress: resolved 454, reused 454, downloaded 0, added 305
Progress: resolved 454, reused 454, downloaded 0, added 307
Progress: resolved 454, reused 454, downloaded 0, added 309
Progress: resolved 454, reused 454, downloaded 0, added 310
Progress: resolved 454, reused 454, downloaded 0, added 312
Progress: resolved 454, reused 454, downloaded 0, added 313
Progress: resolved 454, reused 454, downloaded 0, added 314
Progress: resolved 454, reused 454, downloaded 0, added 316
Progress: resolved 454, reused 454, downloaded 0, added 317
Progress: resolved 454, reused 454, downloaded 0, added 318
Progress: resolved 454, reused 454, downloaded 0, added 319
Progress: resolved 454, reused 454, downloaded 0, added 320
Progress: resolved 454, reused 454, downloaded 0, added 322
Progress: resolved 454, reused 454, downloaded 0, added 326
Progress: resolved 454, reused 454, downloaded 0, added 331
Progress: resolved 454, reused 454, downloaded 0, added 332
Progress: resolved 454, reused 454, downloaded 0, added 337
Progress: resolved 454, reused 454, downloaded 0, added 352
Progress: resolved 454, reused 454, downloaded 0, added 364
Progress: resolved 454, reused 454, downloaded 0, added 368
Progress: resolved 454, reused 454, downloaded 0, added 378
Progress: resolved 454, reused 454, downloaded 0, added 386
Progress: resolved 454, reused 454, downloaded 0, added 389
Progress: resolved 454, reused 454, downloaded 0, added 394
Progress: resolved 454, reused 454, downloaded 0, added 400
Progress: resolved 454, reused 454, downloaded 0, added 411
Progress: resolved 454, reused 454, downloaded 0, added 419
Progress: resolved 454, reused 454, downloaded 0, added 431
Progress: resolved 454, reused 454, downloaded 0, added 435
Progress: resolved 454, reused 454, downloaded 0, added 439
Progress: resolved 454, reused 454, downloaded 0, added 444
Progress: resolved 454, reused 454, downloaded 0, added 446
Progress: resolved 454, reused 454, downloaded 0, added 448
Progress: resolved 454, reused 454, downloaded 0, added 449
Progress: resolved 454, reused 454, downloaded 0, added 450
Progress: resolved 454, reused 454, downloaded 0, added 451
Progress: resolved 454, reused 454, downloaded 0, added 452
Progress: resolved 454, reused 454, downloaded 0, added 453
Progress: resolved 454, reused 454, downloaded 0, added 454
Progress: resolved 454, reused 454, downloaded 0, added 454, done

dependencies:
+ @google/genai 1.44.0
+ @tailwindcss/vite 4.2.1
+ @vitejs/plugin-react 5.1.4
+ axios 1.13.6
+ better-sqlite3 12.6.2
+ clsx 2.1.1
+ date-fns 4.1.0
+ dotenv 17.3.1
+ express 4.22.1
+ framer-motion 12.35.2
+ lucide-react 0.546.0
+ motion 12.35.2
+ react 19.2.4
+ react-dom 19.2.4
+ react-router-dom 7.13.1
+ recharts 3.8.0
+ tailwind-merge 3.5.0
+ vite 6.4.1
+ zustand 5.0.11

devDependencies:
+ @testing-library/jest-dom 6.9.1
+ @testing-library/react 16.3.2
+ @testing-library/user-event 14.6.1
+ @types/express 4.17.25
+ @types/node 22.19.15
+ @types/react-router-dom 5.3.3
+ @vitest/coverage-v8 3.2.4
+ @vitest/ui 3.2.4
+ autoprefixer 10.4.27
+ jsdom 26.1.0
+ tailwindcss 4.2.1
+ tsx 4.21.0
+ typescript 5.8.3
+ vitest 3.2.4

╭ Warning ─────────────────────────────────────────────────────────────────────╮
│                                                                              │
│   Ignored build scripts: better-sqlite3@12.6.2, esbuild@0.25.12,             │
│   esbuild@0.27.3, protobufjs@7.5.4.                                          │
│   Run "pnpm approve-builds" to pick which dependencies should be allowed     │
│   to run scripts.                                                            │
│                                                                              │
╰──────────────────────────────────────────────────────────────────────────────╯
Done in 2m 58.6s using pnpm v10.32.1
