[232] Installing: student-payment-system
Lockfile is up to date, resolution step is skipped
Progress: resolved 1, reused 0, downloaded 0, added 0
Packages: +155
++++++++++++++++++++++++++++++++++++++++++++++++++++++++++++++++++++++++++++++++
Progress: resolved 155, reused 0, downloaded 0, added 0
Progress: resolved 155, reused 3, downloaded 0, added 0
Progress: resolved 155, reused 6, downloaded 0, added 0
Progress: resolved 155, reused 7, downloaded 0, added 0
Progress: resolved 155, reused 15, downloaded 0, added 0
Progress: resolved 155, reused 16, downloaded 0, added 0
Progress: resolved 155, reused 17, downloaded 0, added 0
Progress: resolved 155, reused 20, downloaded 0, added 0
Progress: resolved 155, reused 22, downloaded 0, added 0
Progress: resolved 155, reused 24, downloaded 0, added 0
Progress: resolved 155, reused 25, downloaded 0, added 0
Progress: resolved 155, reused 26, downloaded 0, added 0
Progress: resolved 155, reused 30, downloaded 0, added 0
Progress: resolved 155, reused 35, downloaded 0, added 0
Progress: resolved 155, reused 37, downloaded 0, added 0
Progress: resolved 155, reused 40, downloaded 0, added 0
Progress: resolved 155, reused 49, downloaded 0, added 0
Progress: resolved 155, reused 61, downloaded 0, added 0
Progress: resolved 155, reused 66, downloaded 0, added 0
Progress: resolved 155, reused 77, downloaded 0, added 0
Progress: resolved 155, reused 112, downloaded 0, added 0
Progress: resolved 155, reused 113, downloaded 0, added 0
Progress: resolved 155, reused 119, downloaded 0, added 0
Progress: resolved 155, reused 122, downloaded 0, added 0
Progress: resolved 155, reused 135, downloaded 0, added 0
Progress: resolved 155, reused 147, downloaded 0, added 0
Progress: resolved 155, reused 153, downloaded 0, added 5
Progress: resolved 155, reused 153, downloaded 0, added 7
Progress: resolved 155, reused 153, downloaded 0, added 15
Progress: resolved 155, reused 153, downloaded 0, added 23
Progress: resolved 155, reused 153, downloaded 0, added 25
Progress: resolved 155, reused 155, downloaded 0, added 29
Progress: resolved 155, reused 155, downloaded 0, added 30
Progress: resolved 155, reused 155, downloaded 0, added 31
Progress: resolved 155, reused 155, downloaded 0, added 32
Progress: resolved 155, reused 155, downloaded 0, added 34
Progress: resolved 155, reused 155, downloaded 0, added 36
Progress: resolved 155, reused 155, downloaded 0, added 39
Progress: resolved 155, reused 155, downloaded 0, added 51
Progress: resolved 155, reused 155, downloaded 0, added 67
Progress: resolved 155, reused 155, downloaded 0, added 70
Progress: resolved 155, reused 155, downloaded 0, added 73
Progress: resolved 155, reused 155, downloaded 0, added 75
Progress: resolved 155, reused 155, downloaded 0, added 81
Progress: resolved 155, reused 155, downloaded 0, added 86
Progress: resolved 155, reused 155, downloaded 0, added 88
Progress: resolved 155, reused 155, downloaded 0, added 89
Progress: resolved 155, reused 155, downloaded 0, added 98
Progress: resolved 155, reused 155, downloaded 0, added 99
Progress: resolved 155, reused 155, downloaded 0, added 100
Progress: resolved 155, reused 155, downloaded 0, added 103
Progress: resolved 155, reused 155, downloaded 0, added 104
Progress: resolved 155, reused 155, downloaded 0, added 107
Progress: resolved 155, reused 155, downloaded 0, added 108
Progress: resolved 155, reused 155, downloaded 0, added 109
Progress: resolved 155, reused 155, downloaded 0, added 114
Progress: resolved 155, reused 155, downloaded 0, added 120
Progress: resolved 155, reused 155, downloaded 0, added 124
Progress: resolved 155, reused 155, downloaded 0, added 127
Progress: resolved 155, reused 155, downloaded 0, added 134
Progress: resolved 155, reused 155, downloaded 0, added 135
Progress: resolved 155, reused 155, downloaded 0, added 139
Progress: resolved 155, reused 155, downloaded 0, added 147
Progress: resolved 155, reused 155, downloaded 0, added 148
Progress: resolved 155, reused 155, downloaded 0, added 153
Progress: resolved 155, reused 155, downloaded 0, added 155, done

dependencies:
+ cors 2.8.6
+ dotenv 16.6.1
+ express 5.2.1
+ mysql2 3.20.0
+ uuid 11.1.0

devDependencies:
+ nodemon 3.1.14
+ vitest 3.2.4

╭ Warning ─────────────────────────────────────────────────────────────────────╮
│                                                                              │
│   Ignored build scripts: esbuild@0.27.4.                                     │
│   Run "pnpm approve-builds" to pick which dependencies should be allowed     │
│   to run scripts.                                                            │
│                                                                              │
╰──────────────────────────────────────────────────────────────────────────────╯
Done in 1m 46.6s using pnpm v10.32.1
