[234] Installing: student-success-coach
Lockfile is up to date, resolution step is skipped
Progress: resolved 1, reused 0, downloaded 0, added 0
Packages: +155
++++++++++++++++++++++++++++++++++++++++++++++++++++++++++++++++++++++++++++++++
Progress: resolved 155, reused 0, downloaded 0, added 0
Progress: resolved 155, reused 1, downloaded 0, added 0
Progress: resolved 155, reused 6, downloaded 0, added 0
Progress: resolved 155, reused 7, downloaded 0, added 0
Progress: resolved 155, reused 14, downloaded 0, added 0
Progress: resolved 155, reused 16, downloaded 0, added 0
Progress: resolved 155, reused 17, downloaded 0, added 0
Progress: resolved 155, reused 19, downloaded 0, added 0
Progress: resolved 155, reused 22, downloaded 0, added 0
Progress: resolved 155, reused 24, downloaded 0, added 0
Progress: resolved 155, reused 25, downloaded 0, added 0
Progress: resolved 155, reused 26, downloaded 0, added 0
Progress: resolved 155, reused 30, downloaded 0, added 0
Progress: resolved 155, reused 35, downloaded 0, added 0
Progress: resolved 155, reused 37, downloaded 0, added 0
Progress: resolved 155, reused 40, downloaded 0, added 0
Progress: resolved 155, reused 49, downloaded 0, added 0
Progress: resolved 155, reused 60, downloaded 0, added 0
Progress: resolved 155, reused 66, downloaded 0, added 0
Progress: resolved 155, reused 77, downloaded 0, added 0
Progress: resolved 155, reused 112, downloaded 0, added 0
Progress: resolved 155, reused 113, downloaded 0, added 0
Progress: resolved 155, reused 119, downloaded 0, added 0
Progress: resolved 155, reused 122, downloaded 0, added 0
Progress: resolved 155, reused 135, downloaded 0, added 0
Progress: resolved 155, reused 147, downloaded 0, added 0
Progress: resolved 155, reused 153, downloaded 0, added 5
Progress: resolved 155, reused 153, downloaded 0, added 6
Progress: resolved 155, reused 153, downloaded 0, added 13
Progress: resolved 155, reused 153, downloaded 0, added 20
Progress: resolved 155, reused 153, downloaded 0, added 25
Progress: resolved 155, reused 155, downloaded 0, added 27
Progress: resolved 155, reused 155, downloaded 0, added 30
Progress: resolved 155, reused 155, downloaded 0, added 32
Progress: resolved 155, reused 155, downloaded 0, added 33
Progress: resolved 155, reused 155, downloaded 0, added 35
Progress: resolved 155, reused 155, downloaded 0, added 36
Progress: resolved 155, reused 155, downloaded 0, added 40
Progress: resolved 155, reused 155, downloaded 0, added 51
Progress: resolved 155, reused 155, downloaded 0, added 66
Progress: resolved 155, reused 155, downloaded 0, added 69
Progress: resolved 155, reused 155, downloaded 0, added 70
Progress: resolved 155, reused 155, downloaded 0, added 74
Progress: resolved 155, reused 155, downloaded 0, added 77
Progress: resolved 155, reused 155, downloaded 0, added 81
Progress: resolved 155, reused 155, downloaded 0, added 85
Progress: resolved 155, reused 155, downloaded 0, added 95
Progress: resolved 155, reused 155, downloaded 0, added 98
Progress: resolved 155, reused 155, downloaded 0, added 99
Progress: resolved 155, reused 155, downloaded 0, added 101
Progress: resolved 155, reused 155, downloaded 0, added 104
Progress: resolved 155, reused 155, downloaded 0, added 105
Progress: resolved 155, reused 155, downloaded 0, added 108
Progress: resolved 155, reused 155, downloaded 0, added 110
Progress: resolved 155, reused 155, downloaded 0, added 115
Progress: resolved 155, reused 155, downloaded 0, added 121
Progress: resolved 155, reused 155, downloaded 0, added 126
Progress: resolved 155, reused 155, downloaded 0, added 130
Progress: resolved 155, reused 155, downloaded 0, added 135
Progress: resolved 155, reused 155, downloaded 0, added 137
Progress: resolved 155, reused 155, downloaded 0, added 142
Progress: resolved 155, reused 155, downloaded 0, added 149
Progress: resolved 155, reused 155, downloaded 0, added 150
Progress: resolved 155, reused 155, downloaded 0, added 154
Progress: resolved 155, reused 155, downloaded 0, added 155, done

dependencies:
+ cors 2.8.6
+ dotenv 16.6.1
+ express 5.2.1
+ mysql2 3.20.0
+ uuid 11.1.0

devDependencies:
+ nodemon 3.1.14
+ vitest 3.2.4

╭ Warning ─────────────────────────────────────────────────────────────────────╮
│                                                                              │
│   Ignored build scripts: esbuild@0.27.4.                                     │
│   Run "pnpm approve-builds" to pick which dependencies should be allowed     │
│   to run scripts.                                                            │
│                                                                              │
╰──────────────────────────────────────────────────────────────────────────────╯
Done in 1m 46.7s using pnpm v10.32.1
