[236] Installing: supply-chain-route-optimizer
Lockfile is up to date, resolution step is skipped
Progress: resolved 1, reused 0, downloaded 0, added 0
Packages: +454
++++++++++++++++++++++++++++++++++++++++++++++++++++++++++++++++++++++++++++++++
Progress: resolved 454, reused 21, downloaded 0, added 0
Progress: resolved 454, reused 269, downloaded 0, added 0
Progress: resolved 454, reused 298, downloaded 0, added 0
Progress: resolved 454, reused 315, downloaded 0, added 0
Progress: resolved 454, reused 452, downloaded 0, added 3
Progress: resolved 454, reused 452, downloaded 0, added 14
Progress: resolved 454, reused 452, downloaded 0, added 24
Progress: resolved 454, reused 452, downloaded 0, added 44
Progress: resolved 454, reused 452, downloaded 0, added 68
Progress: resolved 454, reused 452, downloaded 0, added 77
Progress: resolved 454, reused 453, downloaded 0, added 91
Progress: resolved 454, reused 453, downloaded 0, added 110
Progress: resolved 454, reused 453, downloaded 0, added 114
Progress: resolved 454, reused 453, downloaded 0, added 125
Progress: resolved 454, reused 453, downloaded 0, added 135
Progress: resolved 454, reused 453, downloaded 0, added 144
Progress: resolved 454, reused 453, downloaded 0, added 152
Progress: resolved 454, reused 453, downloaded 0, added 153
Progress: resolved 454, reused 453, downloaded 0, added 154
Progress: resolved 454, reused 453, downloaded 0, added 156
Progress: resolved 454, reused 453, downloaded 0, added 158
Progress: resolved 454, reused 453, downloaded 0, added 163
Progress: resolved 454, reused 453, downloaded 0, added 164
Progress: resolved 454, reused 453, downloaded 0, added 168
Progress: resolved 454, reused 453, downloaded 0, added 172
Progress: resolved 454, reused 453, downloaded 0, added 173
Progress: resolved 454, reused 453, downloaded 0, added 185
Progress: resolved 454, reused 453, downloaded 0, added 197
Progress: resolved 454, reused 453, downloaded 0, added 198
Progress: resolved 454, reused 453, downloaded 0, added 199
Progress: resolved 454, reused 453, downloaded 0, added 203
Progress: resolved 454, reused 453, downloaded 0, added 238
Progress: resolved 454, reused 453, downloaded 0, added 267
Progress: resolved 454, reused 453, downloaded 0, added 276
Progress: resolved 454, reused 453, downloaded 0, added 280
Progress: resolved 454, reused 453, downloaded 0, added 287
Progress: resolved 454, reused 453, downloaded 0, added 291
Progress: resolved 454, reused 453, downloaded 0, added 303
Progress: resolved 454, reused 453, downloaded 0, added 304
Progress: resolved 454, reused 453, downloaded 0, added 310
Progress: resolved 454, reused 453, downloaded 0, added 311
Progress: resolved 454, reused 453, downloaded 0, added 318
Progress: resolved 454, reused 453, downloaded 0, added 319
Progress: resolved 454, reused 453, downloaded 0, added 321
Progress: resolved 454, reused 453, downloaded 0, added 330
Progress: resolved 454, reused 453, downloaded 0, added 331
Progress: resolved 454, reused 453, downloaded 0, added 333
Progress: resolved 454, reused 453, downloaded 0, added 335
Progress: resolved 454, reused 453, downloaded 0, added 336
Progress: resolved 454, reused 453, downloaded 0, added 350
Progress: resolved 454, reused 453, downloaded 0, added 351
Progress: resolved 454, reused 453, downloaded 0, added 359
Progress: resolved 454, reused 453, downloaded 0, added 367
Progress: resolved 454, reused 453, downloaded 0, added 375
Progress: resolved 454, reused 453, downloaded 0, added 387
Progress: resolved 454, reused 453, downloaded 0, added 389
Progress: resolved 454, reused 453, downloaded 0, added 395
Progress: resolved 454, reused 453, downloaded 0, added 403
Progress: resolved 454, reused 453, downloaded 0, added 406
Progress: resolved 454, reused 453, downloaded 0, added 418
Progress: resolved 454, reused 454, downloaded 0, added 419
Progress: resolved 454, reused 454, downloaded 0, added 431
Progress: resolved 454, reused 454, downloaded 0, added 439
Progress: resolved 454, reused 454, downloaded 0, added 444
Progress: resolved 454, reused 454, downloaded 0, added 448
Progress: resolved 454, reused 454, downloaded 0, added 450
Progress: resolved 454, reused 454, downloaded 0, added 451
Progress: resolved 454, reused 454, downloaded 0, added 452
Progress: resolved 454, reused 454, downloaded 0, added 453
Progress: resolved 454, reused 454, downloaded 0, added 454
Progress: resolved 454, reused 454, downloaded 0, added 454, done

dependencies:
+ @google/genai 1.44.0
+ @tailwindcss/vite 4.2.1
+ @vitejs/plugin-react 5.1.4
+ axios 1.13.6
+ better-sqlite3 12.6.2
+ clsx 2.1.1
+ date-fns 4.1.0
+ dotenv 17.3.1
+ express 4.22.1
+ framer-motion 12.35.2
+ lucide-react 0.546.0
+ motion 12.35.2
+ react 19.2.4
+ react-dom 19.2.4
+ react-router-dom 7.13.1
+ recharts 3.8.0
+ tailwind-merge 3.5.0
+ vite 6.4.1
+ zustand 5.0.11

devDependencies:
+ @testing-library/jest-dom 6.9.1
+ @testing-library/react 16.3.2
+ @testing-library/user-event 14.6.1
+ @types/express 4.17.25
+ @types/node 22.19.15
+ @types/react-router-dom 5.3.3
+ @vitest/coverage-v8 3.2.4
+ @vitest/ui 3.2.4
+ autoprefixer 10.4.27
+ jsdom 26.1.0
+ tailwindcss 4.2.1
+ tsx 4.21.0
+ typescript 5.8.3
+ vitest 3.2.4

╭ Warning ─────────────────────────────────────────────────────────────────────╮
│                                                                              │
│   Ignored build scripts: better-sqlite3@12.6.2, esbuild@0.25.12,             │
│   esbuild@0.27.3, protobufjs@7.5.4.                                          │
│   Run "pnpm approve-builds" to pick which dependencies should be allowed     │
│   to run scripts.                                                            │
│                                                                              │
╰──────────────────────────────────────────────────────────────────────────────╯
Done in 2m 40.7s using pnpm v10.32.1
