[239] Installing: talentverify
Lockfile is up to date, resolution step is skipped
Progress: resolved 1, reused 0, downloaded 0, added 0
Packages: +474
++++++++++++++++++++++++++++++++++++++++++++++++++++++++++++++++++++++++++++++++
Progress: resolved 474, reused 105, downloaded 0, added 0
Progress: resolved 474, reused 232, downloaded 0, added 0
Progress: resolved 474, reused 288, downloaded 0, added 0
Progress: resolved 474, reused 338, downloaded 0, added 0
Progress: resolved 474, reused 347, downloaded 0, added 0
Progress: resolved 474, reused 359, downloaded 0, added 0
Progress: resolved 474, reused 411, downloaded 0, added 0
Progress: resolved 474, reused 423, downloaded 0, added 0
Progress: resolved 474, reused 466, downloaded 0, added 0
Progress: resolved 474, reused 471, downloaded 0, added 4
Progress: resolved 474, reused 472, downloaded 0, added 10
Progress: resolved 474, reused 474, downloaded 0, added 19
Progress: resolved 474, reused 474, downloaded 0, added 43
Progress: resolved 474, reused 474, downloaded 0, added 45
Progress: resolved 474, reused 474, downloaded 0, added 49
Progress: resolved 474, reused 474, downloaded 0, added 63
Progress: resolved 474, reused 474, downloaded 0, added 76
Progress: resolved 474, reused 474, downloaded 0, added 88
Progress: resolved 474, reused 474, downloaded 0, added 94
Progress: resolved 474, reused 474, downloaded 0, added 98
Progress: resolved 474, reused 474, downloaded 0, added 104
Progress: resolved 474, reused 474, downloaded 0, added 118
Progress: resolved 474, reused 474, downloaded 0, added 121
Progress: resolved 474, reused 474, downloaded 0, added 133
Progress: resolved 474, reused 474, downloaded 0, added 146
Progress: resolved 474, reused 474, downloaded 0, added 148
Progress: resolved 474, reused 474, downloaded 0, added 159
Progress: resolved 474, reused 474, downloaded 0, added 174
Progress: resolved 474, reused 474, downloaded 0, added 186
Progress: resolved 474, reused 474, downloaded 0, added 196
Progress: resolved 474, reused 474, downloaded 0, added 202
Progress: resolved 474, reused 474, downloaded 0, added 203
Progress: resolved 474, reused 474, downloaded 0, added 207
Progress: resolved 474, reused 474, downloaded 0, added 208
Progress: resolved 474, reused 474, downloaded 0, added 217
Progress: resolved 474, reused 474, downloaded 0, added 218
Progress: resolved 474, reused 474, downloaded 0, added 226
Progress: resolved 474, reused 474, downloaded 0, added 233
Progress: resolved 474, reused 474, downloaded 0, added 238
Progress: resolved 474, reused 474, downloaded 0, added 252
Progress: resolved 474, reused 474, downloaded 0, added 256
Progress: resolved 474, reused 474, downloaded 0, added 257
Progress: resolved 474, reused 474, downloaded 0, added 258
Progress: resolved 474, reused 474, downloaded 0, added 272
Progress: resolved 474, reused 474, downloaded 0, added 276
Progress: resolved 474, reused 474, downloaded 0, added 282
Progress: resolved 474, reused 474, downloaded 0, added 295
Progress: resolved 474, reused 474, downloaded 0, added 311
Progress: resolved 474, reused 474, downloaded 0, added 326
Progress: resolved 474, reused 474, downloaded 0, added 335
Progress: resolved 474, reused 474, downloaded 0, added 336
Progress: resolved 474, reused 474, downloaded 0, added 338
Progress: resolved 474, reused 474, downloaded 0, added 339
Progress: resolved 474, reused 474, downloaded 0, added 346
Progress: resolved 474, reused 474, downloaded 0, added 347
Progress: resolved 474, reused 474, downloaded 0, added 348
Progress: resolved 474, reused 474, downloaded 0, added 349
Progress: resolved 474, reused 474, downloaded 0, added 354
Progress: resolved 474, reused 474, downloaded 0, added 356
Progress: resolved 474, reused 474, downloaded 0, added 363
Progress: resolved 474, reused 474, downloaded 0, added 370
Progress: resolved 474, reused 474, downloaded 0, added 376
Progress: resolved 474, reused 474, downloaded 0, added 387
Progress: resolved 474, reused 474, downloaded 0, added 394
Progress: resolved 474, reused 474, downloaded 0, added 404
Progress: resolved 474, reused 474, downloaded 0, added 409
Progress: resolved 474, reused 474, downloaded 0, added 412
Progress: resolved 474, reused 474, downloaded 0, added 422
Progress: resolved 474, reused 474, downloaded 0, added 430
Progress: resolved 474, reused 474, downloaded 0, added 440
Progress: resolved 474, reused 474, downloaded 0, added 448
Progress: resolved 474, reused 474, downloaded 0, added 456
Progress: resolved 474, reused 474, downloaded 0, added 465
Progress: resolved 474, reused 474, downloaded 0, added 468
Progress: resolved 474, reused 474, downloaded 0, added 470
Progress: resolved 474, reused 474, downloaded 0, added 471
Progress: resolved 474, reused 474, downloaded 0, added 472
Progress: resolved 474, reused 474, downloaded 0, added 473
Progress: resolved 474, reused 474, downloaded 0, added 474
Progress: resolved 474, reused 474, downloaded 0, added 474, done

dependencies:
+ @google/genai 1.44.0
+ @tailwindcss/vite 4.2.1
+ @vitejs/plugin-react 5.1.4
+ better-sqlite3 12.6.2
+ dotenv 17.3.1
+ express 4.22.1
+ lucide-react 0.546.0
+ motion 12.35.2
+ puppeteer 24.38.0
+ react 19.2.4
+ react-dom 19.2.4
+ react-router-dom 7.13.1
+ vite 6.4.1

devDependencies:
+ @testing-library/jest-dom 6.9.1
+ @testing-library/react 16.3.2
+ @testing-library/user-event 14.6.1
+ @types/better-sqlite3 7.6.13
+ @types/express 4.17.25
+ @types/node 22.19.15
+ @types/react-router-dom 5.3.3
+ @vitest/coverage-v8 3.2.4
+ @vitest/ui 3.2.4
+ autoprefixer 10.4.27
+ jsdom 26.1.0
+ tailwindcss 4.2.1
+ tsx 4.21.0
+ typescript 5.8.3
+ vitest 3.2.4

╭ Warning ─────────────────────────────────────────────────────────────────────╮
│                                                                              │
│   Ignored build scripts: better-sqlite3@12.6.2, esbuild@0.25.12,             │
│   esbuild@0.27.3, protobufjs@7.5.4, puppeteer@24.38.0.                       │
│   Run "pnpm approve-builds" to pick which dependencies should be allowed     │
│   to run scripts.                                                            │
│                                                                              │
╰──────────────────────────────────────────────────────────────────────────────╯
Done in 2m 49s using pnpm v10.32.1
