[250] Installing: techbridge-promo
Lockfile is up to date, resolution step is skipped
Progress: resolved 1, reused 0, downloaded 0, added 0
Packages: +324
++++++++++++++++++++++++++++++++++++++++++++++++++++++++++++++++++++++++++++++++
Progress: resolved 324, reused 102, downloaded 0, added 0
Progress: resolved 324, reused 240, downloaded 0, added 0
Progress: resolved 324, reused 319, downloaded 0, added 0
Progress: resolved 324, reused 322, downloaded 0, added 1
Progress: resolved 324, reused 323, downloaded 0, added 4
Progress: resolved 324, reused 323, downloaded 0, added 9
Progress: resolved 324, reused 323, downloaded 0, added 15
Progress: resolved 324, reused 323, downloaded 0, added 21
Progress: resolved 324, reused 323, downloaded 0, added 28
Progress: resolved 324, reused 324, downloaded 0, added 28
Progress: resolved 324, reused 324, downloaded 0, added 39
Progress: resolved 324, reused 324, downloaded 0, added 41
Progress: resolved 324, reused 324, downloaded 0, added 46
Progress: resolved 324, reused 324, downloaded 0, added 60
Progress: resolved 324, reused 324, downloaded 0, added 96
Progress: resolved 324, reused 324, downloaded 0, added 113
Progress: resolved 324, reused 324, downloaded 0, added 137
Progress: resolved 324, reused 324, downloaded 0, added 174
Progress: resolved 324, reused 324, downloaded 0, added 230
Progress: resolved 324, reused 324, downloaded 0, added 302
Progress: resolved 324, reused 324, downloaded 0, added 314
Progress: resolved 324, reused 324, downloaded 0, added 319
Progress: resolved 324, reused 324, downloaded 0, added 321
Progress: resolved 324, reused 324, downloaded 0, added 322
Progress: resolved 324, reused 324, downloaded 0, added 323
Progress: resolved 324, reused 324, downloaded 0, added 324
Progress: resolved 324, reused 324, downloaded 0, added 324, done

dependencies:
+ clsx 2.1.1
+ framer-motion 12.34.3
+ lucide-react 0.575.0
+ react 19.2.4
+ react-dom 19.2.4
+ react-router-dom 7.13.1
+ tailwind-merge 3.5.0

devDependencies:
+ @eslint/js 9.39.3
+ @testing-library/jest-dom 6.9.1
+ @testing-library/react 16.3.2
+ @testing-library/user-event 14.6.1
+ @types/node 24.10.13
+ @types/react 19.2.14
+ @types/react-dom 19.2.3
+ @vitejs/plugin-react 5.1.4
+ @vitest/coverage-v8 3.2.4
+ @vitest/ui 3.2.4
+ eslint 9.39.3
+ eslint-plugin-react-hooks 7.0.1
+ eslint-plugin-react-refresh 0.4.26
+ globals 16.5.0
+ jsdom 26.1.0
+ typescript 5.9.3
+ typescript-eslint 8.56.0
+ vite 7.3.1
+ vitest 3.2.4

╭ Warning ─────────────────────────────────────────────────────────────────────╮
│                                                                              │
│   Ignored build scripts: esbuild@0.27.3.                                     │
│   Run "pnpm approve-builds" to pick which dependencies should be allowed     │
│   to run scripts.                                                            │
│                                                                              │
╰──────────────────────────────────────────────────────────────────────────────╯
Done in 52.7s using pnpm v10.32.1
