[241] Installing: techbridge-ai-workshop-flyer
Lockfile is up to date, resolution step is skipped
Progress: resolved 1, reused 0, downloaded 0, added 0
Packages: +287
++++++++++++++++++++++++++++++++++++++++++++++++++++++++++++++++++++++++++++++++
Progress: resolved 287, reused 0, downloaded 0, added 0
Progress: resolved 287, reused 88, downloaded 0, added 0
Progress: resolved 287, reused 201, downloaded 0, added 0
Progress: resolved 287, reused 223, downloaded 0, added 0
Progress: resolved 287, reused 239, downloaded 0, added 0
Progress: resolved 287, reused 283, downloaded 0, added 0
Progress: resolved 287, reused 284, downloaded 0, added 1
Progress: resolved 287, reused 284, downloaded 0, added 6
Progress: resolved 287, reused 286, downloaded 0, added 24
Progress: resolved 287, reused 286, downloaded 0, added 26
Progress: resolved 287, reused 286, downloaded 0, added 27
Progress: resolved 287, reused 286, downloaded 0, added 29
Progress: resolved 287, reused 286, downloaded 0, added 30
Progress: resolved 287, reused 287, downloaded 0, added 30
Progress: resolved 287, reused 287, downloaded 0, added 31
Progress: resolved 287, reused 287, downloaded 0, added 36
Progress: resolved 287, reused 287, downloaded 0, added 40
Progress: resolved 287, reused 287, downloaded 0, added 41
Progress: resolved 287, reused 287, downloaded 0, added 46
Progress: resolved 287, reused 287, downloaded 0, added 47
Progress: resolved 287, reused 287, downloaded 0, added 53
Progress: resolved 287, reused 287, downloaded 0, added 60
Progress: resolved 287, reused 287, downloaded 0, added 69
Progress: resolved 287, reused 287, downloaded 0, added 70
Progress: resolved 287, reused 287, downloaded 0, added 79
Progress: resolved 287, reused 287, downloaded 0, added 96
Progress: resolved 287, reused 287, downloaded 0, added 97
Progress: resolved 287, reused 287, downloaded 0, added 110
Progress: resolved 287, reused 287, downloaded 0, added 124
Progress: resolved 287, reused 287, downloaded 0, added 153
Progress: resolved 287, reused 287, downloaded 0, added 160
Progress: resolved 287, reused 287, downloaded 0, added 187
Progress: resolved 287, reused 287, downloaded 0, added 208
Progress: resolved 287, reused 287, downloaded 0, added 218
Progress: resolved 287, reused 287, downloaded 0, added 236
Progress: resolved 287, reused 287, downloaded 0, added 237
Progress: resolved 287, reused 287, downloaded 0, added 280
Progress: resolved 287, reused 287, downloaded 0, added 282
Progress: resolved 287, reused 287, downloaded 0, added 283
Progress: resolved 287, reused 287, downloaded 0, added 284
Progress: resolved 287, reused 287, downloaded 0, added 285
Progress: resolved 287, reused 287, downloaded 0, added 286
Progress: resolved 287, reused 287, downloaded 0, added 287
Progress: resolved 287, reused 287, downloaded 0, added 287, done

dependencies:
+ lucide-react 0.400.0
+ react 19.2.4
+ react-dom 19.2.4
+ react-router-dom 7.13.1

devDependencies:
+ @testing-library/jest-dom 6.9.1
+ @testing-library/react 16.3.2
+ @testing-library/user-event 14.6.1
+ @types/node 22.19.15
+ @vitejs/plugin-react 5.1.4
+ @vitest/coverage-v8 3.2.4
+ @vitest/ui 3.2.4
+ jsdom 26.1.0
+ serve 14.2.5
+ typescript 5.8.3
+ vite 7.3.1
+ vitest 3.2.4

Done in 1m 44.7s using pnpm v10.30.1
