[257] Installing: techbridge-website-react
Lockfile is up to date, resolution step is skipped
Progress: resolved 1, reused 0, downloaded 0, added 0
Packages: +287
++++++++++++++++++++++++++++++++++++++++++++++++++++++++++++++++++++++++++++++++
Progress: resolved 287, reused 191, downloaded 0, added 0
Progress: resolved 287, reused 286, downloaded 0, added 5
Progress: resolved 287, reused 287, downloaded 0, added 24
Progress: resolved 287, reused 287, downloaded 0, added 40
Progress: resolved 287, reused 287, downloaded 0, added 45
Progress: resolved 287, reused 287, downloaded 0, added 62
Progress: resolved 287, reused 287, downloaded 0, added 79
Progress: resolved 287, reused 287, downloaded 0, added 89
Progress: resolved 287, reused 287, downloaded 0, added 91
Progress: resolved 287, reused 287, downloaded 0, added 126
Progress: resolved 287, reused 287, downloaded 0, added 142
Progress: resolved 287, reused 287, downloaded 0, added 143
Progress: resolved 287, reused 287, downloaded 0, added 149
Progress: resolved 287, reused 287, downloaded 0, added 161
Progress: resolved 287, reused 287, downloaded 0, added 190
Progress: resolved 287, reused 287, downloaded 0, added 191
Progress: resolved 287, reused 287, downloaded 0, added 216
Progress: resolved 287, reused 287, downloaded 0, added 217
Progress: resolved 287, reused 287, downloaded 0, added 243
Progress: resolved 287, reused 287, downloaded 0, added 244
Progress: resolved 287, reused 287, downloaded 0, added 283
Progress: resolved 287, reused 287, downloaded 0, added 286
Progress: resolved 287, reused 287, downloaded 0, added 287
Progress: resolved 287, reused 287, downloaded 0, added 287, done

dependencies:
+ lucide-react 0.554.0
+ react 19.2.4
+ react-dom 19.2.4
+ react-router-dom 7.13.1

devDependencies:
+ @testing-library/jest-dom 6.9.1
+ @testing-library/react 16.3.2
+ @testing-library/user-event 14.6.1
+ @types/node 24.10.1
+ @vitejs/plugin-react 5.1.1
+ @vitest/coverage-v8 3.2.4
+ @vitest/ui 3.2.4
+ jsdom 26.1.0
+ serve 14.2.5
+ typescript 5.9.3
+ vite 7.3.1
+ vitest 3.2.4

Done in 1m 9.1s using pnpm v10.30.1
