[244] Installing: techbridge-eligibility-checker
Lockfile is up to date, resolution step is skipped
Progress: resolved 1, reused 0, downloaded 0, added 0
Packages: +540
++++++++++++++++++++++++++++++++++++++++++++++++++++++++++++++++++++++++++++++++
Progress: resolved 540, reused 0, downloaded 0, added 0
Progress: resolved 540, reused 2, downloaded 0, added 0
Progress: resolved 540, reused 3, downloaded 0, added 0
Progress: resolved 540, reused 4, downloaded 0, added 0
Progress: resolved 540, reused 5, downloaded 0, added 0
Progress: resolved 540, reused 42, downloaded 0, added 0
Progress: resolved 540, reused 72, downloaded 0, added 0
Progress: resolved 540, reused 95, downloaded 0, added 0
Progress: resolved 540, reused 102, downloaded 0, added 0
Progress: resolved 540, reused 109, downloaded 0, added 0
Progress: resolved 540, reused 120, downloaded 0, added 0
Progress: resolved 540, reused 143, downloaded 0, added 0
Progress: resolved 540, reused 144, downloaded 0, added 0
Progress: resolved 540, reused 233, downloaded 0, added 0
Progress: resolved 540, reused 382, downloaded 0, added 0
Progress: resolved 540, reused 534, downloaded 0, added 0
Progress: resolved 540, reused 538, downloaded 0, added 12
Progress: resolved 540, reused 538, downloaded 0, added 14
Progress: resolved 540, reused 538, downloaded 0, added 15
Progress: resolved 540, reused 539, downloaded 0, added 93
Progress: resolved 540, reused 539, downloaded 0, added 113
Progress: resolved 540, reused 539, downloaded 0, added 130
Progress: resolved 540, reused 539, downloaded 0, added 147
Progress: resolved 540, reused 539, downloaded 0, added 177
Progress: resolved 540, reused 539, downloaded 0, added 191
Progress: resolved 540, reused 539, downloaded 0, added 205
Progress: resolved 540, reused 539, downloaded 0, added 217
Progress: resolved 540, reused 539, downloaded 0, added 219
Progress: resolved 540, reused 539, downloaded 0, added 224
Progress: resolved 540, reused 539, downloaded 0, added 230
Progress: resolved 540, reused 539, downloaded 0, added 247
Progress: resolved 540, reused 539, downloaded 0, added 264
Progress: resolved 540, reused 540, downloaded 0, added 279
Progress: resolved 540, reused 540, downloaded 0, added 300
Progress: resolved 540, reused 540, downloaded 0, added 328
Progress: resolved 540, reused 540, downloaded 0, added 357
Progress: resolved 540, reused 540, downloaded 0, added 379
Progress: resolved 540, reused 540, downloaded 0, added 404
Progress: resolved 540, reused 540, downloaded 0, added 442
Progress: resolved 540, reused 540, downloaded 0, added 500
Progress: resolved 540, reused 540, downloaded 0, added 514
Progress: resolved 540, reused 540, downloaded 0, added 531
Progress: resolved 540, reused 540, downloaded 0, added 537
Progress: resolved 540, reused 540, downloaded 0, added 538
Progress: resolved 540, reused 540, downloaded 0, added 539
Progress: resolved 540, reused 540, downloaded 0, added 540
Progress: resolved 540, reused 540, downloaded 0, added 540, done

dependencies:
+ @hookform/resolvers 3.10.0
+ @radix-ui/react-accordion 1.2.4
+ @radix-ui/react-alert-dialog 1.1.7
+ @radix-ui/react-aspect-ratio 1.1.3
+ @radix-ui/react-avatar 1.1.4
+ @radix-ui/react-checkbox 1.1.5
+ @radix-ui/react-collapsible 1.1.4
+ @radix-ui/react-context-menu 2.2.7
+ @radix-ui/react-dialog 1.1.7
+ @radix-ui/react-dropdown-menu 2.1.7
+ @radix-ui/react-hover-card 1.1.7
+ @radix-ui/react-label 2.1.3
+ @radix-ui/react-menubar 1.1.7
+ @radix-ui/react-navigation-menu 1.2.6
+ @radix-ui/react-popover 1.1.7
+ @radix-ui/react-progress 1.1.3
+ @radix-ui/react-radio-group 1.2.4
+ @radix-ui/react-scroll-area 1.2.4
+ @radix-ui/react-select 2.1.7
+ @radix-ui/react-separator 1.1.3
+ @radix-ui/react-slider 1.2.4
+ @radix-ui/react-slot 1.2.0
+ @radix-ui/react-switch 1.1.4
+ @radix-ui/react-tabs 1.1.4
+ @radix-ui/react-toast 1.2.7
+ @radix-ui/react-toggle 1.1.3
+ @radix-ui/react-toggle-group 1.1.3
+ @radix-ui/react-tooltip 1.2.0
+ class-variance-authority 0.7.1
+ clsx 2.1.1
+ cmdk 1.0.0
+ date-fns 3.6.0
+ embla-carousel-react 8.6.0
+ input-otp 1.4.2
+ lucide-react 0.364.0
+ next-themes 0.4.6
+ react 19.2.4
+ react-day-picker 8.10.1
+ react-dom 19.2.4
+ react-hook-form 7.55.0
+ react-resizable-panels 2.1.7
+ react-router-dom 6.30.0
+ recharts 2.15.2
+ sonner 1.7.4
+ tailwind-merge 2.6.0
+ tailwindcss-animate 1.0.7
+ vaul 1.1.2
+ zod 3.24.2

devDependencies:
+ @eslint/js 9.24.0
+ @tailwindcss/vite 4.2.1
+ @testing-library/jest-dom 6.9.1
+ @testing-library/react 16.3.2
+ @testing-library/user-event 14.6.1
+ @types/node 22.14.1
+ @types/react 19.2.14
+ @types/react-dom 19.2.3
+ @types/react-router-dom 5.3.3
+ @vitejs/plugin-react 4.3.4
+ @vitest/coverage-v8 3.2.4
+ @vitest/ui 3.2.4
+ eslint 9.24.0
+ eslint-plugin-react-hooks 5.2.0
+ eslint-plugin-react-refresh 0.4.19
+ globals 15.15.0
+ jsdom 26.1.0
+ serve 14.2.5
+ tailwindcss 4.2.1
+ typescript 5.6.3
+ typescript-eslint 8.29.1
+ vite 7.3.1
+ vitest 3.2.4

╭ Warning ─────────────────────────────────────────────────────────────────────╮
│                                                                              │
│   Ignored build scripts: esbuild@0.27.3.                                     │
│   Run "pnpm approve-builds" to pick which dependencies should be allowed     │
│   to run scripts.                                                            │
│                                                                              │
╰──────────────────────────────────────────────────────────────────────────────╯
Done in 1m 6.2s using pnpm v10.30.1
