[255] Installing: techbridge-student-population-register
Lockfile is up to date, resolution step is skipped
Progress: resolved 1, reused 0, downloaded 0, added 0
Packages: +468
++++++++++++++++++++++++++++++++++++++++++++++++++++++++++++++++++++++++++++++++
Progress: resolved 468, reused 111, downloaded 0, added 0
Progress: resolved 468, reused 199, downloaded 0, added 0
Progress: resolved 468, reused 314, downloaded 0, added 0
Progress: resolved 468, reused 384, downloaded 0, added 0
Progress: resolved 468, reused 464, downloaded 0, added 0
Progress: resolved 468, reused 466, downloaded 0, added 12
Progress: resolved 468, reused 468, downloaded 0, added 12
Progress: resolved 468, reused 468, downloaded 0, added 14
Progress: resolved 468, reused 468, downloaded 0, added 16
Progress: resolved 468, reused 468, downloaded 0, added 55
Progress: resolved 468, reused 468, downloaded 0, added 74
Progress: resolved 468, reused 468, downloaded 0, added 95
Progress: resolved 468, reused 468, downloaded 0, added 121
Progress: resolved 468, reused 468, downloaded 0, added 137
Progress: resolved 468, reused 468, downloaded 0, added 143
Progress: resolved 468, reused 468, downloaded 0, added 148
Progress: resolved 468, reused 468, downloaded 0, added 156
Progress: resolved 468, reused 468, downloaded 0, added 159
Progress: resolved 468, reused 468, downloaded 0, added 172
Progress: resolved 468, reused 468, downloaded 0, added 175
Progress: resolved 468, reused 468, downloaded 0, added 211
Progress: resolved 468, reused 468, downloaded 0, added 219
Progress: resolved 468, reused 468, downloaded 0, added 224
Progress: resolved 468, reused 468, downloaded 0, added 237
Progress: resolved 468, reused 468, downloaded 0, added 259
Progress: resolved 468, reused 468, downloaded 0, added 263
Progress: resolved 468, reused 468, downloaded 0, added 284
Progress: resolved 468, reused 468, downloaded 0, added 290
Progress: resolved 468, reused 468, downloaded 0, added 306
Progress: resolved 468, reused 468, downloaded 0, added 319
Progress: resolved 468, reused 468, downloaded 0, added 329
Progress: resolved 468, reused 468, downloaded 0, added 332
Progress: resolved 468, reused 468, downloaded 0, added 335
Progress: resolved 468, reused 468, downloaded 0, added 336
Progress: resolved 468, reused 468, downloaded 0, added 340
Progress: resolved 468, reused 468, downloaded 0, added 346
Progress: resolved 468, reused 468, downloaded 0, added 351
Progress: resolved 468, reused 468, downloaded 0, added 356
Progress: resolved 468, reused 468, downloaded 0, added 357
Progress: resolved 468, reused 468, downloaded 0, added 370
Progress: resolved 468, reused 468, downloaded 0, added 378
Progress: resolved 468, reused 468, downloaded 0, added 404
Progress: resolved 468, reused 468, downloaded 0, added 405
Progress: resolved 468, reused 468, downloaded 0, added 438
Progress: resolved 468, reused 468, downloaded 0, added 451
Progress: resolved 468, reused 468, downloaded 0, added 452
Progress: resolved 468, reused 468, downloaded 0, added 455
Progress: resolved 468, reused 468, downloaded 0, added 463
Progress: resolved 468, reused 468, downloaded 0, added 464
Progress: resolved 468, reused 468, downloaded 0, added 465
Progress: resolved 468, reused 468, downloaded 0, added 466
Progress: resolved 468, reused 468, downloaded 0, added 467
Progress: resolved 468, reused 468, downloaded 0, added 468
Progress: resolved 468, reused 468, downloaded 0, added 468, done

dependencies:
+ @google/genai 1.43.0
+ @tailwindcss/vite 4.2.1
+ @vitejs/plugin-react 5.1.4
+ better-sqlite3 12.6.2
+ dotenv 17.3.1
+ express 4.22.1
+ lucide-react 0.546.0
+ motion 12.34.5
+ puppeteer 24.37.5
+ react 19.2.4
+ react-dom 19.2.4
+ react-router-dom 7.13.1
+ vite 6.4.1

devDependencies:
+ @testing-library/jest-dom 6.9.1
+ @testing-library/react 16.3.2
+ @testing-library/user-event 14.6.1
+ @types/express 4.17.25
+ @types/node 22.19.13
+ @vitest/coverage-v8 3.2.4
+ @vitest/ui 3.2.4
+ autoprefixer 10.4.27
+ jsdom 26.1.0
+ tailwindcss 4.2.1
+ tsx 4.21.0
+ typescript 5.8.3
+ vitest 3.2.4

Done in 1m 35.7s using pnpm v10.32.1
