[240] Installing: techbridge-ai-application-portal
Lockfile is up to date, resolution step is skipped
Progress: resolved 1, reused 0, downloaded 0, added 0
Packages: +371
++++++++++++++++++++++++++++++++++++++++++++++++++++++++++++++++++++++++++++++++
Progress: resolved 371, reused 13, downloaded 0, added 0
Progress: resolved 371, reused 85, downloaded 0, added 0
Progress: resolved 371, reused 123, downloaded 0, added 0
Progress: resolved 371, reused 215, downloaded 0, added 0
Progress: resolved 371, reused 279, downloaded 0, added 0
Progress: resolved 371, reused 355, downloaded 0, added 4
Progress: resolved 371, reused 355, downloaded 2, added 4
Progress: resolved 371, reused 356, downloaded 5, added 4
Progress: resolved 371, reused 356, downloaded 6, added 4
Progress: resolved 371, reused 356, downloaded 7, added 4
Progress: resolved 371, reused 356, downloaded 11, added 13
Progress: resolved 371, reused 356, downloaded 12, added 34
Progress: resolved 371, reused 357, downloaded 12, added 52
Progress: resolved 371, reused 357, downloaded 12, added 79
Progress: resolved 371, reused 357, downloaded 12, added 89
Progress: resolved 371, reused 357, downloaded 12, added 98
Progress: resolved 371, reused 357, downloaded 12, added 115
Progress: resolved 371, reused 357, downloaded 12, added 137
Progress: resolved 371, reused 357, downloaded 12, added 151
Progress: resolved 371, reused 357, downloaded 12, added 159
Progress: resolved 371, reused 357, downloaded 12, added 189
Progress: resolved 371, reused 357, downloaded 13, added 213
Progress: resolved 371, reused 357, downloaded 13, added 226
Progress: resolved 371, reused 357, downloaded 13, added 241
Progress: resolved 371, reused 357, downloaded 13, added 268
Progress: resolved 371, reused 357, downloaded 13, added 298
Progress: resolved 371, reused 357, downloaded 13, added 333
Progress: resolved 371, reused 357, downloaded 13, added 350
Progress: resolved 371, reused 357, downloaded 13, added 363
Progress: resolved 371, reused 357, downloaded 13, added 366
Progress: resolved 371, reused 357, downloaded 13, added 367
Progress: resolved 371, reused 357, downloaded 14, added 367
Progress: resolved 371, reused 357, downloaded 14, added 368
Progress: resolved 371, reused 357, downloaded 14, added 369
Progress: resolved 371, reused 357, downloaded 14, added 370
Progress: resolved 371, reused 357, downloaded 14, added 371
Progress: resolved 371, reused 357, downloaded 14, added 371, done

dependencies:
+ @google/genai 1.44.0
+ autoprefixer 10.4.27
+ lucide-react 0.577.0
+ postcss 8.5.8
+ react 19.2.4
+ react-dom 19.2.4
+ tailwindcss 4.2.1

devDependencies:
+ @tailwindcss/postcss 4.2.1
+ @types/node 22.19.15
+ @typescript-eslint/eslint-plugin 8.56.1
+ @typescript-eslint/parser 8.56.1
+ @vitejs/plugin-react 5.1.4
+ eslint 9.39.4
+ eslint-plugin-react 7.37.5
+ eslint-plugin-react-hooks 7.0.1
+ eslint-plugin-react-refresh 0.5.2
+ globals 17.4.0
+ typescript 5.8.3
+ typescript-eslint 8.56.1
+ vite 6.4.1

╭ Warning ─────────────────────────────────────────────────────────────────────╮
│                                                                              │
│   Ignored build scripts: esbuild@0.25.12, protobufjs@7.5.4.                  │
│   Run "pnpm approve-builds" to pick which dependencies should be allowed     │
│   to run scripts.                                                            │
│                                                                              │
╰──────────────────────────────────────────────────────────────────────────────╯
Done in 1m 14.5s using pnpm v10.32.1
