[247] Installing: techbridge-media-club-platform
Lockfile is up to date, resolution step is skipped
Progress: resolved 1, reused 0, downloaded 0, added 0
Packages: +327
++++++++++++++++++++++++++++++++++++++++++++++++++++++++++++++++++++++++++++++++
Progress: resolved 327, reused 75, downloaded 0, added 0
Progress: resolved 327, reused 326, downloaded 0, added 16
Progress: resolved 327, reused 326, downloaded 0, added 36
Progress: resolved 327, reused 327, downloaded 0, added 62
Progress: resolved 327, reused 327, downloaded 0, added 70
Progress: resolved 327, reused 327, downloaded 0, added 75
Progress: resolved 327, reused 327, downloaded 0, added 104
Progress: resolved 327, reused 327, downloaded 0, added 142
Progress: resolved 327, reused 327, downloaded 0, added 144
Progress: resolved 327, reused 327, downloaded 0, added 192
Progress: resolved 327, reused 327, downloaded 0, added 201
Progress: resolved 327, reused 327, downloaded 0, added 224
Progress: resolved 327, reused 327, downloaded 0, added 253
Progress: resolved 327, reused 327, downloaded 0, added 258
Progress: resolved 327, reused 327, downloaded 0, added 306
Progress: resolved 327, reused 327, downloaded 0, added 322
Progress: resolved 327, reused 327, downloaded 0, added 323
Progress: resolved 327, reused 327, downloaded 0, added 325
Progress: resolved 327, reused 327, downloaded 0, added 326
Progress: resolved 327, reused 327, downloaded 0, added 327
Progress: resolved 327, reused 327, downloaded 0, added 327, done

dependencies:
+ lucide-react 0.574.0
+ react 19.2.4
+ react-dom 19.2.4
+ react-router-dom 7.13.1
+ recharts 3.7.0

devDependencies:
+ @testing-library/jest-dom 6.9.1
+ @testing-library/react 16.3.2
+ @testing-library/user-event 14.6.1
+ @types/node 25.2.3
+ @vitejs/plugin-react 5.1.4
+ @vitest/coverage-v8 3.2.4
+ @vitest/ui 3.2.4
+ jsdom 26.1.0
+ serve 14.2.5
+ typescript 5.9.3
+ vite 7.3.1
+ vitest 3.2.4

Done in 35.9s using pnpm v10.30.1
