[242] Installing: techbridge-assessment-platform
Lockfile is up to date, resolution step is skipped
Progress: resolved 1, reused 0, downloaded 0, added 0
Packages: +529
++++++++++++++++++++++++++++++++++++++++++++++++++++++++++++++++++++++++++++++++
Progress: resolved 529, reused 28, downloaded 0, added 0
Progress: resolved 529, reused 100, downloaded 0, added 0
Progress: resolved 529, reused 130, downloaded 0, added 0
Progress: resolved 529, reused 148, downloaded 0, added 0
Progress: resolved 529, reused 169, downloaded 0, added 0
Progress: resolved 529, reused 214, downloaded 0, added 0
Progress: resolved 529, reused 257, downloaded 0, added 0
Progress: resolved 529, reused 270, downloaded 0, added 0
Progress: resolved 529, reused 316, downloaded 0, added 0
Progress: resolved 529, reused 329, downloaded 0, added 0
Progress: resolved 529, reused 330, downloaded 0, added 0
Progress: resolved 529, reused 333, downloaded 0, added 0
Progress: resolved 529, reused 334, downloaded 0, added 0
Progress: resolved 529, reused 352, downloaded 0, added 0
Progress: resolved 529, reused 458, downloaded 0, added 0
Progress: resolved 529, reused 475, downloaded 0, added 0
Progress: resolved 529, reused 526, downloaded 0, added 8
Progress: resolved 529, reused 526, downloaded 0, added 9
Progress: resolved 529, reused 526, downloaded 0, added 19
Progress: resolved 529, reused 528, downloaded 0, added 44
Progress: resolved 529, reused 528, downloaded 0, added 49
Progress: resolved 529, reused 528, downloaded 0, added 53
Progress: resolved 529, reused 528, downloaded 0, added 63
Progress: resolved 529, reused 529, downloaded 0, added 78
Progress: resolved 529, reused 529, downloaded 0, added 81
Progress: resolved 529, reused 529, downloaded 0, added 82
Progress: resolved 529, reused 529, downloaded 0, added 103
Progress: resolved 529, reused 529, downloaded 0, added 110
Progress: resolved 529, reused 529, downloaded 0, added 111
Progress: resolved 529, reused 529, downloaded 0, added 137
Progress: resolved 529, reused 529, downloaded 0, added 138
Progress: resolved 529, reused 529, downloaded 0, added 169
Progress: resolved 529, reused 529, downloaded 0, added 185
Progress: resolved 529, reused 529, downloaded 0, added 186
Progress: resolved 529, reused 529, downloaded 0, added 211
Progress: resolved 529, reused 529, downloaded 0, added 227
Progress: resolved 529, reused 529, downloaded 0, added 228
Progress: resolved 529, reused 529, downloaded 0, added 238
Progress: resolved 529, reused 529, downloaded 0, added 283
Progress: resolved 529, reused 529, downloaded 0, added 304
Progress: resolved 529, reused 529, downloaded 0, added 320
Progress: resolved 529, reused 529, downloaded 0, added 339
Progress: resolved 529, reused 529, downloaded 0, added 346
Progress: resolved 529, reused 529, downloaded 0, added 358
Progress: resolved 529, reused 529, downloaded 0, added 393
Progress: resolved 529, reused 529, downloaded 0, added 397
Progress: resolved 529, reused 529, downloaded 0, added 415
Progress: resolved 529, reused 529, downloaded 0, added 454
Progress: resolved 529, reused 529, downloaded 0, added 465
Progress: resolved 529, reused 529, downloaded 0, added 480
Progress: resolved 529, reused 529, downloaded 0, added 489
Progress: resolved 529, reused 529, downloaded 0, added 495
Progress: resolved 529, reused 529, downloaded 0, added 505
Progress: resolved 529, reused 529, downloaded 0, added 506
Progress: resolved 529, reused 529, downloaded 0, added 526
Progress: resolved 529, reused 529, downloaded 0, added 527
Progress: resolved 529, reused 529, downloaded 0, added 528
Progress: resolved 529, reused 529, downloaded 0, added 529
Progress: resolved 529, reused 529, downloaded 0, added 529, done

dependencies:
+ @google/genai 1.15.0
+ @vitejs/plugin-react 4.7.0
+ lucide-react 0.542.0
+ react 19.2.4
+ react-dom 19.2.4
+ react-router-dom 7.13.1

devDependencies:
+ @jest/globals 29.7.0
+ @types/jest 29.5.14
+ @types/react 19.2.14
+ @types/react-dom 19.2.3
+ autoprefixer 10.4.21
+ jest 29.7.0
+ postcss 8.5.6
+ puppeteer 22.15.0
+ serve 14.2.5
+ tailwindcss 3.4.17
+ ts-jest 29.4.1
+ ts-node 10.9.2
+ typescript 5.9.2
+ vite 7.3.1

Done in 2m 3.3s using pnpm v10.30.1
