[245] Installing: techbridge-lead-generation-infographic
Lockfile is up to date, resolution step is skipped
Progress: resolved 1, reused 0, downloaded 0, added 0
Packages: +251
++++++++++++++++++++++++++++++++++++++++++++++++++++++++++++++++++++++++++++++++
Progress: resolved 251, reused 0, downloaded 0, added 0
Progress: resolved 251, reused 90, downloaded 0, added 0
Progress: resolved 251, reused 170, downloaded 0, added 0
Progress: resolved 251, reused 189, downloaded 0, added 0
Progress: resolved 251, reused 207, downloaded 0, added 0
Progress: resolved 251, reused 248, downloaded 0, added 0
Progress: resolved 251, reused 248, downloaded 0, added 1
Progress: resolved 251, reused 249, downloaded 0, added 7
Progress: resolved 251, reused 249, downloaded 0, added 17
Progress: resolved 251, reused 250, downloaded 0, added 25
Progress: resolved 251, reused 250, downloaded 0, added 26
Progress: resolved 251, reused 250, downloaded 0, added 27
Progress: resolved 251, reused 250, downloaded 0, added 28
Progress: resolved 251, reused 250, downloaded 0, added 30
Progress: resolved 251, reused 250, downloaded 0, added 32
Progress: resolved 251, reused 251, downloaded 0, added 32
Progress: resolved 251, reused 251, downloaded 0, added 33
Progress: resolved 251, reused 251, downloaded 0, added 42
Progress: resolved 251, reused 251, downloaded 0, added 47
Progress: resolved 251, reused 251, downloaded 0, added 48
Progress: resolved 251, reused 251, downloaded 0, added 59
Progress: resolved 251, reused 251, downloaded 0, added 60
Progress: resolved 251, reused 251, downloaded 0, added 70
Progress: resolved 251, reused 251, downloaded 0, added 71
Progress: resolved 251, reused 251, downloaded 0, added 88
Progress: resolved 251, reused 251, downloaded 0, added 93
Progress: resolved 251, reused 251, downloaded 0, added 94
Progress: resolved 251, reused 251, downloaded 0, added 106
Progress: resolved 251, reused 251, downloaded 0, added 117
Progress: resolved 251, reused 251, downloaded 0, added 118
Progress: resolved 251, reused 251, downloaded 0, added 129
Progress: resolved 251, reused 251, downloaded 0, added 150
Progress: resolved 251, reused 251, downloaded 0, added 151
Progress: resolved 251, reused 251, downloaded 0, added 153
Progress: resolved 251, reused 251, downloaded 0, added 171
Progress: resolved 251, reused 251, downloaded 0, added 178
Progress: resolved 251, reused 251, downloaded 0, added 187
Progress: resolved 251, reused 251, downloaded 0, added 202
Progress: resolved 251, reused 251, downloaded 0, added 217
Progress: resolved 251, reused 251, downloaded 0, added 240
Progress: resolved 251, reused 251, downloaded 0, added 247
Progress: resolved 251, reused 251, downloaded 0, added 248
Progress: resolved 251, reused 251, downloaded 0, added 249
Progress: resolved 251, reused 251, downloaded 0, added 250
Progress: resolved 251, reused 251, downloaded 0, added 251
Progress: resolved 251, reused 251, downloaded 0, added 251, done

dependencies:
+ lucide-react 0.400.0
+ react 19.2.4
+ react-dom 19.2.4
+ react-router-dom 7.13.1

devDependencies:
+ @testing-library/jest-dom 6.9.1
+ @testing-library/react 16.3.2
+ @testing-library/user-event 14.6.1
+ @types/node 22.19.15
+ @vitest/coverage-v8 3.2.4
+ @vitest/ui 3.2.4
+ jsdom 26.1.0
+ serve 14.2.5
+ typescript 5.8.3
+ vite 7.3.1
+ vitest 3.2.4

Done in 1m 44.3s using pnpm v10.30.1
