[254] Installing: techbridge-strategy-dashboard
Lockfile is up to date, resolution step is skipped
Progress: resolved 1, reused 0, downloaded 0, added 0
Packages: +311
++++++++++++++++++++++++++++++++++++++++++++++++++++++++++++++++++++++++++++++++
Progress: resolved 311, reused 22, downloaded 0, added 0
Progress: resolved 311, reused 128, downloaded 0, added 0
Progress: resolved 311, reused 147, downloaded 0, added 0
Progress: resolved 311, reused 231, downloaded 0, added 0
Progress: resolved 311, reused 308, downloaded 0, added 4
Progress: resolved 311, reused 308, downloaded 0, added 8
Progress: resolved 311, reused 311, downloaded 0, added 18
Progress: resolved 311, reused 311, downloaded 0, added 22
Progress: resolved 311, reused 311, downloaded 0, added 42
Progress: resolved 311, reused 311, downloaded 0, added 47
Progress: resolved 311, reused 311, downloaded 0, added 73
Progress: resolved 311, reused 311, downloaded 0, added 83
Progress: resolved 311, reused 311, downloaded 0, added 91
Progress: resolved 311, reused 311, downloaded 0, added 98
Progress: resolved 311, reused 311, downloaded 0, added 110
Progress: resolved 311, reused 311, downloaded 0, added 113
Progress: resolved 311, reused 311, downloaded 0, added 118
Progress: resolved 311, reused 311, downloaded 0, added 139
Progress: resolved 311, reused 311, downloaded 0, added 151
Progress: resolved 311, reused 311, downloaded 0, added 161
Progress: resolved 311, reused 311, downloaded 0, added 184
Progress: resolved 311, reused 311, downloaded 0, added 194
Progress: resolved 311, reused 311, downloaded 0, added 210
Progress: resolved 311, reused 311, downloaded 0, added 227
Progress: resolved 311, reused 311, downloaded 0, added 240
Progress: resolved 311, reused 311, downloaded 0, added 252
Progress: resolved 311, reused 311, downloaded 0, added 272
Progress: resolved 311, reused 311, downloaded 0, added 292
Progress: resolved 311, reused 311, downloaded 0, added 297
Progress: resolved 311, reused 311, downloaded 0, added 304
Progress: resolved 311, reused 311, downloaded 0, added 305
Progress: resolved 311, reused 311, downloaded 0, added 307
Progress: resolved 311, reused 311, downloaded 0, added 308
Progress: resolved 311, reused 311, downloaded 0, added 309
Progress: resolved 311, reused 311, downloaded 0, added 310
Progress: resolved 311, reused 311, downloaded 0, added 311
Progress: resolved 311, reused 311, downloaded 0, added 311, done

dependencies:
+ html2canvas 1.4.1
+ jspdf 2.5.1
+ lucide-react 0.563.0
+ pptxgenjs 3.12.0
+ react 19.2.4
+ react-dom 19.2.4
+ react-router-dom 7.13.1
+ recharts 3.7.0

devDependencies:
+ @testing-library/jest-dom 6.9.1
+ @testing-library/react 16.3.2
+ @testing-library/user-event 14.6.1
+ @types/node 22.19.11
+ @vitejs/plugin-react 5.1.3
+ @vitest/coverage-v8 3.2.4
+ @vitest/ui 3.2.4
+ jsdom 26.1.0
+ typescript 5.8.3
+ vite 6.4.1
+ vitest 3.2.4

╭ Warning ─────────────────────────────────────────────────────────────────────╮
│                                                                              │
│   Ignored build scripts: core-js@3.48.0.                                     │
│   Run "pnpm approve-builds" to pick which dependencies should be allowed     │
│   to run scripts.                                                            │
│                                                                              │
╰──────────────────────────────────────────────────────────────────────────────╯
Done in 1m 31.3s using pnpm v10.30.1
