[251] Installing: techbridge-scholarship-portal-v2
Lockfile is up to date, resolution step is skipped
Progress: resolved 1, reused 0, downloaded 0, added 0
Packages: +461
++++++++++++++++++++++++++++++++++++++++++++++++++++++++++++++++++++++++++++++++
Progress: resolved 461, reused 133, downloaded 0, added 0
Progress: resolved 461, reused 454, downloaded 0, added 0
Progress: resolved 461, reused 461, downloaded 0, added 12
Progress: resolved 461, reused 461, downloaded 0, added 17
Progress: resolved 461, reused 461, downloaded 0, added 45
Progress: resolved 461, reused 461, downloaded 0, added 68
Progress: resolved 461, reused 461, downloaded 0, added 82
Progress: resolved 461, reused 461, downloaded 0, added 83
Progress: resolved 461, reused 461, downloaded 0, added 95
Progress: resolved 461, reused 461, downloaded 0, added 103
Progress: resolved 461, reused 461, downloaded 0, added 163
Progress: resolved 461, reused 461, downloaded 0, added 174
Progress: resolved 461, reused 461, downloaded 0, added 195
Progress: resolved 461, reused 461, downloaded 0, added 196
Progress: resolved 461, reused 461, downloaded 0, added 209
Progress: resolved 461, reused 461, downloaded 0, added 214
Progress: resolved 461, reused 461, downloaded 0, added 223
Progress: resolved 461, reused 461, downloaded 0, added 229
Progress: resolved 461, reused 461, downloaded 0, added 230
Progress: resolved 461, reused 461, downloaded 0, added 231
Progress: resolved 461, reused 461, downloaded 0, added 232
Progress: resolved 461, reused 461, downloaded 0, added 233
Progress: resolved 461, reused 461, downloaded 0, added 234
Progress: resolved 461, reused 461, downloaded 0, added 237
Progress: resolved 461, reused 461, downloaded 0, added 242
Progress: resolved 461, reused 461, downloaded 0, added 243
Progress: resolved 461, reused 461, downloaded 0, added 255
Progress: resolved 461, reused 461, downloaded 0, added 256
Progress: resolved 461, reused 461, downloaded 0, added 261
Progress: resolved 461, reused 461, downloaded 0, added 262
Progress: resolved 461, reused 461, downloaded 0, added 263
Progress: resolved 461, reused 461, downloaded 0, added 275
Progress: resolved 461, reused 461, downloaded 0, added 276
Progress: resolved 461, reused 461, downloaded 0, added 284
Progress: resolved 461, reused 461, downloaded 0, added 286
Progress: resolved 461, reused 461, downloaded 0, added 295
Progress: resolved 461, reused 461, downloaded 0, added 300
Progress: resolved 461, reused 461, downloaded 0, added 301
Progress: resolved 461, reused 461, downloaded 0, added 302
Progress: resolved 461, reused 461, downloaded 0, added 310
Progress: resolved 461, reused 461, downloaded 0, added 320
Progress: resolved 461, reused 461, downloaded 0, added 325
Progress: resolved 461, reused 461, downloaded 0, added 344
Progress: resolved 461, reused 461, downloaded 0, added 358
Progress: resolved 461, reused 461, downloaded 0, added 375
Progress: resolved 461, reused 461, downloaded 0, added 388
Progress: resolved 461, reused 461, downloaded 0, added 396
Progress: resolved 461, reused 461, downloaded 0, added 411
Progress: resolved 461, reused 461, downloaded 0, added 431
Progress: resolved 461, reused 461, downloaded 0, added 454
Progress: resolved 461, reused 461, downloaded 0, added 456
Progress: resolved 461, reused 461, downloaded 0, added 457
Progress: resolved 461, reused 461, downloaded 0, added 458
Progress: resolved 461, reused 461, downloaded 0, added 459
Progress: resolved 461, reused 461, downloaded 0, added 460
Progress: resolved 461, reused 461, downloaded 0, added 461
Progress: resolved 461, reused 461, downloaded 0, added 461, done

dependencies:
+ @google/genai 1.44.0
+ html2canvas 1.4.1
+ jspdf 4.2.0
+ lucide-react 0.577.0
+ qrcode 1.5.4
+ react 19.2.4
+ react-dom 19.2.4
+ react-imask 7.6.1
+ serve 14.2.6

devDependencies:
+ @tailwindcss/postcss 4.2.1
+ @testing-library/jest-dom 6.9.1
+ @testing-library/react 16.3.2
+ @testing-library/user-event 14.6.1
+ @types/node 25.3.5
+ @types/react 19.2.14
+ @types/react-dom 19.2.3
+ @vitejs/plugin-react 5.1.4
+ @vitest/coverage-v8 3.2.4
+ @vitest/ui 3.2.4
+ autoprefixer 10.4.27
+ jsdom 26.1.0
+ postcss 8.5.8
+ puppeteer 24.38.0
+ tailwindcss 4.2.1
+ typescript 5.9.3
+ vite 7.3.1
+ vitest 3.2.4

Done in 1m 8.6s using pnpm v10.32.1
