[246] Installing: techbridge-lead-generator
Lockfile is up to date, resolution step is skipped
Progress: resolved 1, reused 0, downloaded 0, added 0
Packages: +377
++++++++++++++++++++++++++++++++++++++++++++++++++++++++++++++++++++++++++++++++
Progress: resolved 377, reused 135, downloaded 0, added 0
Progress: resolved 377, reused 377, downloaded 0, added 11
Progress: resolved 377, reused 377, downloaded 0, added 35
Progress: resolved 377, reused 377, downloaded 0, added 49
Progress: resolved 377, reused 377, downloaded 0, added 64
Progress: resolved 377, reused 377, downloaded 0, added 71
Progress: resolved 377, reused 377, downloaded 0, added 96
Progress: resolved 377, reused 377, downloaded 0, added 100
Progress: resolved 377, reused 377, downloaded 0, added 119
Progress: resolved 377, reused 377, downloaded 0, added 129
Progress: resolved 377, reused 377, downloaded 0, added 141
Progress: resolved 377, reused 377, downloaded 0, added 180
Progress: resolved 377, reused 377, downloaded 0, added 191
Progress: resolved 377, reused 377, downloaded 0, added 213
Progress: resolved 377, reused 377, downloaded 0, added 236
Progress: resolved 377, reused 377, downloaded 0, added 246
Progress: resolved 377, reused 377, downloaded 0, added 251
Progress: resolved 377, reused 377, downloaded 0, added 266
Progress: resolved 377, reused 377, downloaded 0, added 276
Progress: resolved 377, reused 377, downloaded 0, added 281
Progress: resolved 377, reused 377, downloaded 0, added 290
Progress: resolved 377, reused 377, downloaded 0, added 291
Progress: resolved 377, reused 377, downloaded 0, added 295
Progress: resolved 377, reused 377, downloaded 0, added 308
Progress: resolved 377, reused 377, downloaded 0, added 332
Progress: resolved 377, reused 377, downloaded 0, added 333
Progress: resolved 377, reused 377, downloaded 0, added 366
Progress: resolved 377, reused 377, downloaded 0, added 370
Progress: resolved 377, reused 377, downloaded 0, added 372
Progress: resolved 377, reused 377, downloaded 0, added 375
Progress: resolved 377, reused 377, downloaded 0, added 376
Progress: resolved 377, reused 377, downloaded 0, added 377
Progress: resolved 377, reused 377, downloaded 0, added 377, done
.../node_modules/@tailwindcss/oxide postinstall$ node ./scripts/install.js
.../node_modules/@tailwindcss/oxide postinstall: Done

dependencies:
+ lucide-react 0.400.0
+ react 19.2.4
+ react-dom 19.2.4
+ react-router-dom 7.13.1

devDependencies:
+ @eslint/js 9.33.0
+ @tailwindcss/postcss 4.1.12
+ @testing-library/jest-dom 6.9.1
+ @testing-library/react 16.3.2
+ @testing-library/user-event 14.6.1
+ @types/react 19.1.10
+ @types/react-dom 19.1.7
+ @vitejs/plugin-react 5.0.0
+ @vitest/coverage-v8 3.2.4
+ @vitest/ui 3.2.4
+ autoprefixer 10.4.21
+ eslint 9.33.0
+ eslint-plugin-react-hooks 5.2.0
+ eslint-plugin-react-refresh 0.4.20
+ globals 16.3.0
+ jsdom 26.1.0
+ postcss 8.5.6
+ serve 14.2.5
+ tailwindcss 4.1.12
+ typescript 5.9.3
+ vite 7.3.1
+ vitest 3.2.4

Done in 54.1s using pnpm v10.30.1
