[256] Installing: techbridge-technical-quiz-platform
Lockfile is up to date, resolution step is skipped
Progress: resolved 1, reused 0, downloaded 0, added 0
Packages: +365
++++++++++++++++++++++++++++++++++++++++++++++++++++++++++++++++++++++++++++++++
Progress: resolved 365, reused 263, downloaded 0, added 0
Progress: resolved 365, reused 364, downloaded 0, added 10
Progress: resolved 365, reused 365, downloaded 0, added 27
Progress: resolved 365, reused 365, downloaded 0, added 68
Progress: resolved 365, reused 365, downloaded 0, added 90
Progress: resolved 365, reused 365, downloaded 0, added 111
Progress: resolved 365, reused 365, downloaded 0, added 123
Progress: resolved 365, reused 365, downloaded 0, added 128
Progress: resolved 365, reused 365, downloaded 0, added 133
Progress: resolved 365, reused 365, downloaded 0, added 140
Progress: resolved 365, reused 365, downloaded 0, added 143
Progress: resolved 365, reused 365, downloaded 0, added 144
Progress: resolved 365, reused 365, downloaded 0, added 145
Progress: resolved 365, reused 365, downloaded 0, added 151
Progress: resolved 365, reused 365, downloaded 0, added 153
Progress: resolved 365, reused 365, downloaded 0, added 158
Progress: resolved 365, reused 365, downloaded 0, added 160
Progress: resolved 365, reused 365, downloaded 0, added 172
Progress: resolved 365, reused 365, downloaded 0, added 177
Progress: resolved 365, reused 365, downloaded 0, added 196
Progress: resolved 365, reused 365, downloaded 0, added 199
Progress: resolved 365, reused 365, downloaded 0, added 225
Progress: resolved 365, reused 365, downloaded 0, added 238
Progress: resolved 365, reused 365, downloaded 0, added 276
Progress: resolved 365, reused 365, downloaded 0, added 293
Progress: resolved 365, reused 365, downloaded 0, added 315
Progress: resolved 365, reused 365, downloaded 0, added 324
Progress: resolved 365, reused 365, downloaded 0, added 347
Progress: resolved 365, reused 365, downloaded 0, added 354
Progress: resolved 365, reused 365, downloaded 0, added 360
Progress: resolved 365, reused 365, downloaded 0, added 361
Progress: resolved 365, reused 365, downloaded 0, added 362
Progress: resolved 365, reused 365, downloaded 0, added 363
Progress: resolved 365, reused 365, downloaded 0, added 364
Progress: resolved 365, reused 365, downloaded 0, added 365
Progress: resolved 365, reused 365, downloaded 0, added 365, done

dependencies:
+ @google/genai 1.40.0
+ clsx 2.1.1
+ framer-motion 12.34.0
+ lucide-react 0.563.0
+ react 19.2.4
+ react-dom 19.2.4
+ react-router-dom 7.13.1
+ recharts 3.7.0
+ tailwind-merge 3.4.0

devDependencies:
+ @testing-library/jest-dom 6.9.1
+ @testing-library/react 16.3.2
+ @testing-library/user-event 14.6.1
+ @types/node 25.2.3
+ @vitejs/plugin-react 5.1.4
+ @vitest/coverage-v8 3.2.4
+ @vitest/ui 3.2.4
+ jsdom 26.1.0
+ serve 14.2.5
+ typescript 5.9.3
+ vite 7.3.1
+ vitest 3.2.4

Done in 1m 10s using pnpm v10.30.1
