[249] Installing: techbridge-product-design-6r-design-portal
Lockfile is up to date, resolution step is skipped
Progress: resolved 1, reused 0, downloaded 0, added 0
Packages: +322
++++++++++++++++++++++++++++++++++++++++++++++++++++++++++++++++++++++++++++++++
Progress: resolved 322, reused 156, downloaded 0, added 0
Progress: resolved 322, reused 321, downloaded 0, added 9
Progress: resolved 322, reused 322, downloaded 0, added 22
Progress: resolved 322, reused 322, downloaded 0, added 51
Progress: resolved 322, reused 322, downloaded 0, added 66
Progress: resolved 322, reused 322, downloaded 0, added 76
Progress: resolved 322, reused 322, downloaded 0, added 77
Progress: resolved 322, reused 322, downloaded 0, added 79
Progress: resolved 322, reused 322, downloaded 0, added 91
Progress: resolved 322, reused 322, downloaded 0, added 92
Progress: resolved 322, reused 322, downloaded 0, added 99
Progress: resolved 322, reused 322, downloaded 0, added 101
Progress: resolved 322, reused 322, downloaded 0, added 102
Progress: resolved 322, reused 322, downloaded 0, added 108
Progress: resolved 322, reused 322, downloaded 0, added 109
Progress: resolved 322, reused 322, downloaded 0, added 110
Progress: resolved 322, reused 322, downloaded 0, added 111
Progress: resolved 322, reused 322, downloaded 0, added 115
Progress: resolved 322, reused 322, downloaded 0, added 125
Progress: resolved 322, reused 322, downloaded 0, added 136
Progress: resolved 322, reused 322, downloaded 0, added 145
Progress: resolved 322, reused 322, downloaded 0, added 152
Progress: resolved 322, reused 322, downloaded 0, added 157
Progress: resolved 322, reused 322, downloaded 0, added 171
Progress: resolved 322, reused 322, downloaded 0, added 175
Progress: resolved 322, reused 322, downloaded 0, added 185
Progress: resolved 322, reused 322, downloaded 0, added 198
Progress: resolved 322, reused 322, downloaded 0, added 210
Progress: resolved 322, reused 322, downloaded 0, added 243
Progress: resolved 322, reused 322, downloaded 0, added 259
Progress: resolved 322, reused 322, downloaded 0, added 281
Progress: resolved 322, reused 322, downloaded 0, added 316
Progress: resolved 322, reused 322, downloaded 0, added 318
Progress: resolved 322, reused 322, downloaded 0, added 320
Progress: resolved 322, reused 322, downloaded 0, added 321
Progress: resolved 322, reused 322, downloaded 0, added 322, done

dependencies:
+ @google/genai 1.44.0
+ lucide-react 0.400.0
+ react 19.2.4
+ react-dom 19.2.4
+ react-router-dom 7.13.1

devDependencies:
+ @testing-library/jest-dom 6.9.1
+ @testing-library/react 16.3.2
+ @testing-library/user-event 14.6.1
+ @types/node 22.19.15
+ @vitejs/plugin-react 5.1.4
+ @vitest/coverage-v8 3.2.4
+ @vitest/ui 3.2.4
+ jsdom 26.1.0
+ serve 14.2.5
+ typescript 5.8.3
+ vite 7.3.1
+ vitest 3.2.4

╭ Warning ─────────────────────────────────────────────────────────────────────╮
│                                                                              │
│   Ignored build scripts: esbuild@0.27.3, protobufjs@7.5.4.                   │
│   Run "pnpm approve-builds" to pick which dependencies should be allowed     │
│   to run scripts.                                                            │
│                                                                              │
╰──────────────────────────────────────────────────────────────────────────────╯
Done in 47.2s using pnpm v10.30.1
