[260] Installing: timetable-management-system
Lockfile is up to date, resolution step is skipped
Progress: resolved 1, reused 0, downloaded 0, added 0
Packages: +291
++++++++++++++++++++++++++++++++++++++++++++++++++++++++++++++++++++++++++++++++
Progress: resolved 291, reused 194, downloaded 0, added 0
Progress: resolved 291, reused 290, downloaded 0, added 16
Progress: resolved 291, reused 291, downloaded 0, added 37
Progress: resolved 291, reused 291, downloaded 0, added 46
Progress: resolved 291, reused 291, downloaded 0, added 59
Progress: resolved 291, reused 291, downloaded 0, added 67
Progress: resolved 291, reused 291, downloaded 0, added 72
Progress: resolved 291, reused 291, downloaded 0, added 87
Progress: resolved 291, reused 291, downloaded 0, added 100
Progress: resolved 291, reused 291, downloaded 0, added 105
Progress: resolved 291, reused 291, downloaded 0, added 113
Progress: resolved 291, reused 291, downloaded 0, added 133
Progress: resolved 291, reused 291, downloaded 0, added 140
Progress: resolved 291, reused 291, downloaded 0, added 160
Progress: resolved 291, reused 291, downloaded 0, added 164
Progress: resolved 291, reused 291, downloaded 0, added 194
Progress: resolved 291, reused 291, downloaded 0, added 202
Progress: resolved 291, reused 291, downloaded 0, added 223
Progress: resolved 291, reused 291, downloaded 0, added 241
Progress: resolved 291, reused 291, downloaded 0, added 259
Progress: resolved 291, reused 291, downloaded 0, added 280
Progress: resolved 291, reused 291, downloaded 0, added 286
Progress: resolved 291, reused 291, downloaded 0, added 287
Progress: resolved 291, reused 291, downloaded 0, added 288
Progress: resolved 291, reused 291, downloaded 0, added 289
Progress: resolved 291, reused 291, downloaded 0, added 290
Progress: resolved 291, reused 291, downloaded 0, added 291
Progress: resolved 291, reused 291, downloaded 0, added 291, done

dependencies:
+ lucide-react 0.540.0
+ react 19.2.4
+ react-dom 19.2.4
+ react-router-dom 7.13.1
+ recharts 3.8.0

devDependencies:
+ @testing-library/jest-dom 6.9.1
+ @testing-library/react 16.3.2
+ @testing-library/user-event 14.6.1
+ @types/node 22.19.15
+ @vitest/coverage-v8 3.2.4
+ @vitest/ui 3.2.4
+ jsdom 26.1.0
+ serve 14.2.5
+ typescript 5.8.3
+ vite 7.3.1
+ vitest 3.2.4

╭ Warning ─────────────────────────────────────────────────────────────────────╮
│                                                                              │
│   Ignored build scripts: esbuild@0.27.3.                                     │
│   Run "pnpm approve-builds" to pick which dependencies should be allowed     │
│   to run scripts.                                                            │
│                                                                              │
╰──────────────────────────────────────────────────────────────────────────────╯
Done in 1m 10.4s using pnpm v10.30.1
