[262] Installing: treasury-forecasting-ai
Lockfile is up to date, resolution step is skipped
Progress: resolved 1, reused 0, downloaded 0, added 0
Packages: +454
++++++++++++++++++++++++++++++++++++++++++++++++++++++++++++++++++++++++++++++++
Progress: resolved 454, reused 23, downloaded 0, added 0
Progress: resolved 454, reused 159, downloaded 0, added 0
Progress: resolved 454, reused 275, downloaded 0, added 0
Progress: resolved 454, reused 281, downloaded 0, added 0
Progress: resolved 454, reused 313, downloaded 0, added 0
Progress: resolved 454, reused 377, downloaded 0, added 0
Progress: resolved 454, reused 450, downloaded 0, added 4
Progress: resolved 454, reused 451, downloaded 0, added 7
Progress: resolved 454, reused 451, downloaded 0, added 17
Progress: resolved 454, reused 452, downloaded 0, added 22
Progress: resolved 454, reused 452, downloaded 0, added 23
Progress: resolved 454, reused 452, downloaded 0, added 43
Progress: resolved 454, reused 452, downloaded 0, added 68
Progress: resolved 454, reused 452, downloaded 0, added 76
Progress: resolved 454, reused 452, downloaded 0, added 87
Progress: resolved 454, reused 452, downloaded 0, added 101
Progress: resolved 454, reused 452, downloaded 0, added 120
Progress: resolved 454, reused 452, downloaded 0, added 124
Progress: resolved 454, reused 452, downloaded 0, added 135
Progress: resolved 454, reused 452, downloaded 0, added 137
Progress: resolved 454, reused 452, downloaded 0, added 146
Progress: resolved 454, reused 452, downloaded 0, added 163
Progress: resolved 454, reused 452, downloaded 0, added 173
Progress: resolved 454, reused 452, downloaded 0, added 178
Progress: resolved 454, reused 452, downloaded 0, added 190
Progress: resolved 454, reused 452, downloaded 0, added 200
Progress: resolved 454, reused 452, downloaded 0, added 210
Progress: resolved 454, reused 452, downloaded 0, added 224
Progress: resolved 454, reused 452, downloaded 0, added 240
Progress: resolved 454, reused 452, downloaded 0, added 265
Progress: resolved 454, reused 452, downloaded 0, added 266
Progress: resolved 454, reused 452, downloaded 0, added 273
Progress: resolved 454, reused 452, downloaded 0, added 278
Progress: resolved 454, reused 452, downloaded 0, added 281
Progress: resolved 454, reused 452, downloaded 0, added 284
Progress: resolved 454, reused 453, downloaded 0, added 292
Progress: resolved 454, reused 453, downloaded 0, added 295
Progress: resolved 454, reused 453, downloaded 0, added 303
Progress: resolved 454, reused 453, downloaded 0, added 304
Progress: resolved 454, reused 453, downloaded 0, added 307
Progress: resolved 454, reused 453, downloaded 0, added 310
Progress: resolved 454, reused 453, downloaded 0, added 313
Progress: resolved 454, reused 453, downloaded 0, added 317
Progress: resolved 454, reused 453, downloaded 0, added 319
Progress: resolved 454, reused 453, downloaded 0, added 324
Progress: resolved 454, reused 453, downloaded 0, added 325
Progress: resolved 454, reused 453, downloaded 0, added 326
Progress: resolved 454, reused 453, downloaded 0, added 327
Progress: resolved 454, reused 453, downloaded 0, added 328
Progress: resolved 454, reused 453, downloaded 0, added 329
Progress: resolved 454, reused 453, downloaded 0, added 332
Progress: resolved 454, reused 453, downloaded 0, added 342
Progress: resolved 454, reused 453, downloaded 0, added 355
Progress: resolved 454, reused 453, downloaded 0, added 364
Progress: resolved 454, reused 453, downloaded 0, added 368
Progress: resolved 454, reused 453, downloaded 0, added 377
Progress: resolved 454, reused 453, downloaded 0, added 386
Progress: resolved 454, reused 453, downloaded 0, added 390
Progress: resolved 454, reused 453, downloaded 0, added 400
Progress: resolved 454, reused 453, downloaded 0, added 414
Progress: resolved 454, reused 453, downloaded 0, added 420
Progress: resolved 454, reused 453, downloaded 0, added 428
Progress: resolved 454, reused 454, downloaded 0, added 439
Progress: resolved 454, reused 454, downloaded 0, added 447
Progress: resolved 454, reused 454, downloaded 0, added 448
Progress: resolved 454, reused 454, downloaded 0, added 450
Progress: resolved 454, reused 454, downloaded 0, added 451
Progress: resolved 454, reused 454, downloaded 0, added 452
Progress: resolved 454, reused 454, downloaded 0, added 453
Progress: resolved 454, reused 454, downloaded 0, added 454
Progress: resolved 454, reused 454, downloaded 0, added 454, done

dependencies:
+ @google/genai 1.44.0
+ @tailwindcss/vite 4.2.1
+ @vitejs/plugin-react 5.1.4
+ axios 1.13.6
+ better-sqlite3 12.6.2
+ clsx 2.1.1
+ date-fns 4.1.0
+ dotenv 17.3.1
+ express 4.22.1
+ framer-motion 12.35.2
+ lucide-react 0.546.0
+ motion 12.35.2
+ react 19.2.4
+ react-dom 19.2.4
+ react-router-dom 7.13.1
+ recharts 3.8.0
+ tailwind-merge 3.5.0
+ vite 6.4.1
+ zustand 5.0.11

devDependencies:
+ @testing-library/jest-dom 6.9.1
+ @testing-library/react 16.3.2
+ @testing-library/user-event 14.6.1
+ @types/express 4.17.25
+ @types/node 22.19.15
+ @types/react-router-dom 5.3.3
+ @vitest/coverage-v8 3.2.4
+ @vitest/ui 3.2.4
+ autoprefixer 10.4.27
+ jsdom 26.1.0
+ tailwindcss 4.2.1
+ tsx 4.21.0
+ typescript 5.8.3
+ vitest 3.2.4

╭ Warning ─────────────────────────────────────────────────────────────────────╮
│                                                                              │
│   Ignored build scripts: better-sqlite3@12.6.2, esbuild@0.25.12,             │
│   esbuild@0.27.3, protobufjs@7.5.4.                                          │
│   Run "pnpm approve-builds" to pick which dependencies should be allowed     │
│   to run scripts.                                                            │
│                                                                              │
╰──────────────────────────────────────────────────────────────────────────────╯
Done in 2m 4.8s using pnpm v10.32.1
