[265] Installing: tsapro
Lockfile is up to date, resolution step is skipped
Progress: resolved 1, reused 0, downloaded 0, added 0
Packages: +320
++++++++++++++++++++++++++++++++++++++++++++++++++++++++++++++++++++++++++++++++
Progress: resolved 320, reused 62, downloaded 0, added 0
Progress: resolved 320, reused 66, downloaded 0, added 0
Progress: resolved 320, reused 69, downloaded 0, added 0
Progress: resolved 320, reused 119, downloaded 0, added 0
Progress: resolved 320, reused 192, downloaded 0, added 0
Progress: resolved 320, reused 232, downloaded 0, added 0
Progress: resolved 320, reused 316, downloaded 0, added 0
Progress: resolved 320, reused 316, downloaded 0, added 2
Progress: resolved 320, reused 318, downloaded 0, added 10
Progress: resolved 320, reused 318, downloaded 0, added 20
Progress: resolved 320, reused 318, downloaded 0, added 34
Progress: resolved 320, reused 318, downloaded 0, added 62
Progress: resolved 320, reused 319, downloaded 0, added 93
Progress: resolved 320, reused 320, downloaded 0, added 94
Progress: resolved 320, reused 320, downloaded 0, added 104
Progress: resolved 320, reused 320, downloaded 0, added 116
Progress: resolved 320, reused 320, downloaded 0, added 144
Progress: resolved 320, reused 320, downloaded 0, added 158
Progress: resolved 320, reused 320, downloaded 0, added 169
Progress: resolved 320, reused 320, downloaded 0, added 190
Progress: resolved 320, reused 320, downloaded 0, added 201
Progress: resolved 320, reused 320, downloaded 0, added 216
Progress: resolved 320, reused 320, downloaded 0, added 237
Progress: resolved 320, reused 320, downloaded 0, added 246
Progress: resolved 320, reused 320, downloaded 0, added 277
Progress: resolved 320, reused 320, downloaded 0, added 310
Progress: resolved 320, reused 320, downloaded 0, added 314
Progress: resolved 320, reused 320, downloaded 0, added 315
Progress: resolved 320, reused 320, downloaded 0, added 316
Progress: resolved 320, reused 320, downloaded 0, added 317
Progress: resolved 320, reused 320, downloaded 0, added 318
Progress: resolved 320, reused 320, downloaded 0, added 319
Progress: resolved 320, reused 320, downloaded 0, added 320
Progress: resolved 320, reused 320, downloaded 0, added 320, done

dependencies:
+ @google/genai 1.39.0
+ lucide-react 0.400.0
+ react 19.2.4
+ react-dom 19.2.4
+ react-router-dom 7.13.0

devDependencies:
+ @testing-library/jest-dom 6.9.1
+ @testing-library/react 16.3.2
+ @testing-library/user-event 14.6.1
+ @types/node 22.19.7
+ @vitejs/plugin-react 5.1.3
+ @vitest/coverage-v8 3.2.4
+ @vitest/ui 3.2.4
+ jsdom 26.1.0
+ serve 14.2.5
+ typescript 5.8.3
+ vite 7.3.1
+ vitest 3.2.4

Done in 1m 16.8s using pnpm v10.30.1
