[264] Installing: tsapro-mapping-review
Progress: resolved 0, reused 1, downloaded 0, added 0
 WARN  deprecated eslint@8.57.1: This version is no longer supported. Please see https://eslint.org/version-support for other options.
Progress: resolved 24, reused 20, downloaded 0, added 0
Progress: resolved 98, reused 67, downloaded 0, added 0
Progress: resolved 164, reused 131, downloaded 0, added 0
Progress: resolved 207, reused 185, downloaded 0, added 0
Progress: resolved 244, reused 243, downloaded 0, added 0
Progress: resolved 312, reused 311, downloaded 0, added 0
Progress: resolved 373, reused 372, downloaded 0, added 0
 WARN  5 deprecated subdependencies found: @humanwhocodes/config-array@0.13.0, @humanwhocodes/object-schema@2.0.3, glob@7.2.3, inflight@1.0.6, rimraf@3.0.2
Packages: +418
++++++++++++++++++++++++++++++++++++++++++++++++++++++++++++++++++++++++++++++++
Progress: resolved 419, reused 418, downloaded 0, added 0
Progress: resolved 419, reused 418, downloaded 0, added 1
Progress: resolved 419, reused 418, downloaded 0, added 45
Progress: resolved 419, reused 418, downloaded 0, added 53
Progress: resolved 419, reused 418, downloaded 0, added 99
Progress: resolved 419, reused 418, downloaded 0, added 149
Progress: resolved 419, reused 418, downloaded 0, added 204
Progress: resolved 419, reused 418, downloaded 0, added 243
Progress: resolved 419, reused 418, downloaded 0, added 278
Progress: resolved 419, reused 418, downloaded 0, added 302
Progress: resolved 419, reused 418, downloaded 0, added 324
Progress: resolved 419, reused 418, downloaded 0, added 339
Progress: resolved 419, reused 418, downloaded 0, added 354
Progress: resolved 419, reused 418, downloaded 0, added 398
Progress: resolved 419, reused 418, downloaded 0, added 409
Progress: resolved 419, reused 418, downloaded 0, added 417
Progress: resolved 419, reused 418, downloaded 0, added 418
Progress: resolved 419, reused 418, downloaded 0, added 418, done

dependencies:
+ express 4.22.1 (5.2.1 is available)
+ mysql2 3.19.1

devDependencies:
+ eslint 8.57.1 deprecated
+ jest 29.7.0
+ nodemon 3.1.14

Done in 30.8s using pnpm v10.32.1
