[266] Installing: tuc-analytics-dashboard
Lockfile is up to date, resolution step is skipped
Progress: resolved 1, reused 0, downloaded 0, added 0
Packages: +526
++++++++++++++++++++++++++++++++++++++++++++++++++++++++++++++++++++++++++++++++
Progress: resolved 526, reused 30, downloaded 0, added 0
Progress: resolved 526, reused 52, downloaded 0, added 0
Progress: resolved 526, reused 104, downloaded 0, added 0
Progress: resolved 526, reused 130, downloaded 0, added 0
Progress: resolved 526, reused 179, downloaded 0, added 0
Progress: resolved 526, reused 247, downloaded 0, added 0
Progress: resolved 526, reused 286, downloaded 0, added 0
Progress: resolved 526, reused 325, downloaded 0, added 0
Progress: resolved 526, reused 372, downloaded 0, added 0
Progress: resolved 526, reused 474, downloaded 0, added 0
Progress: resolved 526, reused 525, downloaded 0, added 4
Progress: resolved 526, reused 525, downloaded 0, added 21
Progress: resolved 526, reused 525, downloaded 0, added 23
Progress: resolved 526, reused 526, downloaded 0, added 57
Progress: resolved 526, reused 526, downloaded 0, added 89
Progress: resolved 526, reused 526, downloaded 0, added 91
Progress: resolved 526, reused 526, downloaded 0, added 113
Progress: resolved 526, reused 526, downloaded 0, added 121
Progress: resolved 526, reused 526, downloaded 0, added 125
Progress: resolved 526, reused 526, downloaded 0, added 134
Progress: resolved 526, reused 526, downloaded 0, added 145
Progress: resolved 526, reused 526, downloaded 0, added 155
Progress: resolved 526, reused 526, downloaded 0, added 167
Progress: resolved 526, reused 526, downloaded 0, added 186
Progress: resolved 526, reused 526, downloaded 0, added 187
Progress: resolved 526, reused 526, downloaded 0, added 203
Progress: resolved 526, reused 526, downloaded 0, added 211
Progress: resolved 526, reused 526, downloaded 0, added 215
Progress: resolved 526, reused 526, downloaded 0, added 230
Progress: resolved 526, reused 526, downloaded 0, added 243
Progress: resolved 526, reused 526, downloaded 0, added 251
Progress: resolved 526, reused 526, downloaded 0, added 252
Progress: resolved 526, reused 526, downloaded 0, added 268
Progress: resolved 526, reused 526, downloaded 0, added 269
Progress: resolved 526, reused 526, downloaded 0, added 270
Progress: resolved 526, reused 526, downloaded 0, added 277
Progress: resolved 526, reused 526, downloaded 0, added 284
Progress: resolved 526, reused 526, downloaded 0, added 285
Progress: resolved 526, reused 526, downloaded 0, added 304
Progress: resolved 526, reused 526, downloaded 0, added 305
Progress: resolved 526, reused 526, downloaded 0, added 315
Progress: resolved 526, reused 526, downloaded 0, added 316
Progress: resolved 526, reused 526, downloaded 0, added 339
Progress: resolved 526, reused 526, downloaded 0, added 365
Progress: resolved 526, reused 526, downloaded 0, added 390
Progress: resolved 526, reused 526, downloaded 0, added 391
Progress: resolved 526, reused 526, downloaded 0, added 399
Progress: resolved 526, reused 526, downloaded 0, added 420
Progress: resolved 526, reused 526, downloaded 0, added 448
Progress: resolved 526, reused 526, downloaded 0, added 475
Progress: resolved 526, reused 526, downloaded 0, added 480
Progress: resolved 526, reused 526, downloaded 0, added 491
Progress: resolved 526, reused 526, downloaded 0, added 499
Progress: resolved 526, reused 526, downloaded 0, added 510
Progress: resolved 526, reused 526, downloaded 0, added 522
Progress: resolved 526, reused 526, downloaded 0, added 524
Progress: resolved 526, reused 526, downloaded 0, added 525
Progress: resolved 526, reused 526, downloaded 0, added 526
Progress: resolved 526, reused 526, downloaded 0, added 526, done

dependencies:
+ @hookform/resolvers 3.10.0
+ @radix-ui/react-accordion 1.2.4
+ @radix-ui/react-alert-dialog 1.1.7
+ @radix-ui/react-aspect-ratio 1.1.3
+ @radix-ui/react-avatar 1.1.4
+ @radix-ui/react-checkbox 1.1.5
+ @radix-ui/react-collapsible 1.1.4
+ @radix-ui/react-context-menu 2.2.7
+ @radix-ui/react-dialog 1.1.7
+ @radix-ui/react-dropdown-menu 2.1.7
+ @radix-ui/react-hover-card 1.1.7
+ @radix-ui/react-label 2.1.3
+ @radix-ui/react-menubar 1.1.7
+ @radix-ui/react-navigation-menu 1.2.6
+ @radix-ui/react-popover 1.1.7
+ @radix-ui/react-progress 1.1.3
+ @radix-ui/react-radio-group 1.2.4
+ @radix-ui/react-scroll-area 1.2.4
+ @radix-ui/react-select 2.1.7
+ @radix-ui/react-separator 1.1.3
+ @radix-ui/react-slider 1.2.4
+ @radix-ui/react-slot 1.2.0
+ @radix-ui/react-switch 1.1.4
+ @radix-ui/react-tabs 1.1.4
+ @radix-ui/react-toast 1.2.7
+ @radix-ui/react-toggle 1.1.3
+ @radix-ui/react-toggle-group 1.1.3
+ @radix-ui/react-tooltip 1.2.0
+ chart.js 4.4.9
+ chartjs-adapter-date-fns 3.0.0
+ class-variance-authority 0.7.1
+ clsx 2.1.1
+ cmdk 1.0.0
+ date-fns 3.6.0
+ embla-carousel-react 8.6.0
+ html2canvas 1.4.1
+ input-otp 1.4.2
+ lucide-react 0.364.0
+ next-themes 0.4.6
+ react 19.2.4
+ react-chartjs-2 5.3.0
+ react-day-picker 8.10.1
+ react-dom 19.2.4
+ react-hook-form 7.55.0
+ react-resizable-panels 2.1.7
+ react-router-dom 6.30.0
+ recharts 2.15.2
+ regression 2.0.1
+ simple-statistics 7.8.8
+ sonner 1.7.4
+ tailwind-merge 2.6.0
+ tailwindcss-animate 1.0.7
+ vaul 1.1.2
+ zod 3.24.2

devDependencies:
+ @eslint/js 9.24.0
+ @playwright/test 1.58.2
+ @tailwindcss/vite 4.2.1
+ @testing-library/jest-dom 6.9.1
+ @testing-library/react 16.3.1
+ @testing-library/user-event 14.6.1
+ @types/node 22.14.1
+ @types/react 19.2.14
+ @types/react-dom 19.2.3
+ @types/react-router-dom 5.3.3
+ @vitejs/plugin-react 4.3.4
+ autoprefixer 10.4.20
+ eslint 9.24.0
+ eslint-plugin-react-hooks 5.2.0
+ eslint-plugin-react-refresh 0.4.19
+ globals 15.15.0
+ happy-dom 20.3.0
+ jsdom 27.4.0
+ postcss 8.4.49
+ serve 14.2.5
+ tailwindcss 4.2.1
+ typescript 5.6.3
+ typescript-eslint 8.29.1
+ vite 7.3.1
+ vitest 4.0.17

╭ Warning ─────────────────────────────────────────────────────────────────────╮
│                                                                              │
│   Ignored build scripts: esbuild@0.27.3.                                     │
│   Run "pnpm approve-builds" to pick which dependencies should be allowed     │
│   to run scripts.                                                            │
│                                                                              │
╰──────────────────────────────────────────────────────────────────────────────╯
Done in 1m 27.1s using pnpm v10.30.1
