[267] Installing: tvet-assessment-progress-dashboard
Lockfile is up to date, resolution step is skipped
Progress: resolved 1, reused 0, downloaded 0, added 0
Packages: +326
++++++++++++++++++++++++++++++++++++++++++++++++++++++++++++++++++++++++++++++++
Progress: resolved 326, reused 30, downloaded 0, added 0
Progress: resolved 326, reused 73, downloaded 0, added 0
Progress: resolved 326, reused 104, downloaded 0, added 0
Progress: resolved 326, reused 130, downloaded 0, added 0
Progress: resolved 326, reused 144, downloaded 0, added 0
Progress: resolved 326, reused 191, downloaded 0, added 0
Progress: resolved 326, reused 218, downloaded 0, added 0
Progress: resolved 326, reused 251, downloaded 0, added 0
Progress: resolved 326, reused 325, downloaded 0, added 1
Progress: resolved 326, reused 325, downloaded 0, added 2
Progress: resolved 326, reused 326, downloaded 0, added 14
Progress: resolved 326, reused 326, downloaded 0, added 22
Progress: resolved 326, reused 326, downloaded 0, added 35
Progress: resolved 326, reused 326, downloaded 0, added 44
Progress: resolved 326, reused 326, downloaded 0, added 59
Progress: resolved 326, reused 326, downloaded 0, added 65
Progress: resolved 326, reused 326, downloaded 0, added 66
Progress: resolved 326, reused 326, downloaded 0, added 70
Progress: resolved 326, reused 326, downloaded 0, added 74
Progress: resolved 326, reused 326, downloaded 0, added 75
Progress: resolved 326, reused 326, downloaded 0, added 91
Progress: resolved 326, reused 326, downloaded 0, added 99
Progress: resolved 326, reused 326, downloaded 0, added 103
Progress: resolved 326, reused 326, downloaded 0, added 108
Progress: resolved 326, reused 326, downloaded 0, added 113
Progress: resolved 326, reused 326, downloaded 0, added 117
Progress: resolved 326, reused 326, downloaded 0, added 121
Progress: resolved 326, reused 326, downloaded 0, added 139
Progress: resolved 326, reused 326, downloaded 0, added 142
Progress: resolved 326, reused 326, downloaded 0, added 153
Progress: resolved 326, reused 326, downloaded 0, added 172
Progress: resolved 326, reused 326, downloaded 0, added 179
Progress: resolved 326, reused 326, downloaded 0, added 189
Progress: resolved 326, reused 326, downloaded 0, added 199
Progress: resolved 326, reused 326, downloaded 0, added 203
Progress: resolved 326, reused 326, downloaded 0, added 204
Progress: resolved 326, reused 326, downloaded 0, added 219
Progress: resolved 326, reused 326, downloaded 0, added 221
Progress: resolved 326, reused 326, downloaded 0, added 222
Progress: resolved 326, reused 326, downloaded 0, added 236
Progress: resolved 326, reused 326, downloaded 0, added 237
Progress: resolved 326, reused 326, downloaded 0, added 238
Progress: resolved 326, reused 326, downloaded 0, added 239
Progress: resolved 326, reused 326, downloaded 0, added 247
Progress: resolved 326, reused 326, downloaded 0, added 248
Progress: resolved 326, reused 326, downloaded 0, added 253
Progress: resolved 326, reused 326, downloaded 0, added 254
Progress: resolved 326, reused 326, downloaded 0, added 258
Progress: resolved 326, reused 326, downloaded 0, added 277
Progress: resolved 326, reused 326, downloaded 0, added 321
Progress: resolved 326, reused 326, downloaded 0, added 322
Progress: resolved 326, reused 326, downloaded 0, added 323
Progress: resolved 326, reused 326, downloaded 0, added 324
Progress: resolved 326, reused 326, downloaded 0, added 325
Progress: resolved 326, reused 326, downloaded 0, added 326, done

dependencies:
+ html-to-image 1.11.11
+ lucide-react 0.463.0
+ react 19.2.4
+ react-dom 19.2.4
+ react-router-dom 7.13.1
+ recharts 2.12.0

devDependencies:
+ @testing-library/jest-dom 6.9.1
+ @testing-library/react 16.3.2
+ @testing-library/user-event 14.6.1
+ @types/node 22.19.15
+ @vitejs/plugin-react 5.1.4
+ @vitest/coverage-v8 3.2.4
+ @vitest/ui 3.2.4
+ jsdom 26.1.0
+ serve 14.2.5
+ typescript 5.8.3
+ vite 7.3.1
+ vitest 3.2.4

╭ Warning ─────────────────────────────────────────────────────────────────────╮
│                                                                              │
│   Ignored build scripts: esbuild@0.27.3.                                     │
│   Run "pnpm approve-builds" to pick which dependencies should be allowed     │
│   to run scripts.                                                            │
│                                                                              │
╰──────────────────────────────────────────────────────────────────────────────╯
Done in 1m 8.9s using pnpm v10.30.1
