[268] Installing: umoja-react-app
Lockfile is up to date, resolution step is skipped
Progress: resolved 1, reused 0, downloaded 0, added 0
Packages: +303
++++++++++++++++++++++++++++++++++++++++++++++++++++++++++++++++++++++++++++++++
Progress: resolved 303, reused 53, downloaded 0, added 0
Progress: resolved 303, reused 70, downloaded 0, added 0
Progress: resolved 303, reused 112, downloaded 0, added 0
Progress: resolved 303, reused 168, downloaded 0, added 0
Progress: resolved 303, reused 195, downloaded 0, added 0
Progress: resolved 303, reused 228, downloaded 0, added 0
Progress: resolved 303, reused 302, downloaded 0, added 0
Progress: resolved 303, reused 303, downloaded 0, added 10
Progress: resolved 303, reused 303, downloaded 0, added 18
Progress: resolved 303, reused 303, downloaded 0, added 24
Progress: resolved 303, reused 303, downloaded 0, added 32
Progress: resolved 303, reused 303, downloaded 0, added 35
Progress: resolved 303, reused 303, downloaded 0, added 39
Progress: resolved 303, reused 303, downloaded 0, added 40
Progress: resolved 303, reused 303, downloaded 0, added 53
Progress: resolved 303, reused 303, downloaded 0, added 57
Progress: resolved 303, reused 303, downloaded 0, added 61
Progress: resolved 303, reused 303, downloaded 0, added 76
Progress: resolved 303, reused 303, downloaded 0, added 82
Progress: resolved 303, reused 303, downloaded 0, added 83
Progress: resolved 303, reused 303, downloaded 0, added 87
Progress: resolved 303, reused 303, downloaded 0, added 91
Progress: resolved 303, reused 303, downloaded 0, added 108
Progress: resolved 303, reused 303, downloaded 0, added 113
Progress: resolved 303, reused 303, downloaded 0, added 126
Progress: resolved 303, reused 303, downloaded 0, added 130
Progress: resolved 303, reused 303, downloaded 0, added 142
Progress: resolved 303, reused 303, downloaded 0, added 153
Progress: resolved 303, reused 303, downloaded 0, added 160
Progress: resolved 303, reused 303, downloaded 0, added 167
Progress: resolved 303, reused 303, downloaded 0, added 179
Progress: resolved 303, reused 303, downloaded 0, added 180
Progress: resolved 303, reused 303, downloaded 0, added 185
Progress: resolved 303, reused 303, downloaded 0, added 198
Progress: resolved 303, reused 303, downloaded 0, added 199
Progress: resolved 303, reused 303, downloaded 0, added 200
Progress: resolved 303, reused 303, downloaded 0, added 212
Progress: resolved 303, reused 303, downloaded 0, added 213
Progress: resolved 303, reused 303, downloaded 0, added 214
Progress: resolved 303, reused 303, downloaded 0, added 215
Progress: resolved 303, reused 303, downloaded 0, added 225
Progress: resolved 303, reused 303, downloaded 0, added 226
Progress: resolved 303, reused 303, downloaded 0, added 230
Progress: resolved 303, reused 303, downloaded 0, added 231
Progress: resolved 303, reused 303, downloaded 0, added 239
Progress: resolved 303, reused 303, downloaded 0, added 257
Progress: resolved 303, reused 303, downloaded 0, added 299
Progress: resolved 303, reused 303, downloaded 0, added 300
Progress: resolved 303, reused 303, downloaded 0, added 301
Progress: resolved 303, reused 303, downloaded 0, added 302
Progress: resolved 303, reused 303, downloaded 0, added 303, done

dependencies:
+ lucide-react 0.400.0
+ react 19.2.4
+ react-dom 19.2.4
+ react-router-dom 6.30.1

devDependencies:
+ @testing-library/jest-dom 6.9.1
+ @testing-library/react 16.3.2
+ @testing-library/user-event 14.6.1
+ @types/react 19.2.14
+ @types/react-dom 19.2.3
+ @vitejs/plugin-react 5.1.4
+ @vitest/coverage-v8 3.2.4
+ @vitest/ui 3.2.4
+ jsdom 26.1.0
+ serve 14.2.5
+ typescript 5.9.3
+ vite 7.3.1
+ vitest 3.2.4

╭ Warning ─────────────────────────────────────────────────────────────────────╮
│                                                                              │
│   Ignored build scripts: esbuild@0.27.3.                                     │
│   Run "pnpm approve-builds" to pick which dependencies should be allowed     │
│   to run scripts.                                                            │
│                                                                              │
╰──────────────────────────────────────────────────────────────────────────────╯
Done in 1m 8.3s using pnpm v10.30.1
