[273] Installing: veca-vermont-education-contact-aggregator
Lockfile is up to date, resolution step is skipped
Progress: resolved 1, reused 0, downloaded 0, added 0
Packages: +308
++++++++++++++++++++++++++++++++++++++++++++++++++++++++++++++++++++++++++++++++
Progress: resolved 308, reused 307, downloaded 0, added 6
Progress: resolved 308, reused 307, downloaded 0, added 35
Progress: resolved 308, reused 308, downloaded 0, added 68
Progress: resolved 308, reused 308, downloaded 0, added 79
Progress: resolved 308, reused 308, downloaded 0, added 98
Progress: resolved 308, reused 308, downloaded 0, added 104
Progress: resolved 308, reused 308, downloaded 0, added 108
Progress: resolved 308, reused 308, downloaded 0, added 127
Progress: resolved 308, reused 308, downloaded 0, added 149
Progress: resolved 308, reused 308, downloaded 0, added 173
Progress: resolved 308, reused 308, downloaded 0, added 185
Progress: resolved 308, reused 308, downloaded 0, added 219
Progress: resolved 308, reused 308, downloaded 0, added 235
Progress: resolved 308, reused 308, downloaded 0, added 255
Progress: resolved 308, reused 308, downloaded 0, added 276
Progress: resolved 308, reused 308, downloaded 0, added 303
Progress: resolved 308, reused 308, downloaded 0, added 304
Progress: resolved 308, reused 308, downloaded 0, added 307
Progress: resolved 308, reused 308, downloaded 0, added 308
Progress: resolved 308, reused 308, downloaded 0, added 308, done

dependencies:
+ @google/genai 1.30.0
+ lucide-react 0.554.0
+ react 19.2.4
+ react-dom 19.2.4
+ react-router-dom 7.13.1

devDependencies:
+ @testing-library/jest-dom 6.9.1
+ @testing-library/react 16.3.2
+ @testing-library/user-event 14.6.1
+ @types/node 24.10.1
+ @vitejs/plugin-react 5.1.1
+ @vitest/coverage-v8 3.2.4
+ @vitest/ui 3.2.4
+ jsdom 26.1.0
+ serve 14.2.5
+ typescript 5.9.3
+ vite 7.3.1
+ vitest 3.2.4

Done in 37.7s using pnpm v10.30.1
