[274] Installing: video-scene-generator
Lockfile is up to date, resolution step is skipped
Progress: resolved 1, reused 0, downloaded 0, added 0
Packages: +454
++++++++++++++++++++++++++++++++++++++++++++++++++++++++++++++++++++++++++++++++
Progress: resolved 454, reused 91, downloaded 0, added 0
Progress: resolved 454, reused 283, downloaded 0, added 0
Progress: resolved 454, reused 407, downloaded 0, added 0
Progress: resolved 454, reused 454, downloaded 0, added 12
Progress: resolved 454, reused 454, downloaded 0, added 22
Progress: resolved 454, reused 454, downloaded 0, added 38
Progress: resolved 454, reused 454, downloaded 0, added 67
Progress: resolved 454, reused 454, downloaded 0, added 79
Progress: resolved 454, reused 454, downloaded 0, added 90
Progress: resolved 454, reused 454, downloaded 0, added 113
Progress: resolved 454, reused 454, downloaded 0, added 126
Progress: resolved 454, reused 454, downloaded 0, added 134
Progress: resolved 454, reused 454, downloaded 0, added 140
Progress: resolved 454, reused 454, downloaded 0, added 161
Progress: resolved 454, reused 454, downloaded 0, added 166
Progress: resolved 454, reused 454, downloaded 0, added 184
Progress: resolved 454, reused 454, downloaded 0, added 202
Progress: resolved 454, reused 454, downloaded 0, added 234
Progress: resolved 454, reused 454, downloaded 0, added 267
Progress: resolved 454, reused 454, downloaded 0, added 269
Progress: resolved 454, reused 454, downloaded 0, added 276
Progress: resolved 454, reused 454, downloaded 0, added 283
Progress: resolved 454, reused 454, downloaded 0, added 287
Progress: resolved 454, reused 454, downloaded 0, added 305
Progress: resolved 454, reused 454, downloaded 0, added 307
Progress: resolved 454, reused 454, downloaded 0, added 317
Progress: resolved 454, reused 454, downloaded 0, added 321
Progress: resolved 454, reused 454, downloaded 0, added 326
Progress: resolved 454, reused 454, downloaded 0, added 332
Progress: resolved 454, reused 454, downloaded 0, added 335
Progress: resolved 454, reused 454, downloaded 0, added 345
Progress: resolved 454, reused 454, downloaded 0, added 353
Progress: resolved 454, reused 454, downloaded 0, added 367
Progress: resolved 454, reused 454, downloaded 0, added 372
Progress: resolved 454, reused 454, downloaded 0, added 380
Progress: resolved 454, reused 454, downloaded 0, added 387
Progress: resolved 454, reused 454, downloaded 0, added 408
Progress: resolved 454, reused 454, downloaded 0, added 415
Progress: resolved 454, reused 454, downloaded 0, added 425
Progress: resolved 454, reused 454, downloaded 0, added 427
Progress: resolved 454, reused 454, downloaded 0, added 434
Progress: resolved 454, reused 454, downloaded 0, added 435
Progress: resolved 454, reused 454, downloaded 0, added 440
Progress: resolved 454, reused 454, downloaded 0, added 446
Progress: resolved 454, reused 454, downloaded 0, added 449
Progress: resolved 454, reused 454, downloaded 0, added 450
Progress: resolved 454, reused 454, downloaded 0, added 451
Progress: resolved 454, reused 454, downloaded 0, added 452
Progress: resolved 454, reused 454, downloaded 0, added 453
Progress: resolved 454, reused 454, downloaded 0, added 454
Progress: resolved 454, reused 454, downloaded 0, added 454, done

dependencies:
+ @google/genai 1.44.0
+ @tailwindcss/vite 4.2.1
+ @vitejs/plugin-react 5.1.4
+ axios 1.13.6
+ better-sqlite3 12.6.2
+ clsx 2.1.1
+ date-fns 4.1.0
+ dotenv 17.3.1
+ express 4.22.1
+ framer-motion 12.35.2
+ lucide-react 0.546.0
+ motion 12.35.2
+ react 19.2.4
+ react-dom 19.2.4
+ react-router-dom 7.13.1
+ recharts 3.8.0
+ tailwind-merge 3.5.0
+ vite 6.4.1
+ zustand 5.0.11

devDependencies:
+ @testing-library/jest-dom 6.9.1
+ @testing-library/react 16.3.2
+ @testing-library/user-event 14.6.1
+ @types/express 4.17.25
+ @types/node 22.19.15
+ @types/react-router-dom 5.3.3
+ @vitest/coverage-v8 3.2.4
+ @vitest/ui 3.2.4
+ autoprefixer 10.4.27
+ jsdom 26.1.0
+ tailwindcss 4.2.1
+ tsx 4.21.0
+ typescript 5.8.3
+ vitest 3.2.4

╭ Warning ─────────────────────────────────────────────────────────────────────╮
│                                                                              │
│   Ignored build scripts: better-sqlite3@12.6.2, esbuild@0.25.12,             │
│   esbuild@0.27.3, protobufjs@7.5.4.                                          │
│   Run "pnpm approve-builds" to pick which dependencies should be allowed     │
│   to run scripts.                                                            │
│                                                                              │
╰──────────────────────────────────────────────────────────────────────────────╯
Done in 1m 38.5s using pnpm v10.32.1
