[275] Installing: visual-quiz-master-v1
Lockfile is up to date, resolution step is skipped
Progress: resolved 1, reused 0, downloaded 0, added 0
Packages: +223
++++++++++++++++++++++++++++++++++++++++++++++++++++++++++++++++++++++++++++++++
Progress: resolved 223, reused 55, downloaded 0, added 0
Progress: resolved 223, reused 59, downloaded 0, added 0
Progress: resolved 223, reused 165, downloaded 0, added 0
Progress: resolved 223, reused 221, downloaded 0, added 0
Progress: resolved 223, reused 222, downloaded 0, added 0
Progress: resolved 223, reused 222, downloaded 0, added 9
Progress: resolved 223, reused 223, downloaded 0, added 15
Progress: resolved 223, reused 223, downloaded 0, added 17
Progress: resolved 223, reused 223, downloaded 0, added 18
Progress: resolved 223, reused 223, downloaded 0, added 24
Progress: resolved 223, reused 223, downloaded 0, added 28
Progress: resolved 223, reused 223, downloaded 0, added 31
Progress: resolved 223, reused 223, downloaded 0, added 32
Progress: resolved 223, reused 223, downloaded 0, added 35
Progress: resolved 223, reused 223, downloaded 0, added 38
Progress: resolved 223, reused 223, downloaded 0, added 39
Progress: resolved 223, reused 223, downloaded 0, added 40
Progress: resolved 223, reused 223, downloaded 0, added 45
Progress: resolved 223, reused 223, downloaded 0, added 55
Progress: resolved 223, reused 223, downloaded 0, added 90
Progress: resolved 223, reused 223, downloaded 0, added 107
Progress: resolved 223, reused 223, downloaded 0, added 142
Progress: resolved 223, reused 223, downloaded 0, added 183
Progress: resolved 223, reused 223, downloaded 0, added 212
Progress: resolved 223, reused 223, downloaded 0, added 220
Progress: resolved 223, reused 223, downloaded 0, added 221
Progress: resolved 223, reused 223, downloaded 0, added 223, done

dependencies:
+ chart.js 4.5.1
+ react 19.2.4
+ react-dom 19.2.4

devDependencies:
+ @testing-library/jest-dom 6.9.1
+ @testing-library/react 16.3.2
+ @testing-library/user-event 14.6.1
+ @types/node 22.19.0
+ @vitejs/plugin-react 5.1.0
+ @vitest/coverage-v8 3.2.4
+ @vitest/ui 3.2.4
+ jsdom 26.1.0
+ typescript 5.8.3
+ vite 6.4.1
+ vitest 3.2.4

Done in 34.2s using pnpm v10.32.1
