[276] Installing: whatsapp-parody
Lockfile is up to date, resolution step is skipped
Progress: resolved 1, reused 0, downloaded 0, added 0
Packages: +324
++++++++++++++++++++++++++++++++++++++++++++++++++++++++++++++++++++++++++++++++
Progress: resolved 324, reused 41, downloaded 0, added 0
Progress: resolved 324, reused 42, downloaded 0, added 0
Progress: resolved 324, reused 108, downloaded 0, added 0
Progress: resolved 324, reused 184, downloaded 0, added 0
Progress: resolved 324, reused 268, downloaded 0, added 0
Progress: resolved 324, reused 281, downloaded 0, added 0
Progress: resolved 324, reused 320, downloaded 0, added 0
Progress: resolved 324, reused 321, downloaded 0, added 0
Progress: resolved 324, reused 321, downloaded 0, added 1
Progress: resolved 324, reused 321, downloaded 0, added 2
Progress: resolved 324, reused 323, downloaded 0, added 13
Progress: resolved 324, reused 323, downloaded 0, added 14
Progress: resolved 324, reused 323, downloaded 0, added 21
Progress: resolved 324, reused 323, downloaded 0, added 27
Progress: resolved 324, reused 323, downloaded 0, added 38
Progress: resolved 324, reused 324, downloaded 0, added 46
Progress: resolved 324, reused 324, downloaded 0, added 58
Progress: resolved 324, reused 324, downloaded 0, added 60
Progress: resolved 324, reused 324, downloaded 0, added 65
Progress: resolved 324, reused 324, downloaded 0, added 73
Progress: resolved 324, reused 324, downloaded 0, added 80
Progress: resolved 324, reused 324, downloaded 0, added 91
Progress: resolved 324, reused 324, downloaded 0, added 104
Progress: resolved 324, reused 324, downloaded 0, added 145
Progress: resolved 324, reused 324, downloaded 0, added 172
Progress: resolved 324, reused 324, downloaded 0, added 197
Progress: resolved 324, reused 324, downloaded 0, added 225
Progress: resolved 324, reused 324, downloaded 0, added 239
Progress: resolved 324, reused 324, downloaded 0, added 250
Progress: resolved 324, reused 324, downloaded 0, added 288
Progress: resolved 324, reused 324, downloaded 0, added 312
Progress: resolved 324, reused 324, downloaded 0, added 316
Progress: resolved 324, reused 324, downloaded 0, added 319
Progress: resolved 324, reused 324, downloaded 0, added 321
Progress: resolved 324, reused 324, downloaded 0, added 322
Progress: resolved 324, reused 324, downloaded 0, added 323
Progress: resolved 324, reused 324, downloaded 0, added 324
Progress: resolved 324, reused 324, downloaded 0, added 324, done

dependencies:
+ clsx 2.1.1
+ framer-motion 12.34.3
+ lucide-react 0.575.0
+ react 19.2.4
+ react-dom 19.2.4
+ react-router-dom 7.13.1
+ tailwind-merge 3.5.0

devDependencies:
+ @eslint/js 9.39.3
+ @testing-library/jest-dom 6.9.1
+ @testing-library/react 16.3.2
+ @testing-library/user-event 14.6.1
+ @types/node 24.10.13
+ @types/react 19.2.14
+ @types/react-dom 19.2.3
+ @vitejs/plugin-react 5.1.4
+ @vitest/coverage-v8 3.2.4
+ @vitest/ui 3.2.4
+ eslint 9.39.3
+ eslint-plugin-react-hooks 7.0.1
+ eslint-plugin-react-refresh 0.4.26
+ globals 16.5.0
+ jsdom 26.1.0
+ typescript 5.9.3
+ typescript-eslint 8.56.0
+ vite 7.3.1
+ vitest 3.2.4

╭ Warning ─────────────────────────────────────────────────────────────────────╮
│                                                                              │
│   Ignored build scripts: esbuild@0.27.3.                                     │
│   Run "pnpm approve-builds" to pick which dependencies should be allowed     │
│   to run scripts.                                                            │
│                                                                              │
╰──────────────────────────────────────────────────────────────────────────────╯
Done in 1m 2.2s using pnpm v10.32.1
