[277] Installing: willpro
Lockfile is up to date, resolution step is skipped
Progress: resolved 1, reused 0, downloaded 0, added 0
Packages: +271
++++++++++++++++++++++++++++++++++++++++++++++++++++++++++++++++++++++++++++++++
Progress: resolved 271, reused 15, downloaded 0, added 0
Progress: resolved 271, reused 20, downloaded 0, added 0
Progress: resolved 271, reused 83, downloaded 0, added 0
Progress: resolved 271, reused 106, downloaded 0, added 0
Progress: resolved 271, reused 110, downloaded 0, added 0
Progress: resolved 271, reused 175, downloaded 0, added 0
Progress: resolved 271, reused 268, downloaded 0, added 2
Progress: resolved 271, reused 269, downloaded 0, added 10
Progress: resolved 271, reused 269, downloaded 0, added 23
Progress: resolved 271, reused 269, downloaded 0, added 24
Progress: resolved 271, reused 269, downloaded 0, added 30
Progress: resolved 271, reused 269, downloaded 0, added 31
Progress: resolved 271, reused 269, downloaded 0, added 41
Progress: resolved 271, reused 269, downloaded 0, added 42
Progress: resolved 271, reused 269, downloaded 0, added 48
Progress: resolved 271, reused 269, downloaded 0, added 50
Progress: resolved 271, reused 270, downloaded 0, added 65
Progress: resolved 271, reused 271, downloaded 0, added 85
Progress: resolved 271, reused 271, downloaded 0, added 111
Progress: resolved 271, reused 271, downloaded 0, added 123
Progress: resolved 271, reused 271, downloaded 0, added 139
Progress: resolved 271, reused 271, downloaded 0, added 153
Progress: resolved 271, reused 271, downloaded 0, added 182
Progress: resolved 271, reused 271, downloaded 0, added 195
Progress: resolved 271, reused 271, downloaded 0, added 217
Progress: resolved 271, reused 271, downloaded 0, added 266
Progress: resolved 271, reused 271, downloaded 0, added 267
Progress: resolved 271, reused 271, downloaded 0, added 269
Progress: resolved 271, reused 271, downloaded 0, added 270
Progress: resolved 271, reused 271, downloaded 0, added 271
Progress: resolved 271, reused 271, downloaded 0, added 271, done

dependencies:
+ jspdf 2.5.1
+ lucide-react 0.400.0
+ react 19.2.4
+ react-dom 19.2.4
+ react-router-dom 7.13.1

devDependencies:
+ @testing-library/jest-dom 6.9.1
+ @testing-library/react 16.3.2
+ @testing-library/user-event 14.6.1
+ @types/node 22.17.1
+ @vitest/coverage-v8 3.2.4
+ @vitest/ui 3.2.4
+ jsdom 26.1.0
+ serve 14.2.5
+ typescript 5.8.3
+ vite 7.3.1
+ vitest 3.2.4

Done in 51.7s using pnpm v10.30.1
