[278] Installing: youtube-description-genie
Lockfile is up to date, resolution step is skipped
Progress: resolved 1, reused 0, downloaded 0, added 0
Packages: +271
++++++++++++++++++++++++++++++++++++++++++++++++++++++++++++++++++++++++++++++++
Progress: resolved 271, reused 27, downloaded 0, added 0
Progress: resolved 271, reused 89, downloaded 0, added 0
Progress: resolved 271, reused 112, downloaded 0, added 0
Progress: resolved 271, reused 119, downloaded 0, added 0
Progress: resolved 271, reused 182, downloaded 0, added 0
Progress: resolved 271, reused 269, downloaded 0, added 4
Progress: resolved 271, reused 270, downloaded 0, added 18
Progress: resolved 271, reused 270, downloaded 0, added 19
Progress: resolved 271, reused 270, downloaded 0, added 35
Progress: resolved 271, reused 270, downloaded 0, added 36
Progress: resolved 271, reused 270, downloaded 0, added 43
Progress: resolved 271, reused 270, downloaded 0, added 44
Progress: resolved 271, reused 270, downloaded 0, added 52
Progress: resolved 271, reused 270, downloaded 0, added 53
Progress: resolved 271, reused 270, downloaded 0, added 57
Progress: resolved 271, reused 271, downloaded 0, added 57
Progress: resolved 271, reused 271, downloaded 0, added 74
Progress: resolved 271, reused 271, downloaded 0, added 95
Progress: resolved 271, reused 271, downloaded 0, added 132
Progress: resolved 271, reused 271, downloaded 0, added 139
Progress: resolved 271, reused 271, downloaded 0, added 151
Progress: resolved 271, reused 271, downloaded 0, added 164
Progress: resolved 271, reused 271, downloaded 0, added 195
Progress: resolved 271, reused 271, downloaded 0, added 206
Progress: resolved 271, reused 271, downloaded 0, added 223
Progress: resolved 271, reused 271, downloaded 0, added 267
Progress: resolved 271, reused 271, downloaded 0, added 268
Progress: resolved 271, reused 271, downloaded 0, added 270
Progress: resolved 271, reused 271, downloaded 0, added 271
Progress: resolved 271, reused 271, downloaded 0, added 271, done

dependencies:
+ @google/genai 1.11.0
+ lucide-react 0.400.0
+ react 19.2.4
+ react-dom 19.2.4
+ react-router-dom 7.13.1

devDependencies:
+ @testing-library/jest-dom 6.9.1
+ @testing-library/react 16.3.2
+ @testing-library/user-event 14.6.1
+ @types/node 22.16.5
+ @vitest/coverage-v8 3.2.4
+ @vitest/ui 3.2.4
+ jsdom 26.1.0
+ serve 14.2.5
+ typescript 5.7.3
+ vite 7.3.1
+ vitest 3.2.4

Done in 50.5s using pnpm v10.30.1
