[2025-05-30 20:13:36] [INFO] === ENHANCED DISK ANALYZER SCRIPT STARTED ===
[2025-05-30 20:13:36] [INFO] Script: enhanced-disk-analyser.sh
[2025-05-30 20:13:36] [INFO] Arguments: 5 /workspace/test_directory
[2025-05-30 20:13:36] [INFO] === ENHANCED WINDOWS SYSTEM INFORMATION ===
[2025-05-30 20:13:36] [INFO] Target Directories: /workspace/test_directory
[2025-05-30 20:13:36] [INFO] Requested results per directory: 5
[2025-05-30 20:13:36] [INFO] Maximum scanning depth: 4
[2025-05-30 20:13:36] [INFO] JSON export enabled: true
[2025-05-30 20:13:36] [INFO] JSON output file: /workspace/disk-analysis-data.json
[2025-05-30 20:13:36] [INFO] Script directory: /workspace
[2025-05-30 20:13:36] [INFO] Log file: /workspace/disk-analyser.log
[2025-05-30 20:13:36] [INFO] User: minimax (USERNAME: )
[2025-05-30 20:13:36] [INFO] Home: /home/minimax
[2025-05-30 20:13:36] [INFO] PWD: /workspace
[2025-05-30 20:13:36] [INFO] Shell: /bin/sh
[2025-05-30 20:13:36] [INFO] OS Type: linux-gnu
[2025-05-30 20:13:36] [INFO] Debug mode: false
[2025-05-30 20:13:36] [INFO] Starting enhanced Windows environment validation
[2025-05-30 20:13:36] [WARNING] Not detected as Windows environment (OSTYPE: linux-gnu)
[2025-05-30 20:13:36] [WARNING] Git Bash C: drive mount not found at /c
[2025-05-30 20:13:36] [INFO] Validating target directories: /workspace/test_directory
[2025-05-30 20:13:36] [INFO] Environment validation completed (2 errors)
[2025-05-30 20:13:36] [ERROR] Environment validation failed - some features may not work properly
[2025-05-30 20:13:36] [ERROR] Environment validation failed - exiting
[2025-05-30 20:13:36] [INFO] Enhanced script execution completed - cleaning up
[2025-05-30 20:14:24] [INFO] === TEST ENHANCED DISK ANALYZER SCRIPT STARTED ===
[2025-05-30 20:14:24] [INFO] Script: test-enhanced-disk-analyser.sh
[2025-05-30 20:14:24] [INFO] Arguments: 5 /workspace/test_directory
[2025-05-30 20:14:24] [INFO] === STARTING ENHANCED DISK ANALYSIS ===
[2025-05-30 20:14:24] [INFO] Number of targets: 1
[2025-05-30 20:14:24] [INFO] Requested results per target: 5 directories
[2025-05-30 20:14:24] [INFO] Maximum scanning depth: 4 levels
[2025-05-30 20:14:24] [JSON] Initializing JSON data structure
[2025-05-30 20:14:24] [INFO] === ANALYZING DIRECTORY: /workspace/test_directory ===
[2025-05-30 20:14:24] [PROGRESS] Scanning /workspace/test_directory with depth 4...
[2025-05-30 20:14:24] [INFO] Top 1: 28.0KB (100.0%) - /workspace/test_directory
[2025-05-30 20:14:24] [INFO] Top 2: 12.0KB (42.9%) - /workspace/test_directory/subdir2
[2025-05-30 20:14:24] [INFO] Top 3: 12.0KB (42.9%) - /workspace/test_directory/subdir1
[2025-05-30 20:14:24] [INFO] Top 4: 4.0KB (14.3%) - /workspace/test_directory/subdir2/deep4
[2025-05-30 20:14:24] [INFO] Top 5: 4.0KB (14.3%) - /workspace/test_directory/subdir2/deep3
[2025-05-30 20:14:24] [INFO] Completed analysis of /workspace/test_directory (0s, 0 errors)
[2025-05-30 20:14:24] [INFO] === ENHANCED DISK ANALYSIS COMPLETED ===
[2025-05-30 20:14:24] [INFO] === TEST ENHANCED DISK ANALYZER SCRIPT COMPLETED ===
