 Image aucdt-utilities-aucdt-website-react Building 
 Image aucdt-utilities-aucdt-analytics-dashboard Building 
 Image aucdt-utilities-techbridge-product-design-6r-design-portal Building 
 Image aucdt-utilities-fees-comparison-dashboard Building 
 Image aucdt-utilities-kanban-app Building 
 Image aucdt-utilities-analytics-refactor Building 
#1 [internal] load local bake definitions
#1 reading from stdin 3.90kB 0.0s done
#1 DONE 0.0s

#2 [techbridge-product-design-6r-design-portal internal] load build definition from Dockerfile.vite
#2 transferring dockerfile: 1.94kB 0.0s done
#2 transferring dockerfile: 1.94kB 0.0s done
#2 DONE 0.1s

#3 [auth] library/node:pull token for registry-1.docker.io
#3 DONE 0.0s

#4 [analytics-refactor internal] load metadata for docker.io/library/node:20-alpine
#4 ...

#5 [auth] library/nginx:pull token for registry-1.docker.io
#5 DONE 0.0s

#6 [kanban-app internal] load metadata for docker.io/library/nginx:alpine
#6 DONE 1.2s

#4 [analytics-refactor internal] load metadata for docker.io/library/node:20-alpine
#4 DONE 1.2s

#7 [aucdt-analytics-dashboard internal] load .dockerignore
#7 transferring context:
#7 transferring context: 158B 0.0s done
#7 DONE 0.3s

#8 [fees-comparison-dashboard internal] load .dockerignore
#8 transferring context: 2B done
#8 DONE 0.3s

#9 [aucdt-website-react internal] load .dockerignore
#9 transferring context: 2B done
#9 DONE 0.3s

#10 [aucdt-analytics-dashboard internal] load build context
#10 DONE 0.0s

#11 [aucdt-analytics-dashboard builder 1/8] FROM docker.io/library/node:20-alpine@sha256:09e2b3d9726018aecf269bd35325f46bf75046a643a66d28360ec71132750ec8
#11 resolve docker.io/library/node:20-alpine@sha256:09e2b3d9726018aecf269bd35325f46bf75046a643a66d28360ec71132750ec8
#11 ...

#12 [techbridge-product-design-6r-design-portal internal] load .dockerignore
#12 transferring context: 2B done
#12 DONE 0.4s

#13 [kanban-app internal] load .dockerignore
#13 transferring context: 196B 0.0s done
#13 DONE 0.4s

#14 [analytics-refactor internal] load .dockerignore
#14 transferring context: 347B 0.1s done
#14 DONE 0.4s

#11 [fees-comparison-dashboard builder 1/8] FROM docker.io/library/node:20-alpine@sha256:09e2b3d9726018aecf269bd35325f46bf75046a643a66d28360ec71132750ec8
#11 resolve docker.io/library/node:20-alpine@sha256:09e2b3d9726018aecf269bd35325f46bf75046a643a66d28360ec71132750ec8 0.1s done
#11 resolve docker.io/library/node:20-alpine@sha256:09e2b3d9726018aecf269bd35325f46bf75046a643a66d28360ec71132750ec8 0.1s done
#11 CACHED

#15 [kanban-app stage-1 1/3] FROM docker.io/library/nginx:alpine@sha256:1d13701a5f9f3fb01aaa88cef2344d65b6b5bf6b7d9fa4cf0dca557a8d7702ba
#15 resolve docker.io/library/nginx:alpine@sha256:1d13701a5f9f3fb01aaa88cef2344d65b6b5bf6b7d9fa4cf0dca557a8d7702ba 0.1s done
#15 DONE 1.0s

#16 [kanban-app stage-1 2/3] RUN echo 'server {     listen 80;     server_name localhost;     root /usr/share/nginx/html;     index index.html;     gzip on;     gzip_vary on;     gzip_min_length 1024;     gzip_types text/plain text/css text/xml text/javascript application/x-javascript application/xml+rss application/json application/javascript;     add_header X-Frame-Options "SAMEORIGIN" always;     add_header X-Content-Type-Options "nosniff" always;     add_header X-XSS-Protection "1; mode=block" always;     location ~* \.(js|css|png|jpg|jpeg|gif|ico|svg|woff|woff2|ttf|eot)$ {         expires 1y;         add_header Cache-Control "public, immutable";     }     location / {         try_files $uri $uri/ /index.html;     }     location /health {         access_log off;         return 200 "healthy\n";         add_header Content-Type text/plain;     } }' > /etc/nginx/conf.d/default.conf
#16 ...

#17 [fees-comparison-dashboard internal] load build context
#17 transferring context: 169.33kB 0.7s done
#17 DONE 0.9s

#18 [analytics-refactor internal] load build context
#18 ...

#19 [techbridge-product-design-6r-design-portal internal] load build context
#19 transferring context: 77.27kB 0.9s done
#19 DONE 1.2s

#18 [analytics-refactor internal] load build context
#18 ...

#20 [kanban-app internal] load build context
#20 transferring context: 217.45kB 0.7s done
#20 DONE 1.3s

#21 [aucdt-website-react internal] load build context
#21 transferring context: 158.78kB 1.0s done
#21 DONE 1.4s

#18 [analytics-refactor internal] load build context
#18 transferring context: 1.13MB 1.5s done
#18 DONE 2.0s

#16 [techbridge-product-design-6r-design-portal stage-1 2/3] RUN echo 'server {     listen 80;     server_name localhost;     root /usr/share/nginx/html;     index index.html;     gzip on;     gzip_vary on;     gzip_min_length 1024;     gzip_types text/plain text/css text/xml text/javascript application/x-javascript application/xml+rss application/json application/javascript;     add_header X-Frame-Options "SAMEORIGIN" always;     add_header X-Content-Type-Options "nosniff" always;     add_header X-XSS-Protection "1; mode=block" always;     location ~* \.(js|css|png|jpg|jpeg|gif|ico|svg|woff|woff2|ttf|eot)$ {         expires 1y;         add_header Cache-Control "public, immutable";     }     location / {         try_files $uri $uri/ /index.html;     }     location /health {         access_log off;         return 200 "healthy\n";         add_header Content-Type text/plain;     } }' > /etc/nginx/conf.d/default.conf
#16 DONE 1.1s

#10 [aucdt-analytics-dashboard internal] load build context
#10 transferring context: 965.93kB 1.9s done
#10 DONE 2.1s

#22 [kanban-app builder 2/8] RUN corepack enable && corepack prepare pnpm@latest --activate
#22 2.719 Preparing pnpm@latest for immediate activation...
#22 DONE 5.8s

#23 [aucdt-website-react builder 3/8] WORKDIR /app
#23 DONE 0.1s

#24 [aucdt-analytics-dashboard builder 4/8] COPY package*.json ./
#24 DONE 0.3s

#25 [analytics-refactor builder 4/8] COPY package*.json ./
#25 DONE 0.4s

#26 [fees-comparison-dashboard builder 4/8] COPY package*.json ./
#26 DONE 0.3s

#27 [techbridge-product-design-6r-design-portal builder 4/8] COPY package*.json ./
#27 DONE 0.3s

#28 [aucdt-website-react builder 4/8] COPY package*.json ./
#28 DONE 0.4s

#29 [aucdt-website-react builder 5/8] COPY pnpm-lock.yaml* ./
#29 ...

#30 [kanban-app builder 4/8] COPY package*.json ./
#30 DONE 0.5s

#31 [kanban-app builder 5/8] COPY pnpm-lock.yaml* ./
#31 ...

#32 [aucdt-analytics-dashboard builder 5/8] COPY pnpm-lock.yaml* ./
#32 DONE 0.7s

#33 [fees-comparison-dashboard builder 5/8] COPY pnpm-lock.yaml* ./
#33 DONE 0.6s

#34 [techbridge-product-design-6r-design-portal builder 5/8] COPY pnpm-lock.yaml* ./
#34 DONE 0.6s

#29 [aucdt-website-react builder 5/8] COPY pnpm-lock.yaml* ./
#29 DONE 0.6s

#35 [aucdt-website-react builder 6/8] RUN npm install --legacy-peer-deps
#35 ...

#36 [analytics-refactor builder 5/8] COPY pnpm-lock.yaml* ./
#36 DONE 0.7s

#31 [kanban-app builder 5/8] COPY pnpm-lock.yaml* ./
#31 DONE 0.7s

#37 [kanban-app builder 6/8] RUN npm install --legacy-peer-deps
#37 ...

#38 [aucdt-analytics-dashboard builder 6/8] RUN npm install --legacy-peer-deps
#38 ...

#39 [analytics-refactor builder 6/8] RUN npm install --legacy-peer-deps
#39 ...

#40 [fees-comparison-dashboard builder 6/8] RUN npm install --legacy-peer-deps
#40 ...

#41 [techbridge-product-design-6r-design-portal builder 6/8] RUN npm install --legacy-peer-deps
#41 47.09 npm warn deprecated glob@10.5.0: Old versions of glob are not supported, and contain widely publicized security vulnerabilities, which have been fixed in the current version. Please update. Support for old versions may be purchased (at exorbitant rates) by contacting i@izs.me
#41 48.27 npm warn deprecated node-domexception@1.0.0: Use your platform's native DOMException instead
#41 57.95 
#41 57.95 added 216 packages, and audited 217 packages in 56s
#41 57.95 
#41 57.95 46 packages are looking for funding
#41 57.95   run `npm fund` for details
#41 57.97 
#41 57.97 4 vulnerabilities (1 moderate, 3 high)
#41 57.97 
#41 57.97 To address all issues (including breaking changes), run:
#41 57.97   npm audit fix --force
#41 57.97 
#41 57.97 Run `npm audit` for details.
#41 57.97 npm notice
#41 57.97 npm notice New major version of npm available! 10.8.2 -> 11.10.1
#41 57.97 npm notice Changelog: https://github.com/npm/cli/releases/tag/v11.10.1
#41 57.97 npm notice To update run: npm install -g npm@11.10.1
#41 57.97 npm notice
#41 ...

#40 [fees-comparison-dashboard builder 6/8] RUN npm install --legacy-peer-deps
#40 65.84 
#40 65.84 added 192 packages, and audited 193 packages in 1m
#40 65.84 
#40 65.84 36 packages are looking for funding
#40 65.84   run `npm fund` for details
#40 65.86 
#40 65.86 4 vulnerabilities (1 moderate, 3 high)
#40 65.86 
#40 65.86 To address all issues (including breaking changes), run:
#40 65.86   npm audit fix --force
#40 65.86 
#40 65.86 Run `npm audit` for details.
#40 65.86 npm notice
#40 65.86 npm notice New major version of npm available! 10.8.2 -> 11.10.1
#40 65.86 npm notice Changelog: https://github.com/npm/cli/releases/tag/v11.10.1
#40 65.86 npm notice To update run: npm install -g npm@11.10.1
#40 65.86 npm notice
#40 ...

#35 [aucdt-website-react builder 6/8] RUN npm install --legacy-peer-deps
#35 66.89 
#35 66.89 added 154 packages, and audited 155 packages in 1m
#35 66.89 
#35 66.89 34 packages are looking for funding
#35 66.89   run `npm fund` for details
#35 66.90 
#35 66.90 4 vulnerabilities (1 moderate, 3 high)
#35 66.90 
#35 66.90 To address all issues (including breaking changes), run:
#35 66.90   npm audit fix --force
#35 66.90 
#35 66.90 Run `npm audit` for details.
#35 66.91 npm notice
#35 66.91 npm notice New major version of npm available! 10.8.2 -> 11.10.1
#35 66.91 npm notice Changelog: https://github.com/npm/cli/releases/tag/v11.10.1
#35 66.91 npm notice To update run: npm install -g npm@11.10.1
#35 66.91 npm notice
#35 DONE 67.8s

#41 [techbridge-product-design-6r-design-portal builder 6/8] RUN npm install --legacy-peer-deps
#41 DONE 67.9s

#40 [fees-comparison-dashboard builder 6/8] RUN npm install --legacy-peer-deps
#40 DONE 68.0s

#42 [fees-comparison-dashboard builder 7/8] COPY . .
#42 ...

#43 [aucdt-website-react builder 7/8] COPY . .
#43 DONE 3.9s

#44 [techbridge-product-design-6r-design-portal builder 7/8] COPY . .
#44 DONE 3.9s

#42 [fees-comparison-dashboard builder 7/8] COPY . .
#42 DONE 3.9s

#45 [fees-comparison-dashboard builder 8/8] RUN npm run build
#45 1.074 
#45 1.074 > ghana-university-fees-dashboard@0.0.0 build
#45 1.074 > vite build
#45 1.074 
#45 ...

#37 [kanban-app builder 6/8] RUN npm install --legacy-peer-deps
#37 73.36 
#37 73.36 added 240 packages, and audited 241 packages in 1m
#37 73.36 
#37 73.36 51 packages are looking for funding
#37 73.36   run `npm fund` for details
#37 73.38 
#37 73.38 4 vulnerabilities (1 moderate, 3 high)
#37 73.38 
#37 73.38 To address all issues (including breaking changes), run:
#37 73.38   npm audit fix --force
#37 73.38 
#37 73.38 Run `npm audit` for details.
#37 73.39 npm notice
#37 73.39 npm notice New major version of npm available! 10.8.2 -> 11.10.1
#37 73.39 npm notice Changelog: https://github.com/npm/cli/releases/tag/v11.10.1
#37 73.39 npm notice To update run: npm install -g npm@11.10.1
#37 73.39 npm notice
#37 DONE 74.5s

#45 [fees-comparison-dashboard builder 8/8] RUN npm run build
#45 2.806 vite v7.3.1 building client environment for production...
#45 3.000 
#45 3.000 /index.css doesn't exist at build time, it will remain unchanged to be resolved at runtime
#45 3.033 transforming...
#45 ...

#46 [kanban-app builder 7/8] COPY . .
#46 DONE 0.7s

#47 [kanban-app builder 8/8] RUN npm run build
#47 1.400 
#47 1.400 > kanban-app@0.1.0 build
#47 1.400 > vite build
#47 1.400 
#47 2.325 vite v7.3.1 building client environment for production...
#47 2.666 transforming...
#47 ...

#45 [fees-comparison-dashboard builder 8/8] RUN npm run build
#45 7.288 Γ£ô 196 modules transformed.
#45 7.298 Γ£ù Build failed in 4.42s
#45 7.298 error during build:
#45 7.298 [vite]: Rollup failed to resolve import "react-is" from "/app/node_modules/recharts/es6/util/ReactUtils.js".
#45 7.298 This is most likely unintended because it can break your application at runtime.
#45 7.298 If you do want to externalize this module explicitly add it to
#45 7.298 `build.rollupOptions.external`
#45 7.298     at viteLog (file:///app/node_modules/vite/dist/node/chunks/config.js:33635:57)
#45 7.298     at file:///app/node_modules/vite/dist/node/chunks/config.js:33669:73
#45 7.298     at onwarn (file:///app/node_modules/@vitejs/plugin-react/dist/index.js:76:7)
#45 7.298     at file:///app/node_modules/vite/dist/node/chunks/config.js:33669:28
#45 7.298     at onRollupLog (file:///app/node_modules/vite/dist/node/chunks/config.js:33664:63)
#45 7.298     at onLog (file:///app/node_modules/vite/dist/node/chunks/config.js:33467:4)
#45 7.298     at file:///app/node_modules/rollup/dist/es/shared/node-entry.js:20981:32
#45 7.298     at Object.logger [as onLog] (file:///app/node_modules/rollup/dist/es/shared/node-entry.js:22968:9)
#45 7.298     at ModuleLoader.handleInvalidResolvedId (file:///app/node_modules/rollup/dist/es/shared/node-entry.js:21712:26)
#45 7.298     at file:///app/node_modules/rollup/dist/es/shared/node-entry.js:21670:26
#45 ERROR: process "/bin/sh -c npm run build" did not complete successfully: exit code: 1

#48 [techbridge-product-design-6r-design-portal builder 8/8] RUN npm run build
#48 1.176 
#48 1.176 > techbridge-product-design-6r-design-portal@0.0.0 build
#48 1.176 > vite build
#48 1.176 
#48 2.818 vite v7.3.1 building client environment for production...
#48 3.030 
#48 3.030 /index.css doesn't exist at build time, it will remain unchanged to be resolved at runtime
#48 3.047 transforming...
#48 ...

#47 [kanban-app builder 8/8] RUN npm run build
#47 5.330 
#47 5.331 warn - No utility classes were detected in your source files. If this is unexpected, double-check the `content` option in your Tailwind CSS configuration.
#47 5.331 warn - https://tailwindcss.com/docs/content-configuration
#47 ...

#48 [techbridge-product-design-6r-design-portal builder 8/8] RUN npm run build
#48 CANCELED

#38 [aucdt-analytics-dashboard builder 6/8] RUN npm install --legacy-peer-deps
#38 CANCELED

#47 [kanban-app builder 8/8] RUN npm run build
#47 CANCELED

#49 [aucdt-website-react builder 8/8] RUN npm run build
#49 1.153 
#49 1.153 > tuc-website@0.0.0 build
#49 1.153 > vite build
#49 1.153 
#49 2.840 vite v7.3.1 building client environment for production...
#49 3.098 transforming...
#49 CANCELED

#39 [analytics-refactor builder 6/8] RUN npm install --legacy-peer-deps
#39 CANCELED
------
 > [fees-comparison-dashboard builder 8/8] RUN npm run build:
7.298     at viteLog (file:///app/node_modules/vite/dist/node/chunks/config.js:33635:57)
7.298     at file:///app/node_modules/vite/dist/node/chunks/config.js:33669:73
7.298     at onwarn (file:///app/node_modules/@vitejs/plugin-react/dist/index.js:76:7)
7.298     at file:///app/node_modules/vite/dist/node/chunks/config.js:33669:28
7.298     at onRollupLog (file:///app/node_modules/vite/dist/node/chunks/config.js:33664:63)
7.298     at onLog (file:///app/node_modules/vite/dist/node/chunks/config.js:33467:4)
7.298     at file:///app/node_modules/rollup/dist/es/shared/node-entry.js:20981:32
7.298     at Object.logger [as onLog] (file:///app/node_modules/rollup/dist/es/shared/node-entry.js:22968:9)
7.298     at ModuleLoader.handleInvalidResolvedId (file:///app/node_modules/rollup/dist/es/shared/node-entry.js:21712:26)
7.298     at file:///app/node_modules/rollup/dist/es/shared/node-entry.js:21670:26
------
Dockerfile.vite:26

--------------------

  24 |     

  25 |     # Build the application

  26 | >>> RUN npm run build

  27 |     

  28 |     # Production stage

--------------------

target fees-comparison-dashboard: failed to solve: process "/bin/sh -c npm run build" did not complete successfully: exit code: 1



View build details: docker-desktop://dashboard/build/default/default/jyw89e6ovzjqdpn1v1kvju9t0

