 Image aucdt-utilities-analytics-refactor Building 
 Image aucdt-utilities-kanban-app Building 
 Image aucdt-utilities-fees-comparison-dashboard Building 
 Image aucdt-utilities-techbridge-product-design-6r-design-portal Building 
 Image aucdt-utilities-aucdt-website-react Building 
 Image aucdt-utilities-aucdt-analytics-dashboard Building 
#1 [internal] load local bake definitions
#1 reading from stdin 3.90kB 0.0s done
#1 DONE 0.0s

#2 [analytics-refactor internal] load build definition from Dockerfile.vite
#2 transferring dockerfile:
#2 transferring dockerfile: 1.94kB 0.0s done
#2 DONE 0.2s

#3 [aucdt-analytics-dashboard internal] load metadata for docker.io/library/node:20-alpine
#3 ...

#4 [auth] library/nginx:pull token for registry-1.docker.io
#4 DONE 0.0s

#5 [auth] library/node:pull token for registry-1.docker.io
#5 DONE 0.0s

#6 [aucdt-analytics-dashboard internal] load metadata for docker.io/library/nginx:alpine
#6 DONE 2.1s

#3 [kanban-app internal] load metadata for docker.io/library/node:20-alpine
#3 DONE 2.1s

#7 [aucdt-website-react internal] load .dockerignore
#7 transferring context: 2B done
#7 DONE 0.1s

#8 [aucdt-analytics-dashboard internal] load .dockerignore
#8 transferring context: 158B done
#8 DONE 0.1s

#9 [aucdt-website-react internal] load build context
#9 DONE 0.0s

#10 [techbridge-product-design-6r-design-portal internal] load .dockerignore
#10 transferring context: 2B done
#10 DONE 0.1s

#11 [analytics-refactor internal] load .dockerignore
#11 transferring context: 347B done
#11 DONE 0.1s

#12 [techbridge-product-design-6r-design-portal internal] load build context
#12 DONE 0.0s

#13 [fees-comparison-dashboard internal] load .dockerignore
#13 transferring context: 2B done
#13 DONE 0.2s

#14 [kanban-app internal] load .dockerignore
#14 transferring context: 196B done
#14 DONE 0.2s

#15 [analytics-refactor internal] load build context
#15 DONE 0.0s

#16 [aucdt-analytics-dashboard internal] load build context
#16 DONE 0.0s

#17 [kanban-app stage-1 1/3] FROM docker.io/library/nginx:alpine@sha256:1d13701a5f9f3fb01aaa88cef2344d65b6b5bf6b7d9fa4cf0dca557a8d7702ba
#17 resolve docker.io/library/nginx:alpine@sha256:1d13701a5f9f3fb01aaa88cef2344d65b6b5bf6b7d9fa4cf0dca557a8d7702ba 0.1s done
#17 DONE 0.1s

#18 [kanban-app builder 1/8] FROM docker.io/library/node:20-alpine@sha256:09e2b3d9726018aecf269bd35325f46bf75046a643a66d28360ec71132750ec8
#18 resolve docker.io/library/node:20-alpine@sha256:09e2b3d9726018aecf269bd35325f46bf75046a643a66d28360ec71132750ec8 0.1s done
#18 DONE 0.1s

#19 [kanban-app internal] load build context
#19 DONE 0.0s

#9 [aucdt-website-react internal] load build context
#9 transferring context: 1.69kB 0.0s done
#9 DONE 0.1s

#20 [fees-comparison-dashboard internal] load build context
#20 transferring context: 1.66kB 0.0s done
#20 DONE 0.2s

#12 [techbridge-product-design-6r-design-portal internal] load build context
#12 transferring context: 1.23kB 0.0s done
#12 DONE 0.2s

#19 [kanban-app internal] load build context
#19 transferring context: 981B 0.0s done
#19 DONE 0.2s

#15 [analytics-refactor internal] load build context
#15 transferring context: 5.37kB 0.1s done
#15 DONE 0.2s

#16 [aucdt-analytics-dashboard internal] load build context
#16 transferring context: 27.20kB 0.1s done
#16 DONE 0.2s

#21 [analytics-refactor builder 4/8] COPY package*.json ./
#21 CACHED

#22 [aucdt-analytics-dashboard builder 4/8] COPY package*.json ./
#22 CACHED

#23 [aucdt-analytics-dashboard builder 5/8] COPY pnpm-lock.yaml* ./
#23 CACHED

#24 [aucdt-website-react builder 5/8] COPY pnpm-lock.yaml* ./
#24 CACHED

#25 [aucdt-website-react builder 8/8] RUN npm run build
#25 CACHED

#26 [aucdt-website-react builder 7/8] COPY . .
#26 CACHED

#27 [aucdt-website-react builder 4/8] COPY package*.json ./
#27 CACHED

#28 [aucdt-website-react builder 6/8] RUN npm install --legacy-peer-deps
#28 CACHED

#29 [analytics-refactor builder 5/8] COPY pnpm-lock.yaml* ./
#29 CACHED

#30 [aucdt-analytics-dashboard builder 6/8] RUN npm install --legacy-peer-deps
#30 CACHED

#31 [aucdt-website-react stage-1 3/3] COPY --from=builder /app/dist /usr/share/nginx/html
#31 CACHED

#32 [techbridge-product-design-6r-design-portal builder 6/8] RUN npm install --legacy-peer-deps
#32 CACHED

#33 [techbridge-product-design-6r-design-portal builder 7/8] COPY . .
#33 CACHED

#34 [techbridge-product-design-6r-design-portal builder 4/8] COPY package*.json ./
#34 CACHED

#35 [techbridge-product-design-6r-design-portal builder 8/8] RUN npm run build
#35 CACHED

#36 [techbridge-product-design-6r-design-portal builder 5/8] COPY pnpm-lock.yaml* ./
#36 CACHED

#37 [fees-comparison-dashboard builder 7/8] COPY . .
#37 CACHED

#38 [fees-comparison-dashboard builder 5/8] COPY pnpm-lock.yaml* ./
#38 CACHED

#39 [fees-comparison-dashboard builder 4/8] COPY package*.json ./
#39 CACHED

#40 [fees-comparison-dashboard builder 8/8] RUN npm run build
#40 CACHED

#41 [fees-comparison-dashboard builder 6/8] RUN npm install --legacy-peer-deps
#41 CACHED

#42 [kanban-app builder 2/8] RUN corepack enable && corepack prepare pnpm@latest --activate
#42 CACHED

#43 [kanban-app builder 7/8] COPY . .
#43 CACHED

#44 [kanban-app builder 5/8] COPY pnpm-lock.yaml* ./
#44 CACHED

#45 [kanban-app builder 8/8] RUN npm run build
#45 CACHED

#46 [kanban-app builder 6/8] RUN npm install --legacy-peer-deps
#46 CACHED

#47 [kanban-app stage-1 2/3] RUN echo 'server {     listen 80;     server_name localhost;     root /usr/share/nginx/html;     index index.html;     gzip on;     gzip_vary on;     gzip_min_length 1024;     gzip_types text/plain text/css text/xml text/javascript application/x-javascript application/xml+rss application/json application/javascript;     add_header X-Frame-Options "SAMEORIGIN" always;     add_header X-Content-Type-Options "nosniff" always;     add_header X-XSS-Protection "1; mode=block" always;     location ~* \.(js|css|png|jpg|jpeg|gif|ico|svg|woff|woff2|ttf|eot)$ {         expires 1y;         add_header Cache-Control "public, immutable";     }     location / {         try_files $uri $uri/ /index.html;     }     location /health {         access_log off;         return 200 "healthy\n";         add_header Content-Type text/plain;     } }' > /etc/nginx/conf.d/default.conf
#47 CACHED

#48 [kanban-app builder 4/8] COPY package*.json ./
#48 CACHED

#49 [kanban-app builder 3/8] WORKDIR /app
#49 CACHED

#50 [techbridge-product-design-6r-design-portal stage-1 3/3] COPY --from=builder /app/dist /usr/share/nginx/html
#50 CACHED

#51 [fees-comparison-dashboard stage-1 3/3] COPY --from=builder /app/dist /usr/share/nginx/html
#51 CACHED

#52 [kanban-app stage-1 3/3] COPY --from=builder /app/dist /usr/share/nginx/html
#52 CACHED

#53 [aucdt-website-react] exporting to image
#53 exporting layers 0.0s done
#53 exporting manifest sha256:fdeb24bcdf50574e4bfb9c93f3989dc4bcf4d9af9d299abc617db3e247911a42 0.1s done
#53 exporting config sha256:77949e10520c6fce8247747ee7553d7f4cfb51d99681e8e05a43ac2cdd8da718
#53 exporting config sha256:77949e10520c6fce8247747ee7553d7f4cfb51d99681e8e05a43ac2cdd8da718 0.0s done
#53 exporting attestation manifest sha256:ab2fdfd7fcd92ce71ed35d10fa6d18f2682348b67571f379fe8e79dffa9c89f3
#53 ...

#54 [aucdt-analytics-dashboard builder 7/8] COPY . .
#54 DONE 0.6s

#53 [aucdt-website-react] exporting to image
#53 exporting attestation manifest sha256:ab2fdfd7fcd92ce71ed35d10fa6d18f2682348b67571f379fe8e79dffa9c89f3 0.4s done
#53 exporting manifest list sha256:af7c746bce8cd7224dd1e043a765c817bbf6a26baf3f6b4fb1c086bedaa729c8
#53 exporting manifest list sha256:af7c746bce8cd7224dd1e043a765c817bbf6a26baf3f6b4fb1c086bedaa729c8 0.2s done
#53 naming to docker.io/library/aucdt-utilities-aucdt-website-react:latest 0.1s done
#53 unpacking to docker.io/library/aucdt-utilities-aucdt-website-react:latest
#53 unpacking to docker.io/library/aucdt-utilities-aucdt-website-react:latest 0.1s done
#53 DONE 1.1s

#55 [fees-comparison-dashboard] exporting to image
#55 exporting layers 0.0s done
#55 exporting manifest sha256:1f0e329faa4e012259d97efb48c8312c086391272a90624f048a052de54c2172 0.1s done
#55 exporting config sha256:b4dc57f404d28bf47ea688c607a390414e699ea6be3697a0bc38fd8c6a2cc8c8 0.0s done
#55 exporting attestation manifest sha256:bb89c6515b4b5a8dd462545aa7980b893e04de10846436360a16b9d8a3384241 0.4s done
#55 exporting manifest list sha256:91f800233cc6dc966e481759fd5e29f2ff1e811290cd967e8b25f1f68693e6cb 0.2s done
#55 naming to docker.io/library/aucdt-utilities-fees-comparison-dashboard:latest 0.1s done
#55 unpacking to docker.io/library/aucdt-utilities-fees-comparison-dashboard:latest 0.0s done
#55 DONE 1.1s

#56 [techbridge-product-design-6r-design-portal] exporting to image
#56 exporting layers 0.0s done
#56 exporting manifest sha256:87ddb1e2cc4f7b8157fabddd861bac86c8f419ad8bd99ef7ab40af0f3cc88945 0.1s done
#56 exporting config sha256:056df509a9571d423c4b99417525020c6d786a0be883b745f8f48c3b4816ac98 0.0s done
#56 exporting attestation manifest sha256:2c19cb9960d08b468f67f4262390c533dfbc725f54f0dffc305c7f53a279c11a 0.4s done
#56 exporting manifest list sha256:397c7716c55cf0944ba646a661a2f37f0c32e7114a6a0a405828a7fcddcd70d5 0.2s done
#56 naming to docker.io/library/aucdt-utilities-techbridge-product-design-6r-design-portal:latest 0.1s done
#56 unpacking to docker.io/library/aucdt-utilities-techbridge-product-design-6r-design-portal:latest 0.0s done
#56 DONE 1.1s

#57 [kanban-app] exporting to image
#57 exporting layers 0.0s done
#57 exporting manifest sha256:eb47db21921b083cfeb17864ec53a65e621dc8f11d9233583cbd89acb44223fb 0.1s done
#57 exporting config sha256:eb1c2c740e71a21fc5cac49b5a4b8aabac0ce1b4405f15331bc4359ad374c057 0.0s done
#57 exporting attestation manifest sha256:a21aba73f68976c406519f7a10d3330c91501050d017afe3a084f7fab37b4f9d 0.4s done
#57 exporting manifest list sha256:04cedcb5a7ef0b82dcde3b06296e1153047ef637676b8dbc0240fb29565ef4f7 0.2s done
#57 naming to docker.io/library/aucdt-utilities-kanban-app:latest 0.0s done
#57 unpacking to docker.io/library/aucdt-utilities-kanban-app:latest 0.1s done
#57 DONE 1.1s

#58 [aucdt-analytics-dashboard builder 8/8] RUN npm run build
#58 ...

#59 [kanban-app] resolving provenance for metadata file
#59 DONE 0.2s

#60 [techbridge-product-design-6r-design-portal] resolving provenance for metadata file
#60 DONE 0.3s

#61 [aucdt-website-react] resolving provenance for metadata file
#61 DONE 0.3s

#62 [fees-comparison-dashboard] resolving provenance for metadata file
#62 DONE 0.0s

#58 [aucdt-analytics-dashboard builder 8/8] RUN npm run build
#58 1.570 
#58 1.570 > react_repo@0.0.0 build
#58 1.570 > pnpm install --no-frozen-lockfile && rm -rf ./node_modules/.vite-temp && tsc -b && vite build
#58 1.570 
#58 1.720 ! Corepack is about to download https://registry.npmjs.org/pnpm/-/pnpm-10.30.1.tgz
#58 ...

#63 [analytics-refactor builder 6/8] RUN npm install --legacy-peer-deps
#63 ...

#58 [aucdt-analytics-dashboard builder 8/8] RUN npm run build
#58 4.877 ־“ֳ‡ֳ«WARN־“ֳ‡ֳ« Moving @eslint/js that was installed by a different package manager to "node_modules/.ignored"
#58 4.877 ־“ֳ‡ֳ«WARN־“ֳ‡ֳ« Moving @playwright/test that was installed by a different package manager to "node_modules/.ignored"
#58 4.879 ־“ֳ‡ֳ«WARN־“ֳ‡ֳ« Moving @testing-library/jest-dom that was installed by a different package manager to "node_modules/.ignored"
#58 4.880 ־“ֳ‡ֳ«WARN־“ֳ‡ֳ« Moving @testing-library/user-event that was installed by a different package manager to "node_modules/.ignored"
#58 4.881 ־“ֳ‡ֳ«WARN־“ֳ‡ֳ« Moving @types/node that was installed by a different package manager to "node_modules/.ignored"
#58 4.882 ־“ֳ‡ֳ«WARN־“ֳ‡ֳ« Moving @testing-library/react that was installed by a different package manager to "node_modules/.ignored"
#58 4.883 ־“ֳ‡ֳ«WARN־“ֳ‡ֳ« Moving @types/react that was installed by a different package manager to "node_modules/.ignored"
#58 4.884 ־“ֳ‡ֳ«WARN־“ֳ‡ֳ« Moving @types/react-dom that was installed by a different package manager to "node_modules/.ignored"
#58 4.885 ־“ֳ‡ֳ«WARN־“ֳ‡ֳ« Moving @types/react-router-dom that was installed by a different package manager to "node_modules/.ignored"
#58 4.885 ־“ֳ‡ֳ«WARN־“ֳ‡ֳ« Moving @vitejs/plugin-react that was installed by a different package manager to "node_modules/.ignored"
#58 4.886 ־“ֳ‡ֳ«WARN־“ֳ‡ֳ« Moving autoprefixer that was installed by a different package manager to "node_modules/.ignored"
#58 4.887 ־“ֳ‡ֳ«WARN־“ֳ‡ֳ« Moving eslint that was installed by a different package manager to "node_modules/.ignored"
#58 4.888 ־“ֳ‡ֳ«WARN־“ֳ‡ֳ« Moving eslint-plugin-react-hooks that was installed by a different package manager to "node_modules/.ignored"
#58 4.889 ־“ֳ‡ֳ«WARN־“ֳ‡ֳ« Moving eslint-plugin-react-refresh that was installed by a different package manager to "node_modules/.ignored"
#58 4.889 ־“ֳ‡ֳ«WARN־“ֳ‡ֳ« Moving globals that was installed by a different package manager to "node_modules/.ignored"
#58 4.890 ־“ֳ‡ֳ«WARN־“ֳ‡ֳ« Moving happy-dom that was installed by a different package manager to "node_modules/.ignored"
#58 4.890 ־“ֳ‡ֳ«WARN־“ֳ‡ֳ« Moving jsdom that was installed by a different package manager to "node_modules/.ignored"
#58 4.890 ־“ֳ‡ֳ«WARN־“ֳ‡ֳ« Moving postcss that was installed by a different package manager to "node_modules/.ignored"
#58 4.891 ־“ֳ‡ֳ«WARN־“ֳ‡ֳ« Moving serve that was installed by a different package manager to "node_modules/.ignored"
#58 4.891 ־“ֳ‡ֳ«WARN־“ֳ‡ֳ« Moving tailwindcss that was installed by a different package manager to "node_modules/.ignored"
#58 4.893 ־“ֳ‡ֳ«WARN־“ֳ‡ֳ« Moving typescript that was installed by a different package manager to "node_modules/.ignored"
#58 4.894 ־“ֳ‡ֳ«WARN־“ֳ‡ֳ« Moving vite that was installed by a different package manager to "node_modules/.ignored"
#58 4.894 ־“ֳ‡ֳ«WARN־“ֳ‡ֳ« Moving typescript-eslint that was installed by a different package manager to "node_modules/.ignored"
#58 4.895 ־“ֳ‡ֳ«WARN־“ֳ‡ֳ« Moving vitest that was installed by a different package manager to "node_modules/.ignored"
#58 4.896 ־“ֳ‡ֳ«WARN־“ֳ‡ֳ« Moving @hookform/resolvers that was installed by a different package manager to "node_modules/.ignored"
#58 4.897 ־“ֳ‡ֳ«WARN־“ֳ‡ֳ« Moving @radix-ui/react-accordion that was installed by a different package manager to "node_modules/.ignored"
#58 4.899 ־“ֳ‡ֳ«WARN־“ֳ‡ֳ« Moving @radix-ui/react-alert-dialog that was installed by a different package manager to "node_modules/.ignored"
#58 4.899 ־“ֳ‡ֳ«WARN־“ֳ‡ֳ« Moving @radix-ui/react-aspect-ratio that was installed by a different package manager to "node_modules/.ignored"
#58 4.900 ־“ֳ‡ֳ«WARN־“ֳ‡ֳ« Moving @radix-ui/react-avatar that was installed by a different package manager to "node_modules/.ignored"
#58 4.901 ־“ֳ‡ֳ«WARN־“ֳ‡ֳ« Moving @radix-ui/react-checkbox that was installed by a different package manager to "node_modules/.ignored"
#58 4.901 ־“ֳ‡ֳ«WARN־“ֳ‡ֳ« Moving @radix-ui/react-collapsible that was installed by a different package manager to "node_modules/.ignored"
#58 4.901 ־“ֳ‡ֳ«WARN־“ֳ‡ֳ« Moving @radix-ui/react-context-menu that was installed by a different package manager to "node_modules/.ignored"
#58 4.901 ־“ֳ‡ֳ«WARN־“ֳ‡ֳ« Moving @radix-ui/react-dialog that was installed by a different package manager to "node_modules/.ignored"
#58 4.902 ־“ֳ‡ֳ«WARN־“ֳ‡ֳ« Moving @radix-ui/react-dropdown-menu that was installed by a different package manager to "node_modules/.ignored"
#58 4.903 ־“ֳ‡ֳ«WARN־“ֳ‡ֳ« Moving @radix-ui/react-hover-card that was installed by a different package manager to "node_modules/.ignored"
#58 4.903 ־“ֳ‡ֳ«WARN־“ֳ‡ֳ« Moving @radix-ui/react-label that was installed by a different package manager to "node_modules/.ignored"
#58 4.903 ־“ֳ‡ֳ«WARN־“ֳ‡ֳ« Moving @radix-ui/react-menubar that was installed by a different package manager to "node_modules/.ignored"
#58 4.904 ־“ֳ‡ֳ«WARN־“ֳ‡ֳ« Moving @radix-ui/react-navigation-menu that was installed by a different package manager to "node_modules/.ignored"
#58 4.904 ־“ֳ‡ֳ«WARN־“ֳ‡ֳ« Moving @radix-ui/react-popover that was installed by a different package manager to "node_modules/.ignored"
#58 4.905 ־“ֳ‡ֳ«WARN־“ֳ‡ֳ« Moving @radix-ui/react-progress that was installed by a different package manager to "node_modules/.ignored"
#58 4.905 ־“ֳ‡ֳ«WARN־“ֳ‡ֳ« Moving @radix-ui/react-radio-group that was installed by a different package manager to "node_modules/.ignored"
#58 4.906 ־“ֳ‡ֳ«WARN־“ֳ‡ֳ« Moving @radix-ui/react-scroll-area that was installed by a different package manager to "node_modules/.ignored"
#58 4.906 ־“ֳ‡ֳ«WARN־“ֳ‡ֳ« Moving @radix-ui/react-select that was installed by a different package manager to "node_modules/.ignored"
#58 4.906 ־“ֳ‡ֳ«WARN־“ֳ‡ֳ« Moving @radix-ui/react-separator that was installed by a different package manager to "node_modules/.ignored"
#58 4.907 ־“ֳ‡ֳ«WARN־“ֳ‡ֳ« Moving @radix-ui/react-slider that was installed by a different package manager to "node_modules/.ignored"
#58 4.908 ־“ֳ‡ֳ«WARN־“ֳ‡ֳ« Moving @radix-ui/react-slot that was installed by a different package manager to "node_modules/.ignored"
#58 4.908 ־“ֳ‡ֳ«WARN־“ֳ‡ֳ« Moving @radix-ui/react-switch that was installed by a different package manager to "node_modules/.ignored"
#58 4.908 ־“ֳ‡ֳ«WARN־“ֳ‡ֳ« Moving @radix-ui/react-tabs that was installed by a different package manager to "node_modules/.ignored"
#58 4.909 ־“ֳ‡ֳ«WARN־“ֳ‡ֳ« Moving @radix-ui/react-toast that was installed by a different package manager to "node_modules/.ignored"
#58 4.909 ־“ֳ‡ֳ«WARN־“ֳ‡ֳ« Moving @radix-ui/react-toggle that was installed by a different package manager to "node_modules/.ignored"
#58 4.910 ־“ֳ‡ֳ«WARN־“ֳ‡ֳ« Moving @radix-ui/react-toggle-group that was installed by a different package manager to "node_modules/.ignored"
#58 4.911 ־“ֳ‡ֳ«WARN־“ֳ‡ֳ« Moving @radix-ui/react-tooltip that was installed by a different package manager to "node_modules/.ignored"
#58 4.911 ־“ֳ‡ֳ«WARN־“ֳ‡ֳ« Moving chart.js that was installed by a different package manager to "node_modules/.ignored"
#58 4.912 ־“ֳ‡ֳ«WARN־“ֳ‡ֳ« Moving chartjs-adapter-date-fns that was installed by a different package manager to "node_modules/.ignored"
#58 4.914 ־“ֳ‡ֳ«WARN־“ֳ‡ֳ« Moving class-variance-authority that was installed by a different package manager to "node_modules/.ignored"
#58 4.915 ־“ֳ‡ֳ«WARN־“ֳ‡ֳ« Moving clsx that was installed by a different package manager to "node_modules/.ignored"
#58 4.916 ־“ֳ‡ֳ«WARN־“ֳ‡ֳ« Moving cmdk that was installed by a different package manager to "node_modules/.ignored"
#58 4.917 ־“ֳ‡ֳ«WARN־“ֳ‡ֳ« Moving date-fns that was installed by a different package manager to "node_modules/.ignored"
#58 4.918 ־“ֳ‡ֳ«WARN־“ֳ‡ֳ« Moving embla-carousel-react that was installed by a different package manager to "node_modules/.ignored"
#58 4.918 ־“ֳ‡ֳ«WARN־“ֳ‡ֳ« Moving html2canvas that was installed by a different package manager to "node_modules/.ignored"
#58 4.919 ־“ֳ‡ֳ«WARN־“ֳ‡ֳ« Moving input-otp that was installed by a different package manager to "node_modules/.ignored"
#58 4.920 ־“ֳ‡ֳ«WARN־“ֳ‡ֳ« Moving lucide-react that was installed by a different package manager to "node_modules/.ignored"
#58 4.920 ־“ֳ‡ֳ«WARN־“ֳ‡ֳ« Moving next-themes that was installed by a different package manager to "node_modules/.ignored"
#58 4.921 ־“ֳ‡ֳ«WARN־“ֳ‡ֳ« Moving react that was installed by a different package manager to "node_modules/.ignored"
#58 4.921 ־“ֳ‡ֳ«WARN־“ֳ‡ֳ« Moving react-chartjs-2 that was installed by a different package manager to "node_modules/.ignored"
#58 4.921 ־“ֳ‡ֳ«WARN־“ֳ‡ֳ« Moving react-day-picker that was installed by a different package manager to "node_modules/.ignored"
#58 4.921 ־“ֳ‡ֳ«WARN־“ֳ‡ֳ« Moving react-dom that was installed by a different package manager to "node_modules/.ignored"
#58 4.922 ־“ֳ‡ֳ«WARN־“ֳ‡ֳ« Moving react-hook-form that was installed by a different package manager to "node_modules/.ignored"
#58 4.923 ־“ֳ‡ֳ«WARN־“ֳ‡ֳ« Moving react-router-dom that was installed by a different package manager to "node_modules/.ignored"
#58 4.923 ־“ֳ‡ֳ«WARN־“ֳ‡ֳ« Moving react-resizable-panels that was installed by a different package manager to "node_modules/.ignored"
#58 4.924 ־“ֳ‡ֳ«WARN־“ֳ‡ֳ« Moving recharts that was installed by a different package manager to "node_modules/.ignored"
#58 4.924 ־“ֳ‡ֳ«WARN־“ֳ‡ֳ« Moving regression that was installed by a different package manager to "node_modules/.ignored"
#58 4.924 ־“ֳ‡ֳ«WARN־“ֳ‡ֳ« Moving simple-statistics that was installed by a different package manager to "node_modules/.ignored"
#58 4.925 ־“ֳ‡ֳ«WARN־“ֳ‡ֳ« Moving sonner that was installed by a different package manager to "node_modules/.ignored"
#58 4.925 ־“ֳ‡ֳ«WARN־“ֳ‡ֳ« Moving tailwind-merge that was installed by a different package manager to "node_modules/.ignored"
#58 4.925 ־“ֳ‡ֳ«WARN־“ֳ‡ֳ« Moving tailwindcss-animate that was installed by a different package manager to "node_modules/.ignored"
#58 4.926 ־“ֳ‡ֳ«WARN־“ֳ‡ֳ« Moving vaul that was installed by a different package manager to "node_modules/.ignored"
#58 4.926 ־“ֳ‡ֳ«WARN־“ֳ‡ֳ« Moving zod that was installed by a different package manager to "node_modules/.ignored"
#58 13.80 
#58 13.80    ־“ֳ²ֲ¡־“ֳ¶ֳ‡־“ֳ¶ֳ‡־“ֳ¶ֳ‡־“ֳ¶ֳ‡־“ֳ¶ֳ‡־“ֳ¶ֳ‡־“ֳ¶ֳ‡־“ֳ¶ֳ‡־“ֳ¶ֳ‡־“ֳ¶ֳ‡־“ֳ¶ֳ‡־“ֳ¶ֳ‡־“ֳ¶ֳ‡־“ֳ¶ֳ‡־“ֳ¶ֳ‡־“ֳ¶ֳ‡־“ֳ¶ֳ‡־“ֳ¶ֳ‡־“ֳ¶ֳ‡־“ֳ¶ֳ‡־“ֳ¶ֳ‡־“ֳ¶ֳ‡־“ֳ¶ֳ‡־“ֳ¶ֳ‡־“ֳ¶ֳ‡־“ֳ¶ֳ‡־“ֳ¶ֳ‡־“ֳ¶ֳ‡־“ֳ¶ֳ‡־“ֳ¶ֳ‡־“ֳ¶ֳ‡־“ֳ¶ֳ‡־“ֳ¶ֳ‡־“ֳ¶ֳ‡־“ֳ¶ֳ‡־“ֳ¶ֳ‡־“ֳ¶ֳ‡־“ֳ¶ֳ‡־“ֳ¶ֳ‡־“ֳ¶ֳ‡־“ֳ¶ֳ‡־“ֳ¶ֳ‡־“ֳ¶ֳ‡־“ֳ¶ֳ‡־“ֳ¶ֳ‡־“ֳ¶ֳ‡־“ֳ¶ֳ‡־“ֳ²ֲ«
#58 13.80    ־“ֳ¶ֳ©                                               ־“ֳ¶ֳ©
#58 13.80    ־“ֳ¶ֳ©     Update available! 10.30.1 ־“ֳ¥ֳ† 10.30.2.      ־“ֳ¶ֳ©
#58 13.80    ־“ֳ¶ֳ©     Changelog: https://pnpm.io/v/10.30.2      ־“ֳ¶ֳ©
#58 13.80    ־“ֳ¶ֳ©   To update, run: corepack use pnpm@10.30.2   ־“ֳ¶ֳ©
#58 13.80    ־“ֳ¶ֳ©                                               ־“ֳ¶ֳ©
#58 13.80    ־“ֳ²ג–‘־“ֳ¶ֳ‡־“ֳ¶ֳ‡־“ֳ¶ֳ‡־“ֳ¶ֳ‡־“ֳ¶ֳ‡־“ֳ¶ֳ‡־“ֳ¶ֳ‡־“ֳ¶ֳ‡־“ֳ¶ֳ‡־“ֳ¶ֳ‡־“ֳ¶ֳ‡־“ֳ¶ֳ‡־“ֳ¶ֳ‡־“ֳ¶ֳ‡־“ֳ¶ֳ‡־“ֳ¶ֳ‡־“ֳ¶ֳ‡־“ֳ¶ֳ‡־“ֳ¶ֳ‡־“ֳ¶ֳ‡־“ֳ¶ֳ‡־“ֳ¶ֳ‡־“ֳ¶ֳ‡־“ֳ¶ֳ‡־“ֳ¶ֳ‡־“ֳ¶ֳ‡־“ֳ¶ֳ‡־“ֳ¶ֳ‡־“ֳ¶ֳ‡־“ֳ¶ֳ‡־“ֳ¶ֳ‡־“ֳ¶ֳ‡־“ֳ¶ֳ‡־“ֳ¶ֳ‡־“ֳ¶ֳ‡־“ֳ¶ֳ‡־“ֳ¶ֳ‡־“ֳ¶ֳ‡־“ֳ¶ֳ‡־“ֳ¶ֳ‡־“ֳ¶ֳ‡־“ֳ¶ֳ‡־“ֳ¶ֳ‡־“ֳ¶ֳ‡־“ֳ¶ֳ‡־“ֳ¶ֳ‡־“ֳ¶ֳ‡־“ֳ²ֲ»
#58 13.80 
#58 14.13 Progress: resolved 0, reused 0, downloaded 1, added 0
#58 15.13 Progress: resolved 25, reused 0, downloaded 22, added 0
#58 16.14 Progress: resolved 58, reused 0, downloaded 55, added 0
#58 17.14 Progress: resolved 72, reused 0, downloaded 69, added 0
#58 18.14 Progress: resolved 74, reused 0, downloaded 72, added 0
#58 19.14 Progress: resolved 75, reused 0, downloaded 75, added 0
#58 21.45 Progress: resolved 75, reused 0, downloaded 76, added 0
#58 22.46 Progress: resolved 97, reused 0, downloaded 85, added 0
#58 23.45 Progress: resolved 154, reused 0, downloaded 134, added 0
#58 24.46 Progress: resolved 203, reused 0, downloaded 186, added 0
#58 25.47 Progress: resolved 243, reused 0, downloaded 227, added 0
#58 26.48 Progress: resolved 263, reused 0, downloaded 258, added 0
#58 27.48 Progress: resolved 309, reused 0, downloaded 305, added 0
#58 28.49 Progress: resolved 335, reused 0, downloaded 323, added 0
#58 29.49 Progress: resolved 359, reused 0, downloaded 323, added 0
#58 30.50 Progress: resolved 386, reused 0, downloaded 330, added 0
#58 31.50 Progress: resolved 430, reused 0, downloaded 369, added 0
#58 32.50 Progress: resolved 524, reused 0, downloaded 472, added 0
#58 33.50 Progress: resolved 594, reused 0, downloaded 542, added 0
#58 34.50 Progress: resolved 604, reused 0, downloaded 553, added 0
#58 35.50 Progress: resolved 611, reused 0, downloaded 558, added 0
#58 36.27 Packages: +562
#58 36.27 ++++++++++++++++++++++++++++++++++++++++++++++++++++++++++++++++++++++++++++++++
#58 36.50 Progress: resolved 613, reused 0, downloaded 562, added 17
#58 38.72 Progress: resolved 613, reused 0, downloaded 562, added 562, done
#58 39.68 ־“ֳ‡ֳ«WARN־“ֳ‡ֳ« Issues with peer dependencies found
#58 39.68 .
#58 39.68 ־“ֳ¶ֳ¶־“ֳ¶ֳ‡־“ֳ¶ֲ¼ @vitejs/plugin-react 4.3.4
#58 39.68   ־“ֳ¶ֳ¶־“ֳ¶ֳ‡־“ֳ¶ֳ‡ ־“ֲ£ֳ² unmet peer vite@"^4.2.0 || ^5.0.0 || ^6.0.0": found 7.3.1
#58 39.68 
#58 39.68 dependencies:
#58 39.68 + @hookform/resolvers 3.10.0
#58 39.68 + @radix-ui/react-accordion 1.2.4
#58 39.68 + @radix-ui/react-alert-dialog 1.1.7
#58 39.68 + @radix-ui/react-aspect-ratio 1.1.3
#58 39.68 + @radix-ui/react-avatar 1.1.4
#58 39.68 + @radix-ui/react-checkbox 1.1.5
#58 39.68 + @radix-ui/react-collapsible 1.1.4
#58 39.68 + @radix-ui/react-context-menu 2.2.7
#58 39.68 + @radix-ui/react-dialog 1.1.7
#58 39.68 + @radix-ui/react-dropdown-menu 2.1.7
#58 39.68 + @radix-ui/react-hover-card 1.1.7
#58 39.68 + @radix-ui/react-label 2.1.3
#58 39.68 + @radix-ui/react-menubar 1.1.7
#58 39.68 + @radix-ui/react-navigation-menu 1.2.6
#58 39.68 + @radix-ui/react-popover 1.1.7
#58 39.68 + @radix-ui/react-progress 1.1.3
#58 39.68 + @radix-ui/react-radio-group 1.2.4
#58 39.68 + @radix-ui/react-scroll-area 1.2.4
#58 39.68 + @radix-ui/react-select 2.1.7
#58 39.68 + @radix-ui/react-separator 1.1.3
#58 39.68 + @radix-ui/react-slider 1.2.4
#58 39.68 + @radix-ui/react-slot 1.2.0
#58 39.68 + @radix-ui/react-switch 1.1.4
#58 39.68 + @radix-ui/react-tabs 1.1.4
#58 39.68 + @radix-ui/react-toast 1.2.7
#58 39.68 + @radix-ui/react-toggle 1.1.3
#58 39.68 + @radix-ui/react-toggle-group 1.1.3
#58 39.68 + @radix-ui/react-tooltip 1.2.0
#58 39.68 + chart.js 4.4.9
#58 39.68 + chartjs-adapter-date-fns 3.0.0
#58 39.68 + class-variance-authority 0.7.1
#58 39.68 + clsx 2.1.1
#58 39.68 + cmdk 1.0.0
#58 39.68 + date-fns 3.6.0
#58 39.68 + embla-carousel-react 8.6.0
#58 39.68 + html2canvas 1.4.1
#58 39.68 + input-otp 1.4.2
#58 39.68 + lucide-react 0.364.0
#58 39.68 + next-themes 0.4.6
#58 39.68 + react 18.3.1
#58 39.68 + react-chartjs-2 5.3.0
#58 39.68 + react-day-picker 8.10.1
#58 39.68 + react-dom 18.3.1
#58 39.68 + react-hook-form 7.55.0
#58 39.68 + react-resizable-panels 2.1.7
#58 39.68 + react-router-dom 6.30.0
#58 39.68 + recharts 2.15.2
#58 39.68 + regression 2.0.1
#58 39.68 + simple-statistics 7.8.8
#58 39.68 + sonner 1.7.4
#58 39.68 + tailwind-merge 2.6.0
#58 39.68 + tailwindcss-animate 1.0.7
#58 39.68 + vaul 1.1.2
#58 39.68 + zod 3.24.2
#58 39.68 
#58 39.68 devDependencies:
#58 39.68 + @eslint/js 9.24.0
#58 39.68 + @playwright/test 1.58.2
#58 39.68 + @testing-library/jest-dom 6.9.1
#58 39.68 + @testing-library/react 16.3.1
#58 39.68 + @testing-library/user-event 14.6.1
#58 39.68 + @types/node 22.14.1
#58 39.68 + @types/react 18.3.20
#58 39.68 + @types/react-dom 18.3.6
#58 39.68 + @types/react-router-dom 5.3.3
#58 39.68 + @vitejs/plugin-react 4.3.4
#58 39.68 + autoprefixer 10.4.20
#58 39.68 + eslint 9.24.0
#58 39.68 + eslint-plugin-react-hooks 5.2.0
#58 39.68 + eslint-plugin-react-refresh 0.4.19
#58 39.68 + globals 15.15.0
#58 39.68 + happy-dom 20.3.0
#58 39.68 + jsdom 27.4.0
#58 39.68 + postcss 8.4.49
#58 39.68 + serve 14.2.5
#58 39.68 + tailwindcss 3.4.16
#58 39.68 + typescript 5.6.3
#58 39.68 + typescript-eslint 8.29.1
#58 39.68 + vite 7.3.1
#58 39.68 + vitest 4.0.17
#58 39.68 
#58 39.68 ־“ֳ²ֲ¡ Warning ־“ֳ¶ֳ‡־“ֳ¶ֳ‡־“ֳ¶ֳ‡־“ֳ¶ֳ‡־“ֳ¶ֳ‡־“ֳ¶ֳ‡־“ֳ¶ֳ‡־“ֳ¶ֳ‡־“ֳ¶ֳ‡־“ֳ¶ֳ‡־“ֳ¶ֳ‡־“ֳ¶ֳ‡־“ֳ¶ֳ‡־“ֳ¶ֳ‡־“ֳ¶ֳ‡־“ֳ¶ֳ‡־“ֳ¶ֳ‡־“ֳ¶ֳ‡־“ֳ¶ֳ‡־“ֳ¶ֳ‡־“ֳ¶ֳ‡־“ֳ¶ֳ‡־“ֳ¶ֳ‡־“ֳ¶ֳ‡־“ֳ¶ֳ‡־“ֳ¶ֳ‡־“ֳ¶ֳ‡־“ֳ¶ֳ‡־“ֳ¶ֳ‡־“ֳ¶ֳ‡־“ֳ¶ֳ‡־“ֳ¶ֳ‡־“ֳ¶ֳ‡־“ֳ¶ֳ‡־“ֳ¶ֳ‡־“ֳ¶ֳ‡־“ֳ¶ֳ‡־“ֳ¶ֳ‡־“ֳ¶ֳ‡־“ֳ¶ֳ‡־“ֳ¶ֳ‡־“ֳ¶ֳ‡־“ֳ¶ֳ‡־“ֳ¶ֳ‡־“ֳ¶ֳ‡־“ֳ¶ֳ‡־“ֳ¶ֳ‡־“ֳ¶ֳ‡־“ֳ¶ֳ‡־“ֳ¶ֳ‡־“ֳ¶ֳ‡־“ֳ¶ֳ‡־“ֳ¶ֳ‡־“ֳ¶ֳ‡־“ֳ¶ֳ‡־“ֳ¶ֳ‡־“ֳ¶ֳ‡־“ֳ¶ֳ‡־“ֳ¶ֳ‡־“ֳ¶ֳ‡־“ֳ¶ֳ‡־“ֳ¶ֳ‡־“ֳ¶ֳ‡־“ֳ¶ֳ‡־“ֳ¶ֳ‡־“ֳ¶ֳ‡־“ֳ¶ֳ‡־“ֳ¶ֳ‡־“ֳ¶ֳ‡־“ֳ²ֲ«
#58 39.68 ־“ֳ¶ֳ©                                                                              ־“ֳ¶ֳ©
#58 39.68 ־“ֳ¶ֳ©   Ignored build scripts: esbuild@0.27.3.                                     ־“ֳ¶ֳ©
#58 39.68 ־“ֳ¶ֳ©   Run "pnpm approve-builds" to pick which dependencies should be allowed     ־“ֳ¶ֳ©
#58 39.68 ־“ֳ¶ֳ©   to run scripts.                                                            ־“ֳ¶ֳ©
#58 39.68 ־“ֳ¶ֳ©                                                                              ־“ֳ¶ֳ©
#58 39.68 ־“ֳ²ג–‘־“ֳ¶ֳ‡־“ֳ¶ֳ‡־“ֳ¶ֳ‡־“ֳ¶ֳ‡־“ֳ¶ֳ‡־“ֳ¶ֳ‡־“ֳ¶ֳ‡־“ֳ¶ֳ‡־“ֳ¶ֳ‡־“ֳ¶ֳ‡־“ֳ¶ֳ‡־“ֳ¶ֳ‡־“ֳ¶ֳ‡־“ֳ¶ֳ‡־“ֳ¶ֳ‡־“ֳ¶ֳ‡־“ֳ¶ֳ‡־“ֳ¶ֳ‡־“ֳ¶ֳ‡־“ֳ¶ֳ‡־“ֳ¶ֳ‡־“ֳ¶ֳ‡־“ֳ¶ֳ‡־“ֳ¶ֳ‡־“ֳ¶ֳ‡־“ֳ¶ֳ‡־“ֳ¶ֳ‡־“ֳ¶ֳ‡־“ֳ¶ֳ‡־“ֳ¶ֳ‡־“ֳ¶ֳ‡־“ֳ¶ֳ‡־“ֳ¶ֳ‡־“ֳ¶ֳ‡־“ֳ¶ֳ‡־“ֳ¶ֳ‡־“ֳ¶ֳ‡־“ֳ¶ֳ‡־“ֳ¶ֳ‡־“ֳ¶ֳ‡־“ֳ¶ֳ‡־“ֳ¶ֳ‡־“ֳ¶ֳ‡־“ֳ¶ֳ‡־“ֳ¶ֳ‡־“ֳ¶ֳ‡־“ֳ¶ֳ‡־“ֳ¶ֳ‡־“ֳ¶ֳ‡־“ֳ¶ֳ‡־“ֳ¶ֳ‡־“ֳ¶ֳ‡־“ֳ¶ֳ‡־“ֳ¶ֳ‡־“ֳ¶ֳ‡־“ֳ¶ֳ‡־“ֳ¶ֳ‡־“ֳ¶ֳ‡־“ֳ¶ֳ‡־“ֳ¶ֳ‡־“ֳ¶ֳ‡־“ֳ¶ֳ‡־“ֳ¶ֳ‡־“ֳ¶ֳ‡־“ֳ¶ֳ‡־“ֳ¶ֳ‡־“ֳ¶ֳ‡־“ֳ¶ֳ‡־“ֳ¶ֳ‡־“ֳ¶ֳ‡־“ֳ¶ֳ‡־“ֳ¶ֳ‡־“ֳ¶ֳ‡־“ֳ¶ֳ‡־“ֳ¶ֳ‡־“ֳ¶ֳ‡־“ֳ¶ֳ‡־“ֳ¶ֳ‡־“ֳ²ֲ»
#58 39.73 Done in 35.6s using pnpm v10.30.1
#58 53.58 src/components/tabs/OverviewTab.test.tsx(85,13): error TS2322: Type '{ data: null; timeRange: string; showTrendlines: boolean; setShowTrendlines: Mock<Procedure>; trendlineOptions: { type: string; }; setTrendlineOptions: Mock<Procedure>; activeTrendlines: { ...; }; setActiveTrendlines: Mock<...>; }' is not assignable to type 'OverviewTabProps'.
#58 53.58   The types of 'trendlineOptions.type' are incompatible between these types.
#58 53.58     Type 'string' is not assignable to type '"linear" | "polynomial" | "movingAverage"'.
#58 53.58 src/components/tabs/OverviewTab.test.tsx(90,13): error TS2322: Type '{ data: { timeSeriesData: { month: string; signups: number; applicants: number; accepted: number; registered: number; }[]; totalMetrics: { totalSignups: number; totalApplicants: number; totalAccepted: number; totalRegistered: number; acceptedNotRegistered: number; signupsNeverApplied: number; overallConversionRate: ...' is not assignable to type 'OverviewTabProps'.
#58 53.58   The types of 'trendlineOptions.type' are incompatible between these types.
#58 53.58     Type 'string' is not assignable to type '"linear" | "polynomial" | "movingAverage"'.
#58 53.58 src/components/tabs/OverviewTab.test.tsx(100,13): error TS2322: Type '{ data: { timeSeriesData: { month: string; signups: number; applicants: number; accepted: number; registered: number; }[]; totalMetrics: { totalSignups: number; totalApplicants: number; totalAccepted: number; totalRegistered: number; acceptedNotRegistered: number; signupsNeverApplied: number; overallConversionRate: ...' is not assignable to type 'OverviewTabProps'.
#58 53.58   The types of 'trendlineOptions.type' are incompatible between these types.
#58 53.58     Type 'string' is not assignable to type '"linear" | "polynomial" | "movingAverage"'.
#58 53.58 src/components/tabs/OverviewTab.test.tsx(106,13): error TS2322: Type '{ data: { timeSeriesData: { month: string; signups: number; applicants: number; accepted: number; registered: number; }[]; totalMetrics: { totalSignups: number; totalApplicants: number; totalAccepted: number; totalRegistered: number; acceptedNotRegistered: number; signupsNeverApplied: number; overallConversionRate: ...' is not assignable to type 'OverviewTabProps'.
#58 53.58   The types of 'trendlineOptions.type' are incompatible between these types.
#58 53.58     Type 'string' is not assignable to type '"linear" | "polynomial" | "movingAverage"'.
#58 53.58 src/components/tabs/OverviewTab.test.tsx(119,13): error TS2322: Type '{ data: { timeSeriesData: { month: string; signups: number; applicants: number; accepted: number; registered: number; }[]; totalMetrics: { totalSignups: number; totalApplicants: number; totalAccepted: number; totalRegistered: number; acceptedNotRegistered: number; signupsNeverApplied: number; overallConversionRate: ...' is not assignable to type 'OverviewTabProps'.
#58 53.58   The types of 'trendlineOptions.type' are incompatible between these types.
#58 53.58     Type 'string' is not assignable to type '"linear" | "polynomial" | "movingAverage"'.
#58 53.58 src/components/tabs/OverviewTab.test.tsx(127,13): error TS2322: Type '{ showTrendlines: false; data: { timeSeriesData: { month: string; signups: number; applicants: number; accepted: number; registered: number; }[]; totalMetrics: { totalSignups: number; totalApplicants: number; ... 4 more ...; overallConversionRate: number; }; conversionRates: { ...; }; funnelBreakdown: { ...; }; impo...' is not assignable to type 'OverviewTabProps'.
#58 53.58   The types of 'trendlineOptions.type' are incompatible between these types.
#58 53.58     Type 'string' is not assignable to type '"linear" | "polynomial" | "movingAverage"'.
#58 53.58 src/test/setup.ts(5,7): error TS2300: Duplicate identifier 'fetch'.
#58 53.58 src/test/setup.ts(14,1): error TS2304: Cannot find name 'global'.
#58 54.88 vite.config.ts(17,3): error TS2769: No overload matches this call.
#58 54.88   The last overload gave the following error.
#58 54.88     Object literal may only specify known properties, and 'test' does not exist in type 'UserConfigExport'.
#58 ERROR: process "/bin/sh -c npm run build" did not complete successfully: exit code: 1

#63 [analytics-refactor builder 6/8] RUN npm install --legacy-peer-deps
#63 CANCELED
------
 > [aucdt-analytics-dashboard builder 8/8] RUN npm run build:
53.58   The types of 'trendlineOptions.type' are incompatible between these types.
53.58     Type 'string' is not assignable to type '"linear" | "polynomial" | "movingAverage"'.
53.58 src/components/tabs/OverviewTab.test.tsx(127,13): error TS2322: Type '{ showTrendlines: false; data: { timeSeriesData: { month: string; signups: number; applicants: number; accepted: number; registered: number; }[]; totalMetrics: { totalSignups: number; totalApplicants: number; ... 4 more ...; overallConversionRate: number; }; conversionRates: { ...; }; funnelBreakdown: { ...; }; impo...' is not assignable to type 'OverviewTabProps'.
53.58   The types of 'trendlineOptions.type' are incompatible between these types.
53.58     Type 'string' is not assignable to type '"linear" | "polynomial" | "movingAverage"'.
53.58 src/test/setup.ts(5,7): error TS2300: Duplicate identifier 'fetch'.
53.58 src/test/setup.ts(14,1): error TS2304: Cannot find name 'global'.
54.88 vite.config.ts(17,3): error TS2769: No overload matches this call.
54.88   The last overload gave the following error.
54.88     Object literal may only specify known properties, and 'test' does not exist in type 'UserConfigExport'.
------
Dockerfile.vite:26

--------------------

  24 |     

  25 |     # Build the application

  26 | >>> RUN npm run build

  27 |     

  28 |     # Production stage

--------------------

target aucdt-analytics-dashboard: failed to solve: process "/bin/sh -c npm run build" did not complete successfully: exit code: 1



View build details: docker-desktop://dashboard/build/default/default/tuzq06dj72623p83y82lafs3z

