
> fraud-detection-engine@3.0.0 dev C:\Development\aucdt-utilities\fraud-detection-engine
> tsx server.ts

Seeding database with initial data...
Server running on http://localhost:3000
[2m10:28:22 PM[22m [36m[1m[vite][22m[39m [90m[2m(client)[22m[39m [32mpage reload [39m[2mcoverage/index.html[22m
[2m10:28:22 PM[22m [36m[1m[vite][22m[39m [90m[2m(client)[22m[39m [32mpage reload [39m[2mcoverage/src/App.tsx.html[22m
[2m10:28:22 PM[22m [36m[1m[vite][22m[39m [90m[2m(client)[22m[39m [32mpage reload [39m[2mcoverage/src/authStore.ts.html[22m
[2m10:28:22 PM[22m [36m[1m[vite][22m[39m [90m[2m(client)[22m[39m [32mpage reload [39m[2mcoverage/src/index.html[22m
[2m10:28:22 PM[22m [36m[1m[vite][22m[39m [90m[2m(client)[22m[39m [32mpage reload [39m[2mcoverage/src/Layout.tsx.html[22m
[2m10:28:22 PM[22m [36m[1m[vite][22m[39m [90m[2m(client)[22m[39m [32mpage reload [39m[2mcoverage/src/main.tsx.html[22m
[2m10:28:22 PM[22m [36m[1m[vite][22m[39m [90m[2m(client)[22m[39m [32mpage reload [39m[2mcoverage/src/store.ts.html[22m
[2m10:28:22 PM[22m [36m[1m[vite][22m[39m [90m[2m(client)[22m[39m [32mpage reload [39m[2mcoverage/src/themeStore.ts.html[22m
[2m10:28:22 PM[22m [36m[1m[vite][22m[39m [90m[2m(client)[22m[39m [32mpage reload [39m[2mcoverage/src/components/Dashboard.tsx.html[22m
[2m10:28:22 PM[22m [36m[1m[vite][22m[39m [90m[2m(client)[22m[39m [32mpage reload [39m[2mcoverage/src/components/AccessibleLayout.tsx.html[22m
[2m10:28:22 PM[22m [36m[1m[vite][22m[39m [90m[2m(client)[22m[39m [32mpage reload [39m[2mcoverage/src/components/index.html[22m
[2m10:28:22 PM[22m [36m[1m[vite][22m[39m [90m[2m(client)[22m[39m [32mpage reload [39m[2mcoverage/src/components/RequireAuth.tsx.html[22m
[2m10:28:22 PM[22m [36m[1m[vite][22m[39m [90m[2m(client)[22m[39m [32mpage reload [39m[2mcoverage/src/components/Sidebar.tsx.html[22m
[2m10:28:22 PM[22m [36m[1m[vite][22m[39m [90m[2m(client)[22m[39m [32mpage reload [39m[2mcoverage/src/components/SkipLink.tsx.html[22m
[2m10:28:22 PM[22m [36m[1m[vite][22m[39m [90m[2m(client)[22m[39m [32mpage reload [39m[2mcoverage/src/components/StatusBar.tsx.html[22m
[2m10:28:22 PM[22m [36m[1m[vite][22m[39m [90m[2m(client)[22m[39m [32mpage reload [39m[2mcoverage/src/components/Tooltip.tsx.html[22m
[2m10:28:22 PM[22m [36m[1m[vite][22m[39m [90m[2m(client)[22m[39m [32mpage reload [39m[2mcoverage/src/hooks/index.html[22m
[2m10:28:22 PM[22m [36m[1m[vite][22m[39m [90m[2m(client)[22m[39m [32mpage reload [39m[2mcoverage/src/hooks/useSentinelIntegration.ts.html[22m
[2m10:28:22 PM[22m [36m[1m[vite][22m[39m [90m[2m(client)[22m[39m [32mpage reload [39m[2mcoverage/src/pages/Alerts.tsx.html[22m
[2m10:28:22 PM[22m [36m[1m[vite][22m[39m [90m[2m(client)[22m[39m [32mpage reload [39m[2mcoverage/src/pages/Dashboard.tsx.html[22m
[2m10:28:22 PM[22m [36m[1m[vite][22m[39m [90m[2m(client)[22m[39m [32mpage reload [39m[2mcoverage/src/pages/Health.tsx.html[22m
[2m10:28:22 PM[22m [36m[1m[vite][22m[39m [90m[2m(client)[22m[39m [32mpage reload [39m[2mcoverage/src/pages/Entities.tsx.html[22m
[2m10:28:22 PM[22m [36m[1m[vite][22m[39m [90m[2m(client)[22m[39m [32mpage reload [39m[2mcoverage/src/pages/index.html[22m
[2m10:28:22 PM[22m [36m[1m[vite][22m[39m [90m[2m(client)[22m[39m [32mpage reload [39m[2mcoverage/src/pages/Login.tsx.html[22m
[2m10:28:22 PM[22m [36m[1m[vite][22m[39m [90m[2m(client)[22m[39m [32mpage reload [39m[2mcoverage/src/pages/admin/DbMonitor.tsx.html[22m
[2m10:28:22 PM[22m [36m[1m[vite][22m[39m [90m[2m(client)[22m[39m [32mpage reload [39m[2mcoverage/src/pages/admin/Diagnostics.tsx.html[22m
[2m10:28:22 PM[22m [36m[1m[vite][22m[39m [90m[2m(client)[22m[39m [32mpage reload [39m[2mcoverage/src/pages/admin/index.html[22m
[2m10:28:22 PM[22m [36m[1m[vite][22m[39m [90m[2m(client)[22m[39m [32mpage reload [39m[2mcoverage/src/pages/admin/Logs.tsx.html[22m
[2m10:28:22 PM[22m [36m[1m[vite][22m[39m [90m[2m(client)[22m[39m [32mpage reload [39m[2mcoverage/src/pages/admin/Performance.tsx.html[22m
[2m10:28:22 PM[22m [36m[1m[vite][22m[39m [90m[2m(client)[22m[39m [32mpage reload [39m[2mcoverage/src/pages/admin/SentinelConsole.tsx.html[22m
[2m10:28:22 PM[22m [36m[1m[vite][22m[39m [90m[2m(client)[22m[39m [32mpage reload [39m[2mcoverage/src/pages/admin/Testing.tsx.html[22m
[2m10:30:43 PM[22m [36m[1m[vite][22m[39m [90m[2m(client)[22m[39m [32mpage reload [39m[2mcoverage/index.html[22m
[2m10:30:43 PM[22m [36m[1m[vite][22m[39m [90m[2m(client)[22m[39m [32mpage reload [39m[2mcoverage/src/App.tsx.html[22m
[2m10:30:43 PM[22m [36m[1m[vite][22m[39m [90m[2m(client)[22m[39m [32mpage reload [39m[2mcoverage/src/authStore.ts.html[22m
[2m10:30:43 PM[22m [36m[1m[vite][22m[39m [90m[2m(client)[22m[39m [32mpage reload [39m[2mcoverage/src/index.html[22m
[2m10:30:43 PM[22m [36m[1m[vite][22m[39m [90m[2m(client)[22m[39m [32mpage reload [39m[2mcoverage/src/Layout.tsx.html[22m
[2m10:30:43 PM[22m [36m[1m[vite][22m[39m [90m[2m(client)[22m[39m [32mpage reload [39m[2mcoverage/src/main.tsx.html[22m
[2m10:30:43 PM[22m [36m[1m[vite][22m[39m [90m[2m(client)[22m[39m [32mpage reload [39m[2mcoverage/src/store.ts.html[22m
[2m10:30:43 PM[22m [36m[1m[vite][22m[39m [90m[2m(client)[22m[39m [32mpage reload [39m[2mcoverage/src/themeStore.ts.html[22m
[2m10:30:43 PM[22m [36m[1m[vite][22m[39m [90m[2m(client)[22m[39m [32mpage reload [39m[2mcoverage/src/components/AccessibleLayout.tsx.html[22m
[2m10:30:43 PM[22m [36m[1m[vite][22m[39m [90m[2m(client)[22m[39m [32mpage reload [39m[2mcoverage/src/components/Dashboard.tsx.html[22m
[2m10:30:43 PM[22m [36m[1m[vite][22m[39m [90m[2m(client)[22m[39m [32mpage reload [39m[2mcoverage/src/components/index.html[22m
[2m10:30:43 PM[22m [36m[1m[vite][22m[39m [90m[2m(client)[22m[39m [32mpage reload [39m[2mcoverage/src/components/RequireAuth.tsx.html[22m
[2m10:30:43 PM[22m [36m[1m[vite][22m[39m [90m[2m(client)[22m[39m [32mpage reload [39m[2mcoverage/src/components/Sidebar.tsx.html[22m
[2m10:30:43 PM[22m [36m[1m[vite][22m[39m [90m[2m(client)[22m[39m [32mpage reload [39m[2mcoverage/src/components/SkipLink.tsx.html[22m
[2m10:30:43 PM[22m [36m[1m[vite][22m[39m [90m[2m(client)[22m[39m [32mpage reload [39m[2mcoverage/src/components/StatusBar.tsx.html[22m
[2m10:30:43 PM[22m [36m[1m[vite][22m[39m [90m[2m(client)[22m[39m [32mpage reload [39m[2mcoverage/src/components/Tooltip.tsx.html[22m
[2m10:30:43 PM[22m [36m[1m[vite][22m[39m [90m[2m(client)[22m[39m [32mpage reload [39m[2mcoverage/src/hooks/index.html[22m
[2m10:30:43 PM[22m [36m[1m[vite][22m[39m [90m[2m(client)[22m[39m [32mpage reload [39m[2mcoverage/src/hooks/useSentinelIntegration.ts.html[22m
[2m10:30:43 PM[22m [36m[1m[vite][22m[39m [90m[2m(client)[22m[39m [32mpage reload [39m[2mcoverage/src/pages/Alerts.tsx.html[22m
[2m10:30:43 PM[22m [36m[1m[vite][22m[39m [90m[2m(client)[22m[39m [32mpage reload [39m[2mcoverage/src/pages/Dashboard.tsx.html[22m
[2m10:30:43 PM[22m [36m[1m[vite][22m[39m [90m[2m(client)[22m[39m [32mpage reload [39m[2mcoverage/src/pages/Entities.tsx.html[22m
[2m10:30:43 PM[22m [36m[1m[vite][22m[39m [90m[2m(client)[22m[39m [32mpage reload [39m[2mcoverage/src/pages/Health.tsx.html[22m
[2m10:30:43 PM[22m [36m[1m[vite][22m[39m [90m[2m(client)[22m[39m [32mpage reload [39m[2mcoverage/src/pages/index.html[22m
[2m10:30:43 PM[22m [36m[1m[vite][22m[39m [90m[2m(client)[22m[39m [32mpage reload [39m[2mcoverage/src/pages/Login.tsx.html[22m
[2m10:30:43 PM[22m [36m[1m[vite][22m[39m [90m[2m(client)[22m[39m [32mpage reload [39m[2mcoverage/src/pages/admin/DbMonitor.tsx.html[22m
[2m10:30:43 PM[22m [36m[1m[vite][22m[39m [90m[2m(client)[22m[39m [32mpage reload [39m[2mcoverage/src/pages/admin/Diagnostics.tsx.html[22m
[2m10:30:43 PM[22m [36m[1m[vite][22m[39m [90m[2m(client)[22m[39m [32mpage reload [39m[2mcoverage/src/pages/admin/index.html[22m
[2m10:30:43 PM[22m [36m[1m[vite][22m[39m [90m[2m(client)[22m[39m [32mpage reload [39m[2mcoverage/src/pages/admin/Logs.tsx.html[22m
[2m10:30:43 PM[22m [36m[1m[vite][22m[39m [90m[2m(client)[22m[39m [32mpage reload [39m[2mcoverage/src/pages/admin/Performance.tsx.html[22m
[2m10:30:43 PM[22m [36m[1m[vite][22m[39m [90m[2m(client)[22m[39m [32mpage reload [39m[2mcoverage/src/pages/admin/SentinelConsole.tsx.html[22m
[2m10:30:43 PM[22m [36m[1m[vite][22m[39m [90m[2m(client)[22m[39m [32mpage reload [39m[2mcoverage/src/pages/admin/Testing.tsx.html[22m
[2m10:33:28 PM[22m [36m[1m[vite][22m[39m [90m[2m(client)[22m[39m [32mpage reload [39m[2mcoverage/index.html[22m
[2m10:33:28 PM[22m [36m[1m[vite][22m[39m [90m[2m(client)[22m[39m [32mpage reload [39m[2mcoverage/src/authStore.ts.html[22m
[2m10:33:28 PM[22m [36m[1m[vite][22m[39m [90m[2m(client)[22m[39m [32mpage reload [39m[2mcoverage/src/App.tsx.html[22m
[2m10:33:28 PM[22m [36m[1m[vite][22m[39m [90m[2m(client)[22m[39m [32mpage reload [39m[2mcoverage/src/index.html[22m
[2m10:33:28 PM[22m [36m[1m[vite][22m[39m [90m[2m(client)[22m[39m [32mpage reload [39m[2mcoverage/src/Layout.tsx.html[22m
[2m10:33:28 PM[22m [36m[1m[vite][22m[39m [90m[2m(client)[22m[39m [32mpage reload [39m[2mcoverage/src/main.tsx.html[22m
[2m10:33:28 PM[22m [36m[1m[vite][22m[39m [90m[2m(client)[22m[39m [32mpage reload [39m[2mcoverage/src/store.ts.html[22m
[2m10:33:28 PM[22m [36m[1m[vite][22m[39m [90m[2m(client)[22m[39m [32mpage reload [39m[2mcoverage/src/themeStore.ts.html[22m
[2m10:33:28 PM[22m [36m[1m[vite][22m[39m [90m[2m(client)[22m[39m [32mpage reload [39m[2mcoverage/src/components/AccessibleLayout.tsx.html[22m
[2m10:33:28 PM[22m [36m[1m[vite][22m[39m [90m[2m(client)[22m[39m [32mpage reload [39m[2mcoverage/src/components/Dashboard.tsx.html[22m
[2m10:33:28 PM[22m [36m[1m[vite][22m[39m [90m[2m(client)[22m[39m [32mpage reload [39m[2mcoverage/src/components/index.html[22m
[2m10:33:28 PM[22m [36m[1m[vite][22m[39m [90m[2m(client)[22m[39m [32mpage reload [39m[2mcoverage/src/components/RequireAuth.tsx.html[22m
[2m10:33:28 PM[22m [36m[1m[vite][22m[39m [90m[2m(client)[22m[39m [32mpage reload [39m[2mcoverage/src/components/Sidebar.tsx.html[22m
[2m10:33:28 PM[22m [36m[1m[vite][22m[39m [90m[2m(client)[22m[39m [32mpage reload [39m[2mcoverage/src/components/SkipLink.tsx.html[22m
[2m10:33:28 PM[22m [36m[1m[vite][22m[39m [90m[2m(client)[22m[39m [32mpage reload [39m[2mcoverage/src/components/StatusBar.tsx.html[22m
[2m10:33:28 PM[22m [36m[1m[vite][22m[39m [90m[2m(client)[22m[39m [32mpage reload [39m[2mcoverage/src/components/Tooltip.tsx.html[22m
[2m10:33:28 PM[22m [36m[1m[vite][22m[39m [90m[2m(client)[22m[39m [32mpage reload [39m[2mcoverage/src/hooks/index.html[22m
[2m10:33:28 PM[22m [36m[1m[vite][22m[39m [90m[2m(client)[22m[39m [32mpage reload [39m[2mcoverage/src/hooks/useSentinelIntegration.ts.html[22m
[2m10:33:28 PM[22m [36m[1m[vite][22m[39m [90m[2m(client)[22m[39m [32mpage reload [39m[2mcoverage/src/pages/Alerts.tsx.html[22m
[2m10:33:28 PM[22m [36m[1m[vite][22m[39m [90m[2m(client)[22m[39m [32mpage reload [39m[2mcoverage/src/pages/Dashboard.tsx.html[22m
[2m10:33:28 PM[22m [36m[1m[vite][22m[39m [90m[2m(client)[22m[39m [32mpage reload [39m[2mcoverage/src/pages/Entities.tsx.html[22m
[2m10:33:28 PM[22m [36m[1m[vite][22m[39m [90m[2m(client)[22m[39m [32mpage reload [39m[2mcoverage/src/pages/Health.tsx.html[22m
[2m10:33:28 PM[22m [36m[1m[vite][22m[39m [90m[2m(client)[22m[39m [32mpage reload [39m[2mcoverage/src/pages/index.html[22m
[2m10:33:28 PM[22m [36m[1m[vite][22m[39m [90m[2m(client)[22m[39m [32mpage reload [39m[2mcoverage/src/pages/Login.tsx.html[22m
[2m10:33:28 PM[22m [36m[1m[vite][22m[39m [90m[2m(client)[22m[39m [32mpage reload [39m[2mcoverage/src/pages/admin/DbMonitor.tsx.html[22m
[2m10:33:28 PM[22m [36m[1m[vite][22m[39m [90m[2m(client)[22m[39m [32mpage reload [39m[2mcoverage/src/pages/admin/Diagnostics.tsx.html[22m
[2m10:33:28 PM[22m [36m[1m[vite][22m[39m [90m[2m(client)[22m[39m [32mpage reload [39m[2mcoverage/src/pages/admin/index.html[22m
[2m10:33:28 PM[22m [36m[1m[vite][22m[39m [90m[2m(client)[22m[39m [32mpage reload [39m[2mcoverage/src/pages/admin/Logs.tsx.html[22m
[2m10:33:28 PM[22m [36m[1m[vite][22m[39m [90m[2m(client)[22m[39m [32mpage reload [39m[2mcoverage/src/pages/admin/Performance.tsx.html[22m
[2m10:33:28 PM[22m [36m[1m[vite][22m[39m [90m[2m(client)[22m[39m [32mpage reload [39m[2mcoverage/src/pages/admin/SentinelConsole.tsx.html[22m
[2m10:33:28 PM[22m [36m[1m[vite][22m[39m [90m[2m(client)[22m[39m [32mpage reload [39m[2mcoverage/src/pages/admin/Testing.tsx.html[22m
[2m10:33:55 PM[22m [36m[1m[vite][22m[39m [90m[2m(client)[22m[39m [32mpage reload [39m[2mcoverage/index.html[22m
[2m10:33:55 PM[22m [36m[1m[vite][22m[39m [90m[2m(client)[22m[39m [32mpage reload [39m[2mcoverage/src/App.tsx.html[22m
[2m10:33:55 PM[22m [36m[1m[vite][22m[39m [90m[2m(client)[22m[39m [32mpage reload [39m[2mcoverage/src/authStore.ts.html[22m
[2m10:33:55 PM[22m [36m[1m[vite][22m[39m [90m[2m(client)[22m[39m [32mpage reload [39m[2mcoverage/src/index.html[22m
[2m10:33:55 PM[22m [36m[1m[vite][22m[39m [90m[2m(client)[22m[39m [32mpage reload [39m[2mcoverage/src/Layout.tsx.html[22m
[2m10:33:55 PM[22m [36m[1m[vite][22m[39m [90m[2m(client)[22m[39m [32mpage reload [39m[2mcoverage/src/main.tsx.html[22m
[2m10:33:55 PM[22m [36m[1m[vite][22m[39m [90m[2m(client)[22m[39m [32mpage reload [39m[2mcoverage/src/store.ts.html[22m
[2m10:33:55 PM[22m [36m[1m[vite][22m[39m [90m[2m(client)[22m[39m [32mpage reload [39m[2mcoverage/src/themeStore.ts.html[22m
[2m10:33:55 PM[22m [36m[1m[vite][22m[39m [90m[2m(client)[22m[39m [32mpage reload [39m[2mcoverage/src/components/AccessibleLayout.tsx.html[22m
[2m10:33:55 PM[22m [36m[1m[vite][22m[39m [90m[2m(client)[22m[39m [32mpage reload [39m[2mcoverage/src/components/Dashboard.tsx.html[22m
[2m10:33:55 PM[22m [36m[1m[vite][22m[39m [90m[2m(client)[22m[39m [32mpage reload [39m[2mcoverage/src/components/index.html[22m
[2m10:33:55 PM[22m [36m[1m[vite][22m[39m [90m[2m(client)[22m[39m [32mpage reload [39m[2mcoverage/src/components/RequireAuth.tsx.html[22m
[2m10:33:55 PM[22m [36m[1m[vite][22m[39m [90m[2m(client)[22m[39m [32mpage reload [39m[2mcoverage/src/components/Sidebar.tsx.html[22m
[2m10:33:55 PM[22m [36m[1m[vite][22m[39m [90m[2m(client)[22m[39m [32mpage reload [39m[2mcoverage/src/components/SkipLink.tsx.html[22m
[2m10:33:55 PM[22m [36m[1m[vite][22m[39m [90m[2m(client)[22m[39m [32mpage reload [39m[2mcoverage/src/components/StatusBar.tsx.html[22m
[2m10:33:55 PM[22m [36m[1m[vite][22m[39m [90m[2m(client)[22m[39m [32mpage reload [39m[2mcoverage/src/components/Tooltip.tsx.html[22m
[2m10:33:55 PM[22m [36m[1m[vite][22m[39m [90m[2m(client)[22m[39m [32mpage reload [39m[2mcoverage/src/hooks/index.html[22m
[2m10:33:55 PM[22m [36m[1m[vite][22m[39m [90m[2m(client)[22m[39m [32mpage reload [39m[2mcoverage/src/hooks/useSentinelIntegration.ts.html[22m
[2m10:33:55 PM[22m [36m[1m[vite][22m[39m [90m[2m(client)[22m[39m [32mpage reload [39m[2mcoverage/src/pages/Alerts.tsx.html[22m
[2m10:33:55 PM[22m [36m[1m[vite][22m[39m [90m[2m(client)[22m[39m [32mpage reload [39m[2mcoverage/src/pages/Dashboard.tsx.html[22m
[2m10:33:55 PM[22m [36m[1m[vite][22m[39m [90m[2m(client)[22m[39m [32mpage reload [39m[2mcoverage/src/pages/Entities.tsx.html[22m
[2m10:33:55 PM[22m [36m[1m[vite][22m[39m [90m[2m(client)[22m[39m [32mpage reload [39m[2mcoverage/src/pages/index.html[22m
[2m10:33:55 PM[22m [36m[1m[vite][22m[39m [90m[2m(client)[22m[39m [32mpage reload [39m[2mcoverage/src/pages/Health.tsx.html[22m
[2m10:33:55 PM[22m [36m[1m[vite][22m[39m [90m[2m(client)[22m[39m [32mpage reload [39m[2mcoverage/src/pages/Login.tsx.html[22m
[2m10:33:55 PM[22m [36m[1m[vite][22m[39m [90m[2m(client)[22m[39m [32mpage reload [39m[2mcoverage/src/pages/admin/DbMonitor.tsx.html[22m
[2m10:33:55 PM[22m [36m[1m[vite][22m[39m [90m[2m(client)[22m[39m [32mpage reload [39m[2mcoverage/src/pages/admin/Diagnostics.tsx.html[22m
[2m10:33:55 PM[22m [36m[1m[vite][22m[39m [90m[2m(client)[22m[39m [32mpage reload [39m[2mcoverage/src/pages/admin/index.html[22m
[2m10:33:55 PM[22m [36m[1m[vite][22m[39m [90m[2m(client)[22m[39m [32mpage reload [39m[2mcoverage/src/pages/admin/Logs.tsx.html[22m
[2m10:33:55 PM[22m [36m[1m[vite][22m[39m [90m[2m(client)[22m[39m [32mpage reload [39m[2mcoverage/src/pages/admin/Performance.tsx.html[22m
[2m10:33:55 PM[22m [36m[1m[vite][22m[39m [90m[2m(client)[22m[39m [32mpage reload [39m[2mcoverage/src/pages/admin/SentinelConsole.tsx.html[22m
[2m10:33:55 PM[22m [36m[1m[vite][22m[39m [90m[2m(client)[22m[39m [32mpage reload [39m[2mcoverage/src/pages/admin/Testing.tsx.html[22m
